Copyright 1986-2022 Xilinx, Inc. All Rights Reserved. Copyright 2022-2023 Advanced Micro Devices, Inc. All Rights Reserved.
---------------------------------------------------------------------------------------------------------------------------------------------
| Tool Version : Vivado v.2023.2 (lin64) Build 4029153 Fri Oct 13 20:13:54 MDT 2023
| Date         : Fri Mar 15 13:35:07 2024
| Host         : viv2023 running 64-bit Ubuntu 22.04.3 LTS
| Command      : upgrade_ip
| Device       : xc7z015clg485-1
---------------------------------------------------------------------------------------------------------------------------------------------

Upgrade Log for IP 'design_1_xlconstant_0_0'

1. Summary
----------

SUCCESS in the update of design_1_xlconstant_0_0 (xilinx.com:ip:xlconstant:1.1 (Rev. 8)) to current project options.






Copyright 1986-2022 Xilinx, Inc. All Rights Reserved. Copyright 2022-2023 Advanced Micro Devices, Inc. All Rights Reserved.
---------------------------------------------------------------------------------------------------------------------------------------------
| Tool Version : Vivado v.2023.2 (lin64) Build 4029153 Fri Oct 13 20:13:54 MDT 2023
| Date         : Fri Mar 15 13:35:07 2024
| Host         : viv2023 running 64-bit Ubuntu 22.04.3 LTS
| Command      : upgrade_ip
| Device       : xc7z015clg485-1
---------------------------------------------------------------------------------------------------------------------------------------------

Upgrade Log for IP 'design_1_xlconcat_0_0'

1. Summary
----------

SUCCESS in the update of design_1_xlconcat_0_0 (xilinx.com:ip:xlconcat:2.1 (Rev. 5)) to current project options.






Copyright 1986-2022 Xilinx, Inc. All Rights Reserved. Copyright 2022-2023 Advanced Micro Devices, Inc. All Rights Reserved.
---------------------------------------------------------------------------------------------------------------------------------------------
| Tool Version : Vivado v.2023.2 (lin64) Build 4029153 Fri Oct 13 20:13:54 MDT 2023
| Date         : Fri Mar 15 13:35:07 2024
| Host         : viv2023 running 64-bit Ubuntu 22.04.3 LTS
| Command      : upgrade_ip
| Device       : xc7z015clg485-1
---------------------------------------------------------------------------------------------------------------------------------------------

Upgrade Log for IP 'design_1_util_ds_buf_0_0'

1. Summary
----------

SUCCESS in the update of design_1_util_ds_buf_0_0 (xilinx.com:ip:util_ds_buf:2.2 (Rev. 31)) to current project options.






Copyright 1986-2022 Xilinx, Inc. All Rights Reserved. Copyright 2022-2023 Advanced Micro Devices, Inc. All Rights Reserved.
---------------------------------------------------------------------------------------------------------------------------------------------
| Tool Version : Vivado v.2023.2 (lin64) Build 4029153 Fri Oct 13 20:13:54 MDT 2023
| Date         : Fri Mar 15 13:35:07 2024
| Host         : viv2023 running 64-bit Ubuntu 22.04.3 LTS
| Command      : upgrade_ip
| Device       : xc7z015clg485-1
---------------------------------------------------------------------------------------------------------------------------------------------

Upgrade Log for IP 'design_1_rst_ps7_0_100M_0'

1. Summary
----------

SUCCESS in the update of design_1_rst_ps7_0_100M_0 (xilinx.com:ip:proc_sys_reset:5.0 (Rev. 14)) to current project options.






Copyright 1986-2022 Xilinx, Inc. All Rights Reserved. Copyright 2022-2023 Advanced Micro Devices, Inc. All Rights Reserved.
---------------------------------------------------------------------------------------------------------------------------------------------
| Tool Version : Vivado v.2023.2 (lin64) Build 4029153 Fri Oct 13 20:13:54 MDT 2023
| Date         : Fri Mar 15 13:35:07 2024
| Host         : viv2023 running 64-bit Ubuntu 22.04.3 LTS
| Command      : upgrade_ip
| Device       : xc7z015clg485-1
---------------------------------------------------------------------------------------------------------------------------------------------

Upgrade Log for IP 'design_1_rst_axi_pcie_0_125M_0'

1. Summary
----------

SUCCESS in the update of design_1_rst_axi_pcie_0_125M_0 (xilinx.com:ip:proc_sys_reset:5.0 (Rev. 14)) to current project options.






Copyright 1986-2022 Xilinx, Inc. All Rights Reserved. Copyright 2022-2023 Advanced Micro Devices, Inc. All Rights Reserved.
---------------------------------------------------------------------------------------------------------------------------------------------
| Tool Version : Vivado v.2023.2 (lin64) Build 4029153 Fri Oct 13 20:13:54 MDT 2023
| Date         : Fri Mar 15 13:35:06 2024
| Host         : viv2023 running 64-bit Ubuntu 22.04.3 LTS
| Command      : upgrade_ip
| Device       : xc7z015clg485-1
---------------------------------------------------------------------------------------------------------------------------------------------

Upgrade Log for IP 'design_1_processing_system7_0_0'

1. Summary
----------

SUCCESS in the update of design_1_processing_system7_0_0 (xilinx.com:ip:processing_system7:5.5 (Rev. 6)) to current project options.

2. Upgrade messages
-------------------

WARNING: upgrade cannot add parameter PCW_TRACE_INTERNAL_WIDTH with default value 32 : a parameter called PCW_TRACE_INTERNAL_WIDTH already exists in processing_system7_v5_5
WARNING: upgrade cannot add parameter PCW_USE_AXI_NONSECURE with default value 0 : a parameter called PCW_USE_AXI_NONSECURE already exists in processing_system7_v5_5
WARNING: upgrade cannot add parameter PCW_EN_PTP_ENET0 with default value 1 : a parameter called PCW_EN_PTP_ENET0 already exists in processing_system7_v5_5
WARNING: upgrade cannot add parameter PCW_EN_PTP_ENET0 with default value 1 : a parameter called PCW_EN_PTP_ENET0 already exists in processing_system7_v5_5
WARNING: upgrade cannot add parameter PCW_GP0_NUM_WRITE_THREADS with default value 4 : a parameter called PCW_GP0_NUM_WRITE_THREADS already exists in processing_system7_v5_5
WARNING: upgrade cannot add parameter PCW_GP0_NUM_READ_THREADS with default value 4 : a parameter called PCW_GP0_NUM_READ_THREADS already exists in processing_system7_v5_5
WARNING: upgrade cannot add parameter PCW_GP1_NUM_WRITE_THREADS with default value 4 : a parameter called PCW_GP1_NUM_WRITE_THREADS already exists in processing_system7_v5_5
WARNING: upgrade cannot add parameter PCW_GP1_NUM_READ_THREADS with default value 4 : a parameter called PCW_GP1_NUM_READ_THREADS already exists in processing_system7_v5_5
WARNING: upgrade cannot add parameter PCW_GP0_EN_MODIFIABLE_TXN with default value 0 : a parameter called PCW_GP0_EN_MODIFIABLE_TXN already exists in processing_system7_v5_5
WARNING: upgrade cannot add parameter PCW_GP1_EN_MODIFIABLE_TXN with default value 0 : a parameter called PCW_GP1_EN_MODIFIABLE_TXN already exists in processing_system7_v5_5






Copyright 1986-2022 Xilinx, Inc. All Rights Reserved. Copyright 2022-2023 Advanced Micro Devices, Inc. All Rights Reserved.
---------------------------------------------------------------------------------------------------------------------------------------------
| Tool Version : Vivado v.2023.2 (lin64) Build 4029153 Fri Oct 13 20:13:54 MDT 2023
| Date         : Fri Mar 15 13:35:06 2024
| Host         : viv2023 running 64-bit Ubuntu 22.04.3 LTS
| Command      : upgrade_ip
| Device       : xc7z015clg485-1
---------------------------------------------------------------------------------------------------------------------------------------------

Upgrade Log for IP 'design_1_axi_pcie_0_0'

1. Summary
----------

SUCCESS in the update of design_1_axi_pcie_0_0 (xilinx.com:ip:axi_pcie:2.9 (Rev. 10)) to current project options.






Copyright 1986-2022 Xilinx, Inc. All Rights Reserved. Copyright 2022-2023 Advanced Micro Devices, Inc. All Rights Reserved.
---------------------------------------------------------------------------------------------------------------------------------------------
| Tool Version : Vivado v.2023.2 (lin64) Build 4029153 Fri Oct 13 20:13:54 MDT 2023
| Date         : Fri Mar 15 13:35:06 2024
| Host         : viv2023 running 64-bit Ubuntu 22.04.3 LTS
| Command      : upgrade_ip
| Device       : xc7z015clg485-1
---------------------------------------------------------------------------------------------------------------------------------------------

Upgrade Log for IP 'design_1_axi_mem_intercon_0'

1. Summary
----------

SUCCESS in the update of design_1_axi_mem_intercon_0 (xilinx.com:ip:axi_interconnect:2.1 (Rev. 30)) to current project options.






Copyright 1986-2022 Xilinx, Inc. All Rights Reserved. Copyright 2022-2023 Advanced Micro Devices, Inc. All Rights Reserved.
---------------------------------------------------------------------------------------------------------------------------------------------
| Tool Version : Vivado v.2023.2 (lin64) Build 4029153 Fri Oct 13 20:13:54 MDT 2023
| Date         : Fri Mar 15 13:35:06 2024
| Host         : viv2023 running 64-bit Ubuntu 22.04.3 LTS
| Command      : upgrade_ip
| Device       : xc7z015clg485-1
---------------------------------------------------------------------------------------------------------------------------------------------

Upgrade Log for IP 'design_1_axi_cdma_0_0'

1. Summary
----------

SUCCESS in the update of design_1_axi_cdma_0_0 (xilinx.com:ip:axi_cdma:4.1 (Rev. 29)) to current project options.

