

================================================================
== Vitis HLS Report for 'AXIvideo2MultiPixStream'
================================================================
* Date:           Tue Feb 20 09:49:08 2024

* Version:        2023.2 (Build 4023990 on Oct 11 2023)
* Project:        prj
* Solution:       sol (Vivado IP Flow Target)
* Product family: zynquplus
* Target device:  xczu4ev-sfvc784-1-e


================================================================
== Performance Estimates
================================================================
+ Timing: 
    * Summary: 
    +--------+----------+----------+------------+
    |  Clock |  Target  | Estimated| Uncertainty|
    +--------+----------+----------+------------+
    |ap_clk  |  13.75 ns|  3.371 ns|     3.71 ns|
    +--------+----------+----------+------------+

+ Latency: 
    * Summary: 
    +---------+---------+-----------+-----------+-----+--------+---------+
    |  Latency (cycles) |   Latency (absolute)  |   Interval   | Pipeline|
    |   min   |   max   |    min    |    max    | min |   max  |   Type  |
    +---------+---------+-----------+-----------+-----+--------+---------+
    |        2|   928806|  27.500 ns|  12.771 ms|    2|  928806|       no|
    +---------+---------+-----------+-----------+-----+--------+---------+

    + Detail: 
        * Instance: 
        +-----------------------------------------------------------------+------------------------------------------------------+---------+---------+-----------+-----------+-----+------+---------+
        |                                                                 |                                                      |  Latency (cycles) |   Latency (absolute)  |  Interval  | Pipeline|
        |                             Instance                            |                        Module                        |   min   |   max   |    min    |    max    | min |  max |   Type  |
        +-----------------------------------------------------------------+------------------------------------------------------+---------+---------+-----------+-----------+-----+------+---------+
        |grp_AXIvideo2MultiPixStream_Pipeline_loop_wait_for_start_fu_204  |AXIvideo2MultiPixStream_Pipeline_loop_wait_for_start  |        2|        2|  27.500 ns|  27.500 ns|    2|     2|       no|
        |grp_AXIvideo2MultiPixStream_Pipeline_loop_width_fu_224           |AXIvideo2MultiPixStream_Pipeline_loop_width           |        2|     1282|  27.500 ns|  17.628 us|    2|  1282|       no|
        |grp_AXIvideo2MultiPixStream_Pipeline_loop_wait_for_eol_fu_253    |AXIvideo2MultiPixStream_Pipeline_loop_wait_for_eol    |        2|        2|  27.500 ns|  27.500 ns|    2|     2|       no|
        |grp_reg_unsigned_short_s_fu_276                                  |reg_unsigned_short_s                                  |        1|        1|  13.750 ns|  13.750 ns|    1|     1|      yes|
        |grp_reg_unsigned_short_s_fu_282                                  |reg_unsigned_short_s                                  |        1|        1|  13.750 ns|  13.750 ns|    1|     1|      yes|
        +-----------------------------------------------------------------+------------------------------------------------------+---------+---------+-----------+-----------+-----+------+---------+

        * Loop: 
        +---------------+---------+---------+-----------+-----------+-----------+---------+----------+
        |               |  Latency (cycles) | Iteration |  Initiation Interval  |   Trip  |          |
        |   Loop Name   |   min   |   max   |  Latency  |  achieved |   target  |  Count  | Pipelined|
        +---------------+---------+---------+-----------+-----------+-----------+---------+----------+
        |- loop_height  |        0|   928800|  10 ~ 1290|          -|          -|  0 ~ 720|        no|
        +---------------+---------+---------+-----------+-----------+-----------+---------+----------+

============================================================
+ Verbose Summary: Synthesis Manager
============================================================
InlineROM: 1
ExposeGlobal: 0
============================================================
+ Verbose Summary: CDFG Model
============================================================
IsTopModel: 0
ResetActiveHigh: 1
IsCombinational: 2
IsDatapathOnly: 0
HasWiredReturn: 1
HasMFsm: 0
HasVarLatency: 1
IsPipeline: 0
IsRtlPipelined: 0
IsInstanceOverlapped: 0
IsDontTouch: 0
HasImplIP: 0
IsGatedGlobalClock: 0


============================================================
+ Verbose Summary: Schedule
============================================================
* Number of FSM states : 10
* Pipeline : 0
* Dataflow Pipeline: 0

* FSM state transitions: 
1 --> 2 
2 --> 3 5 
3 --> 4 
4 --> 5 
5 --> 6 
6 --> 7 
7 --> 8 
8 --> 9 
9 --> 10 
10 --> 5 

* FSM state operations: 

State 1 <SV = 0> <Delay = 2.16>
ST_1 : Operation 11 [1/1] (0.00ns)   --->   "%colorFormat_val_read = read i8 @_ssdm_op_Read.ap_auto.i8, i8 %colorFormat_val"   --->   Operation 11 'read' 'colorFormat_val_read' <Predicate = true> <Delay = 0.00>
ST_1 : Operation 12 [1/1] (0.00ns)   --->   "%WidthIn_val_read = read i16 @_ssdm_op_Read.ap_auto.i16, i16 %WidthIn_val"   --->   Operation 12 'read' 'WidthIn_val_read' <Predicate = true> <Delay = 0.00>
ST_1 : Operation 13 [1/1] (0.00ns)   --->   "%Height_val_read = read i16 @_ssdm_op_Read.ap_auto.i16, i16 %Height_val"   --->   Operation 13 'read' 'Height_val_read' <Predicate = true> <Delay = 0.00>
ST_1 : Operation 14 [1/1] (0.00ns)   --->   "%enableInput_val_read = read i8 @_ssdm_op_Read.ap_auto.i8, i8 %enableInput_val"   --->   Operation 14 'read' 'enableInput_val_read' <Predicate = true> <Delay = 0.00>
ST_1 : Operation 15 [1/1] (0.00ns)   --->   "%axi_last_4_loc = alloca i64 1"   --->   Operation 15 'alloca' 'axi_last_4_loc' <Predicate = true> <Delay = 0.00>
ST_1 : Operation 16 [1/1] (0.00ns)   --->   "%axi_data_7_loc = alloca i64 1"   --->   Operation 16 'alloca' 'axi_data_7_loc' <Predicate = true> <Delay = 0.00>
ST_1 : Operation 17 [1/1] (0.00ns)   --->   "%eol_loc = alloca i64 1"   --->   Operation 17 'alloca' 'eol_loc' <Predicate = true> <Delay = 0.00>
ST_1 : Operation 18 [1/1] (0.00ns)   --->   "%axi_last_loc = alloca i64 1"   --->   Operation 18 'alloca' 'axi_last_loc' <Predicate = true> <Delay = 0.00>
ST_1 : Operation 19 [1/1] (2.16ns)   --->   "%write_ln0 = write void @_ssdm_op_Write.ap_fifo.i8P0A, i8 %colorFormat_val27_c20, i8 %colorFormat_val_read"   --->   Operation 19 'write' 'write_ln0' <Predicate = true> <Delay = 2.16> <CoreInst = "FIFO_SRL">   --->   Core 81 'FIFO_SRL' <Latency = 0> <II = 1> <Delay = 2.16> <Storage> <Opcode : 'read' 'write' 'nbread' 'nbwrite'> <Ports = 0> <Width = 8> <Depth = 2> <FIFO>
ST_1 : Operation 20 [1/1] (2.16ns)   --->   "%write_ln0 = write void @_ssdm_op_Write.ap_fifo.i8P0A, i8 %enableInput_val18_c, i8 %enableInput_val_read"   --->   Operation 20 'write' 'write_ln0' <Predicate = true> <Delay = 2.16> <CoreInst = "FIFO_SRL">   --->   Core 81 'FIFO_SRL' <Latency = 0> <II = 1> <Delay = 2.16> <Storage> <Opcode : 'read' 'write' 'nbread' 'nbwrite'> <Ports = 0> <Width = 8> <Depth = 2> <FIFO>
ST_1 : Operation 21 [1/1] (2.16ns)   --->   "%write_ln0 = write void @_ssdm_op_Write.ap_fifo.i16P0A, i16 %width_val10_c17, i16 %WidthIn_val_read"   --->   Operation 21 'write' 'write_ln0' <Predicate = true> <Delay = 2.16> <CoreInst = "FIFO_SRL">   --->   Core 81 'FIFO_SRL' <Latency = 0> <II = 1> <Delay = 2.16> <Storage> <Opcode : 'read' 'write' 'nbread' 'nbwrite'> <Ports = 0> <Width = 16> <Depth = 2> <FIFO>
ST_1 : Operation 22 [1/1] (2.16ns)   --->   "%write_ln0 = write void @_ssdm_op_Write.ap_fifo.i16P0A, i16 %height_val5_c15, i16 %Height_val_read"   --->   Operation 22 'write' 'write_ln0' <Predicate = true> <Delay = 2.16> <CoreInst = "FIFO_SRL">   --->   Core 81 'FIFO_SRL' <Latency = 0> <II = 1> <Delay = 2.16> <Storage> <Opcode : 'read' 'write' 'nbread' 'nbwrite'> <Ports = 0> <Width = 16> <Depth = 2> <FIFO>
ST_1 : Operation 23 [2/2] (0.00ns)   --->   "%rows = call i16 @reg<unsigned short>, i16 %Height_val_read" [/home/sundance/Emilie_Projects/git/EMC2/BSP_HDMI_out_TE0820_4EV/2023.2/firmware/EMC2_HDMI_out.runs/design_1_v_tpg_0_0_synth_1/prj/sol/.autopilot/db/v_tpg.cpp:827]   --->   Operation 23 'call' 'rows' <Predicate = true> <Delay = 0.00> <CoreType = "Generic">   --->   Core 0 '' <Latency = 0> <II = 1> <Delay = 1.00> <Generic> <Opcode : >
ST_1 : Operation 24 [2/2] (0.00ns)   --->   "%cols = call i16 @reg<unsigned short>, i16 %WidthIn_val_read" [/home/sundance/Emilie_Projects/git/EMC2/BSP_HDMI_out_TE0820_4EV/2023.2/firmware/EMC2_HDMI_out.runs/design_1_v_tpg_0_0_synth_1/prj/sol/.autopilot/db/v_tpg.cpp:828]   --->   Operation 24 'call' 'cols' <Predicate = true> <Delay = 0.00> <CoreType = "Generic">   --->   Core 0 '' <Latency = 0> <II = 1> <Delay = 1.00> <Generic> <Opcode : >
ST_1 : Operation 25 [1/1] (0.90ns)   --->   "%icmp_ln834 = icmp_eq  i8 %enableInput_val_read, i8 0" [/home/sundance/Emilie_Projects/git/EMC2/BSP_HDMI_out_TE0820_4EV/2023.2/firmware/EMC2_HDMI_out.runs/design_1_v_tpg_0_0_synth_1/prj/sol/.autopilot/db/v_tpg.cpp:834]   --->   Operation 25 'icmp' 'icmp_ln834' <Predicate = true> <Delay = 0.90> <CoreInst = "Cmp">   --->   Core 9 'Cmp' <Latency = 0> <II = 1> <Delay = 0.90> <FuncUnit> <Opcode : 'icmp'> <InPorts = 2> <OutPorts = 1>

State 2 <SV = 1> <Delay = 1.48>
ST_2 : Operation 26 [1/1] (0.00ns)   --->   "%specinterface_ln0 = specinterface void @_ssdm_op_SpecInterface, i8 %colorFormat_val27_c20, void @ap_fifo_str, i32 0, i32 0, void @p_str, i32 0, i32 0, void @p_str, void @p_str, void @p_str, i32 2, i32 2, i32 16, i32 16, void @p_str, void @ScalarProp_str, i32 4294967295, i32 0"   --->   Operation 26 'specinterface' 'specinterface_ln0' <Predicate = true> <Delay = 0.00>
ST_2 : Operation 27 [1/1] (0.00ns)   --->   "%specinterface_ln0 = specinterface void @_ssdm_op_SpecInterface, i8 %enableInput_val18_c, void @ap_fifo_str, i32 0, i32 0, void @p_str, i32 0, i32 0, void @p_str, void @p_str, void @p_str, i32 2, i32 2, i32 16, i32 16, void @p_str, void @ScalarProp_str, i32 4294967295, i32 0"   --->   Operation 27 'specinterface' 'specinterface_ln0' <Predicate = true> <Delay = 0.00>
ST_2 : Operation 28 [1/1] (0.00ns)   --->   "%specinterface_ln0 = specinterface void @_ssdm_op_SpecInterface, i16 %width_val10_c17, void @ap_fifo_str, i32 0, i32 0, void @p_str, i32 0, i32 0, void @p_str, void @p_str, void @p_str, i32 2, i32 2, i32 16, i32 16, void @p_str, void @ScalarProp_str, i32 4294967295, i32 0"   --->   Operation 28 'specinterface' 'specinterface_ln0' <Predicate = true> <Delay = 0.00>
ST_2 : Operation 29 [1/1] (0.00ns)   --->   "%specinterface_ln0 = specinterface void @_ssdm_op_SpecInterface, i16 %height_val5_c15, void @ap_fifo_str, i32 0, i32 0, void @p_str, i32 0, i32 0, void @p_str, void @p_str, void @p_str, i32 2, i32 2, i32 16, i32 16, void @p_str, void @ScalarProp_str, i32 4294967295, i32 0"   --->   Operation 29 'specinterface' 'specinterface_ln0' <Predicate = true> <Delay = 0.00>
ST_2 : Operation 30 [1/1] (0.00ns)   --->   "%specaxissidechannel_ln0 = specaxissidechannel void @_ssdm_op_SpecAXISSideChannel, i24 %s_axis_video_V_data_V, i3 %s_axis_video_V_keep_V, i3 %s_axis_video_V_strb_V, i1 %s_axis_video_V_user_V, i1 %s_axis_video_V_last_V, i1 %s_axis_video_V_id_V, i1 %s_axis_video_V_dest_V, void @empty_25"   --->   Operation 30 'specaxissidechannel' 'specaxissidechannel_ln0' <Predicate = true> <Delay = 0.00>
ST_2 : Operation 31 [1/1] (0.00ns)   --->   "%specinterface_ln0 = specinterface void @_ssdm_op_SpecInterface, i24 %srcYUV, void @empty_26, i32 0, i32 0, void @empty_16, i32 0, i32 0, void @empty_16, void @empty_16, void @empty_16, i32 0, i32 0, i32 0, i32 0, void @empty_16, void @empty_16, i32 4294967295, i32 0"   --->   Operation 31 'specinterface' 'specinterface_ln0' <Predicate = true> <Delay = 0.00>
ST_2 : Operation 32 [1/1] (0.00ns)   --->   "%specinterface_ln0 = specinterface void @_ssdm_op_SpecInterface, i24 %s_axis_video_V_data_V, i3 %s_axis_video_V_keep_V, i3 %s_axis_video_V_strb_V, i1 %s_axis_video_V_user_V, i1 %s_axis_video_V_last_V, i1 %s_axis_video_V_id_V, i1 %s_axis_video_V_dest_V, void @empty_18, i32 0, i32 0, void @empty_17, i32 0, i32 0, void @empty_16, void @empty_16, void @empty_16, i32 0, i32 0, i32 0, i32 0, void @empty_16, void @empty_16, i32 4294967295, i32 0"   --->   Operation 32 'specinterface' 'specinterface_ln0' <Predicate = true> <Delay = 0.00>
ST_2 : Operation 33 [1/2] (0.00ns)   --->   "%rows = call i16 @reg<unsigned short>, i16 %Height_val_read" [/home/sundance/Emilie_Projects/git/EMC2/BSP_HDMI_out_TE0820_4EV/2023.2/firmware/EMC2_HDMI_out.runs/design_1_v_tpg_0_0_synth_1/prj/sol/.autopilot/db/v_tpg.cpp:827]   --->   Operation 33 'call' 'rows' <Predicate = true> <Delay = 0.00> <CoreType = "Generic">   --->   Core 0 '' <Latency = 0> <II = 1> <Delay = 1.00> <Generic> <Opcode : >
ST_2 : Operation 34 [1/1] (0.00ns)   --->   "%trunc_ln827 = trunc i16 %rows" [/home/sundance/Emilie_Projects/git/EMC2/BSP_HDMI_out_TE0820_4EV/2023.2/firmware/EMC2_HDMI_out.runs/design_1_v_tpg_0_0_synth_1/prj/sol/.autopilot/db/v_tpg.cpp:827]   --->   Operation 34 'trunc' 'trunc_ln827' <Predicate = true> <Delay = 0.00>
ST_2 : Operation 35 [1/2] (0.00ns)   --->   "%cols = call i16 @reg<unsigned short>, i16 %WidthIn_val_read" [/home/sundance/Emilie_Projects/git/EMC2/BSP_HDMI_out_TE0820_4EV/2023.2/firmware/EMC2_HDMI_out.runs/design_1_v_tpg_0_0_synth_1/prj/sol/.autopilot/db/v_tpg.cpp:828]   --->   Operation 35 'call' 'cols' <Predicate = true> <Delay = 0.00> <CoreType = "Generic">   --->   Core 0 '' <Latency = 0> <II = 1> <Delay = 1.00> <Generic> <Opcode : >
ST_2 : Operation 36 [1/1] (0.00ns)   --->   "%empty = trunc i16 %cols" [/home/sundance/Emilie_Projects/git/EMC2/BSP_HDMI_out_TE0820_4EV/2023.2/firmware/EMC2_HDMI_out.runs/design_1_v_tpg_0_0_synth_1/prj/sol/.autopilot/db/v_tpg.cpp:828]   --->   Operation 36 'trunc' 'empty' <Predicate = true> <Delay = 0.00>
ST_2 : Operation 37 [1/1] (0.00ns)   --->   "%br_ln834 = br i1 %icmp_ln834, void %while.cond.preheader, void %if.end73" [/home/sundance/Emilie_Projects/git/EMC2/BSP_HDMI_out_TE0820_4EV/2023.2/firmware/EMC2_HDMI_out.runs/design_1_v_tpg_0_0_synth_1/prj/sol/.autopilot/db/v_tpg.cpp:834]   --->   Operation 37 'br' 'br_ln834' <Predicate = true> <Delay = 0.00>
ST_2 : Operation 38 [1/1] (0.00ns)   --->   "%axi_data_6 = alloca i32 1" [/home/sundance/Emilie_Projects/git/EMC2/BSP_HDMI_out_TE0820_4EV/2023.2/firmware/EMC2_HDMI_out.runs/design_1_v_tpg_0_0_synth_1/prj/sol/.autopilot/db/v_tpg.cpp:825]   --->   Operation 38 'alloca' 'axi_data_6' <Predicate = (!icmp_ln834)> <Delay = 0.00>
ST_2 : Operation 39 [1/1] (0.00ns)   --->   "%i = alloca i32 1" [/home/sundance/Emilie_Projects/git/EMC2/BSP_HDMI_out_TE0820_4EV/2023.2/firmware/EMC2_HDMI_out.runs/design_1_v_tpg_0_0_synth_1/prj/sol/.autopilot/db/v_tpg.cpp:845]   --->   Operation 39 'alloca' 'i' <Predicate = (!icmp_ln834)> <Delay = 0.00>
ST_2 : Operation 40 [1/1] (0.00ns)   --->   "%empty_189 = wait i32 @_ssdm_op_Wait"   --->   Operation 40 'wait' 'empty_189' <Predicate = (!icmp_ln834)> <Delay = 0.00>
ST_2 : Operation 41 [2/2] (1.48ns)   --->   "%call_ln0 = call void @AXIvideo2MultiPixStream_Pipeline_loop_wait_for_start, i24 %s_axis_video_V_data_V, i3 %s_axis_video_V_keep_V, i3 %s_axis_video_V_strb_V, i1 %s_axis_video_V_user_V, i1 %s_axis_video_V_last_V, i1 %s_axis_video_V_id_V, i1 %s_axis_video_V_dest_V, i24 %axi_data_6, i1 %axi_last_loc"   --->   Operation 41 'call' 'call_ln0' <Predicate = (!icmp_ln834)> <Delay = 1.48> <CoreType = "Generic">   --->   Core 0 '' <Latency = 0> <II = 1> <Delay = 1.00> <Generic> <Opcode : >
ST_2 : Operation 42 [1/1] (0.90ns)   --->   "%cond = icmp_eq  i8 %colorFormat_val_read, i8 0"   --->   Operation 42 'icmp' 'cond' <Predicate = (!icmp_ln834)> <Delay = 0.90> <CoreInst = "Cmp">   --->   Core 9 'Cmp' <Latency = 0> <II = 1> <Delay = 0.90> <FuncUnit> <Opcode : 'icmp'> <InPorts = 2> <OutPorts = 1>
ST_2 : Operation 43 [1/1] (0.48ns)   --->   "%store_ln845 = store i10 0, i10 %i" [/home/sundance/Emilie_Projects/git/EMC2/BSP_HDMI_out_TE0820_4EV/2023.2/firmware/EMC2_HDMI_out.runs/design_1_v_tpg_0_0_synth_1/prj/sol/.autopilot/db/v_tpg.cpp:845]   --->   Operation 43 'store' 'store_ln845' <Predicate = (!icmp_ln834)> <Delay = 0.48>

State 3 <SV = 2> <Delay = 0.48>
ST_3 : Operation 44 [1/2] (0.48ns)   --->   "%call_ln0 = call void @AXIvideo2MultiPixStream_Pipeline_loop_wait_for_start, i24 %s_axis_video_V_data_V, i3 %s_axis_video_V_keep_V, i3 %s_axis_video_V_strb_V, i1 %s_axis_video_V_user_V, i1 %s_axis_video_V_last_V, i1 %s_axis_video_V_id_V, i1 %s_axis_video_V_dest_V, i24 %axi_data_6, i1 %axi_last_loc"   --->   Operation 44 'call' 'call_ln0' <Predicate = true> <Delay = 0.48> <CoreType = "Generic">   --->   Core 0 '' <Latency = 0> <II = 1> <Delay = 1.00> <Generic> <Opcode : >

State 4 <SV = 3> <Delay = 1.27>
ST_4 : Operation 45 [1/1] (0.00ns)   --->   "%axi_last_loc_load = load i1 %axi_last_loc"   --->   Operation 45 'load' 'axi_last_loc_load' <Predicate = true> <Delay = 0.00>
ST_4 : Operation 46 [1/1] (0.00ns)   --->   "%empty_190 = wait i32 @_ssdm_op_Wait"   --->   Operation 46 'wait' 'empty_190' <Predicate = true> <Delay = 0.00>
ST_4 : Operation 47 [1/1] (0.94ns)   --->   "%cmp10399 = icmp_ne  i11 %empty, i11 0" [/home/sundance/Emilie_Projects/git/EMC2/BSP_HDMI_out_TE0820_4EV/2023.2/firmware/EMC2_HDMI_out.runs/design_1_v_tpg_0_0_synth_1/prj/sol/.autopilot/db/v_tpg.cpp:828]   --->   Operation 47 'icmp' 'cmp10399' <Predicate = true> <Delay = 0.94> <CoreInst = "Cmp">   --->   Core 9 'Cmp' <Latency = 0> <II = 1> <Delay = 0.94> <FuncUnit> <Opcode : 'icmp'> <InPorts = 2> <OutPorts = 1>
ST_4 : Operation 48 [1/1] (0.33ns)   --->   "%xor_ln897 = xor i1 %cmp10399, i1 1" [/home/sundance/Emilie_Projects/git/EMC2/BSP_HDMI_out_TE0820_4EV/2023.2/firmware/EMC2_HDMI_out.runs/design_1_v_tpg_0_0_synth_1/prj/sol/.autopilot/db/v_tpg.cpp:897]   --->   Operation 48 'xor' 'xor_ln897' <Predicate = true> <Delay = 0.33> <CoreInst = "LogicGate">   --->   Core 74 'LogicGate' <Latency = 0> <II = 1> <Delay = 0.33> <FuncUnit> <Opcode : 'and' 'or' 'xor'> <InPorts = 2> <OutPorts = 1>
ST_4 : Operation 49 [1/1] (0.48ns)   --->   "%br_ln845 = br void %loop_width" [/home/sundance/Emilie_Projects/git/EMC2/BSP_HDMI_out_TE0820_4EV/2023.2/firmware/EMC2_HDMI_out.runs/design_1_v_tpg_0_0_synth_1/prj/sol/.autopilot/db/v_tpg.cpp:845]   --->   Operation 49 'br' 'br_ln845' <Predicate = true> <Delay = 0.48>

State 5 <SV = 4> <Delay = 3.37>
ST_5 : Operation 50 [1/1] (0.00ns)   --->   "%sof = phi i1 1, void %while.cond.preheader, i1 %and_ln897, void %loop_width.split" [/home/sundance/Emilie_Projects/git/EMC2/BSP_HDMI_out_TE0820_4EV/2023.2/firmware/EMC2_HDMI_out.runs/design_1_v_tpg_0_0_synth_1/prj/sol/.autopilot/db/v_tpg.cpp:897]   --->   Operation 50 'phi' 'sof' <Predicate = (!icmp_ln834)> <Delay = 0.00>
ST_5 : Operation 51 [1/1] (0.00ns)   --->   "%axi_last_2 = phi i1 %axi_last_loc_load, void %while.cond.preheader, i1 %axi_last_4_loc_load, void %loop_width.split"   --->   Operation 51 'phi' 'axi_last_2' <Predicate = (!icmp_ln834)> <Delay = 0.00>
ST_5 : Operation 52 [1/1] (0.00ns)   --->   "%i_3 = load i10 %i" [/home/sundance/Emilie_Projects/git/EMC2/BSP_HDMI_out_TE0820_4EV/2023.2/firmware/EMC2_HDMI_out.runs/design_1_v_tpg_0_0_synth_1/prj/sol/.autopilot/db/v_tpg.cpp:845]   --->   Operation 52 'load' 'i_3' <Predicate = (!icmp_ln834)> <Delay = 0.00>
ST_5 : Operation 53 [1/1] (0.93ns)   --->   "%icmp_ln845 = icmp_eq  i10 %i_3, i10 %trunc_ln827" [/home/sundance/Emilie_Projects/git/EMC2/BSP_HDMI_out_TE0820_4EV/2023.2/firmware/EMC2_HDMI_out.runs/design_1_v_tpg_0_0_synth_1/prj/sol/.autopilot/db/v_tpg.cpp:845]   --->   Operation 53 'icmp' 'icmp_ln845' <Predicate = (!icmp_ln834)> <Delay = 0.93> <CoreInst = "Cmp">   --->   Core 9 'Cmp' <Latency = 0> <II = 1> <Delay = 0.93> <FuncUnit> <Opcode : 'icmp'> <InPorts = 2> <OutPorts = 1>
ST_5 : Operation 54 [1/1] (0.00ns)   --->   "%speclooptripcount_ln0 = speclooptripcount void @_ssdm_op_SpecLoopTripCount, i64 0, i64 720, i64 0"   --->   Operation 54 'speclooptripcount' 'speclooptripcount_ln0' <Predicate = (!icmp_ln834)> <Delay = 0.00>
ST_5 : Operation 55 [1/1] (0.93ns)   --->   "%i_4 = add i10 %i_3, i10 1" [/home/sundance/Emilie_Projects/git/EMC2/BSP_HDMI_out_TE0820_4EV/2023.2/firmware/EMC2_HDMI_out.runs/design_1_v_tpg_0_0_synth_1/prj/sol/.autopilot/db/v_tpg.cpp:845]   --->   Operation 55 'add' 'i_4' <Predicate = (!icmp_ln834)> <Delay = 0.93> <CoreInst = "Adder">   --->   Core 1 'Adder' <Latency = 0> <II = 1> <Delay = 0.93> <FuncUnit> <Opcode : 'add' 'sub'> <InPorts = 2> <OutPorts = 1>
ST_5 : Operation 56 [1/1] (0.00ns)   --->   "%br_ln845 = br i1 %icmp_ln845, void %loop_width.split, void %if.end73.loopexit" [/home/sundance/Emilie_Projects/git/EMC2/BSP_HDMI_out_TE0820_4EV/2023.2/firmware/EMC2_HDMI_out.runs/design_1_v_tpg_0_0_synth_1/prj/sol/.autopilot/db/v_tpg.cpp:845]   --->   Operation 56 'br' 'br_ln845' <Predicate = (!icmp_ln834)> <Delay = 0.00>
ST_5 : Operation 57 [1/1] (0.00ns)   --->   "%axi_data_6_load = load i24 %axi_data_6"   --->   Operation 57 'load' 'axi_data_6_load' <Predicate = (!icmp_ln834 & !icmp_ln845)> <Delay = 0.00>
ST_5 : Operation 58 [1/1] (0.00ns)   --->   "%empty_191 = wait i32 @_ssdm_op_Wait"   --->   Operation 58 'wait' 'empty_191' <Predicate = (!icmp_ln834 & !icmp_ln845)> <Delay = 0.00>
ST_5 : Operation 59 [2/2] (2.43ns)   --->   "%call_ln897 = call void @AXIvideo2MultiPixStream_Pipeline_loop_width, i1 %sof, i1 %axi_last_2, i24 %axi_data_6_load, i11 %empty, i1 %cond, i24 %srcYUV, i24 %s_axis_video_V_data_V, i3 %s_axis_video_V_keep_V, i3 %s_axis_video_V_strb_V, i1 %s_axis_video_V_user_V, i1 %s_axis_video_V_last_V, i1 %s_axis_video_V_id_V, i1 %s_axis_video_V_dest_V, i1 %eol_loc, i24 %axi_data_7_loc" [/home/sundance/Emilie_Projects/git/EMC2/BSP_HDMI_out_TE0820_4EV/2023.2/firmware/EMC2_HDMI_out.runs/design_1_v_tpg_0_0_synth_1/prj/sol/.autopilot/db/v_tpg.cpp:897]   --->   Operation 59 'call' 'call_ln897' <Predicate = (!icmp_ln834 & !icmp_ln845)> <Delay = 2.43> <CoreType = "Generic">   --->   Core 0 '' <Latency = 0> <II = 1> <Delay = 1.00> <Generic> <Opcode : >
ST_5 : Operation 60 [1/1] (0.33ns)   --->   "%and_ln897 = and i1 %sof, i1 %xor_ln897" [/home/sundance/Emilie_Projects/git/EMC2/BSP_HDMI_out_TE0820_4EV/2023.2/firmware/EMC2_HDMI_out.runs/design_1_v_tpg_0_0_synth_1/prj/sol/.autopilot/db/v_tpg.cpp:897]   --->   Operation 60 'and' 'and_ln897' <Predicate = (!icmp_ln834 & !icmp_ln845)> <Delay = 0.33> <CoreInst = "LogicGate">   --->   Core 74 'LogicGate' <Latency = 0> <II = 1> <Delay = 0.33> <FuncUnit> <Opcode : 'and' 'or' 'xor'> <InPorts = 2> <OutPorts = 1>
ST_5 : Operation 61 [1/1] (0.48ns)   --->   "%store_ln845 = store i10 %i_4, i10 %i" [/home/sundance/Emilie_Projects/git/EMC2/BSP_HDMI_out_TE0820_4EV/2023.2/firmware/EMC2_HDMI_out.runs/design_1_v_tpg_0_0_synth_1/prj/sol/.autopilot/db/v_tpg.cpp:845]   --->   Operation 61 'store' 'store_ln845' <Predicate = (!icmp_ln834 & !icmp_ln845)> <Delay = 0.48>
ST_5 : Operation 62 [1/1] (0.00ns)   --->   "%br_ln0 = br void %if.end73"   --->   Operation 62 'br' 'br_ln0' <Predicate = (!icmp_ln834 & icmp_ln845)> <Delay = 0.00>
ST_5 : Operation 63 [1/1] (0.00ns)   --->   "%ret_ln0 = ret"   --->   Operation 63 'ret' 'ret_ln0' <Predicate = (icmp_ln845) | (icmp_ln834)> <Delay = 0.00>

State 6 <SV = 5> <Delay = 1.43>
ST_6 : Operation 64 [1/2] (1.43ns)   --->   "%call_ln897 = call void @AXIvideo2MultiPixStream_Pipeline_loop_width, i1 %sof, i1 %axi_last_2, i24 %axi_data_6_load, i11 %empty, i1 %cond, i24 %srcYUV, i24 %s_axis_video_V_data_V, i3 %s_axis_video_V_keep_V, i3 %s_axis_video_V_strb_V, i1 %s_axis_video_V_user_V, i1 %s_axis_video_V_last_V, i1 %s_axis_video_V_id_V, i1 %s_axis_video_V_dest_V, i1 %eol_loc, i24 %axi_data_7_loc" [/home/sundance/Emilie_Projects/git/EMC2/BSP_HDMI_out_TE0820_4EV/2023.2/firmware/EMC2_HDMI_out.runs/design_1_v_tpg_0_0_synth_1/prj/sol/.autopilot/db/v_tpg.cpp:897]   --->   Operation 64 'call' 'call_ln897' <Predicate = true> <Delay = 1.43> <CoreType = "Generic">   --->   Core 0 '' <Latency = 0> <II = 1> <Delay = 1.00> <Generic> <Opcode : >

State 7 <SV = 6> <Delay = 0.00>
ST_7 : Operation 65 [1/1] (0.00ns)   --->   "%empty_192 = wait i32 @_ssdm_op_Wait"   --->   Operation 65 'wait' 'empty_192' <Predicate = true> <Delay = 0.00>

State 8 <SV = 7> <Delay = 2.24>
ST_8 : Operation 66 [1/1] (0.00ns)   --->   "%eol_loc_load = load i1 %eol_loc"   --->   Operation 66 'load' 'eol_loc_load' <Predicate = true> <Delay = 0.00>
ST_8 : Operation 67 [1/1] (0.00ns)   --->   "%axi_data_7_loc_load = load i24 %axi_data_7_loc"   --->   Operation 67 'load' 'axi_data_7_loc_load' <Predicate = true> <Delay = 0.00>
ST_8 : Operation 68 [1/1] (0.26ns)   --->   "%select_ln897 = select i1 %cmp10399, i1 %eol_loc_load, i1 %axi_last_2" [/home/sundance/Emilie_Projects/git/EMC2/BSP_HDMI_out_TE0820_4EV/2023.2/firmware/EMC2_HDMI_out.runs/design_1_v_tpg_0_0_synth_1/prj/sol/.autopilot/db/v_tpg.cpp:897]   --->   Operation 68 'select' 'select_ln897' <Predicate = true> <Delay = 0.26> <CoreInst = "Sel">   --->   Core 73 'Sel' <Latency = 0> <II = 1> <Delay = 0.26> <FuncUnit> <Opcode : 'select'> <InPorts = 3> <OutPorts = 1>
ST_8 : Operation 69 [1/1] (0.00ns)   --->   "%empty_193 = wait i32 @_ssdm_op_Wait"   --->   Operation 69 'wait' 'empty_193' <Predicate = true> <Delay = 0.00>
ST_8 : Operation 70 [2/2] (1.97ns)   --->   "%call_ln897 = call void @AXIvideo2MultiPixStream_Pipeline_loop_wait_for_eol, i24 %axi_data_7_loc_load, i1 %select_ln897, i1 %eol_loc_load, i24 %s_axis_video_V_data_V, i3 %s_axis_video_V_keep_V, i3 %s_axis_video_V_strb_V, i1 %s_axis_video_V_user_V, i1 %s_axis_video_V_last_V, i1 %s_axis_video_V_id_V, i1 %s_axis_video_V_dest_V, i24 %axi_data_6, i1 %axi_last_4_loc" [/home/sundance/Emilie_Projects/git/EMC2/BSP_HDMI_out_TE0820_4EV/2023.2/firmware/EMC2_HDMI_out.runs/design_1_v_tpg_0_0_synth_1/prj/sol/.autopilot/db/v_tpg.cpp:897]   --->   Operation 70 'call' 'call_ln897' <Predicate = true> <Delay = 1.97> <CoreType = "Generic">   --->   Core 0 '' <Latency = 0> <II = 1> <Delay = 1.00> <Generic> <Opcode : >

State 9 <SV = 8> <Delay = 0.48>
ST_9 : Operation 71 [1/2] (0.48ns)   --->   "%call_ln897 = call void @AXIvideo2MultiPixStream_Pipeline_loop_wait_for_eol, i24 %axi_data_7_loc_load, i1 %select_ln897, i1 %eol_loc_load, i24 %s_axis_video_V_data_V, i3 %s_axis_video_V_keep_V, i3 %s_axis_video_V_strb_V, i1 %s_axis_video_V_user_V, i1 %s_axis_video_V_last_V, i1 %s_axis_video_V_id_V, i1 %s_axis_video_V_dest_V, i24 %axi_data_6, i1 %axi_last_4_loc" [/home/sundance/Emilie_Projects/git/EMC2/BSP_HDMI_out_TE0820_4EV/2023.2/firmware/EMC2_HDMI_out.runs/design_1_v_tpg_0_0_synth_1/prj/sol/.autopilot/db/v_tpg.cpp:897]   --->   Operation 71 'call' 'call_ln897' <Predicate = true> <Delay = 0.48> <CoreType = "Generic">   --->   Core 0 '' <Latency = 0> <II = 1> <Delay = 1.00> <Generic> <Opcode : >

State 10 <SV = 9> <Delay = 0.00>
ST_10 : Operation 72 [1/1] (0.00ns)   --->   "%specloopname_ln845 = specloopname void @_ssdm_op_SpecLoopName, void @empty_30" [/home/sundance/Emilie_Projects/git/EMC2/BSP_HDMI_out_TE0820_4EV/2023.2/firmware/EMC2_HDMI_out.runs/design_1_v_tpg_0_0_synth_1/prj/sol/.autopilot/db/v_tpg.cpp:845]   --->   Operation 72 'specloopname' 'specloopname_ln845' <Predicate = true> <Delay = 0.00>
ST_10 : Operation 73 [1/1] (0.00ns)   --->   "%axi_last_4_loc_load = load i1 %axi_last_4_loc"   --->   Operation 73 'load' 'axi_last_4_loc_load' <Predicate = true> <Delay = 0.00>
ST_10 : Operation 74 [1/1] (0.00ns)   --->   "%br_ln845 = br void %loop_width" [/home/sundance/Emilie_Projects/git/EMC2/BSP_HDMI_out_TE0820_4EV/2023.2/firmware/EMC2_HDMI_out.runs/design_1_v_tpg_0_0_synth_1/prj/sol/.autopilot/db/v_tpg.cpp:845]   --->   Operation 74 'br' 'br_ln845' <Predicate = true> <Delay = 0.00>


============================================================
+ Verbose Summary: Binding
============================================================
STG Binding: 
---------------- STG Properties BEGIN ----------------
- Is combinational: 0
- Is one-state seq: 0
- Is datapath-only: 0
- Is pipelined: 0
- Is top level: 0
Port [ Return ] is wired: 1; IO mode=ap_ctrl_hs:ce=0
Port [ s_axis_video_V_data_V]:  wired=1; compound=1; hidden=0; nouse=0; global=0; static=0; extern=0; dir=0; type=0; pingpong=0; private_global=0; IO mode=axis:ce=0
Port [ s_axis_video_V_keep_V]:  wired=1; compound=1; hidden=0; nouse=0; global=0; static=0; extern=0; dir=0; type=0; pingpong=0; private_global=0; IO mode=axis:ce=0
Port [ s_axis_video_V_strb_V]:  wired=1; compound=1; hidden=0; nouse=0; global=0; static=0; extern=0; dir=0; type=0; pingpong=0; private_global=0; IO mode=axis:ce=0
Port [ s_axis_video_V_user_V]:  wired=1; compound=1; hidden=0; nouse=0; global=0; static=0; extern=0; dir=0; type=0; pingpong=0; private_global=0; IO mode=axis:ce=0
Port [ s_axis_video_V_last_V]:  wired=1; compound=1; hidden=0; nouse=0; global=0; static=0; extern=0; dir=0; type=0; pingpong=0; private_global=0; IO mode=axis:ce=0
Port [ s_axis_video_V_id_V]:  wired=1; compound=1; hidden=0; nouse=0; global=0; static=0; extern=0; dir=0; type=0; pingpong=0; private_global=0; IO mode=axis:ce=0
Port [ s_axis_video_V_dest_V]:  wired=1; compound=1; hidden=0; nouse=0; global=0; static=0; extern=0; dir=0; type=0; pingpong=0; private_global=0; IO mode=axis:ce=0
Port [ srcYUV]:  wired=1; compound=1; hidden=0; nouse=0; global=0; static=0; extern=0; dir=1; type=3; pingpong=0; private_global=0; IO mode=ap_fifo:ce=0
Port [ enableInput_val]:  wired=1; compound=0; hidden=0; nouse=0; global=0; static=0; extern=0; dir=0; type=0; pingpong=0; private_global=0; IO mode=ap_none:ce=0
Port [ Height_val]:  wired=1; compound=0; hidden=0; nouse=0; global=0; static=0; extern=0; dir=0; type=0; pingpong=0; private_global=0; IO mode=ap_none:ce=0
Port [ WidthIn_val]:  wired=1; compound=0; hidden=0; nouse=0; global=0; static=0; extern=0; dir=0; type=0; pingpong=0; private_global=0; IO mode=ap_none:ce=0
Port [ colorFormat_val]:  wired=1; compound=0; hidden=0; nouse=0; global=0; static=0; extern=0; dir=0; type=0; pingpong=0; private_global=0; IO mode=ap_none:ce=0
Port [ height_val5_c15]:  wired=1; compound=1; hidden=0; nouse=0; global=0; static=0; extern=0; dir=1; type=3; pingpong=0; private_global=0; IO mode=ap_fifo:ce=0
Port [ width_val10_c17]:  wired=1; compound=1; hidden=0; nouse=0; global=0; static=0; extern=0; dir=1; type=3; pingpong=0; private_global=0; IO mode=ap_fifo:ce=0
Port [ enableInput_val18_c]:  wired=1; compound=1; hidden=0; nouse=0; global=0; static=0; extern=0; dir=1; type=3; pingpong=0; private_global=0; IO mode=ap_fifo:ce=0
Port [ colorFormat_val27_c20]:  wired=1; compound=1; hidden=0; nouse=0; global=0; static=0; extern=0; dir=1; type=3; pingpong=0; private_global=0; IO mode=ap_fifo:ce=0
---------------- STG Properties END ------------------

---------------- Datapath Model BEGIN ----------------

<LifeTime>
<method=bitvector/>
colorFormat_val_read    (read               ) [ 00100000000]
WidthIn_val_read        (read               ) [ 00000000000]
Height_val_read         (read               ) [ 00000000000]
enableInput_val_read    (read               ) [ 00000000000]
axi_last_4_loc          (alloca             ) [ 00111111111]
axi_data_7_loc          (alloca             ) [ 00111111111]
eol_loc                 (alloca             ) [ 00111111111]
axi_last_loc            (alloca             ) [ 00111000000]
write_ln0               (write              ) [ 00000000000]
write_ln0               (write              ) [ 00000000000]
write_ln0               (write              ) [ 00000000000]
write_ln0               (write              ) [ 00000000000]
icmp_ln834              (icmp               ) [ 00111111111]
specinterface_ln0       (specinterface      ) [ 00000000000]
specinterface_ln0       (specinterface      ) [ 00000000000]
specinterface_ln0       (specinterface      ) [ 00000000000]
specinterface_ln0       (specinterface      ) [ 00000000000]
specaxissidechannel_ln0 (specaxissidechannel) [ 00000000000]
specinterface_ln0       (specinterface      ) [ 00000000000]
specinterface_ln0       (specinterface      ) [ 00000000000]
rows                    (call               ) [ 00000000000]
trunc_ln827             (trunc              ) [ 00011111111]
cols                    (call               ) [ 00000000000]
empty                   (trunc              ) [ 00011111111]
br_ln834                (br                 ) [ 00000000000]
axi_data_6              (alloca             ) [ 00111111111]
i                       (alloca             ) [ 00111111111]
empty_189               (wait               ) [ 00000000000]
cond                    (icmp               ) [ 00011111111]
store_ln845             (store              ) [ 00000000000]
call_ln0                (call               ) [ 00000000000]
axi_last_loc_load       (load               ) [ 00001111111]
empty_190               (wait               ) [ 00000000000]
cmp10399                (icmp               ) [ 00000111111]
xor_ln897               (xor                ) [ 00000111111]
br_ln845                (br                 ) [ 00001111111]
sof                     (phi                ) [ 00000110000]
axi_last_2              (phi                ) [ 00000111100]
i_3                     (load               ) [ 00000000000]
icmp_ln845              (icmp               ) [ 00000111111]
speclooptripcount_ln0   (speclooptripcount  ) [ 00000000000]
i_4                     (add                ) [ 00000000000]
br_ln845                (br                 ) [ 00000000000]
axi_data_6_load         (load               ) [ 00000010000]
empty_191               (wait               ) [ 00000000000]
and_ln897               (and                ) [ 00001111111]
store_ln845             (store              ) [ 00000000000]
br_ln0                  (br                 ) [ 00000000000]
ret_ln0                 (ret                ) [ 00000000000]
call_ln897              (call               ) [ 00000000000]
empty_192               (wait               ) [ 00000000000]
eol_loc_load            (load               ) [ 00000000010]
axi_data_7_loc_load     (load               ) [ 00000000010]
select_ln897            (select             ) [ 00000000010]
empty_193               (wait               ) [ 00000000000]
call_ln897              (call               ) [ 00000000000]
specloopname_ln845      (specloopname       ) [ 00000000000]
axi_last_4_loc_load     (load               ) [ 00001111111]
br_ln845                (br                 ) [ 00001111111]
</LifeTime>

<model>

<comp_list>
<comp id="0" class="1000" name="s_axis_video_V_data_V">
<pin_list>
<pin id="1" dir="1" index="0" bw="1" slack="0"/>
</pin_list>
<bind>
<StgValue><ssdm name="s_axis_video_V_data_V"/></StgValue>
</bind>
</comp>

<comp id="2" class="1000" name="s_axis_video_V_keep_V">
<pin_list>
<pin id="3" dir="1" index="0" bw="1" slack="0"/>
</pin_list>
<bind>
<StgValue><ssdm name="s_axis_video_V_keep_V"/></StgValue>
</bind>
</comp>

<comp id="4" class="1000" name="s_axis_video_V_strb_V">
<pin_list>
<pin id="5" dir="1" index="0" bw="1" slack="0"/>
</pin_list>
<bind>
<StgValue><ssdm name="s_axis_video_V_strb_V"/></StgValue>
</bind>
</comp>

<comp id="6" class="1000" name="s_axis_video_V_user_V">
<pin_list>
<pin id="7" dir="1" index="0" bw="1" slack="0"/>
</pin_list>
<bind>
<StgValue><ssdm name="s_axis_video_V_user_V"/></StgValue>
</bind>
</comp>

<comp id="8" class="1000" name="s_axis_video_V_last_V">
<pin_list>
<pin id="9" dir="1" index="0" bw="1" slack="0"/>
</pin_list>
<bind>
<StgValue><ssdm name="s_axis_video_V_last_V"/></StgValue>
</bind>
</comp>

<comp id="10" class="1000" name="s_axis_video_V_id_V">
<pin_list>
<pin id="11" dir="1" index="0" bw="1" slack="0"/>
</pin_list>
<bind>
<StgValue><ssdm name="s_axis_video_V_id_V"/></StgValue>
</bind>
</comp>

<comp id="12" class="1000" name="s_axis_video_V_dest_V">
<pin_list>
<pin id="13" dir="1" index="0" bw="1" slack="0"/>
</pin_list>
<bind>
<StgValue><ssdm name="s_axis_video_V_dest_V"/></StgValue>
</bind>
</comp>

<comp id="14" class="1000" name="srcYUV">
<pin_list>
<pin id="15" dir="1" index="0" bw="1" slack="0"/>
</pin_list>
<bind>
<StgValue><ssdm name="srcYUV"/></StgValue>
</bind>
</comp>

<comp id="16" class="1000" name="enableInput_val">
<pin_list>
<pin id="17" dir="1" index="0" bw="1" slack="0"/>
</pin_list>
<bind>
<StgValue><ssdm name="enableInput_val"/></StgValue>
</bind>
</comp>

<comp id="18" class="1000" name="Height_val">
<pin_list>
<pin id="19" dir="1" index="0" bw="1" slack="0"/>
</pin_list>
<bind>
<StgValue><ssdm name="Height_val"/></StgValue>
</bind>
</comp>

<comp id="20" class="1000" name="WidthIn_val">
<pin_list>
<pin id="21" dir="1" index="0" bw="1" slack="0"/>
</pin_list>
<bind>
<StgValue><ssdm name="WidthIn_val"/></StgValue>
</bind>
</comp>

<comp id="22" class="1000" name="colorFormat_val">
<pin_list>
<pin id="23" dir="1" index="0" bw="1" slack="0"/>
</pin_list>
<bind>
<StgValue><ssdm name="colorFormat_val"/></StgValue>
</bind>
</comp>

<comp id="24" class="1000" name="height_val5_c15">
<pin_list>
<pin id="25" dir="1" index="0" bw="1" slack="0"/>
</pin_list>
<bind>
<StgValue><ssdm name="height_val5_c15"/></StgValue>
</bind>
</comp>

<comp id="26" class="1000" name="width_val10_c17">
<pin_list>
<pin id="27" dir="1" index="0" bw="1" slack="0"/>
</pin_list>
<bind>
<StgValue><ssdm name="width_val10_c17"/></StgValue>
</bind>
</comp>

<comp id="28" class="1000" name="enableInput_val18_c">
<pin_list>
<pin id="29" dir="1" index="0" bw="1" slack="0"/>
</pin_list>
<bind>
<StgValue><ssdm name="enableInput_val18_c"/></StgValue>
</bind>
</comp>

<comp id="30" class="1000" name="colorFormat_val27_c20">
<pin_list>
<pin id="31" dir="1" index="0" bw="1" slack="0"/>
</pin_list>
<bind>
<StgValue><ssdm name="colorFormat_val27_c20"/></StgValue>
</bind>
</comp>

<comp id="32" class="1001" name="const_32">
<pin_list>
<pin id="33" dir="1" index="0" bw="1" slack="0"/>
</pin_list>
<bind>
<StgValue><ssdm name="_ssdm_op_Read.ap_auto.i8"/></StgValue>
</bind>
</comp>

<comp id="34" class="1001" name="const_34">
<pin_list>
<pin id="35" dir="1" index="0" bw="1" slack="0"/>
</pin_list>
<bind>
<StgValue><ssdm name="_ssdm_op_Read.ap_auto.i16"/></StgValue>
</bind>
</comp>

<comp id="36" class="1001" name="const_36">
<pin_list>
<pin id="37" dir="1" index="0" bw="1" slack="0"/>
</pin_list>
<bind>
<StgValue><ssdm name=""/></StgValue>
</bind>
</comp>

<comp id="38" class="1001" name="const_38">
<pin_list>
<pin id="39" dir="1" index="0" bw="1" slack="0"/>
</pin_list>
<bind>
<StgValue><ssdm name="_ssdm_op_Write.ap_fifo.i8P0A"/></StgValue>
</bind>
</comp>

<comp id="40" class="1001" name="const_40">
<pin_list>
<pin id="41" dir="1" index="0" bw="1" slack="0"/>
</pin_list>
<bind>
<StgValue><ssdm name="_ssdm_op_Write.ap_fifo.i16P0A"/></StgValue>
</bind>
</comp>

<comp id="42" class="1001" name="const_42">
<pin_list>
<pin id="43" dir="1" index="0" bw="1" slack="0"/>
</pin_list>
<bind>
<StgValue><ssdm name="reg<unsigned short>"/></StgValue>
</bind>
</comp>

<comp id="44" class="1001" name="const_44">
<pin_list>
<pin id="45" dir="1" index="0" bw="1" slack="0"/>
</pin_list>
<bind>
<StgValue><ssdm name=""/></StgValue>
</bind>
</comp>

<comp id="46" class="1001" name="const_46">
<pin_list>
<pin id="47" dir="1" index="0" bw="1" slack="2147483647"/>
</pin_list>
<bind>
<StgValue><ssdm name="_ssdm_op_SpecInterface"/></StgValue>
</bind>
</comp>

<comp id="48" class="1001" name="const_48">
<pin_list>
<pin id="49" dir="1" index="0" bw="1" slack="2147483647"/>
</pin_list>
<bind>
<StgValue><ssdm name="ap_fifo_str"/></StgValue>
</bind>
</comp>

<comp id="50" class="1001" name="const_50">
<pin_list>
<pin id="51" dir="1" index="0" bw="1" slack="2147483647"/>
</pin_list>
<bind>
<StgValue><ssdm name=""/></StgValue>
</bind>
</comp>

<comp id="52" class="1001" name="const_52">
<pin_list>
<pin id="53" dir="1" index="0" bw="1" slack="2147483647"/>
</pin_list>
<bind>
<StgValue><ssdm name="p_str"/></StgValue>
</bind>
</comp>

<comp id="54" class="1001" name="const_54">
<pin_list>
<pin id="55" dir="1" index="0" bw="1" slack="2147483647"/>
</pin_list>
<bind>
<StgValue><ssdm name=""/></StgValue>
</bind>
</comp>

<comp id="56" class="1001" name="const_56">
<pin_list>
<pin id="57" dir="1" index="0" bw="1" slack="2147483647"/>
</pin_list>
<bind>
<StgValue><ssdm name=""/></StgValue>
</bind>
</comp>

<comp id="58" class="1001" name="const_58">
<pin_list>
<pin id="59" dir="1" index="0" bw="1" slack="2147483647"/>
</pin_list>
<bind>
<StgValue><ssdm name="ScalarProp_str"/></StgValue>
</bind>
</comp>

<comp id="60" class="1001" name="const_60">
<pin_list>
<pin id="61" dir="1" index="0" bw="1" slack="2147483647"/>
</pin_list>
<bind>
<StgValue><ssdm name=""/></StgValue>
</bind>
</comp>

<comp id="62" class="1001" name="const_62">
<pin_list>
<pin id="63" dir="1" index="0" bw="1" slack="2147483647"/>
</pin_list>
<bind>
<StgValue><ssdm name="_ssdm_op_SpecAXISSideChannel"/></StgValue>
</bind>
</comp>

<comp id="64" class="1001" name="const_64">
<pin_list>
<pin id="65" dir="1" index="0" bw="1" slack="2147483647"/>
</pin_list>
<bind>
<StgValue><ssdm name="empty_25"/></StgValue>
</bind>
</comp>

<comp id="66" class="1001" name="const_66">
<pin_list>
<pin id="67" dir="1" index="0" bw="1" slack="2147483647"/>
</pin_list>
<bind>
<StgValue><ssdm name="empty_26"/></StgValue>
</bind>
</comp>

<comp id="68" class="1001" name="const_68">
<pin_list>
<pin id="69" dir="1" index="0" bw="1" slack="2147483647"/>
</pin_list>
<bind>
<StgValue><ssdm name="empty_16"/></StgValue>
</bind>
</comp>

<comp id="70" class="1001" name="const_70">
<pin_list>
<pin id="71" dir="1" index="0" bw="1" slack="2147483647"/>
</pin_list>
<bind>
<StgValue><ssdm name="empty_18"/></StgValue>
</bind>
</comp>

<comp id="72" class="1001" name="const_72">
<pin_list>
<pin id="73" dir="1" index="0" bw="1" slack="2147483647"/>
</pin_list>
<bind>
<StgValue><ssdm name="empty_17"/></StgValue>
</bind>
</comp>

<comp id="74" class="1001" name="const_74">
<pin_list>
<pin id="75" dir="1" index="0" bw="1" slack="0"/>
</pin_list>
<bind>
<StgValue><ssdm name=""/></StgValue>
</bind>
</comp>

<comp id="76" class="1001" name="const_76">
<pin_list>
<pin id="77" dir="1" index="0" bw="1" slack="2147483647"/>
</pin_list>
<bind>
<StgValue><ssdm name="_ssdm_op_Wait"/></StgValue>
</bind>
</comp>

<comp id="78" class="1001" name="const_78">
<pin_list>
<pin id="79" dir="1" index="0" bw="1" slack="0"/>
</pin_list>
<bind>
<StgValue><ssdm name="AXIvideo2MultiPixStream_Pipeline_loop_wait_for_start"/></StgValue>
</bind>
</comp>

<comp id="80" class="1001" name="const_80">
<pin_list>
<pin id="81" dir="1" index="0" bw="1" slack="0"/>
</pin_list>
<bind>
<StgValue><ssdm name=""/></StgValue>
</bind>
</comp>

<comp id="82" class="1001" name="const_82">
<pin_list>
<pin id="83" dir="1" index="0" bw="1" slack="0"/>
</pin_list>
<bind>
<StgValue><ssdm name=""/></StgValue>
</bind>
</comp>

<comp id="84" class="1001" name="const_84">
<pin_list>
<pin id="85" dir="1" index="0" bw="1" slack="0"/>
</pin_list>
<bind>
<StgValue><ssdm name=""/></StgValue>
</bind>
</comp>

<comp id="86" class="1001" name="const_86">
<pin_list>
<pin id="87" dir="1" index="0" bw="1" slack="2147483647"/>
</pin_list>
<bind>
<StgValue><ssdm name="_ssdm_op_SpecLoopTripCount"/></StgValue>
</bind>
</comp>

<comp id="88" class="1001" name="const_88">
<pin_list>
<pin id="89" dir="1" index="0" bw="1" slack="2147483647"/>
</pin_list>
<bind>
<StgValue><ssdm name=""/></StgValue>
</bind>
</comp>

<comp id="90" class="1001" name="const_90">
<pin_list>
<pin id="91" dir="1" index="0" bw="1" slack="2147483647"/>
</pin_list>
<bind>
<StgValue><ssdm name=""/></StgValue>
</bind>
</comp>

<comp id="92" class="1001" name="const_92">
<pin_list>
<pin id="93" dir="1" index="0" bw="1" slack="0"/>
</pin_list>
<bind>
<StgValue><ssdm name=""/></StgValue>
</bind>
</comp>

<comp id="94" class="1001" name="const_94">
<pin_list>
<pin id="95" dir="1" index="0" bw="1" slack="0"/>
</pin_list>
<bind>
<StgValue><ssdm name="AXIvideo2MultiPixStream_Pipeline_loop_width"/></StgValue>
</bind>
</comp>

<comp id="96" class="1001" name="const_96">
<pin_list>
<pin id="97" dir="1" index="0" bw="1" slack="0"/>
</pin_list>
<bind>
<StgValue><ssdm name="AXIvideo2MultiPixStream_Pipeline_loop_wait_for_eol"/></StgValue>
</bind>
</comp>

<comp id="98" class="1001" name="const_98">
<pin_list>
<pin id="99" dir="1" index="0" bw="1" slack="2147483647"/>
</pin_list>
<bind>
<StgValue><ssdm name="_ssdm_op_SpecLoopName"/></StgValue>
</bind>
</comp>

<comp id="100" class="1001" name="const_100">
<pin_list>
<pin id="101" dir="1" index="0" bw="1" slack="2147483647"/>
</pin_list>
<bind>
<StgValue><ssdm name="empty_30"/></StgValue>
</bind>
</comp>

<comp id="102" class="1004" name="axi_last_4_loc_fu_102">
<pin_list>
<pin id="103" dir="0" index="0" bw="1" slack="0"/>
<pin id="104" dir="1" index="1" bw="1" slack="7"/>
</pin_list>
<bind>
<opcode="alloca(26) " fcode="alloca"/>
<opset="axi_last_4_loc/1 "/>
</bind>
</comp>

<comp id="106" class="1004" name="axi_data_7_loc_fu_106">
<pin_list>
<pin id="107" dir="0" index="0" bw="1" slack="0"/>
<pin id="108" dir="1" index="1" bw="24" slack="4"/>
</pin_list>
<bind>
<opcode="alloca(26) " fcode="alloca"/>
<opset="axi_data_7_loc/1 "/>
</bind>
</comp>

<comp id="110" class="1004" name="eol_loc_fu_110">
<pin_list>
<pin id="111" dir="0" index="0" bw="1" slack="0"/>
<pin id="112" dir="1" index="1" bw="1" slack="4"/>
</pin_list>
<bind>
<opcode="alloca(26) " fcode="alloca"/>
<opset="eol_loc/1 "/>
</bind>
</comp>

<comp id="114" class="1004" name="axi_last_loc_fu_114">
<pin_list>
<pin id="115" dir="0" index="0" bw="1" slack="0"/>
<pin id="116" dir="1" index="1" bw="1" slack="1"/>
</pin_list>
<bind>
<opcode="alloca(26) " fcode="alloca"/>
<opset="axi_last_loc/1 "/>
</bind>
</comp>

<comp id="118" class="1004" name="axi_data_6_fu_118">
<pin_list>
<pin id="119" dir="0" index="0" bw="1" slack="0"/>
<pin id="120" dir="1" index="1" bw="24" slack="0"/>
</pin_list>
<bind>
<opcode="alloca(26) " fcode="alloca"/>
<opset="axi_data_6/2 "/>
</bind>
</comp>

<comp id="122" class="1004" name="i_fu_122">
<pin_list>
<pin id="123" dir="0" index="0" bw="1" slack="0"/>
<pin id="124" dir="1" index="1" bw="10" slack="0"/>
</pin_list>
<bind>
<opcode="alloca(26) " fcode="alloca"/>
<opset="i/2 "/>
</bind>
</comp>

<comp id="126" class="1004" name="colorFormat_val_read_read_fu_126">
<pin_list>
<pin id="127" dir="0" index="0" bw="8" slack="0"/>
<pin id="128" dir="0" index="1" bw="8" slack="0"/>
<pin id="129" dir="1" index="2" bw="8" slack="0"/>
</pin_list>
<bind>
<opcode="read(1150) " fcode="read"/>
<opset="colorFormat_val_read/1 "/>
</bind>
</comp>

<comp id="132" class="1004" name="WidthIn_val_read_read_fu_132">
<pin_list>
<pin id="133" dir="0" index="0" bw="16" slack="0"/>
<pin id="134" dir="0" index="1" bw="16" slack="0"/>
<pin id="135" dir="1" index="2" bw="16" slack="0"/>
</pin_list>
<bind>
<opcode="read(1150) " fcode="read"/>
<opset="WidthIn_val_read/1 "/>
</bind>
</comp>

<comp id="138" class="1004" name="Height_val_read_read_fu_138">
<pin_list>
<pin id="139" dir="0" index="0" bw="16" slack="0"/>
<pin id="140" dir="0" index="1" bw="16" slack="0"/>
<pin id="141" dir="1" index="2" bw="16" slack="0"/>
</pin_list>
<bind>
<opcode="read(1150) " fcode="read"/>
<opset="Height_val_read/1 "/>
</bind>
</comp>

<comp id="144" class="1004" name="enableInput_val_read_read_fu_144">
<pin_list>
<pin id="145" dir="0" index="0" bw="8" slack="0"/>
<pin id="146" dir="0" index="1" bw="8" slack="0"/>
<pin id="147" dir="1" index="2" bw="8" slack="0"/>
</pin_list>
<bind>
<opcode="read(1150) " fcode="read"/>
<opset="enableInput_val_read/1 "/>
</bind>
</comp>

<comp id="150" class="1004" name="write_ln0_write_fu_150">
<pin_list>
<pin id="151" dir="0" index="0" bw="0" slack="0"/>
<pin id="152" dir="0" index="1" bw="8" slack="0"/>
<pin id="153" dir="0" index="2" bw="8" slack="0"/>
<pin id="154" dir="1" index="3" bw="0" slack="2147483647"/>
</pin_list>
<bind>
<opcode="write(1151) " fcode="write"/>
<opset="write_ln0/1 "/>
</bind>
</comp>

<comp id="158" class="1004" name="write_ln0_write_fu_158">
<pin_list>
<pin id="159" dir="0" index="0" bw="0" slack="0"/>
<pin id="160" dir="0" index="1" bw="8" slack="0"/>
<pin id="161" dir="0" index="2" bw="8" slack="0"/>
<pin id="162" dir="1" index="3" bw="0" slack="2147483647"/>
</pin_list>
<bind>
<opcode="write(1151) " fcode="write"/>
<opset="write_ln0/1 "/>
</bind>
</comp>

<comp id="166" class="1004" name="write_ln0_write_fu_166">
<pin_list>
<pin id="167" dir="0" index="0" bw="0" slack="0"/>
<pin id="168" dir="0" index="1" bw="16" slack="0"/>
<pin id="169" dir="0" index="2" bw="16" slack="0"/>
<pin id="170" dir="1" index="3" bw="0" slack="2147483647"/>
</pin_list>
<bind>
<opcode="write(1151) " fcode="write"/>
<opset="write_ln0/1 "/>
</bind>
</comp>

<comp id="174" class="1004" name="write_ln0_write_fu_174">
<pin_list>
<pin id="175" dir="0" index="0" bw="0" slack="0"/>
<pin id="176" dir="0" index="1" bw="16" slack="0"/>
<pin id="177" dir="0" index="2" bw="16" slack="0"/>
<pin id="178" dir="1" index="3" bw="0" slack="2147483647"/>
</pin_list>
<bind>
<opcode="write(1151) " fcode="write"/>
<opset="write_ln0/1 "/>
</bind>
</comp>

<comp id="182" class="1005" name="sof_reg_182">
<pin_list>
<pin id="183" dir="0" index="0" bw="1" slack="1"/>
<pin id="184" dir="1" index="1" bw="1" slack="1"/>
</pin_list>
<bind>
<opset="sof (phireg) "/>
</bind>
</comp>

<comp id="186" class="1004" name="sof_phi_fu_186">
<pin_list>
<pin id="187" dir="0" index="0" bw="1" slack="1"/>
<pin id="188" dir="0" index="1" bw="0" slack="2147483647"/>
<pin id="189" dir="0" index="2" bw="1" slack="0"/>
<pin id="190" dir="0" index="3" bw="0" slack="2147483647"/>
<pin id="191" dir="1" index="4" bw="1" slack="0"/>
</pin_list>
<bind>
<opcode="phi(47) " fcode="phi"/>
<opset="sof/5 "/>
</bind>
</comp>

<comp id="194" class="1005" name="axi_last_2_reg_194">
<pin_list>
<pin id="195" dir="0" index="0" bw="1" slack="1"/>
<pin id="196" dir="1" index="1" bw="1" slack="3"/>
</pin_list>
<bind>
<opset="axi_last_2 (phireg) "/>
</bind>
</comp>

<comp id="197" class="1004" name="axi_last_2_phi_fu_197">
<pin_list>
<pin id="198" dir="0" index="0" bw="1" slack="2147483647"/>
<pin id="199" dir="0" index="1" bw="0" slack="2147483647"/>
<pin id="200" dir="0" index="2" bw="1" slack="2147483647"/>
<pin id="201" dir="0" index="3" bw="0" slack="2147483647"/>
<pin id="202" dir="1" index="4" bw="1" slack="0"/>
</pin_list>
<bind>
<opcode="phi(47) " fcode="phi"/>
<opset="axi_last_2/5 "/>
</bind>
</comp>

<comp id="204" class="1004" name="grp_AXIvideo2MultiPixStream_Pipeline_loop_wait_for_start_fu_204">
<pin_list>
<pin id="205" dir="0" index="0" bw="0" slack="0"/>
<pin id="206" dir="0" index="1" bw="24" slack="0"/>
<pin id="207" dir="0" index="2" bw="3" slack="0"/>
<pin id="208" dir="0" index="3" bw="3" slack="0"/>
<pin id="209" dir="0" index="4" bw="1" slack="0"/>
<pin id="210" dir="0" index="5" bw="1" slack="0"/>
<pin id="211" dir="0" index="6" bw="1" slack="0"/>
<pin id="212" dir="0" index="7" bw="1" slack="0"/>
<pin id="213" dir="0" index="8" bw="24" slack="0"/>
<pin id="214" dir="0" index="9" bw="1" slack="1"/>
<pin id="215" dir="1" index="10" bw="0" slack="2147483647"/>
</pin_list>
<bind>
<opcode="call(48) " fcode="call"/>
<opset="call_ln0/2 "/>
</bind>
</comp>

<comp id="224" class="1004" name="grp_AXIvideo2MultiPixStream_Pipeline_loop_width_fu_224">
<pin_list>
<pin id="225" dir="0" index="0" bw="0" slack="0"/>
<pin id="226" dir="0" index="1" bw="1" slack="0"/>
<pin id="227" dir="0" index="2" bw="1" slack="0"/>
<pin id="228" dir="0" index="3" bw="24" slack="0"/>
<pin id="229" dir="0" index="4" bw="11" slack="3"/>
<pin id="230" dir="0" index="5" bw="1" slack="3"/>
<pin id="231" dir="0" index="6" bw="24" slack="0"/>
<pin id="232" dir="0" index="7" bw="24" slack="0"/>
<pin id="233" dir="0" index="8" bw="3" slack="0"/>
<pin id="234" dir="0" index="9" bw="3" slack="0"/>
<pin id="235" dir="0" index="10" bw="1" slack="0"/>
<pin id="236" dir="0" index="11" bw="1" slack="0"/>
<pin id="237" dir="0" index="12" bw="1" slack="0"/>
<pin id="238" dir="0" index="13" bw="1" slack="0"/>
<pin id="239" dir="0" index="14" bw="1" slack="4"/>
<pin id="240" dir="0" index="15" bw="24" slack="4"/>
<pin id="241" dir="1" index="16" bw="0" slack="2147483647"/>
</pin_list>
<bind>
<opcode="call(48) " fcode="call"/>
<opset="call_ln897/5 "/>
</bind>
</comp>

<comp id="253" class="1004" name="grp_AXIvideo2MultiPixStream_Pipeline_loop_wait_for_eol_fu_253">
<pin_list>
<pin id="254" dir="0" index="0" bw="0" slack="0"/>
<pin id="255" dir="0" index="1" bw="24" slack="0"/>
<pin id="256" dir="0" index="2" bw="1" slack="0"/>
<pin id="257" dir="0" index="3" bw="1" slack="0"/>
<pin id="258" dir="0" index="4" bw="24" slack="0"/>
<pin id="259" dir="0" index="5" bw="3" slack="0"/>
<pin id="260" dir="0" index="6" bw="3" slack="0"/>
<pin id="261" dir="0" index="7" bw="1" slack="0"/>
<pin id="262" dir="0" index="8" bw="1" slack="0"/>
<pin id="263" dir="0" index="9" bw="1" slack="0"/>
<pin id="264" dir="0" index="10" bw="1" slack="0"/>
<pin id="265" dir="0" index="11" bw="24" slack="6"/>
<pin id="266" dir="0" index="12" bw="1" slack="7"/>
<pin id="267" dir="1" index="13" bw="0" slack="2147483647"/>
</pin_list>
<bind>
<opcode="call(48) " fcode="call"/>
<opset="call_ln897/8 "/>
</bind>
</comp>

<comp id="276" class="1004" name="grp_reg_unsigned_short_s_fu_276">
<pin_list>
<pin id="277" dir="0" index="0" bw="16" slack="0"/>
<pin id="278" dir="0" index="1" bw="16" slack="0"/>
<pin id="279" dir="1" index="2" bw="16" slack="0"/>
</pin_list>
<bind>
<opcode="call(48) " fcode="call"/>
<opset="rows/1 "/>
</bind>
</comp>

<comp id="282" class="1004" name="grp_reg_unsigned_short_s_fu_282">
<pin_list>
<pin id="283" dir="0" index="0" bw="16" slack="0"/>
<pin id="284" dir="0" index="1" bw="16" slack="0"/>
<pin id="285" dir="1" index="2" bw="16" slack="0"/>
</pin_list>
<bind>
<opcode="call(48) " fcode="call"/>
<opset="cols/1 "/>
</bind>
</comp>

<comp id="288" class="1004" name="icmp_ln834_fu_288">
<pin_list>
<pin id="289" dir="0" index="0" bw="8" slack="0"/>
<pin id="290" dir="0" index="1" bw="1" slack="0"/>
<pin id="291" dir="1" index="2" bw="1" slack="1"/>
</pin_list>
<bind>
<opcode="icmp(45) " fcode="icmp"/>
<opset="icmp_ln834/1 "/>
</bind>
</comp>

<comp id="294" class="1004" name="trunc_ln827_fu_294">
<pin_list>
<pin id="295" dir="0" index="0" bw="16" slack="0"/>
<pin id="296" dir="1" index="1" bw="10" slack="3"/>
</pin_list>
<bind>
<opcode="trunc(33) " fcode="trunc"/>
<opset="trunc_ln827/2 "/>
</bind>
</comp>

<comp id="298" class="1004" name="empty_fu_298">
<pin_list>
<pin id="299" dir="0" index="0" bw="16" slack="0"/>
<pin id="300" dir="1" index="1" bw="11" slack="2"/>
</pin_list>
<bind>
<opcode="trunc(33) " fcode="trunc"/>
<opset="empty/2 "/>
</bind>
</comp>

<comp id="302" class="1004" name="cond_fu_302">
<pin_list>
<pin id="303" dir="0" index="0" bw="8" slack="1"/>
<pin id="304" dir="0" index="1" bw="1" slack="0"/>
<pin id="305" dir="1" index="2" bw="1" slack="3"/>
</pin_list>
<bind>
<opcode="icmp(45) " fcode="icmp"/>
<opset="cond/2 "/>
</bind>
</comp>

<comp id="307" class="1004" name="store_ln845_store_fu_307">
<pin_list>
<pin id="308" dir="0" index="0" bw="1" slack="0"/>
<pin id="309" dir="0" index="1" bw="10" slack="0"/>
<pin id="310" dir="1" index="2" bw="0" slack="2147483647"/>
</pin_list>
<bind>
<opcode="store(28) " fcode="store"/>
<opset="store_ln845/2 "/>
</bind>
</comp>

<comp id="312" class="1004" name="axi_last_loc_load_load_fu_312">
<pin_list>
<pin id="313" dir="0" index="0" bw="1" slack="3"/>
<pin id="314" dir="1" index="1" bw="1" slack="2147483647"/>
</pin_list>
<bind>
<opcode="load(27) " fcode="load"/>
<opset="axi_last_loc_load/4 "/>
</bind>
</comp>

<comp id="315" class="1004" name="cmp10399_fu_315">
<pin_list>
<pin id="316" dir="0" index="0" bw="11" slack="2"/>
<pin id="317" dir="0" index="1" bw="1" slack="0"/>
<pin id="318" dir="1" index="2" bw="1" slack="0"/>
</pin_list>
<bind>
<opcode="icmp(45) " fcode="icmp"/>
<opset="cmp10399/4 "/>
</bind>
</comp>

<comp id="320" class="1004" name="xor_ln897_fu_320">
<pin_list>
<pin id="321" dir="0" index="0" bw="1" slack="0"/>
<pin id="322" dir="0" index="1" bw="1" slack="0"/>
<pin id="323" dir="1" index="2" bw="1" slack="1"/>
</pin_list>
<bind>
<opcode="xor(25) " fcode="xor"/>
<opset="xor_ln897/4 "/>
</bind>
</comp>

<comp id="326" class="1004" name="i_3_load_fu_326">
<pin_list>
<pin id="327" dir="0" index="0" bw="10" slack="3"/>
<pin id="328" dir="1" index="1" bw="10" slack="0"/>
</pin_list>
<bind>
<opcode="load(27) " fcode="load"/>
<opset="i_3/5 "/>
</bind>
</comp>

<comp id="329" class="1004" name="icmp_ln845_fu_329">
<pin_list>
<pin id="330" dir="0" index="0" bw="10" slack="0"/>
<pin id="331" dir="0" index="1" bw="10" slack="3"/>
<pin id="332" dir="1" index="2" bw="1" slack="2147483647"/>
</pin_list>
<bind>
<opcode="icmp(45) " fcode="icmp"/>
<opset="icmp_ln845/5 "/>
</bind>
</comp>

<comp id="334" class="1004" name="i_4_fu_334">
<pin_list>
<pin id="335" dir="0" index="0" bw="10" slack="0"/>
<pin id="336" dir="0" index="1" bw="1" slack="0"/>
<pin id="337" dir="1" index="2" bw="10" slack="0"/>
</pin_list>
<bind>
<opcode="add(8) " fcode="add"/>
<opset="i_4/5 "/>
</bind>
</comp>

<comp id="340" class="1004" name="axi_data_6_load_load_fu_340">
<pin_list>
<pin id="341" dir="0" index="0" bw="24" slack="3"/>
<pin id="342" dir="1" index="1" bw="24" slack="0"/>
</pin_list>
<bind>
<opcode="load(27) " fcode="load"/>
<opset="axi_data_6_load/5 "/>
</bind>
</comp>

<comp id="344" class="1004" name="and_ln897_fu_344">
<pin_list>
<pin id="345" dir="0" index="0" bw="1" slack="0"/>
<pin id="346" dir="0" index="1" bw="1" slack="1"/>
<pin id="347" dir="1" index="2" bw="1" slack="0"/>
</pin_list>
<bind>
<opcode="and(23) " fcode="and"/>
<opset="and_ln897/5 "/>
</bind>
</comp>

<comp id="349" class="1004" name="store_ln845_store_fu_349">
<pin_list>
<pin id="350" dir="0" index="0" bw="10" slack="0"/>
<pin id="351" dir="0" index="1" bw="10" slack="3"/>
<pin id="352" dir="1" index="2" bw="0" slack="2147483647"/>
</pin_list>
<bind>
<opcode="store(28) " fcode="store"/>
<opset="store_ln845/5 "/>
</bind>
</comp>

<comp id="354" class="1004" name="eol_loc_load_load_fu_354">
<pin_list>
<pin id="355" dir="0" index="0" bw="1" slack="7"/>
<pin id="356" dir="1" index="1" bw="1" slack="0"/>
</pin_list>
<bind>
<opcode="load(27) " fcode="load"/>
<opset="eol_loc_load/8 "/>
</bind>
</comp>

<comp id="358" class="1004" name="axi_data_7_loc_load_load_fu_358">
<pin_list>
<pin id="359" dir="0" index="0" bw="24" slack="7"/>
<pin id="360" dir="1" index="1" bw="24" slack="0"/>
</pin_list>
<bind>
<opcode="load(27) " fcode="load"/>
<opset="axi_data_7_loc_load/8 "/>
</bind>
</comp>

<comp id="362" class="1004" name="select_ln897_fu_362">
<pin_list>
<pin id="363" dir="0" index="0" bw="1" slack="4"/>
<pin id="364" dir="0" index="1" bw="1" slack="0"/>
<pin id="365" dir="0" index="2" bw="1" slack="3"/>
<pin id="366" dir="1" index="3" bw="1" slack="0"/>
</pin_list>
<bind>
<opcode="select(49) " fcode="select"/>
<opset="select_ln897/8 "/>
</bind>
</comp>

<comp id="370" class="1004" name="axi_last_4_loc_load_load_fu_370">
<pin_list>
<pin id="371" dir="0" index="0" bw="1" slack="9"/>
<pin id="372" dir="1" index="1" bw="1" slack="2147483647"/>
</pin_list>
<bind>
<opcode="load(27) " fcode="load"/>
<opset="axi_last_4_loc_load/10 "/>
</bind>
</comp>

<comp id="373" class="1005" name="colorFormat_val_read_reg_373">
<pin_list>
<pin id="374" dir="0" index="0" bw="8" slack="1"/>
<pin id="375" dir="1" index="1" bw="8" slack="1"/>
</pin_list>
<bind>
<opset="colorFormat_val_read "/>
</bind>
</comp>

<comp id="378" class="1005" name="axi_last_4_loc_reg_378">
<pin_list>
<pin id="379" dir="0" index="0" bw="1" slack="7"/>
<pin id="380" dir="1" index="1" bw="1" slack="7"/>
</pin_list>
<bind>
<opset="axi_last_4_loc "/>
</bind>
</comp>

<comp id="384" class="1005" name="axi_data_7_loc_reg_384">
<pin_list>
<pin id="385" dir="0" index="0" bw="24" slack="4"/>
<pin id="386" dir="1" index="1" bw="24" slack="4"/>
</pin_list>
<bind>
<opset="axi_data_7_loc "/>
</bind>
</comp>

<comp id="390" class="1005" name="eol_loc_reg_390">
<pin_list>
<pin id="391" dir="0" index="0" bw="1" slack="4"/>
<pin id="392" dir="1" index="1" bw="1" slack="4"/>
</pin_list>
<bind>
<opset="eol_loc "/>
</bind>
</comp>

<comp id="396" class="1005" name="axi_last_loc_reg_396">
<pin_list>
<pin id="397" dir="0" index="0" bw="1" slack="1"/>
<pin id="398" dir="1" index="1" bw="1" slack="1"/>
</pin_list>
<bind>
<opset="axi_last_loc "/>
</bind>
</comp>

<comp id="402" class="1005" name="icmp_ln834_reg_402">
<pin_list>
<pin id="403" dir="0" index="0" bw="1" slack="1"/>
<pin id="404" dir="1" index="1" bw="1" slack="2147483647"/>
</pin_list>
<bind>
<opset="icmp_ln834 "/>
</bind>
</comp>

<comp id="406" class="1005" name="trunc_ln827_reg_406">
<pin_list>
<pin id="407" dir="0" index="0" bw="10" slack="3"/>
<pin id="408" dir="1" index="1" bw="10" slack="3"/>
</pin_list>
<bind>
<opset="trunc_ln827 "/>
</bind>
</comp>

<comp id="411" class="1005" name="empty_reg_411">
<pin_list>
<pin id="412" dir="0" index="0" bw="11" slack="2"/>
<pin id="413" dir="1" index="1" bw="11" slack="2"/>
</pin_list>
<bind>
<opset="empty "/>
</bind>
</comp>

<comp id="417" class="1005" name="axi_data_6_reg_417">
<pin_list>
<pin id="418" dir="0" index="0" bw="24" slack="0"/>
<pin id="419" dir="1" index="1" bw="24" slack="0"/>
</pin_list>
<bind>
<opset="axi_data_6 "/>
</bind>
</comp>

<comp id="424" class="1005" name="i_reg_424">
<pin_list>
<pin id="425" dir="0" index="0" bw="10" slack="0"/>
<pin id="426" dir="1" index="1" bw="10" slack="0"/>
</pin_list>
<bind>
<opset="i "/>
</bind>
</comp>

<comp id="431" class="1005" name="cond_reg_431">
<pin_list>
<pin id="432" dir="0" index="0" bw="1" slack="3"/>
<pin id="433" dir="1" index="1" bw="1" slack="3"/>
</pin_list>
<bind>
<opset="cond "/>
</bind>
</comp>

<comp id="439" class="1005" name="cmp10399_reg_439">
<pin_list>
<pin id="440" dir="0" index="0" bw="1" slack="4"/>
<pin id="441" dir="1" index="1" bw="1" slack="4"/>
</pin_list>
<bind>
<opset="cmp10399 "/>
</bind>
</comp>

<comp id="444" class="1005" name="xor_ln897_reg_444">
<pin_list>
<pin id="445" dir="0" index="0" bw="1" slack="1"/>
<pin id="446" dir="1" index="1" bw="1" slack="1"/>
</pin_list>
<bind>
<opset="xor_ln897 "/>
</bind>
</comp>

<comp id="455" class="1005" name="and_ln897_reg_455">
<pin_list>
<pin id="456" dir="0" index="0" bw="1" slack="0"/>
<pin id="457" dir="1" index="1" bw="1" slack="0"/>
</pin_list>
<bind>
<opset="and_ln897 "/>
</bind>
</comp>

<comp id="466" class="1005" name="select_ln897_reg_466">
<pin_list>
<pin id="467" dir="0" index="0" bw="1" slack="1"/>
<pin id="468" dir="1" index="1" bw="1" slack="1"/>
</pin_list>
<bind>
<opset="select_ln897 "/>
</bind>
</comp>

</comp_list>

<net_list>
<net id="105"><net_src comp="36" pin="0"/><net_sink comp="102" pin=0"/></net>

<net id="109"><net_src comp="36" pin="0"/><net_sink comp="106" pin=0"/></net>

<net id="113"><net_src comp="36" pin="0"/><net_sink comp="110" pin=0"/></net>

<net id="117"><net_src comp="36" pin="0"/><net_sink comp="114" pin=0"/></net>

<net id="121"><net_src comp="74" pin="0"/><net_sink comp="118" pin=0"/></net>

<net id="125"><net_src comp="74" pin="0"/><net_sink comp="122" pin=0"/></net>

<net id="130"><net_src comp="32" pin="0"/><net_sink comp="126" pin=0"/></net>

<net id="131"><net_src comp="22" pin="0"/><net_sink comp="126" pin=1"/></net>

<net id="136"><net_src comp="34" pin="0"/><net_sink comp="132" pin=0"/></net>

<net id="137"><net_src comp="20" pin="0"/><net_sink comp="132" pin=1"/></net>

<net id="142"><net_src comp="34" pin="0"/><net_sink comp="138" pin=0"/></net>

<net id="143"><net_src comp="18" pin="0"/><net_sink comp="138" pin=1"/></net>

<net id="148"><net_src comp="32" pin="0"/><net_sink comp="144" pin=0"/></net>

<net id="149"><net_src comp="16" pin="0"/><net_sink comp="144" pin=1"/></net>

<net id="155"><net_src comp="38" pin="0"/><net_sink comp="150" pin=0"/></net>

<net id="156"><net_src comp="30" pin="0"/><net_sink comp="150" pin=1"/></net>

<net id="157"><net_src comp="126" pin="2"/><net_sink comp="150" pin=2"/></net>

<net id="163"><net_src comp="38" pin="0"/><net_sink comp="158" pin=0"/></net>

<net id="164"><net_src comp="28" pin="0"/><net_sink comp="158" pin=1"/></net>

<net id="165"><net_src comp="144" pin="2"/><net_sink comp="158" pin=2"/></net>

<net id="171"><net_src comp="40" pin="0"/><net_sink comp="166" pin=0"/></net>

<net id="172"><net_src comp="26" pin="0"/><net_sink comp="166" pin=1"/></net>

<net id="173"><net_src comp="132" pin="2"/><net_sink comp="166" pin=2"/></net>

<net id="179"><net_src comp="40" pin="0"/><net_sink comp="174" pin=0"/></net>

<net id="180"><net_src comp="24" pin="0"/><net_sink comp="174" pin=1"/></net>

<net id="181"><net_src comp="138" pin="2"/><net_sink comp="174" pin=2"/></net>

<net id="185"><net_src comp="84" pin="0"/><net_sink comp="182" pin=0"/></net>

<net id="192"><net_src comp="182" pin="1"/><net_sink comp="186" pin=0"/></net>

<net id="193"><net_src comp="186" pin="4"/><net_sink comp="182" pin=0"/></net>

<net id="203"><net_src comp="197" pin="4"/><net_sink comp="194" pin=0"/></net>

<net id="216"><net_src comp="78" pin="0"/><net_sink comp="204" pin=0"/></net>

<net id="217"><net_src comp="0" pin="0"/><net_sink comp="204" pin=1"/></net>

<net id="218"><net_src comp="2" pin="0"/><net_sink comp="204" pin=2"/></net>

<net id="219"><net_src comp="4" pin="0"/><net_sink comp="204" pin=3"/></net>

<net id="220"><net_src comp="6" pin="0"/><net_sink comp="204" pin=4"/></net>

<net id="221"><net_src comp="8" pin="0"/><net_sink comp="204" pin=5"/></net>

<net id="222"><net_src comp="10" pin="0"/><net_sink comp="204" pin=6"/></net>

<net id="223"><net_src comp="12" pin="0"/><net_sink comp="204" pin=7"/></net>

<net id="242"><net_src comp="94" pin="0"/><net_sink comp="224" pin=0"/></net>

<net id="243"><net_src comp="186" pin="4"/><net_sink comp="224" pin=1"/></net>

<net id="244"><net_src comp="197" pin="4"/><net_sink comp="224" pin=2"/></net>

<net id="245"><net_src comp="14" pin="0"/><net_sink comp="224" pin=6"/></net>

<net id="246"><net_src comp="0" pin="0"/><net_sink comp="224" pin=7"/></net>

<net id="247"><net_src comp="2" pin="0"/><net_sink comp="224" pin=8"/></net>

<net id="248"><net_src comp="4" pin="0"/><net_sink comp="224" pin=9"/></net>

<net id="249"><net_src comp="6" pin="0"/><net_sink comp="224" pin=10"/></net>

<net id="250"><net_src comp="8" pin="0"/><net_sink comp="224" pin=11"/></net>

<net id="251"><net_src comp="10" pin="0"/><net_sink comp="224" pin=12"/></net>

<net id="252"><net_src comp="12" pin="0"/><net_sink comp="224" pin=13"/></net>

<net id="268"><net_src comp="96" pin="0"/><net_sink comp="253" pin=0"/></net>

<net id="269"><net_src comp="0" pin="0"/><net_sink comp="253" pin=4"/></net>

<net id="270"><net_src comp="2" pin="0"/><net_sink comp="253" pin=5"/></net>

<net id="271"><net_src comp="4" pin="0"/><net_sink comp="253" pin=6"/></net>

<net id="272"><net_src comp="6" pin="0"/><net_sink comp="253" pin=7"/></net>

<net id="273"><net_src comp="8" pin="0"/><net_sink comp="253" pin=8"/></net>

<net id="274"><net_src comp="10" pin="0"/><net_sink comp="253" pin=9"/></net>

<net id="275"><net_src comp="12" pin="0"/><net_sink comp="253" pin=10"/></net>

<net id="280"><net_src comp="42" pin="0"/><net_sink comp="276" pin=0"/></net>

<net id="281"><net_src comp="138" pin="2"/><net_sink comp="276" pin=1"/></net>

<net id="286"><net_src comp="42" pin="0"/><net_sink comp="282" pin=0"/></net>

<net id="287"><net_src comp="132" pin="2"/><net_sink comp="282" pin=1"/></net>

<net id="292"><net_src comp="144" pin="2"/><net_sink comp="288" pin=0"/></net>

<net id="293"><net_src comp="44" pin="0"/><net_sink comp="288" pin=1"/></net>

<net id="297"><net_src comp="276" pin="2"/><net_sink comp="294" pin=0"/></net>

<net id="301"><net_src comp="282" pin="2"/><net_sink comp="298" pin=0"/></net>

<net id="306"><net_src comp="44" pin="0"/><net_sink comp="302" pin=1"/></net>

<net id="311"><net_src comp="80" pin="0"/><net_sink comp="307" pin=0"/></net>

<net id="319"><net_src comp="82" pin="0"/><net_sink comp="315" pin=1"/></net>

<net id="324"><net_src comp="315" pin="2"/><net_sink comp="320" pin=0"/></net>

<net id="325"><net_src comp="84" pin="0"/><net_sink comp="320" pin=1"/></net>

<net id="333"><net_src comp="326" pin="1"/><net_sink comp="329" pin=0"/></net>

<net id="338"><net_src comp="326" pin="1"/><net_sink comp="334" pin=0"/></net>

<net id="339"><net_src comp="92" pin="0"/><net_sink comp="334" pin=1"/></net>

<net id="343"><net_src comp="340" pin="1"/><net_sink comp="224" pin=3"/></net>

<net id="348"><net_src comp="186" pin="4"/><net_sink comp="344" pin=0"/></net>

<net id="353"><net_src comp="334" pin="2"/><net_sink comp="349" pin=0"/></net>

<net id="357"><net_src comp="354" pin="1"/><net_sink comp="253" pin=3"/></net>

<net id="361"><net_src comp="358" pin="1"/><net_sink comp="253" pin=1"/></net>

<net id="367"><net_src comp="354" pin="1"/><net_sink comp="362" pin=1"/></net>

<net id="368"><net_src comp="194" pin="1"/><net_sink comp="362" pin=2"/></net>

<net id="369"><net_src comp="362" pin="3"/><net_sink comp="253" pin=2"/></net>

<net id="376"><net_src comp="126" pin="2"/><net_sink comp="373" pin=0"/></net>

<net id="377"><net_src comp="373" pin="1"/><net_sink comp="302" pin=0"/></net>

<net id="381"><net_src comp="102" pin="1"/><net_sink comp="378" pin=0"/></net>

<net id="382"><net_src comp="378" pin="1"/><net_sink comp="253" pin=12"/></net>

<net id="383"><net_src comp="378" pin="1"/><net_sink comp="370" pin=0"/></net>

<net id="387"><net_src comp="106" pin="1"/><net_sink comp="384" pin=0"/></net>

<net id="388"><net_src comp="384" pin="1"/><net_sink comp="224" pin=15"/></net>

<net id="389"><net_src comp="384" pin="1"/><net_sink comp="358" pin=0"/></net>

<net id="393"><net_src comp="110" pin="1"/><net_sink comp="390" pin=0"/></net>

<net id="394"><net_src comp="390" pin="1"/><net_sink comp="224" pin=14"/></net>

<net id="395"><net_src comp="390" pin="1"/><net_sink comp="354" pin=0"/></net>

<net id="399"><net_src comp="114" pin="1"/><net_sink comp="396" pin=0"/></net>

<net id="400"><net_src comp="396" pin="1"/><net_sink comp="204" pin=9"/></net>

<net id="401"><net_src comp="396" pin="1"/><net_sink comp="312" pin=0"/></net>

<net id="405"><net_src comp="288" pin="2"/><net_sink comp="402" pin=0"/></net>

<net id="409"><net_src comp="294" pin="1"/><net_sink comp="406" pin=0"/></net>

<net id="410"><net_src comp="406" pin="1"/><net_sink comp="329" pin=1"/></net>

<net id="414"><net_src comp="298" pin="1"/><net_sink comp="411" pin=0"/></net>

<net id="415"><net_src comp="411" pin="1"/><net_sink comp="315" pin=0"/></net>

<net id="416"><net_src comp="411" pin="1"/><net_sink comp="224" pin=4"/></net>

<net id="420"><net_src comp="118" pin="1"/><net_sink comp="417" pin=0"/></net>

<net id="421"><net_src comp="417" pin="1"/><net_sink comp="204" pin=8"/></net>

<net id="422"><net_src comp="417" pin="1"/><net_sink comp="340" pin=0"/></net>

<net id="423"><net_src comp="417" pin="1"/><net_sink comp="253" pin=11"/></net>

<net id="427"><net_src comp="122" pin="1"/><net_sink comp="424" pin=0"/></net>

<net id="428"><net_src comp="424" pin="1"/><net_sink comp="307" pin=1"/></net>

<net id="429"><net_src comp="424" pin="1"/><net_sink comp="326" pin=0"/></net>

<net id="430"><net_src comp="424" pin="1"/><net_sink comp="349" pin=1"/></net>

<net id="434"><net_src comp="302" pin="2"/><net_sink comp="431" pin=0"/></net>

<net id="435"><net_src comp="431" pin="1"/><net_sink comp="224" pin=5"/></net>

<net id="442"><net_src comp="315" pin="2"/><net_sink comp="439" pin=0"/></net>

<net id="443"><net_src comp="439" pin="1"/><net_sink comp="362" pin=0"/></net>

<net id="447"><net_src comp="320" pin="2"/><net_sink comp="444" pin=0"/></net>

<net id="448"><net_src comp="444" pin="1"/><net_sink comp="344" pin=1"/></net>

<net id="458"><net_src comp="344" pin="2"/><net_sink comp="455" pin=0"/></net>

<net id="459"><net_src comp="455" pin="1"/><net_sink comp="186" pin=2"/></net>

<net id="469"><net_src comp="362" pin="3"/><net_sink comp="466" pin=0"/></net>

<net id="470"><net_src comp="466" pin="1"/><net_sink comp="253" pin=2"/></net>

</net_list>

</model> 
---------------- Datapath Model END ------------------

* FSMD analyzer results:
  - Output states:
	Port: srcYUV | {5 6 }
	Port: height_val5_c15 | {1 }
	Port: width_val10_c17 | {1 }
	Port: enableInput_val18_c | {1 }
	Port: colorFormat_val27_c20 | {1 }
 - Input state : 
	Port: AXIvideo2MultiPixStream : s_axis_video_V_data_V | {2 3 5 6 8 9 }
	Port: AXIvideo2MultiPixStream : s_axis_video_V_keep_V | {2 3 5 6 8 9 }
	Port: AXIvideo2MultiPixStream : s_axis_video_V_strb_V | {2 3 5 6 8 9 }
	Port: AXIvideo2MultiPixStream : s_axis_video_V_user_V | {2 3 5 6 8 9 }
	Port: AXIvideo2MultiPixStream : s_axis_video_V_last_V | {2 3 5 6 8 9 }
	Port: AXIvideo2MultiPixStream : s_axis_video_V_id_V | {2 3 5 6 8 9 }
	Port: AXIvideo2MultiPixStream : s_axis_video_V_dest_V | {2 3 5 6 8 9 }
	Port: AXIvideo2MultiPixStream : enableInput_val | {1 }
	Port: AXIvideo2MultiPixStream : Height_val | {1 }
	Port: AXIvideo2MultiPixStream : WidthIn_val | {1 }
	Port: AXIvideo2MultiPixStream : colorFormat_val | {1 }
  - Chain level:
	State 1
	State 2
		trunc_ln827 : 1
		empty : 1
		call_ln0 : 1
		store_ln845 : 1
	State 3
	State 4
		xor_ln897 : 1
	State 5
		icmp_ln845 : 1
		i_4 : 1
		br_ln845 : 2
		call_ln897 : 1
		and_ln897 : 1
		store_ln845 : 2
	State 6
	State 7
	State 8
		select_ln897 : 1
		call_ln897 : 2
	State 9
	State 10


============================================================
+ Verbose Summary: Datapath Resource usage 
============================================================

* Functional unit list:
|----------|-----------------------------------------------------------------|---------|---------|
| Operation|                         Functional Unit                         |    FF   |   LUT   |
|----------|-----------------------------------------------------------------|---------|---------|
|          | grp_AXIvideo2MultiPixStream_Pipeline_loop_wait_for_start_fu_204 |    3    |    0    |
|          |      grp_AXIvideo2MultiPixStream_Pipeline_loop_width_fu_224     |    41   |    62   |
|   call   |  grp_AXIvideo2MultiPixStream_Pipeline_loop_wait_for_eol_fu_253  |    3    |    0    |
|          |                 grp_reg_unsigned_short_s_fu_276                 |    16   |    0    |
|          |                 grp_reg_unsigned_short_s_fu_282                 |    16   |    0    |
|----------|-----------------------------------------------------------------|---------|---------|
|          |                        icmp_ln834_fu_288                        |    0    |    15   |
|   icmp   |                           cond_fu_302                           |    0    |    15   |
|          |                         cmp10399_fu_315                         |    0    |    18   |
|          |                        icmp_ln845_fu_329                        |    0    |    17   |
|----------|-----------------------------------------------------------------|---------|---------|
|    add   |                            i_4_fu_334                           |    0    |    17   |
|----------|-----------------------------------------------------------------|---------|---------|
|    xor   |                         xor_ln897_fu_320                        |    0    |    2    |
|----------|-----------------------------------------------------------------|---------|---------|
|    and   |                         and_ln897_fu_344                        |    0    |    2    |
|----------|-----------------------------------------------------------------|---------|---------|
|  select  |                       select_ln897_fu_362                       |    0    |    2    |
|----------|-----------------------------------------------------------------|---------|---------|
|          |                 colorFormat_val_read_read_fu_126                |    0    |    0    |
|   read   |                   WidthIn_val_read_read_fu_132                  |    0    |    0    |
|          |                   Height_val_read_read_fu_138                   |    0    |    0    |
|          |                 enableInput_val_read_read_fu_144                |    0    |    0    |
|----------|-----------------------------------------------------------------|---------|---------|
|          |                      write_ln0_write_fu_150                     |    0    |    0    |
|   write  |                      write_ln0_write_fu_158                     |    0    |    0    |
|          |                      write_ln0_write_fu_166                     |    0    |    0    |
|          |                      write_ln0_write_fu_174                     |    0    |    0    |
|----------|-----------------------------------------------------------------|---------|---------|
|   trunc  |                        trunc_ln827_fu_294                       |    0    |    0    |
|          |                           empty_fu_298                          |    0    |    0    |
|----------|-----------------------------------------------------------------|---------|---------|
|   Total  |                                                                 |    79   |   150   |
|----------|-----------------------------------------------------------------|---------|---------|

Memories:
N/A

* Register list:
+----------------------------+--------+
|                            |   FF   |
+----------------------------+--------+
|      and_ln897_reg_455     |    1   |
|     axi_data_6_reg_417     |   24   |
|   axi_data_7_loc_reg_384   |   24   |
|     axi_last_2_reg_194     |    1   |
|   axi_last_4_loc_reg_378   |    1   |
|    axi_last_loc_reg_396    |    1   |
|      cmp10399_reg_439      |    1   |
|colorFormat_val_read_reg_373|    8   |
|        cond_reg_431        |    1   |
|        empty_reg_411       |   11   |
|       eol_loc_reg_390      |    1   |
|          i_reg_424         |   10   |
|     icmp_ln834_reg_402     |    1   |
|    select_ln897_reg_466    |    1   |
|         sof_reg_182        |    1   |
|     trunc_ln827_reg_406    |   10   |
|      xor_ln897_reg_444     |    1   |
+----------------------------+--------+
|            Total           |   98   |
+----------------------------+--------+

* Multiplexer (MUX) list: 
|---------------------------------------------------------------|------|------|------|--------||---------||---------|
|                              Comp                             |  Pin | Size |  BW  | S x BW ||  Delay  ||   LUT   |
|---------------------------------------------------------------|------|------|------|--------||---------||---------|
|                          sof_reg_182                          |  p0  |   2  |   1  |    2   ||    9    |
| grp_AXIvideo2MultiPixStream_Pipeline_loop_wait_for_eol_fu_253 |  p2  |   2  |   1  |    2   ||    9    |
|---------------------------------------------------------------|------|------|------|--------||---------||---------|
|                             Total                             |      |      |      |    4   ||  0.978  ||    18   |
|---------------------------------------------------------------|------|------|------|--------||---------||---------|



* Summary:
+-----------+--------+--------+--------+
|           |  Delay |   FF   |   LUT  |
+-----------+--------+--------+--------+
|  Function |    -   |   79   |   150  |
|   Memory  |    -   |    -   |    -   |
|Multiplexer|    0   |    -   |   18   |
|  Register |    -   |   98   |    -   |
+-----------+--------+--------+--------+
|   Total   |    0   |   177  |   168  |
+-----------+--------+--------+--------+
