

================================================================
== Vitis HLS Report for 'MultiPixStream2AXIvideo_Pipeline_VITIS_LOOP_981_2'
================================================================
* Date:           Tue Feb 20 09:49:14 2024

* Version:        2023.2 (Build 4023990 on Oct 11 2023)
* Project:        prj
* Solution:       sol (Vivado IP Flow Target)
* Product family: zynquplus
* Target device:  xczu4ev-sfvc784-1-e


================================================================
== Performance Estimates
================================================================
+ Timing: 
    * Summary: 
    +--------+----------+----------+------------+
    |  Clock |  Target  | Estimated| Uncertainty|
    +--------+----------+----------+------------+
    |ap_clk  |  13.75 ns|  3.713 ns|     3.71 ns|
    +--------+----------+----------+------------+

+ Latency: 
    * Summary: 
    +---------+---------+-----------+-----------+-----+------+---------+
    |  Latency (cycles) |   Latency (absolute)  |  Interval  | Pipeline|
    |   min   |   max   |    min    |    max    | min |  max |   Type  |
    +---------+---------+-----------+-----------+-----+------+---------+
    |        3|     1283|  41.250 ns|  17.641 us|    3|  1283|       no|
    +---------+---------+-----------+-----------+-----+------+---------+

    + Detail: 
        * Instance: 
        N/A

        * Loop: 
        +--------------------+---------+---------+----------+-----------+-----------+----------+----------+
        |                    |  Latency (cycles) | Iteration|  Initiation Interval  |   Trip   |          |
        |      Loop Name     |   min   |   max   |  Latency |  achieved |   target  |   Count  | Pipelined|
        +--------------------+---------+---------+----------+-----------+-----------+----------+----------+
        |- VITIS_LOOP_981_2  |        0|     1280|         2|          1|          1|  0 ~ 1280|       yes|
        +--------------------+---------+---------+----------+-----------+-----------+----------+----------+

============================================================
+ Verbose Summary: Synthesis Manager
============================================================
InlineROM: 1
ExposeGlobal: 0
============================================================
+ Verbose Summary: CDFG Model
============================================================
IsTopModel: 0
ResetActiveHigh: 1
IsCombinational: 0
IsDatapathOnly: 0
HasWiredReturn: 1
HasMFsm: 2
HasVarLatency: 1
IsPipeline: 0
IsRtlPipelined: 0
IsInstanceOverlapped: 0
IsDontTouch: 0
HasImplIP: 0
IsGatedGlobalClock: 0

+ Individual pipeline summary: 
  * Pipeline-0: initiation interval (II) = 1, depth = 2


============================================================
+ Verbose Summary: Schedule
============================================================
* Number of FSM states : 5
* Pipeline : 1
  Pipeline-0 : II = 1, D = 2, States = { 2 3 }
* Dataflow Pipeline: 0

* FSM state transitions: 
1 --> 2 
2 --> 4 3 
3 --> 2 
4 --> 5 
5 --> 

* FSM state operations: 

State 1 <SV = 0> <Delay = 0.48>
ST_1 : Operation 6 [1/1] (0.00ns)   --->   "%j = alloca i32 1" [/home/sundance/Emilie_Projects/git/EMC2/BSP_HDMI_out_TE0820_4EV/2023.2/firmware/EMC2_HDMI_out.runs/design_1_v_tpg_0_0_synth_1/prj/sol/.autopilot/db/v_tpg.cpp:981->/home/sundance/Emilie_Projects/git/EMC2/BSP_HDMI_out_TE0820_4EV/2023.2/firmware/EMC2_HDMI_out.runs/design_1_v_tpg_0_0_synth_1/prj/sol/.autopilot/db/v_tpg.cpp:399]   --->   Operation 6 'alloca' 'j' <Predicate = true> <Delay = 0.00>
ST_1 : Operation 7 [1/1] (0.00ns)   --->   "%specaxissidechannel_ln0 = specaxissidechannel void @_ssdm_op_SpecAXISSideChannel, i24 %m_axis_video_V_data_V, i3 %m_axis_video_V_keep_V, i3 %m_axis_video_V_strb_V, i1 %m_axis_video_V_user_V, i1 %m_axis_video_V_last_V, i1 %m_axis_video_V_id_V, i1 %m_axis_video_V_dest_V, void @empty_22"   --->   Operation 7 'specaxissidechannel' 'specaxissidechannel_ln0' <Predicate = true> <Delay = 0.00>
ST_1 : Operation 8 [1/1] (0.00ns)   --->   "%specinterface_ln0 = specinterface void @_ssdm_op_SpecInterface, i1 %m_axis_video_V_dest_V, i1 %m_axis_video_V_id_V, i1 %m_axis_video_V_last_V, i1 %m_axis_video_V_user_V, i3 %m_axis_video_V_strb_V, i3 %m_axis_video_V_keep_V, i24 %m_axis_video_V_data_V, void @empty_18, i32 0, i32 0, void @empty_17, i32 0, i32 0, void @empty_16, void @empty_16, void @empty_16, i32 0, i32 0, i32 0, i32 0, void @empty_16, void @empty_16, i32 4294967295, i32 0"   --->   Operation 8 'specinterface' 'specinterface_ln0' <Predicate = true> <Delay = 0.00>
ST_1 : Operation 9 [1/1] (0.00ns)   --->   "%specinterface_ln0 = specinterface void @_ssdm_op_SpecInterface, i24 %ovrlayYUV, void @empty_26, i32 0, i32 0, void @empty_16, i32 0, i32 0, void @empty_16, void @empty_16, void @empty_16, i32 0, i32 0, i32 0, i32 0, void @empty_16, void @empty_16, i32 4294967295, i32 0"   --->   Operation 9 'specinterface' 'specinterface_ln0' <Predicate = true> <Delay = 0.00>
ST_1 : Operation 10 [1/1] (0.00ns)   --->   "%sub_i_read = read i12 @_ssdm_op_Read.ap_auto.i12, i12 %sub_i"   --->   Operation 10 'read' 'sub_i_read' <Predicate = true> <Delay = 0.00>
ST_1 : Operation 11 [1/1] (0.00ns)   --->   "%field_id_val11_load_read = read i16 @_ssdm_op_Read.ap_auto.i16, i16 %field_id_val11_load"   --->   Operation 11 'read' 'field_id_val11_load_read' <Predicate = true> <Delay = 0.00>
ST_1 : Operation 12 [1/1] (0.00ns)   --->   "%colorFormat_val27_load_read = read i8 @_ssdm_op_Read.ap_auto.i8, i8 %colorFormat_val27_load"   --->   Operation 12 'read' 'colorFormat_val27_load_read' <Predicate = true> <Delay = 0.00>
ST_1 : Operation 13 [1/1] (0.00ns)   --->   "%fid_in_val12_load_read = read i1 @_ssdm_op_Read.ap_auto.i1, i1 %fid_in_val12_load"   --->   Operation 13 'read' 'fid_in_val12_load_read' <Predicate = true> <Delay = 0.00>
ST_1 : Operation 14 [1/1] (0.00ns)   --->   "%cols_read = read i11 @_ssdm_op_Read.ap_auto.i11, i11 %cols"   --->   Operation 14 'read' 'cols_read' <Predicate = true> <Delay = 0.00>
ST_1 : Operation 15 [1/1] (0.00ns)   --->   "%tmp_27 = read i1 @_ssdm_op_Read.ap_auto.i1, i1 %empty"   --->   Operation 15 'read' 'tmp_27' <Predicate = true> <Delay = 0.00>
ST_1 : Operation 16 [1/1] (0.00ns)   --->   "%sof_read = read i1 @_ssdm_op_Read.ap_auto.i1, i1 %sof"   --->   Operation 16 'read' 'sof_read' <Predicate = true> <Delay = 0.00>
ST_1 : Operation 17 [1/1] (0.48ns)   --->   "%store_ln981 = store i11 0, i11 %j" [/home/sundance/Emilie_Projects/git/EMC2/BSP_HDMI_out_TE0820_4EV/2023.2/firmware/EMC2_HDMI_out.runs/design_1_v_tpg_0_0_synth_1/prj/sol/.autopilot/db/v_tpg.cpp:981->/home/sundance/Emilie_Projects/git/EMC2/BSP_HDMI_out_TE0820_4EV/2023.2/firmware/EMC2_HDMI_out.runs/design_1_v_tpg_0_0_synth_1/prj/sol/.autopilot/db/v_tpg.cpp:399]   --->   Operation 17 'store' 'store_ln981' <Predicate = true> <Delay = 0.48>
ST_1 : Operation 18 [1/1] (0.48ns)   --->   "%br_ln0 = br void %for.body22.i"   --->   Operation 18 'br' 'br_ln0' <Predicate = true> <Delay = 0.48>

State 2 <SV = 1> <Delay = 1.73>
ST_2 : Operation 19 [1/1] (0.00ns)   --->   "%sof_2 = phi i1 %sof_read, void %newFuncRoot, i1 0, void %for.inc111.i"   --->   Operation 19 'phi' 'sof_2' <Predicate = true> <Delay = 0.00>
ST_2 : Operation 20 [1/1] (0.00ns)   --->   "%p_phi_i = phi i1 %tmp_27, void %newFuncRoot, i1 %empty_186, void %for.inc111.i" [/home/sundance/Emilie_Projects/git/EMC2/BSP_HDMI_out_TE0820_4EV/2023.2/firmware/EMC2_HDMI_out.runs/design_1_v_tpg_0_0_synth_1/prj/sol/.autopilot/db/v_tpg.cpp:1008->/home/sundance/Emilie_Projects/git/EMC2/BSP_HDMI_out_TE0820_4EV/2023.2/firmware/EMC2_HDMI_out.runs/design_1_v_tpg_0_0_synth_1/prj/sol/.autopilot/db/v_tpg.cpp:399]   --->   Operation 20 'phi' 'p_phi_i' <Predicate = true> <Delay = 0.00>
ST_2 : Operation 21 [1/1] (0.00ns)   --->   "%j_1 = load i11 %j" [/home/sundance/Emilie_Projects/git/EMC2/BSP_HDMI_out_TE0820_4EV/2023.2/firmware/EMC2_HDMI_out.runs/design_1_v_tpg_0_0_synth_1/prj/sol/.autopilot/db/v_tpg.cpp:981->/home/sundance/Emilie_Projects/git/EMC2/BSP_HDMI_out_TE0820_4EV/2023.2/firmware/EMC2_HDMI_out.runs/design_1_v_tpg_0_0_synth_1/prj/sol/.autopilot/db/v_tpg.cpp:399]   --->   Operation 21 'load' 'j_1' <Predicate = true> <Delay = 0.00>
ST_2 : Operation 22 [1/1] (0.94ns)   --->   "%icmp_ln981 = icmp_eq  i11 %j_1, i11 %cols_read" [/home/sundance/Emilie_Projects/git/EMC2/BSP_HDMI_out_TE0820_4EV/2023.2/firmware/EMC2_HDMI_out.runs/design_1_v_tpg_0_0_synth_1/prj/sol/.autopilot/db/v_tpg.cpp:981->/home/sundance/Emilie_Projects/git/EMC2/BSP_HDMI_out_TE0820_4EV/2023.2/firmware/EMC2_HDMI_out.runs/design_1_v_tpg_0_0_synth_1/prj/sol/.autopilot/db/v_tpg.cpp:399]   --->   Operation 22 'icmp' 'icmp_ln981' <Predicate = true> <Delay = 0.94> <CoreInst = "Cmp">   --->   Core 9 'Cmp' <Latency = 0> <II = 1> <Delay = 0.94> <FuncUnit> <Opcode : 'icmp'> <InPorts = 2> <OutPorts = 1>
ST_2 : Operation 23 [1/1] (0.00ns)   --->   "%speclooptripcount_ln0 = speclooptripcount void @_ssdm_op_SpecLoopTripCount, i64 0, i64 1280, i64 0"   --->   Operation 23 'speclooptripcount' 'speclooptripcount_ln0' <Predicate = true> <Delay = 0.00>
ST_2 : Operation 24 [1/1] (0.94ns)   --->   "%j_2 = add i11 %j_1, i11 1" [/home/sundance/Emilie_Projects/git/EMC2/BSP_HDMI_out_TE0820_4EV/2023.2/firmware/EMC2_HDMI_out.runs/design_1_v_tpg_0_0_synth_1/prj/sol/.autopilot/db/v_tpg.cpp:981->/home/sundance/Emilie_Projects/git/EMC2/BSP_HDMI_out_TE0820_4EV/2023.2/firmware/EMC2_HDMI_out.runs/design_1_v_tpg_0_0_synth_1/prj/sol/.autopilot/db/v_tpg.cpp:399]   --->   Operation 24 'add' 'j_2' <Predicate = true> <Delay = 0.94> <CoreInst = "Adder">   --->   Core 1 'Adder' <Latency = 0> <II = 1> <Delay = 0.94> <FuncUnit> <Opcode : 'add' 'sub'> <InPorts = 2> <OutPorts = 1>
ST_2 : Operation 25 [1/1] (0.00ns)   --->   "%br_ln981 = br i1 %icmp_ln981, void %for.body22.split.i, void %for.inc114.loopexit.i.exitStub" [/home/sundance/Emilie_Projects/git/EMC2/BSP_HDMI_out_TE0820_4EV/2023.2/firmware/EMC2_HDMI_out.runs/design_1_v_tpg_0_0_synth_1/prj/sol/.autopilot/db/v_tpg.cpp:981->/home/sundance/Emilie_Projects/git/EMC2/BSP_HDMI_out_TE0820_4EV/2023.2/firmware/EMC2_HDMI_out.runs/design_1_v_tpg_0_0_synth_1/prj/sol/.autopilot/db/v_tpg.cpp:399]   --->   Operation 25 'br' 'br_ln981' <Predicate = true> <Delay = 0.00>
ST_2 : Operation 26 [1/1] (0.00ns)   --->   "%zext_ln981 = zext i11 %j_1" [/home/sundance/Emilie_Projects/git/EMC2/BSP_HDMI_out_TE0820_4EV/2023.2/firmware/EMC2_HDMI_out.runs/design_1_v_tpg_0_0_synth_1/prj/sol/.autopilot/db/v_tpg.cpp:981->/home/sundance/Emilie_Projects/git/EMC2/BSP_HDMI_out_TE0820_4EV/2023.2/firmware/EMC2_HDMI_out.runs/design_1_v_tpg_0_0_synth_1/prj/sol/.autopilot/db/v_tpg.cpp:399]   --->   Operation 26 'zext' 'zext_ln981' <Predicate = (!icmp_ln981)> <Delay = 0.00>
ST_2 : Operation 27 [1/1] (0.00ns)   --->   "%specpipeline_ln984 = specpipeline void @_ssdm_op_SpecPipeline, i32 1, i32 0, i32 0, i32 0, void @empty_16" [/home/sundance/Emilie_Projects/git/EMC2/BSP_HDMI_out_TE0820_4EV/2023.2/firmware/EMC2_HDMI_out.runs/design_1_v_tpg_0_0_synth_1/prj/sol/.autopilot/db/v_tpg.cpp:984->/home/sundance/Emilie_Projects/git/EMC2/BSP_HDMI_out_TE0820_4EV/2023.2/firmware/EMC2_HDMI_out.runs/design_1_v_tpg_0_0_synth_1/prj/sol/.autopilot/db/v_tpg.cpp:399]   --->   Operation 27 'specpipeline' 'specpipeline_ln984' <Predicate = (!icmp_ln981)> <Delay = 0.00>
ST_2 : Operation 28 [1/1] (0.00ns)   --->   "%specloopname_ln981 = specloopname void @_ssdm_op_SpecLoopName, void @empty_32" [/home/sundance/Emilie_Projects/git/EMC2/BSP_HDMI_out_TE0820_4EV/2023.2/firmware/EMC2_HDMI_out.runs/design_1_v_tpg_0_0_synth_1/prj/sol/.autopilot/db/v_tpg.cpp:981->/home/sundance/Emilie_Projects/git/EMC2/BSP_HDMI_out_TE0820_4EV/2023.2/firmware/EMC2_HDMI_out.runs/design_1_v_tpg_0_0_synth_1/prj/sol/.autopilot/db/v_tpg.cpp:399]   --->   Operation 28 'specloopname' 'specloopname_ln981' <Predicate = (!icmp_ln981)> <Delay = 0.00>
ST_2 : Operation 29 [1/1] (0.96ns)   --->   "%axi_last = icmp_eq  i12 %zext_ln981, i12 %sub_i_read" [/home/sundance/Emilie_Projects/git/EMC2/BSP_HDMI_out_TE0820_4EV/2023.2/firmware/EMC2_HDMI_out.runs/design_1_v_tpg_0_0_synth_1/prj/sol/.autopilot/db/v_tpg.cpp:994->/home/sundance/Emilie_Projects/git/EMC2/BSP_HDMI_out_TE0820_4EV/2023.2/firmware/EMC2_HDMI_out.runs/design_1_v_tpg_0_0_synth_1/prj/sol/.autopilot/db/v_tpg.cpp:399]   --->   Operation 29 'icmp' 'axi_last' <Predicate = (!icmp_ln981)> <Delay = 0.96> <CoreInst = "Cmp">   --->   Core 9 'Cmp' <Latency = 0> <II = 1> <Delay = 0.96> <FuncUnit> <Opcode : 'icmp'> <InPorts = 2> <OutPorts = 1>
ST_2 : Operation 30 [1/1] (0.00ns)   --->   "%br_ln1003 = br i1 %sof_2, void %VITIS_LOOP_1011_3.i_ifconv, void %if.then35.i" [/home/sundance/Emilie_Projects/git/EMC2/BSP_HDMI_out_TE0820_4EV/2023.2/firmware/EMC2_HDMI_out.runs/design_1_v_tpg_0_0_synth_1/prj/sol/.autopilot/db/v_tpg.cpp:1003->/home/sundance/Emilie_Projects/git/EMC2/BSP_HDMI_out_TE0820_4EV/2023.2/firmware/EMC2_HDMI_out.runs/design_1_v_tpg_0_0_synth_1/prj/sol/.autopilot/db/v_tpg.cpp:399]   --->   Operation 30 'br' 'br_ln1003' <Predicate = (!icmp_ln981)> <Delay = 0.00>
ST_2 : Operation 31 [1/1] (0.00ns)   --->   "%counter_loc_1_i_out_load = load i16 %counter_loc_1_i_out" [/home/sundance/Emilie_Projects/git/EMC2/BSP_HDMI_out_TE0820_4EV/2023.2/firmware/EMC2_HDMI_out.runs/design_1_v_tpg_0_0_synth_1/prj/sol/.autopilot/db/v_tpg.cpp:1005->/home/sundance/Emilie_Projects/git/EMC2/BSP_HDMI_out_TE0820_4EV/2023.2/firmware/EMC2_HDMI_out.runs/design_1_v_tpg_0_0_synth_1/prj/sol/.autopilot/db/v_tpg.cpp:399]   --->   Operation 31 'load' 'counter_loc_1_i_out_load' <Predicate = (!icmp_ln981 & sof_2)> <Delay = 0.00>
ST_2 : Operation 32 [1/1] (1.01ns)   --->   "%add_ln1005 = add i16 %counter_loc_1_i_out_load, i16 1" [/home/sundance/Emilie_Projects/git/EMC2/BSP_HDMI_out_TE0820_4EV/2023.2/firmware/EMC2_HDMI_out.runs/design_1_v_tpg_0_0_synth_1/prj/sol/.autopilot/db/v_tpg.cpp:1005->/home/sundance/Emilie_Projects/git/EMC2/BSP_HDMI_out_TE0820_4EV/2023.2/firmware/EMC2_HDMI_out.runs/design_1_v_tpg_0_0_synth_1/prj/sol/.autopilot/db/v_tpg.cpp:399]   --->   Operation 32 'add' 'add_ln1005' <Predicate = (!icmp_ln981 & sof_2)> <Delay = 1.01> <CoreInst = "Adder">   --->   Core 1 'Adder' <Latency = 0> <II = 1> <Delay = 1.01> <FuncUnit> <Opcode : 'add' 'sub'> <InPorts = 2> <OutPorts = 1>
ST_2 : Operation 33 [1/1] (0.00ns)   --->   "%store_ln1005 = store i16 %add_ln1005, i16 %counter" [/home/sundance/Emilie_Projects/git/EMC2/BSP_HDMI_out_TE0820_4EV/2023.2/firmware/EMC2_HDMI_out.runs/design_1_v_tpg_0_0_synth_1/prj/sol/.autopilot/db/v_tpg.cpp:1005->/home/sundance/Emilie_Projects/git/EMC2/BSP_HDMI_out_TE0820_4EV/2023.2/firmware/EMC2_HDMI_out.runs/design_1_v_tpg_0_0_synth_1/prj/sol/.autopilot/db/v_tpg.cpp:399]   --->   Operation 33 'store' 'store_ln1005' <Predicate = (!icmp_ln981 & sof_2)> <Delay = 0.00>
ST_2 : Operation 34 [1/1] (0.00ns)   --->   "%store_ln1005 = store i16 %add_ln1005, i16 %counter_loc_1_i_out" [/home/sundance/Emilie_Projects/git/EMC2/BSP_HDMI_out_TE0820_4EV/2023.2/firmware/EMC2_HDMI_out.runs/design_1_v_tpg_0_0_synth_1/prj/sol/.autopilot/db/v_tpg.cpp:1005->/home/sundance/Emilie_Projects/git/EMC2/BSP_HDMI_out_TE0820_4EV/2023.2/firmware/EMC2_HDMI_out.runs/design_1_v_tpg_0_0_synth_1/prj/sol/.autopilot/db/v_tpg.cpp:399]   --->   Operation 34 'store' 'store_ln1005' <Predicate = (!icmp_ln981 & sof_2)> <Delay = 0.00>
ST_2 : Operation 35 [1/1] (0.00ns)   --->   "%br_ln1006 = br void %VITIS_LOOP_1011_3.i_ifconv" [/home/sundance/Emilie_Projects/git/EMC2/BSP_HDMI_out_TE0820_4EV/2023.2/firmware/EMC2_HDMI_out.runs/design_1_v_tpg_0_0_synth_1/prj/sol/.autopilot/db/v_tpg.cpp:1006->/home/sundance/Emilie_Projects/git/EMC2/BSP_HDMI_out_TE0820_4EV/2023.2/firmware/EMC2_HDMI_out.runs/design_1_v_tpg_0_0_synth_1/prj/sol/.autopilot/db/v_tpg.cpp:399]   --->   Operation 35 'br' 'br_ln1006' <Predicate = (!icmp_ln981 & sof_2)> <Delay = 0.00>
ST_2 : Operation 36 [1/1] (0.90ns)   --->   "%icmp_ln1020 = icmp_eq  i8 %colorFormat_val27_load_read, i8 0" [/home/sundance/Emilie_Projects/git/EMC2/BSP_HDMI_out_TE0820_4EV/2023.2/firmware/EMC2_HDMI_out.runs/design_1_v_tpg_0_0_synth_1/prj/sol/.autopilot/db/v_tpg.cpp:1020->/home/sundance/Emilie_Projects/git/EMC2/BSP_HDMI_out_TE0820_4EV/2023.2/firmware/EMC2_HDMI_out.runs/design_1_v_tpg_0_0_synth_1/prj/sol/.autopilot/db/v_tpg.cpp:399]   --->   Operation 36 'icmp' 'icmp_ln1020' <Predicate = (!icmp_ln981)> <Delay = 0.90> <CoreInst = "Cmp">   --->   Core 9 'Cmp' <Latency = 0> <II = 1> <Delay = 0.90> <FuncUnit> <Opcode : 'icmp'> <InPorts = 2> <OutPorts = 1>
ST_2 : Operation 37 [1/1] (1.06ns)   --->   "%switch_ln1038 = switch i16 %field_id_val11_load_read, void %if.else106.i, i16 0, void %if.then93.i, i16 1, void %if.then97.i, i16 2, void %if.then101.i, i16 3, void %if.then105.i" [/home/sundance/Emilie_Projects/git/EMC2/BSP_HDMI_out_TE0820_4EV/2023.2/firmware/EMC2_HDMI_out.runs/design_1_v_tpg_0_0_synth_1/prj/sol/.autopilot/db/v_tpg.cpp:1038->/home/sundance/Emilie_Projects/git/EMC2/BSP_HDMI_out_TE0820_4EV/2023.2/firmware/EMC2_HDMI_out.runs/design_1_v_tpg_0_0_synth_1/prj/sol/.autopilot/db/v_tpg.cpp:399]   --->   Operation 37 'switch' 'switch_ln1038' <Predicate = (!icmp_ln981)> <Delay = 1.06>
ST_2 : Operation 38 [1/1] (0.00ns)   --->   "%write_ln1049 = write void @_ssdm_op_Write.ap_auto.i1P0A, i1 %fid, i1 1" [/home/sundance/Emilie_Projects/git/EMC2/BSP_HDMI_out_TE0820_4EV/2023.2/firmware/EMC2_HDMI_out.runs/design_1_v_tpg_0_0_synth_1/prj/sol/.autopilot/db/v_tpg.cpp:1049->/home/sundance/Emilie_Projects/git/EMC2/BSP_HDMI_out_TE0820_4EV/2023.2/firmware/EMC2_HDMI_out.runs/design_1_v_tpg_0_0_synth_1/prj/sol/.autopilot/db/v_tpg.cpp:399]   --->   Operation 38 'write' 'write_ln1049' <Predicate = (!icmp_ln981 & field_id_val11_load_read == 2)> <Delay = 0.00>
ST_2 : Operation 39 [1/1] (0.66ns)   --->   "%br_ln1050 = br void %for.inc111.i" [/home/sundance/Emilie_Projects/git/EMC2/BSP_HDMI_out_TE0820_4EV/2023.2/firmware/EMC2_HDMI_out.runs/design_1_v_tpg_0_0_synth_1/prj/sol/.autopilot/db/v_tpg.cpp:1050->/home/sundance/Emilie_Projects/git/EMC2/BSP_HDMI_out_TE0820_4EV/2023.2/firmware/EMC2_HDMI_out.runs/design_1_v_tpg_0_0_synth_1/prj/sol/.autopilot/db/v_tpg.cpp:399]   --->   Operation 39 'br' 'br_ln1050' <Predicate = (!icmp_ln981 & field_id_val11_load_read == 2)> <Delay = 0.66>
ST_2 : Operation 40 [1/1] (0.00ns)   --->   "%write_ln1040 = write void @_ssdm_op_Write.ap_auto.i1P0A, i1 %fid, i1 0" [/home/sundance/Emilie_Projects/git/EMC2/BSP_HDMI_out_TE0820_4EV/2023.2/firmware/EMC2_HDMI_out.runs/design_1_v_tpg_0_0_synth_1/prj/sol/.autopilot/db/v_tpg.cpp:1040->/home/sundance/Emilie_Projects/git/EMC2/BSP_HDMI_out_TE0820_4EV/2023.2/firmware/EMC2_HDMI_out.runs/design_1_v_tpg_0_0_synth_1/prj/sol/.autopilot/db/v_tpg.cpp:399]   --->   Operation 40 'write' 'write_ln1040' <Predicate = (!icmp_ln981 & field_id_val11_load_read == 0)> <Delay = 0.00>
ST_2 : Operation 41 [1/1] (0.66ns)   --->   "%br_ln1041 = br void %for.inc111.i" [/home/sundance/Emilie_Projects/git/EMC2/BSP_HDMI_out_TE0820_4EV/2023.2/firmware/EMC2_HDMI_out.runs/design_1_v_tpg_0_0_synth_1/prj/sol/.autopilot/db/v_tpg.cpp:1041->/home/sundance/Emilie_Projects/git/EMC2/BSP_HDMI_out_TE0820_4EV/2023.2/firmware/EMC2_HDMI_out.runs/design_1_v_tpg_0_0_synth_1/prj/sol/.autopilot/db/v_tpg.cpp:399]   --->   Operation 41 'br' 'br_ln1041' <Predicate = (!icmp_ln981 & field_id_val11_load_read == 0)> <Delay = 0.66>
ST_2 : Operation 42 [1/1] (0.00ns)   --->   "%write_ln1058 = write void @_ssdm_op_Write.ap_auto.i1P0A, i1 %fid, i1 %fid_in_val12_load_read" [/home/sundance/Emilie_Projects/git/EMC2/BSP_HDMI_out_TE0820_4EV/2023.2/firmware/EMC2_HDMI_out.runs/design_1_v_tpg_0_0_synth_1/prj/sol/.autopilot/db/v_tpg.cpp:1058->/home/sundance/Emilie_Projects/git/EMC2/BSP_HDMI_out_TE0820_4EV/2023.2/firmware/EMC2_HDMI_out.runs/design_1_v_tpg_0_0_synth_1/prj/sol/.autopilot/db/v_tpg.cpp:399]   --->   Operation 42 'write' 'write_ln1058' <Predicate = (!icmp_ln981 & field_id_val11_load_read != 0 & field_id_val11_load_read != 1 & field_id_val11_load_read != 2 & field_id_val11_load_read != 3)> <Delay = 0.00>
ST_2 : Operation 43 [1/1] (0.66ns)   --->   "%br_ln0 = br void %for.inc111.i"   --->   Operation 43 'br' 'br_ln0' <Predicate = (!icmp_ln981 & field_id_val11_load_read != 0 & field_id_val11_load_read != 1 & field_id_val11_load_read != 2 & field_id_val11_load_read != 3)> <Delay = 0.66>
ST_2 : Operation 44 [1/1] (0.48ns)   --->   "%store_ln981 = store i11 %j_2, i11 %j" [/home/sundance/Emilie_Projects/git/EMC2/BSP_HDMI_out_TE0820_4EV/2023.2/firmware/EMC2_HDMI_out.runs/design_1_v_tpg_0_0_synth_1/prj/sol/.autopilot/db/v_tpg.cpp:981->/home/sundance/Emilie_Projects/git/EMC2/BSP_HDMI_out_TE0820_4EV/2023.2/firmware/EMC2_HDMI_out.runs/design_1_v_tpg_0_0_synth_1/prj/sol/.autopilot/db/v_tpg.cpp:399]   --->   Operation 44 'store' 'store_ln981' <Predicate = (!icmp_ln981)> <Delay = 0.48>
ST_2 : Operation 45 [1/1] (0.00ns)   --->   "%br_ln981 = br void %for.body22.i" [/home/sundance/Emilie_Projects/git/EMC2/BSP_HDMI_out_TE0820_4EV/2023.2/firmware/EMC2_HDMI_out.runs/design_1_v_tpg_0_0_synth_1/prj/sol/.autopilot/db/v_tpg.cpp:981->/home/sundance/Emilie_Projects/git/EMC2/BSP_HDMI_out_TE0820_4EV/2023.2/firmware/EMC2_HDMI_out.runs/design_1_v_tpg_0_0_synth_1/prj/sol/.autopilot/db/v_tpg.cpp:399]   --->   Operation 45 'br' 'br_ln981' <Predicate = (!icmp_ln981)> <Delay = 0.00>

State 3 <SV = 2> <Delay = 3.71>
ST_3 : Operation 46 [1/1] (0.00ns)   --->   "%counter_loc_1_i_out_load_1 = load i16 %counter_loc_1_i_out" [/home/sundance/Emilie_Projects/git/EMC2/BSP_HDMI_out_TE0820_4EV/2023.2/firmware/EMC2_HDMI_out.runs/design_1_v_tpg_0_0_synth_1/prj/sol/.autopilot/db/v_tpg.cpp:1008->/home/sundance/Emilie_Projects/git/EMC2/BSP_HDMI_out_TE0820_4EV/2023.2/firmware/EMC2_HDMI_out.runs/design_1_v_tpg_0_0_synth_1/prj/sol/.autopilot/db/v_tpg.cpp:399]   --->   Operation 46 'load' 'counter_loc_1_i_out_load_1' <Predicate = (!icmp_ln981)> <Delay = 0.00>
ST_3 : Operation 47 [1/1] (0.00ns)   --->   "%fid_toggle = trunc i16 %counter_loc_1_i_out_load_1" [/home/sundance/Emilie_Projects/git/EMC2/BSP_HDMI_out_TE0820_4EV/2023.2/firmware/EMC2_HDMI_out.runs/design_1_v_tpg_0_0_synth_1/prj/sol/.autopilot/db/v_tpg.cpp:1008->/home/sundance/Emilie_Projects/git/EMC2/BSP_HDMI_out_TE0820_4EV/2023.2/firmware/EMC2_HDMI_out.runs/design_1_v_tpg_0_0_synth_1/prj/sol/.autopilot/db/v_tpg.cpp:399]   --->   Operation 47 'trunc' 'fid_toggle' <Predicate = (!icmp_ln981)> <Delay = 0.00>
ST_3 : Operation 48 [1/1] (2.25ns)   --->   "%ovrlayYUV_read = read i24 @_ssdm_op_Read.ap_fifo.volatile.i24P0A, i24 %ovrlayYUV" [/home/sundance/Emilie_Projects/git/EMC2/BSP_HDMI_out_TE0820_4EV/2023.2/firmware/EMC2_HDMI_out.runs/design_1_v_tpg_0_0_synth_1/prj/sol/.autopilot/db/v_tpg.cpp:1008->/home/sundance/Emilie_Projects/git/EMC2/BSP_HDMI_out_TE0820_4EV/2023.2/firmware/EMC2_HDMI_out.runs/design_1_v_tpg_0_0_synth_1/prj/sol/.autopilot/db/v_tpg.cpp:399]   --->   Operation 48 'read' 'ovrlayYUV_read' <Predicate = (!icmp_ln981)> <Delay = 2.25> <CoreInst = "FIFO_SRL">   --->   Core 81 'FIFO_SRL' <Latency = 0> <II = 1> <Delay = 2.25> <Storage> <Opcode : 'read' 'write' 'nbread' 'nbwrite'> <Ports = 0> <Width = 24> <Depth = 16> <FIFO>
ST_3 : Operation 49 [1/1] (0.00ns)   --->   "%pix_444 = trunc i24 %ovrlayYUV_read" [/home/sundance/Emilie_Projects/git/EMC2/BSP_HDMI_out_TE0820_4EV/2023.2/firmware/EMC2_HDMI_out.runs/design_1_v_tpg_0_0_synth_1/prj/sol/.autopilot/db/v_tpg.cpp:1008->/home/sundance/Emilie_Projects/git/EMC2/BSP_HDMI_out_TE0820_4EV/2023.2/firmware/EMC2_HDMI_out.runs/design_1_v_tpg_0_0_synth_1/prj/sol/.autopilot/db/v_tpg.cpp:399]   --->   Operation 49 'trunc' 'pix_444' <Predicate = (!icmp_ln981)> <Delay = 0.00>
ST_3 : Operation 50 [1/1] (0.00ns)   --->   "%pix_rgb_2 = partselect i8 @_ssdm_op_PartSelect.i8.i24.i32.i32, i24 %ovrlayYUV_read, i32 8, i32 15" [/home/sundance/Emilie_Projects/git/EMC2/BSP_HDMI_out_TE0820_4EV/2023.2/firmware/EMC2_HDMI_out.runs/design_1_v_tpg_0_0_synth_1/prj/sol/.autopilot/db/v_tpg.cpp:1008->/home/sundance/Emilie_Projects/git/EMC2/BSP_HDMI_out_TE0820_4EV/2023.2/firmware/EMC2_HDMI_out.runs/design_1_v_tpg_0_0_synth_1/prj/sol/.autopilot/db/v_tpg.cpp:399]   --->   Operation 50 'partselect' 'pix_rgb_2' <Predicate = (!icmp_ln981)> <Delay = 0.00>
ST_3 : Operation 51 [1/1] (0.00ns)   --->   "%pix_rgb = partselect i8 @_ssdm_op_PartSelect.i8.i24.i32.i32, i24 %ovrlayYUV_read, i32 16, i32 23" [/home/sundance/Emilie_Projects/git/EMC2/BSP_HDMI_out_TE0820_4EV/2023.2/firmware/EMC2_HDMI_out.runs/design_1_v_tpg_0_0_synth_1/prj/sol/.autopilot/db/v_tpg.cpp:1008->/home/sundance/Emilie_Projects/git/EMC2/BSP_HDMI_out_TE0820_4EV/2023.2/firmware/EMC2_HDMI_out.runs/design_1_v_tpg_0_0_synth_1/prj/sol/.autopilot/db/v_tpg.cpp:399]   --->   Operation 51 'partselect' 'pix_rgb' <Predicate = (!icmp_ln981)> <Delay = 0.00>
ST_3 : Operation 52 [1/1] (0.00ns)   --->   "%axi_data = bitconcatenate i9 @_ssdm_op_BitConcatenate.i9.i1.i8, i1 1, i8 %pix_444" [/home/sundance/Emilie_Projects/git/EMC2/BSP_HDMI_out_TE0820_4EV/2023.2/firmware/EMC2_HDMI_out.runs/design_1_v_tpg_0_0_synth_1/prj/sol/.autopilot/db/v_tpg.cpp:1029->/home/sundance/Emilie_Projects/git/EMC2/BSP_HDMI_out_TE0820_4EV/2023.2/firmware/EMC2_HDMI_out.runs/design_1_v_tpg_0_0_synth_1/prj/sol/.autopilot/db/v_tpg.cpp:399]   --->   Operation 52 'bitconcatenate' 'axi_data' <Predicate = (!icmp_ln981 & !icmp_ln1020)> <Delay = 0.00>
ST_3 : Operation 53 [1/1] (0.00ns)   --->   "%axi_data_1 = bitconcatenate i9 @_ssdm_op_BitConcatenate.i9.i1.i8, i1 1, i8 %pix_rgb_2" [/home/sundance/Emilie_Projects/git/EMC2/BSP_HDMI_out_TE0820_4EV/2023.2/firmware/EMC2_HDMI_out.runs/design_1_v_tpg_0_0_synth_1/prj/sol/.autopilot/db/v_tpg.cpp:1023->/home/sundance/Emilie_Projects/git/EMC2/BSP_HDMI_out_TE0820_4EV/2023.2/firmware/EMC2_HDMI_out.runs/design_1_v_tpg_0_0_synth_1/prj/sol/.autopilot/db/v_tpg.cpp:399]   --->   Operation 53 'bitconcatenate' 'axi_data_1' <Predicate = (!icmp_ln981 & icmp_ln1020)> <Delay = 0.00>
ST_3 : Operation 54 [1/1] (0.45ns)   --->   "%axi_data_2 = select i1 %icmp_ln1020, i9 %axi_data_1, i9 %axi_data" [/home/sundance/Emilie_Projects/git/EMC2/BSP_HDMI_out_TE0820_4EV/2023.2/firmware/EMC2_HDMI_out.runs/design_1_v_tpg_0_0_synth_1/prj/sol/.autopilot/db/v_tpg.cpp:1020->/home/sundance/Emilie_Projects/git/EMC2/BSP_HDMI_out_TE0820_4EV/2023.2/firmware/EMC2_HDMI_out.runs/design_1_v_tpg_0_0_synth_1/prj/sol/.autopilot/db/v_tpg.cpp:399]   --->   Operation 54 'select' 'axi_data_2' <Predicate = (!icmp_ln981)> <Delay = 0.45> <CoreInst = "Sel">   --->   Core 73 'Sel' <Latency = 0> <II = 1> <Delay = 0.45> <FuncUnit> <Opcode : 'select'> <InPorts = 3> <OutPorts = 1>
ST_3 : Operation 55 [1/1] (0.00ns)   --->   "%sext_ln925 = sext i9 %axi_data_2" [/home/sundance/Emilie_Projects/git/EMC2/BSP_HDMI_out_TE0820_4EV/2023.2/firmware/EMC2_HDMI_out.runs/design_1_v_tpg_0_0_synth_1/prj/sol/.autopilot/db/v_tpg.cpp:925->/home/sundance/Emilie_Projects/git/EMC2/BSP_HDMI_out_TE0820_4EV/2023.2/firmware/EMC2_HDMI_out.runs/design_1_v_tpg_0_0_synth_1/prj/sol/.autopilot/db/v_tpg.cpp:399]   --->   Operation 55 'sext' 'sext_ln925' <Predicate = (!icmp_ln981)> <Delay = 0.00>
ST_3 : Operation 56 [1/1] (0.44ns)   --->   "%select_ln1020 = select i1 %icmp_ln1020, i8 %pix_rgb, i8 %pix_rgb_2" [/home/sundance/Emilie_Projects/git/EMC2/BSP_HDMI_out_TE0820_4EV/2023.2/firmware/EMC2_HDMI_out.runs/design_1_v_tpg_0_0_synth_1/prj/sol/.autopilot/db/v_tpg.cpp:1020->/home/sundance/Emilie_Projects/git/EMC2/BSP_HDMI_out_TE0820_4EV/2023.2/firmware/EMC2_HDMI_out.runs/design_1_v_tpg_0_0_synth_1/prj/sol/.autopilot/db/v_tpg.cpp:399]   --->   Operation 56 'select' 'select_ln1020' <Predicate = (!icmp_ln981)> <Delay = 0.44> <CoreInst = "Sel">   --->   Core 73 'Sel' <Latency = 0> <II = 1> <Delay = 0.44> <FuncUnit> <Opcode : 'select'> <InPorts = 3> <OutPorts = 1>
ST_3 : Operation 57 [1/1] (0.44ns)   --->   "%select_ln1020_1 = select i1 %icmp_ln1020, i8 %pix_444, i8 %pix_rgb" [/home/sundance/Emilie_Projects/git/EMC2/BSP_HDMI_out_TE0820_4EV/2023.2/firmware/EMC2_HDMI_out.runs/design_1_v_tpg_0_0_synth_1/prj/sol/.autopilot/db/v_tpg.cpp:1020->/home/sundance/Emilie_Projects/git/EMC2/BSP_HDMI_out_TE0820_4EV/2023.2/firmware/EMC2_HDMI_out.runs/design_1_v_tpg_0_0_synth_1/prj/sol/.autopilot/db/v_tpg.cpp:399]   --->   Operation 57 'select' 'select_ln1020_1' <Predicate = (!icmp_ln981)> <Delay = 0.44> <CoreInst = "Sel">   --->   Core 73 'Sel' <Latency = 0> <II = 1> <Delay = 0.44> <FuncUnit> <Opcode : 'select'> <InPorts = 3> <OutPorts = 1>
ST_3 : Operation 58 [1/1] (0.00ns)   --->   "%tmp = bitconcatenate i16 @_ssdm_op_BitConcatenate.i16.i8.i8, i8 %select_ln1020_1, i8 %select_ln1020" [/home/sundance/Emilie_Projects/git/EMC2/BSP_HDMI_out_TE0820_4EV/2023.2/firmware/EMC2_HDMI_out.runs/design_1_v_tpg_0_0_synth_1/prj/sol/.autopilot/db/v_tpg.cpp:1020->/home/sundance/Emilie_Projects/git/EMC2/BSP_HDMI_out_TE0820_4EV/2023.2/firmware/EMC2_HDMI_out.runs/design_1_v_tpg_0_0_synth_1/prj/sol/.autopilot/db/v_tpg.cpp:399]   --->   Operation 58 'bitconcatenate' 'tmp' <Predicate = (!icmp_ln981)> <Delay = 0.00>
ST_3 : Operation 59 [1/1] (0.00ns)   --->   "%axi_data_3 = partset i24 @_ssdm_op_PartSet.i24.i24.i16.i32.i32, i24 %sext_ln925, i16 %tmp, i32 8, i32 23" [/home/sundance/Emilie_Projects/git/EMC2/BSP_HDMI_out_TE0820_4EV/2023.2/firmware/EMC2_HDMI_out.runs/design_1_v_tpg_0_0_synth_1/prj/sol/.autopilot/db/v_tpg.cpp:1020->/home/sundance/Emilie_Projects/git/EMC2/BSP_HDMI_out_TE0820_4EV/2023.2/firmware/EMC2_HDMI_out.runs/design_1_v_tpg_0_0_synth_1/prj/sol/.autopilot/db/v_tpg.cpp:399]   --->   Operation 59 'partset' 'axi_data_3' <Predicate = (!icmp_ln981)> <Delay = 0.00>
ST_3 : Operation 60 [1/1] (1.00ns)   --->   "%write_ln1035 = write void @_ssdm_op_Write.axis.volatile.i24P0A.i3P0A.i3P0A.i1P0A.i1P0A.i1P0A.i1P0A, i24 %m_axis_video_V_data_V, i3 %m_axis_video_V_keep_V, i3 %m_axis_video_V_strb_V, i1 %m_axis_video_V_user_V, i1 %m_axis_video_V_last_V, i1 %m_axis_video_V_id_V, i1 %m_axis_video_V_dest_V, i24 %axi_data_3, i3 7, i3 0, i1 %sof_2, i1 %axi_last, i1 0, i1 0" [/home/sundance/Emilie_Projects/git/EMC2/BSP_HDMI_out_TE0820_4EV/2023.2/firmware/EMC2_HDMI_out.runs/design_1_v_tpg_0_0_synth_1/prj/sol/.autopilot/db/v_tpg.cpp:1035->/home/sundance/Emilie_Projects/git/EMC2/BSP_HDMI_out_TE0820_4EV/2023.2/firmware/EMC2_HDMI_out.runs/design_1_v_tpg_0_0_synth_1/prj/sol/.autopilot/db/v_tpg.cpp:399]   --->   Operation 60 'write' 'write_ln1035' <Predicate = (!icmp_ln981)> <Delay = 1.00> <CoreInst = "axis">   --->   Core 123 'axis' <Latency = 0> <II = 1> <Delay = 1.00> <Adapter> <Opcode : >
ST_3 : Operation 61 [1/1] (0.33ns)   --->   "%fid_toggle_1 = xor i1 %fid_toggle, i1 1" [/home/sundance/Emilie_Projects/git/EMC2/BSP_HDMI_out_TE0820_4EV/2023.2/firmware/EMC2_HDMI_out.runs/design_1_v_tpg_0_0_synth_1/prj/sol/.autopilot/db/v_tpg.cpp:1053->/home/sundance/Emilie_Projects/git/EMC2/BSP_HDMI_out_TE0820_4EV/2023.2/firmware/EMC2_HDMI_out.runs/design_1_v_tpg_0_0_synth_1/prj/sol/.autopilot/db/v_tpg.cpp:399]   --->   Operation 61 'xor' 'fid_toggle_1' <Predicate = (!icmp_ln981 & field_id_val11_load_read == 3)> <Delay = 0.33> <CoreInst = "LogicGate">   --->   Core 74 'LogicGate' <Latency = 0> <II = 1> <Delay = 0.33> <FuncUnit> <Opcode : 'and' 'or' 'xor'> <InPorts = 2> <OutPorts = 1>
ST_3 : Operation 62 [1/1] (0.00ns)   --->   "%write_ln1054 = write void @_ssdm_op_Write.ap_auto.i1P0A, i1 %fid, i1 %fid_toggle_1" [/home/sundance/Emilie_Projects/git/EMC2/BSP_HDMI_out_TE0820_4EV/2023.2/firmware/EMC2_HDMI_out.runs/design_1_v_tpg_0_0_synth_1/prj/sol/.autopilot/db/v_tpg.cpp:1054->/home/sundance/Emilie_Projects/git/EMC2/BSP_HDMI_out_TE0820_4EV/2023.2/firmware/EMC2_HDMI_out.runs/design_1_v_tpg_0_0_synth_1/prj/sol/.autopilot/db/v_tpg.cpp:399]   --->   Operation 62 'write' 'write_ln1054' <Predicate = (!icmp_ln981 & field_id_val11_load_read == 3)> <Delay = 0.00>
ST_3 : Operation 63 [1/1] (0.66ns)   --->   "%br_ln1055 = br void %for.inc111.i" [/home/sundance/Emilie_Projects/git/EMC2/BSP_HDMI_out_TE0820_4EV/2023.2/firmware/EMC2_HDMI_out.runs/design_1_v_tpg_0_0_synth_1/prj/sol/.autopilot/db/v_tpg.cpp:1055->/home/sundance/Emilie_Projects/git/EMC2/BSP_HDMI_out_TE0820_4EV/2023.2/firmware/EMC2_HDMI_out.runs/design_1_v_tpg_0_0_synth_1/prj/sol/.autopilot/db/v_tpg.cpp:399]   --->   Operation 63 'br' 'br_ln1055' <Predicate = (!icmp_ln981 & field_id_val11_load_read == 3)> <Delay = 0.66>
ST_3 : Operation 64 [1/1] (0.00ns)   --->   "%write_ln1044 = write void @_ssdm_op_Write.ap_auto.i1P0A, i1 %fid, i1 %fid_toggle" [/home/sundance/Emilie_Projects/git/EMC2/BSP_HDMI_out_TE0820_4EV/2023.2/firmware/EMC2_HDMI_out.runs/design_1_v_tpg_0_0_synth_1/prj/sol/.autopilot/db/v_tpg.cpp:1044->/home/sundance/Emilie_Projects/git/EMC2/BSP_HDMI_out_TE0820_4EV/2023.2/firmware/EMC2_HDMI_out.runs/design_1_v_tpg_0_0_synth_1/prj/sol/.autopilot/db/v_tpg.cpp:399]   --->   Operation 64 'write' 'write_ln1044' <Predicate = (!icmp_ln981 & field_id_val11_load_read == 1)> <Delay = 0.00>
ST_3 : Operation 65 [1/1] (0.66ns)   --->   "%br_ln1046 = br void %for.inc111.i" [/home/sundance/Emilie_Projects/git/EMC2/BSP_HDMI_out_TE0820_4EV/2023.2/firmware/EMC2_HDMI_out.runs/design_1_v_tpg_0_0_synth_1/prj/sol/.autopilot/db/v_tpg.cpp:1046->/home/sundance/Emilie_Projects/git/EMC2/BSP_HDMI_out_TE0820_4EV/2023.2/firmware/EMC2_HDMI_out.runs/design_1_v_tpg_0_0_synth_1/prj/sol/.autopilot/db/v_tpg.cpp:399]   --->   Operation 65 'br' 'br_ln1046' <Predicate = (!icmp_ln981 & field_id_val11_load_read == 1)> <Delay = 0.66>
ST_3 : Operation 66 [1/1] (0.00ns)   --->   "%empty_186 = phi i1 0, void %if.then93.i, i1 %fid_toggle, void %if.then97.i, i1 1, void %if.then101.i, i1 %fid_in_val12_load_read, void %if.else106.i, i1 %fid_toggle_1, void %if.then105.i"   --->   Operation 66 'phi' 'empty_186' <Predicate = (!icmp_ln981)> <Delay = 0.00>

State 4 <SV = 2> <Delay = 0.00>
ST_4 : Operation 67 [1/1] (0.00ns)   --->   "%write_ln1008 = write void @_ssdm_op_Write.ap_auto.i1P0A, i1 %p_phi_i_out, i1 %p_phi_i" [/home/sundance/Emilie_Projects/git/EMC2/BSP_HDMI_out_TE0820_4EV/2023.2/firmware/EMC2_HDMI_out.runs/design_1_v_tpg_0_0_synth_1/prj/sol/.autopilot/db/v_tpg.cpp:1008->/home/sundance/Emilie_Projects/git/EMC2/BSP_HDMI_out_TE0820_4EV/2023.2/firmware/EMC2_HDMI_out.runs/design_1_v_tpg_0_0_synth_1/prj/sol/.autopilot/db/v_tpg.cpp:399]   --->   Operation 67 'write' 'write_ln1008' <Predicate = true> <Delay = 0.00>

State 5 <SV = 3> <Delay = 0.00>
ST_5 : Operation 68 [1/1] (0.00ns)   --->   "%ret_ln0 = ret"   --->   Operation 68 'ret' 'ret_ln0' <Predicate = true> <Delay = 0.00>


============================================================
+ Verbose Summary: Binding
============================================================
STG Binding: 
---------------- STG Properties BEGIN ----------------
- Is combinational: 0
- Is one-state seq: 0
- Is datapath-only: 0
- Is pipelined: 0
- Is top level: 0
Port [ Return ] is wired: 1; IO mode=ap_ctrl_hs:ce=0
Port [ sof]:  wired=1; compound=0; hidden=0; nouse=0; global=0; static=0; extern=0; dir=0; type=0; pingpong=0; private_global=0; IO mode=ap_none:ce=0
Port [ empty]:  wired=1; compound=0; hidden=0; nouse=0; global=0; static=0; extern=0; dir=0; type=0; pingpong=0; private_global=0; IO mode=ap_none:ce=0
Port [ cols]:  wired=1; compound=0; hidden=0; nouse=0; global=0; static=0; extern=0; dir=0; type=0; pingpong=0; private_global=0; IO mode=ap_none:ce=0
Port [ fid_in_val12_load]:  wired=1; compound=0; hidden=0; nouse=0; global=0; static=0; extern=0; dir=0; type=0; pingpong=0; private_global=0; IO mode=ap_none:ce=0
Port [ fid]:  wired=1; compound=0; hidden=0; nouse=0; global=0; static=0; extern=0; dir=1; type=0; pingpong=0; private_global=0; IO mode=ap_vld:ce=0
Port [ ovrlayYUV]:  wired=1; compound=1; hidden=0; nouse=0; global=0; static=0; extern=0; dir=0; type=3; pingpong=0; private_global=0; IO mode=ap_fifo:ce=0
Port [ colorFormat_val27_load]:  wired=1; compound=0; hidden=0; nouse=0; global=0; static=0; extern=0; dir=0; type=0; pingpong=0; private_global=0; IO mode=ap_none:ce=0
Port [ m_axis_video_V_data_V]:  wired=1; compound=1; hidden=0; nouse=0; global=0; static=0; extern=0; dir=1; type=0; pingpong=0; private_global=0; IO mode=axis:ce=0
Port [ m_axis_video_V_keep_V]:  wired=1; compound=1; hidden=0; nouse=0; global=0; static=0; extern=0; dir=1; type=0; pingpong=0; private_global=0; IO mode=axis:ce=0
Port [ m_axis_video_V_strb_V]:  wired=1; compound=1; hidden=0; nouse=0; global=0; static=0; extern=0; dir=1; type=0; pingpong=0; private_global=0; IO mode=axis:ce=0
Port [ m_axis_video_V_user_V]:  wired=1; compound=1; hidden=0; nouse=0; global=0; static=0; extern=0; dir=1; type=0; pingpong=0; private_global=0; IO mode=axis:ce=0
Port [ m_axis_video_V_last_V]:  wired=1; compound=1; hidden=0; nouse=0; global=0; static=0; extern=0; dir=1; type=0; pingpong=0; private_global=0; IO mode=axis:ce=0
Port [ m_axis_video_V_id_V]:  wired=1; compound=1; hidden=0; nouse=0; global=0; static=0; extern=0; dir=1; type=0; pingpong=0; private_global=0; IO mode=axis:ce=0
Port [ m_axis_video_V_dest_V]:  wired=1; compound=1; hidden=0; nouse=0; global=0; static=0; extern=0; dir=1; type=0; pingpong=0; private_global=0; IO mode=axis:ce=0
Port [ field_id_val11_load]:  wired=1; compound=0; hidden=0; nouse=0; global=0; static=0; extern=0; dir=0; type=0; pingpong=0; private_global=0; IO mode=ap_none:ce=0
Port [ sub_i]:  wired=1; compound=0; hidden=0; nouse=0; global=0; static=0; extern=0; dir=0; type=0; pingpong=0; private_global=0; IO mode=ap_none:ce=0
Port [ counter_loc_1_i_out]:  wired=1; compound=0; hidden=0; nouse=0; global=0; static=0; extern=0; dir=2; type=0; pingpong=0; private_global=0; IO mode=ap_ovld:ce=0
Port [ p_phi_i_out]:  wired=1; compound=0; hidden=0; nouse=0; global=0; static=0; extern=0; dir=1; type=0; pingpong=0; private_global=0; IO mode=ap_vld:ce=0
Port [ counter]:  wired=1; compound=0; hidden=0; nouse=0; global=1; static=1; extern=0; dir=1; type=0; pingpong=0; private_global=0; IO mode=ap_vld:ce=0
---------------- STG Properties END ------------------

---------------- Datapath Model BEGIN ----------------

<LifeTime>
<method=bitvector/>
j                           (alloca             ) [ 011100]
specaxissidechannel_ln0     (specaxissidechannel) [ 000000]
specinterface_ln0           (specinterface      ) [ 000000]
specinterface_ln0           (specinterface      ) [ 000000]
sub_i_read                  (read               ) [ 001100]
field_id_val11_load_read    (read               ) [ 001100]
colorFormat_val27_load_read (read               ) [ 001100]
fid_in_val12_load_read      (read               ) [ 001100]
cols_read                   (read               ) [ 001100]
tmp_27                      (read               ) [ 011100]
sof_read                    (read               ) [ 011100]
store_ln981                 (store              ) [ 000000]
br_ln0                      (br                 ) [ 011100]
sof_2                       (phi                ) [ 001100]
p_phi_i                     (phi                ) [ 001010]
j_1                         (load               ) [ 000000]
icmp_ln981                  (icmp               ) [ 001100]
speclooptripcount_ln0       (speclooptripcount  ) [ 000000]
j_2                         (add                ) [ 000000]
br_ln981                    (br                 ) [ 000000]
zext_ln981                  (zext               ) [ 000000]
specpipeline_ln984          (specpipeline       ) [ 000000]
specloopname_ln981          (specloopname       ) [ 000000]
axi_last                    (icmp               ) [ 001100]
br_ln1003                   (br                 ) [ 000000]
counter_loc_1_i_out_load    (load               ) [ 000000]
add_ln1005                  (add                ) [ 000000]
store_ln1005                (store              ) [ 000000]
store_ln1005                (store              ) [ 000000]
br_ln1006                   (br                 ) [ 000000]
icmp_ln1020                 (icmp               ) [ 001100]
switch_ln1038               (switch             ) [ 000000]
write_ln1049                (write              ) [ 000000]
br_ln1050                   (br                 ) [ 001100]
write_ln1040                (write              ) [ 000000]
br_ln1041                   (br                 ) [ 001100]
write_ln1058                (write              ) [ 000000]
br_ln0                      (br                 ) [ 001100]
store_ln981                 (store              ) [ 000000]
br_ln981                    (br                 ) [ 011100]
counter_loc_1_i_out_load_1  (load               ) [ 000000]
fid_toggle                  (trunc              ) [ 000000]
ovrlayYUV_read              (read               ) [ 000000]
pix_444                     (trunc              ) [ 000000]
pix_rgb_2                   (partselect         ) [ 000000]
pix_rgb                     (partselect         ) [ 000000]
axi_data                    (bitconcatenate     ) [ 000000]
axi_data_1                  (bitconcatenate     ) [ 000000]
axi_data_2                  (select             ) [ 000000]
sext_ln925                  (sext               ) [ 000000]
select_ln1020               (select             ) [ 000000]
select_ln1020_1             (select             ) [ 000000]
tmp                         (bitconcatenate     ) [ 000000]
axi_data_3                  (partset            ) [ 000000]
write_ln1035                (write              ) [ 000000]
fid_toggle_1                (xor                ) [ 000000]
write_ln1054                (write              ) [ 000000]
br_ln1055                   (br                 ) [ 000000]
write_ln1044                (write              ) [ 000000]
br_ln1046                   (br                 ) [ 000000]
empty_186                   (phi                ) [ 011100]
write_ln1008                (write              ) [ 000000]
ret_ln0                     (ret                ) [ 000000]
</LifeTime>

<model>

<comp_list>
<comp id="0" class="1000" name="sof">
<pin_list>
<pin id="1" dir="1" index="0" bw="1" slack="0"/>
</pin_list>
<bind>
<StgValue><ssdm name="sof"/></StgValue>
</bind>
</comp>

<comp id="2" class="1000" name="empty">
<pin_list>
<pin id="3" dir="1" index="0" bw="1" slack="0"/>
</pin_list>
<bind>
<StgValue><ssdm name="empty"/></StgValue>
</bind>
</comp>

<comp id="4" class="1000" name="cols">
<pin_list>
<pin id="5" dir="1" index="0" bw="1" slack="0"/>
</pin_list>
<bind>
<StgValue><ssdm name="cols"/></StgValue>
</bind>
</comp>

<comp id="6" class="1000" name="fid_in_val12_load">
<pin_list>
<pin id="7" dir="1" index="0" bw="1" slack="0"/>
</pin_list>
<bind>
<StgValue><ssdm name="fid_in_val12_load"/></StgValue>
</bind>
</comp>

<comp id="8" class="1000" name="fid">
<pin_list>
<pin id="9" dir="1" index="0" bw="1" slack="0"/>
</pin_list>
<bind>
<StgValue><ssdm name="fid"/></StgValue>
</bind>
</comp>

<comp id="10" class="1000" name="ovrlayYUV">
<pin_list>
<pin id="11" dir="1" index="0" bw="1" slack="0"/>
</pin_list>
<bind>
<StgValue><ssdm name="ovrlayYUV"/></StgValue>
</bind>
</comp>

<comp id="12" class="1000" name="colorFormat_val27_load">
<pin_list>
<pin id="13" dir="1" index="0" bw="1" slack="0"/>
</pin_list>
<bind>
<StgValue><ssdm name="colorFormat_val27_load"/></StgValue>
</bind>
</comp>

<comp id="14" class="1000" name="m_axis_video_V_data_V">
<pin_list>
<pin id="15" dir="1" index="0" bw="1" slack="0"/>
</pin_list>
<bind>
<StgValue><ssdm name="m_axis_video_V_data_V"/></StgValue>
</bind>
</comp>

<comp id="16" class="1000" name="m_axis_video_V_keep_V">
<pin_list>
<pin id="17" dir="1" index="0" bw="1" slack="0"/>
</pin_list>
<bind>
<StgValue><ssdm name="m_axis_video_V_keep_V"/></StgValue>
</bind>
</comp>

<comp id="18" class="1000" name="m_axis_video_V_strb_V">
<pin_list>
<pin id="19" dir="1" index="0" bw="1" slack="0"/>
</pin_list>
<bind>
<StgValue><ssdm name="m_axis_video_V_strb_V"/></StgValue>
</bind>
</comp>

<comp id="20" class="1000" name="m_axis_video_V_user_V">
<pin_list>
<pin id="21" dir="1" index="0" bw="1" slack="0"/>
</pin_list>
<bind>
<StgValue><ssdm name="m_axis_video_V_user_V"/></StgValue>
</bind>
</comp>

<comp id="22" class="1000" name="m_axis_video_V_last_V">
<pin_list>
<pin id="23" dir="1" index="0" bw="1" slack="0"/>
</pin_list>
<bind>
<StgValue><ssdm name="m_axis_video_V_last_V"/></StgValue>
</bind>
</comp>

<comp id="24" class="1000" name="m_axis_video_V_id_V">
<pin_list>
<pin id="25" dir="1" index="0" bw="1" slack="0"/>
</pin_list>
<bind>
<StgValue><ssdm name="m_axis_video_V_id_V"/></StgValue>
</bind>
</comp>

<comp id="26" class="1000" name="m_axis_video_V_dest_V">
<pin_list>
<pin id="27" dir="1" index="0" bw="1" slack="0"/>
</pin_list>
<bind>
<StgValue><ssdm name="m_axis_video_V_dest_V"/></StgValue>
</bind>
</comp>

<comp id="28" class="1000" name="field_id_val11_load">
<pin_list>
<pin id="29" dir="1" index="0" bw="1" slack="0"/>
</pin_list>
<bind>
<StgValue><ssdm name="field_id_val11_load"/></StgValue>
</bind>
</comp>

<comp id="30" class="1000" name="sub_i">
<pin_list>
<pin id="31" dir="1" index="0" bw="1" slack="0"/>
</pin_list>
<bind>
<StgValue><ssdm name="sub_i"/></StgValue>
</bind>
</comp>

<comp id="32" class="1000" name="counter_loc_1_i_out">
<pin_list>
<pin id="33" dir="1" index="0" bw="1" slack="0"/>
</pin_list>
<bind>
<StgValue><ssdm name="counter_loc_1_i_out"/></StgValue>
</bind>
</comp>

<comp id="34" class="1000" name="p_phi_i_out">
<pin_list>
<pin id="35" dir="1" index="0" bw="1" slack="0"/>
</pin_list>
<bind>
<StgValue><ssdm name="p_phi_i_out"/></StgValue>
</bind>
</comp>

<comp id="36" class="1000" name="counter">
<pin_list>
<pin id="37" dir="1" index="0" bw="1" slack="0"/>
</pin_list>
<bind>
<StgValue><ssdm name="counter"/></StgValue>
</bind>
</comp>

<comp id="38" class="1001" name="const_38">
<pin_list>
<pin id="39" dir="1" index="0" bw="1" slack="0"/>
</pin_list>
<bind>
<StgValue><ssdm name=""/></StgValue>
</bind>
</comp>

<comp id="40" class="1001" name="const_40">
<pin_list>
<pin id="41" dir="1" index="0" bw="1" slack="2147483647"/>
</pin_list>
<bind>
<StgValue><ssdm name="_ssdm_op_SpecAXISSideChannel"/></StgValue>
</bind>
</comp>

<comp id="42" class="1001" name="const_42">
<pin_list>
<pin id="43" dir="1" index="0" bw="1" slack="2147483647"/>
</pin_list>
<bind>
<StgValue><ssdm name="empty_22"/></StgValue>
</bind>
</comp>

<comp id="44" class="1001" name="const_44">
<pin_list>
<pin id="45" dir="1" index="0" bw="1" slack="2147483647"/>
</pin_list>
<bind>
<StgValue><ssdm name="_ssdm_op_SpecInterface"/></StgValue>
</bind>
</comp>

<comp id="46" class="1001" name="const_46">
<pin_list>
<pin id="47" dir="1" index="0" bw="1" slack="2147483647"/>
</pin_list>
<bind>
<StgValue><ssdm name="empty_18"/></StgValue>
</bind>
</comp>

<comp id="48" class="1001" name="const_48">
<pin_list>
<pin id="49" dir="1" index="0" bw="1" slack="2147483647"/>
</pin_list>
<bind>
<StgValue><ssdm name=""/></StgValue>
</bind>
</comp>

<comp id="50" class="1001" name="const_50">
<pin_list>
<pin id="51" dir="1" index="0" bw="1" slack="2147483647"/>
</pin_list>
<bind>
<StgValue><ssdm name="empty_17"/></StgValue>
</bind>
</comp>

<comp id="52" class="1001" name="const_52">
<pin_list>
<pin id="53" dir="1" index="0" bw="1" slack="2147483647"/>
</pin_list>
<bind>
<StgValue><ssdm name="empty_16"/></StgValue>
</bind>
</comp>

<comp id="54" class="1001" name="const_54">
<pin_list>
<pin id="55" dir="1" index="0" bw="1" slack="2147483647"/>
</pin_list>
<bind>
<StgValue><ssdm name=""/></StgValue>
</bind>
</comp>

<comp id="56" class="1001" name="const_56">
<pin_list>
<pin id="57" dir="1" index="0" bw="1" slack="2147483647"/>
</pin_list>
<bind>
<StgValue><ssdm name="empty_26"/></StgValue>
</bind>
</comp>

<comp id="58" class="1001" name="const_58">
<pin_list>
<pin id="59" dir="1" index="0" bw="1" slack="0"/>
</pin_list>
<bind>
<StgValue><ssdm name="_ssdm_op_Read.ap_auto.i12"/></StgValue>
</bind>
</comp>

<comp id="60" class="1001" name="const_60">
<pin_list>
<pin id="61" dir="1" index="0" bw="1" slack="0"/>
</pin_list>
<bind>
<StgValue><ssdm name="_ssdm_op_Read.ap_auto.i16"/></StgValue>
</bind>
</comp>

<comp id="62" class="1001" name="const_62">
<pin_list>
<pin id="63" dir="1" index="0" bw="1" slack="0"/>
</pin_list>
<bind>
<StgValue><ssdm name="_ssdm_op_Read.ap_auto.i8"/></StgValue>
</bind>
</comp>

<comp id="64" class="1001" name="const_64">
<pin_list>
<pin id="65" dir="1" index="0" bw="1" slack="0"/>
</pin_list>
<bind>
<StgValue><ssdm name="_ssdm_op_Read.ap_auto.i1"/></StgValue>
</bind>
</comp>

<comp id="66" class="1001" name="const_66">
<pin_list>
<pin id="67" dir="1" index="0" bw="1" slack="0"/>
</pin_list>
<bind>
<StgValue><ssdm name="_ssdm_op_Read.ap_auto.i11"/></StgValue>
</bind>
</comp>

<comp id="68" class="1001" name="const_68">
<pin_list>
<pin id="69" dir="1" index="0" bw="1" slack="0"/>
</pin_list>
<bind>
<StgValue><ssdm name=""/></StgValue>
</bind>
</comp>

<comp id="70" class="1001" name="const_70">
<pin_list>
<pin id="71" dir="1" index="0" bw="1" slack="0"/>
</pin_list>
<bind>
<StgValue><ssdm name=""/></StgValue>
</bind>
</comp>

<comp id="72" class="1001" name="const_72">
<pin_list>
<pin id="73" dir="1" index="0" bw="1" slack="2147483647"/>
</pin_list>
<bind>
<StgValue><ssdm name="_ssdm_op_SpecLoopTripCount"/></StgValue>
</bind>
</comp>

<comp id="74" class="1001" name="const_74">
<pin_list>
<pin id="75" dir="1" index="0" bw="1" slack="2147483647"/>
</pin_list>
<bind>
<StgValue><ssdm name=""/></StgValue>
</bind>
</comp>

<comp id="76" class="1001" name="const_76">
<pin_list>
<pin id="77" dir="1" index="0" bw="1" slack="2147483647"/>
</pin_list>
<bind>
<StgValue><ssdm name=""/></StgValue>
</bind>
</comp>

<comp id="78" class="1001" name="const_78">
<pin_list>
<pin id="79" dir="1" index="0" bw="1" slack="0"/>
</pin_list>
<bind>
<StgValue><ssdm name=""/></StgValue>
</bind>
</comp>

<comp id="80" class="1001" name="const_80">
<pin_list>
<pin id="81" dir="1" index="0" bw="1" slack="2147483647"/>
</pin_list>
<bind>
<StgValue><ssdm name="_ssdm_op_SpecPipeline"/></StgValue>
</bind>
</comp>

<comp id="82" class="1001" name="const_82">
<pin_list>
<pin id="83" dir="1" index="0" bw="1" slack="2147483647"/>
</pin_list>
<bind>
<StgValue><ssdm name="_ssdm_op_SpecLoopName"/></StgValue>
</bind>
</comp>

<comp id="84" class="1001" name="const_84">
<pin_list>
<pin id="85" dir="1" index="0" bw="1" slack="2147483647"/>
</pin_list>
<bind>
<StgValue><ssdm name="empty_32"/></StgValue>
</bind>
</comp>

<comp id="86" class="1001" name="const_86">
<pin_list>
<pin id="87" dir="1" index="0" bw="1" slack="0"/>
</pin_list>
<bind>
<StgValue><ssdm name=""/></StgValue>
</bind>
</comp>

<comp id="88" class="1001" name="const_88">
<pin_list>
<pin id="89" dir="1" index="0" bw="1" slack="0"/>
</pin_list>
<bind>
<StgValue><ssdm name=""/></StgValue>
</bind>
</comp>

<comp id="90" class="1001" name="const_90">
<pin_list>
<pin id="91" dir="1" index="0" bw="1" slack="2147483647"/>
</pin_list>
<bind>
<StgValue><ssdm name=""/></StgValue>
</bind>
</comp>

<comp id="92" class="1001" name="const_92">
<pin_list>
<pin id="93" dir="1" index="0" bw="1" slack="2147483647"/>
</pin_list>
<bind>
<StgValue><ssdm name=""/></StgValue>
</bind>
</comp>

<comp id="94" class="1001" name="const_94">
<pin_list>
<pin id="95" dir="1" index="0" bw="1" slack="2147483647"/>
</pin_list>
<bind>
<StgValue><ssdm name=""/></StgValue>
</bind>
</comp>

<comp id="96" class="1001" name="const_96">
<pin_list>
<pin id="97" dir="1" index="0" bw="1" slack="0"/>
</pin_list>
<bind>
<StgValue><ssdm name="_ssdm_op_Write.ap_auto.i1P0A"/></StgValue>
</bind>
</comp>

<comp id="98" class="1001" name="const_98">
<pin_list>
<pin id="99" dir="1" index="0" bw="1" slack="0"/>
</pin_list>
<bind>
<StgValue><ssdm name=""/></StgValue>
</bind>
</comp>

<comp id="100" class="1001" name="const_100">
<pin_list>
<pin id="101" dir="1" index="0" bw="1" slack="0"/>
</pin_list>
<bind>
<StgValue><ssdm name="_ssdm_op_Read.ap_fifo.volatile.i24P0A"/></StgValue>
</bind>
</comp>

<comp id="102" class="1001" name="const_102">
<pin_list>
<pin id="103" dir="1" index="0" bw="1" slack="0"/>
</pin_list>
<bind>
<StgValue><ssdm name="_ssdm_op_PartSelect.i8.i24.i32.i32"/></StgValue>
</bind>
</comp>

<comp id="104" class="1001" name="const_104">
<pin_list>
<pin id="105" dir="1" index="0" bw="1" slack="0"/>
</pin_list>
<bind>
<StgValue><ssdm name=""/></StgValue>
</bind>
</comp>

<comp id="106" class="1001" name="const_106">
<pin_list>
<pin id="107" dir="1" index="0" bw="1" slack="0"/>
</pin_list>
<bind>
<StgValue><ssdm name=""/></StgValue>
</bind>
</comp>

<comp id="108" class="1001" name="const_108">
<pin_list>
<pin id="109" dir="1" index="0" bw="1" slack="0"/>
</pin_list>
<bind>
<StgValue><ssdm name=""/></StgValue>
</bind>
</comp>

<comp id="110" class="1001" name="const_110">
<pin_list>
<pin id="111" dir="1" index="0" bw="1" slack="0"/>
</pin_list>
<bind>
<StgValue><ssdm name=""/></StgValue>
</bind>
</comp>

<comp id="112" class="1001" name="const_112">
<pin_list>
<pin id="113" dir="1" index="0" bw="1" slack="0"/>
</pin_list>
<bind>
<StgValue><ssdm name="_ssdm_op_BitConcatenate.i9.i1.i8"/></StgValue>
</bind>
</comp>

<comp id="114" class="1001" name="const_114">
<pin_list>
<pin id="115" dir="1" index="0" bw="1" slack="0"/>
</pin_list>
<bind>
<StgValue><ssdm name="_ssdm_op_BitConcatenate.i16.i8.i8"/></StgValue>
</bind>
</comp>

<comp id="116" class="1001" name="const_116">
<pin_list>
<pin id="117" dir="1" index="0" bw="1" slack="0"/>
</pin_list>
<bind>
<StgValue><ssdm name="_ssdm_op_PartSet.i24.i24.i16.i32.i32"/></StgValue>
</bind>
</comp>

<comp id="118" class="1001" name="const_118">
<pin_list>
<pin id="119" dir="1" index="0" bw="1" slack="0"/>
</pin_list>
<bind>
<StgValue><ssdm name="_ssdm_op_Write.axis.volatile.i24P0A.i3P0A.i3P0A.i1P0A.i1P0A.i1P0A.i1P0A"/></StgValue>
</bind>
</comp>

<comp id="120" class="1001" name="const_120">
<pin_list>
<pin id="121" dir="1" index="0" bw="1" slack="0"/>
</pin_list>
<bind>
<StgValue><ssdm name=""/></StgValue>
</bind>
</comp>

<comp id="122" class="1001" name="const_122">
<pin_list>
<pin id="123" dir="1" index="0" bw="1" slack="0"/>
</pin_list>
<bind>
<StgValue><ssdm name=""/></StgValue>
</bind>
</comp>

<comp id="124" class="1001" name="const_124">
<pin_list>
<pin id="125" dir="1" index="0" bw="1" slack="0"/>
</pin_list>
<bind>
<StgValue><ssdm name=""/></StgValue>
</bind>
</comp>

<comp id="126" class="1004" name="j_fu_126">
<pin_list>
<pin id="127" dir="0" index="0" bw="1" slack="0"/>
<pin id="128" dir="1" index="1" bw="11" slack="0"/>
</pin_list>
<bind>
<opcode="alloca(26) " fcode="alloca"/>
<opset="j/1 "/>
</bind>
</comp>

<comp id="130" class="1004" name="sub_i_read_read_fu_130">
<pin_list>
<pin id="131" dir="0" index="0" bw="12" slack="0"/>
<pin id="132" dir="0" index="1" bw="12" slack="0"/>
<pin id="133" dir="1" index="2" bw="12" slack="1"/>
</pin_list>
<bind>
<opcode="read(1150) " fcode="read"/>
<opset="sub_i_read/1 "/>
</bind>
</comp>

<comp id="136" class="1004" name="field_id_val11_load_read_read_fu_136">
<pin_list>
<pin id="137" dir="0" index="0" bw="16" slack="0"/>
<pin id="138" dir="0" index="1" bw="16" slack="0"/>
<pin id="139" dir="1" index="2" bw="16" slack="1"/>
</pin_list>
<bind>
<opcode="read(1150) " fcode="read"/>
<opset="field_id_val11_load_read/1 "/>
</bind>
</comp>

<comp id="142" class="1004" name="colorFormat_val27_load_read_read_fu_142">
<pin_list>
<pin id="143" dir="0" index="0" bw="8" slack="0"/>
<pin id="144" dir="0" index="1" bw="8" slack="0"/>
<pin id="145" dir="1" index="2" bw="8" slack="1"/>
</pin_list>
<bind>
<opcode="read(1150) " fcode="read"/>
<opset="colorFormat_val27_load_read/1 "/>
</bind>
</comp>

<comp id="148" class="1004" name="fid_in_val12_load_read_read_fu_148">
<pin_list>
<pin id="149" dir="0" index="0" bw="1" slack="0"/>
<pin id="150" dir="0" index="1" bw="1" slack="0"/>
<pin id="151" dir="1" index="2" bw="1" slack="1"/>
</pin_list>
<bind>
<opcode="read(1150) " fcode="read"/>
<opset="fid_in_val12_load_read/1 "/>
</bind>
</comp>

<comp id="154" class="1004" name="cols_read_read_fu_154">
<pin_list>
<pin id="155" dir="0" index="0" bw="11" slack="0"/>
<pin id="156" dir="0" index="1" bw="11" slack="0"/>
<pin id="157" dir="1" index="2" bw="11" slack="1"/>
</pin_list>
<bind>
<opcode="read(1150) " fcode="read"/>
<opset="cols_read/1 "/>
</bind>
</comp>

<comp id="160" class="1004" name="tmp_27_read_fu_160">
<pin_list>
<pin id="161" dir="0" index="0" bw="1" slack="0"/>
<pin id="162" dir="0" index="1" bw="1" slack="0"/>
<pin id="163" dir="1" index="2" bw="1" slack="1"/>
</pin_list>
<bind>
<opcode="read(1150) " fcode="read"/>
<opset="tmp_27/1 "/>
</bind>
</comp>

<comp id="166" class="1004" name="sof_read_read_fu_166">
<pin_list>
<pin id="167" dir="0" index="0" bw="1" slack="0"/>
<pin id="168" dir="0" index="1" bw="1" slack="0"/>
<pin id="169" dir="1" index="2" bw="1" slack="1"/>
</pin_list>
<bind>
<opcode="read(1150) " fcode="read"/>
<opset="sof_read/1 "/>
</bind>
</comp>

<comp id="172" class="1004" name="grp_write_fu_172">
<pin_list>
<pin id="173" dir="0" index="0" bw="0" slack="0"/>
<pin id="174" dir="0" index="1" bw="1" slack="0"/>
<pin id="175" dir="0" index="2" bw="1" slack="0"/>
<pin id="176" dir="1" index="3" bw="0" slack="2147483647"/>
</pin_list>
<bind>
<opcode="write(1151) " fcode="write"/>
<opset="write_ln1049/2 write_ln1040/2 write_ln1058/2 write_ln1054/3 write_ln1044/3 "/>
</bind>
</comp>

<comp id="181" class="1004" name="ovrlayYUV_read_read_fu_181">
<pin_list>
<pin id="182" dir="0" index="0" bw="24" slack="0"/>
<pin id="183" dir="0" index="1" bw="24" slack="0"/>
<pin id="184" dir="1" index="2" bw="24" slack="0"/>
</pin_list>
<bind>
<opcode="read(1150) " fcode="read"/>
<opset="ovrlayYUV_read/3 "/>
</bind>
</comp>

<comp id="187" class="1004" name="write_ln1035_write_fu_187">
<pin_list>
<pin id="188" dir="0" index="0" bw="0" slack="0"/>
<pin id="189" dir="0" index="1" bw="24" slack="0"/>
<pin id="190" dir="0" index="2" bw="3" slack="0"/>
<pin id="191" dir="0" index="3" bw="3" slack="0"/>
<pin id="192" dir="0" index="4" bw="1" slack="0"/>
<pin id="193" dir="0" index="5" bw="1" slack="0"/>
<pin id="194" dir="0" index="6" bw="1" slack="0"/>
<pin id="195" dir="0" index="7" bw="1" slack="0"/>
<pin id="196" dir="0" index="8" bw="24" slack="0"/>
<pin id="197" dir="0" index="9" bw="1" slack="0"/>
<pin id="198" dir="0" index="10" bw="1" slack="0"/>
<pin id="199" dir="0" index="11" bw="1" slack="1"/>
<pin id="200" dir="0" index="12" bw="1" slack="1"/>
<pin id="201" dir="0" index="13" bw="1" slack="0"/>
<pin id="202" dir="0" index="14" bw="1" slack="0"/>
<pin id="203" dir="1" index="15" bw="0" slack="2147483647"/>
</pin_list>
<bind>
<opcode="write(1151) " fcode="write"/>
<opset="write_ln1035/3 "/>
</bind>
</comp>

<comp id="216" class="1004" name="write_ln1008_write_fu_216">
<pin_list>
<pin id="217" dir="0" index="0" bw="0" slack="0"/>
<pin id="218" dir="0" index="1" bw="1" slack="0"/>
<pin id="219" dir="0" index="2" bw="1" slack="1"/>
<pin id="220" dir="1" index="3" bw="0" slack="2147483647"/>
</pin_list>
<bind>
<opcode="write(1151) " fcode="write"/>
<opset="write_ln1008/4 "/>
</bind>
</comp>

<comp id="223" class="1005" name="sof_2_reg_223">
<pin_list>
<pin id="224" dir="0" index="0" bw="1" slack="1"/>
<pin id="225" dir="1" index="1" bw="1" slack="1"/>
</pin_list>
<bind>
<opset="sof_2 (phireg) "/>
</bind>
</comp>

<comp id="227" class="1004" name="sof_2_phi_fu_227">
<pin_list>
<pin id="228" dir="0" index="0" bw="1" slack="1"/>
<pin id="229" dir="0" index="1" bw="0" slack="2147483647"/>
<pin id="230" dir="0" index="2" bw="1" slack="0"/>
<pin id="231" dir="0" index="3" bw="0" slack="2147483647"/>
<pin id="232" dir="1" index="4" bw="1" slack="1"/>
</pin_list>
<bind>
<opcode="phi(47) " fcode="phi"/>
<opset="sof_2/2 "/>
</bind>
</comp>

<comp id="235" class="1005" name="p_phi_i_reg_235">
<pin_list>
<pin id="236" dir="0" index="0" bw="1" slack="1"/>
<pin id="237" dir="1" index="1" bw="1" slack="1"/>
</pin_list>
<bind>
<opset="p_phi_i (phireg) "/>
</bind>
</comp>

<comp id="239" class="1004" name="p_phi_i_phi_fu_239">
<pin_list>
<pin id="240" dir="0" index="0" bw="1" slack="1"/>
<pin id="241" dir="0" index="1" bw="0" slack="2147483647"/>
<pin id="242" dir="0" index="2" bw="1" slack="1"/>
<pin id="243" dir="0" index="3" bw="0" slack="2147483647"/>
<pin id="244" dir="1" index="4" bw="1" slack="1"/>
</pin_list>
<bind>
<opcode="phi(47) " fcode="phi"/>
<opset="p_phi_i/2 "/>
</bind>
</comp>

<comp id="246" class="1005" name="empty_186_reg_246">
<pin_list>
<pin id="247" dir="0" index="0" bw="1" slack="1"/>
<pin id="248" dir="1" index="1" bw="1" slack="1"/>
</pin_list>
<bind>
<opset="empty_186 (phireg) "/>
</bind>
</comp>

<comp id="252" class="1004" name="empty_186_phi_fu_252">
<pin_list>
<pin id="253" dir="0" index="0" bw="1" slack="1"/>
<pin id="254" dir="0" index="1" bw="0" slack="2147483647"/>
<pin id="255" dir="0" index="2" bw="1" slack="0"/>
<pin id="256" dir="0" index="3" bw="0" slack="2147483647"/>
<pin id="257" dir="0" index="4" bw="1" slack="1"/>
<pin id="258" dir="0" index="5" bw="0" slack="2147483647"/>
<pin id="259" dir="0" index="6" bw="1" slack="2"/>
<pin id="260" dir="0" index="7" bw="0" slack="2147483647"/>
<pin id="261" dir="0" index="8" bw="1" slack="0"/>
<pin id="262" dir="0" index="9" bw="0" slack="2147483647"/>
<pin id="263" dir="1" index="10" bw="1" slack="1"/>
</pin_list>
<bind>
<opcode="phi(47) " fcode="phi"/>
<opset="empty_186/3 "/>
</bind>
</comp>

<comp id="267" class="1004" name="store_ln981_store_fu_267">
<pin_list>
<pin id="268" dir="0" index="0" bw="1" slack="0"/>
<pin id="269" dir="0" index="1" bw="11" slack="0"/>
<pin id="270" dir="1" index="2" bw="0" slack="2147483647"/>
</pin_list>
<bind>
<opcode="store(28) " fcode="store"/>
<opset="store_ln981/1 "/>
</bind>
</comp>

<comp id="272" class="1004" name="j_1_load_fu_272">
<pin_list>
<pin id="273" dir="0" index="0" bw="11" slack="1"/>
<pin id="274" dir="1" index="1" bw="11" slack="0"/>
</pin_list>
<bind>
<opcode="load(27) " fcode="load"/>
<opset="j_1/2 "/>
</bind>
</comp>

<comp id="275" class="1004" name="icmp_ln981_fu_275">
<pin_list>
<pin id="276" dir="0" index="0" bw="11" slack="0"/>
<pin id="277" dir="0" index="1" bw="11" slack="1"/>
<pin id="278" dir="1" index="2" bw="1" slack="1"/>
</pin_list>
<bind>
<opcode="icmp(45) " fcode="icmp"/>
<opset="icmp_ln981/2 "/>
</bind>
</comp>

<comp id="280" class="1004" name="j_2_fu_280">
<pin_list>
<pin id="281" dir="0" index="0" bw="11" slack="0"/>
<pin id="282" dir="0" index="1" bw="1" slack="0"/>
<pin id="283" dir="1" index="2" bw="11" slack="0"/>
</pin_list>
<bind>
<opcode="add(8) " fcode="add"/>
<opset="j_2/2 "/>
</bind>
</comp>

<comp id="286" class="1004" name="zext_ln981_fu_286">
<pin_list>
<pin id="287" dir="0" index="0" bw="11" slack="0"/>
<pin id="288" dir="1" index="1" bw="12" slack="0"/>
</pin_list>
<bind>
<opcode="zext(34) " fcode="zext"/>
<opset="zext_ln981/2 "/>
</bind>
</comp>

<comp id="290" class="1004" name="axi_last_fu_290">
<pin_list>
<pin id="291" dir="0" index="0" bw="11" slack="0"/>
<pin id="292" dir="0" index="1" bw="12" slack="1"/>
<pin id="293" dir="1" index="2" bw="1" slack="1"/>
</pin_list>
<bind>
<opcode="icmp(45) " fcode="icmp"/>
<opset="axi_last/2 "/>
</bind>
</comp>

<comp id="295" class="1004" name="counter_loc_1_i_out_load_load_fu_295">
<pin_list>
<pin id="296" dir="0" index="0" bw="16" slack="0"/>
<pin id="297" dir="1" index="1" bw="16" slack="0"/>
</pin_list>
<bind>
<opcode="load(27) " fcode="load"/>
<opset="counter_loc_1_i_out_load/2 "/>
</bind>
</comp>

<comp id="299" class="1004" name="add_ln1005_fu_299">
<pin_list>
<pin id="300" dir="0" index="0" bw="16" slack="0"/>
<pin id="301" dir="0" index="1" bw="1" slack="0"/>
<pin id="302" dir="1" index="2" bw="16" slack="0"/>
</pin_list>
<bind>
<opcode="add(8) " fcode="add"/>
<opset="add_ln1005/2 "/>
</bind>
</comp>

<comp id="305" class="1004" name="store_ln1005_store_fu_305">
<pin_list>
<pin id="306" dir="0" index="0" bw="16" slack="0"/>
<pin id="307" dir="0" index="1" bw="16" slack="0"/>
<pin id="308" dir="1" index="2" bw="0" slack="2147483647"/>
</pin_list>
<bind>
<opcode="store(28) " fcode="store"/>
<opset="store_ln1005/2 "/>
</bind>
</comp>

<comp id="311" class="1004" name="store_ln1005_store_fu_311">
<pin_list>
<pin id="312" dir="0" index="0" bw="16" slack="0"/>
<pin id="313" dir="0" index="1" bw="16" slack="0"/>
<pin id="314" dir="1" index="2" bw="0" slack="2147483647"/>
</pin_list>
<bind>
<opcode="store(28) " fcode="store"/>
<opset="store_ln1005/2 "/>
</bind>
</comp>

<comp id="317" class="1004" name="icmp_ln1020_fu_317">
<pin_list>
<pin id="318" dir="0" index="0" bw="8" slack="1"/>
<pin id="319" dir="0" index="1" bw="1" slack="0"/>
<pin id="320" dir="1" index="2" bw="1" slack="1"/>
</pin_list>
<bind>
<opcode="icmp(45) " fcode="icmp"/>
<opset="icmp_ln1020/2 "/>
</bind>
</comp>

<comp id="322" class="1004" name="store_ln981_store_fu_322">
<pin_list>
<pin id="323" dir="0" index="0" bw="11" slack="0"/>
<pin id="324" dir="0" index="1" bw="11" slack="1"/>
<pin id="325" dir="1" index="2" bw="0" slack="2147483647"/>
</pin_list>
<bind>
<opcode="store(28) " fcode="store"/>
<opset="store_ln981/2 "/>
</bind>
</comp>

<comp id="327" class="1004" name="counter_loc_1_i_out_load_1_load_fu_327">
<pin_list>
<pin id="328" dir="0" index="0" bw="16" slack="0"/>
<pin id="329" dir="1" index="1" bw="16" slack="0"/>
</pin_list>
<bind>
<opcode="load(27) " fcode="load"/>
<opset="counter_loc_1_i_out_load_1/3 "/>
</bind>
</comp>

<comp id="331" class="1004" name="fid_toggle_fu_331">
<pin_list>
<pin id="332" dir="0" index="0" bw="16" slack="0"/>
<pin id="333" dir="1" index="1" bw="1" slack="0"/>
</pin_list>
<bind>
<opcode="trunc(33) " fcode="trunc"/>
<opset="fid_toggle/3 "/>
</bind>
</comp>

<comp id="337" class="1004" name="pix_444_fu_337">
<pin_list>
<pin id="338" dir="0" index="0" bw="24" slack="0"/>
<pin id="339" dir="1" index="1" bw="8" slack="0"/>
</pin_list>
<bind>
<opcode="trunc(33) " fcode="trunc"/>
<opset="pix_444/3 "/>
</bind>
</comp>

<comp id="341" class="1004" name="pix_rgb_2_fu_341">
<pin_list>
<pin id="342" dir="0" index="0" bw="8" slack="0"/>
<pin id="343" dir="0" index="1" bw="24" slack="0"/>
<pin id="344" dir="0" index="2" bw="5" slack="0"/>
<pin id="345" dir="0" index="3" bw="5" slack="0"/>
<pin id="346" dir="1" index="4" bw="8" slack="0"/>
</pin_list>
<bind>
<opcode="partselect(1002) " fcode="partselect"/>
<opset="pix_rgb_2/3 "/>
</bind>
</comp>

<comp id="351" class="1004" name="pix_rgb_fu_351">
<pin_list>
<pin id="352" dir="0" index="0" bw="8" slack="0"/>
<pin id="353" dir="0" index="1" bw="24" slack="0"/>
<pin id="354" dir="0" index="2" bw="6" slack="0"/>
<pin id="355" dir="0" index="3" bw="6" slack="0"/>
<pin id="356" dir="1" index="4" bw="8" slack="0"/>
</pin_list>
<bind>
<opcode="partselect(1002) " fcode="partselect"/>
<opset="pix_rgb/3 "/>
</bind>
</comp>

<comp id="361" class="1004" name="axi_data_fu_361">
<pin_list>
<pin id="362" dir="0" index="0" bw="9" slack="0"/>
<pin id="363" dir="0" index="1" bw="1" slack="0"/>
<pin id="364" dir="0" index="2" bw="8" slack="0"/>
<pin id="365" dir="1" index="3" bw="9" slack="0"/>
</pin_list>
<bind>
<opcode="bitconcatenate(1004) " fcode="bitconcatenate"/>
<opset="axi_data/3 "/>
</bind>
</comp>

<comp id="369" class="1004" name="axi_data_1_fu_369">
<pin_list>
<pin id="370" dir="0" index="0" bw="9" slack="0"/>
<pin id="371" dir="0" index="1" bw="1" slack="0"/>
<pin id="372" dir="0" index="2" bw="8" slack="0"/>
<pin id="373" dir="1" index="3" bw="9" slack="0"/>
</pin_list>
<bind>
<opcode="bitconcatenate(1004) " fcode="bitconcatenate"/>
<opset="axi_data_1/3 "/>
</bind>
</comp>

<comp id="377" class="1004" name="axi_data_2_fu_377">
<pin_list>
<pin id="378" dir="0" index="0" bw="1" slack="1"/>
<pin id="379" dir="0" index="1" bw="9" slack="0"/>
<pin id="380" dir="0" index="2" bw="9" slack="0"/>
<pin id="381" dir="1" index="3" bw="9" slack="0"/>
</pin_list>
<bind>
<opcode="select(49) " fcode="select"/>
<opset="axi_data_2/3 "/>
</bind>
</comp>

<comp id="384" class="1004" name="sext_ln925_fu_384">
<pin_list>
<pin id="385" dir="0" index="0" bw="9" slack="0"/>
<pin id="386" dir="1" index="1" bw="24" slack="0"/>
</pin_list>
<bind>
<opcode="sext(35) " fcode="sext"/>
<opset="sext_ln925/3 "/>
</bind>
</comp>

<comp id="388" class="1004" name="select_ln1020_fu_388">
<pin_list>
<pin id="389" dir="0" index="0" bw="1" slack="1"/>
<pin id="390" dir="0" index="1" bw="8" slack="0"/>
<pin id="391" dir="0" index="2" bw="8" slack="0"/>
<pin id="392" dir="1" index="3" bw="8" slack="0"/>
</pin_list>
<bind>
<opcode="select(49) " fcode="select"/>
<opset="select_ln1020/3 "/>
</bind>
</comp>

<comp id="395" class="1004" name="select_ln1020_1_fu_395">
<pin_list>
<pin id="396" dir="0" index="0" bw="1" slack="1"/>
<pin id="397" dir="0" index="1" bw="8" slack="0"/>
<pin id="398" dir="0" index="2" bw="8" slack="0"/>
<pin id="399" dir="1" index="3" bw="8" slack="0"/>
</pin_list>
<bind>
<opcode="select(49) " fcode="select"/>
<opset="select_ln1020_1/3 "/>
</bind>
</comp>

<comp id="402" class="1004" name="tmp_fu_402">
<pin_list>
<pin id="403" dir="0" index="0" bw="16" slack="0"/>
<pin id="404" dir="0" index="1" bw="8" slack="0"/>
<pin id="405" dir="0" index="2" bw="8" slack="0"/>
<pin id="406" dir="1" index="3" bw="16" slack="0"/>
</pin_list>
<bind>
<opcode="bitconcatenate(1004) " fcode="bitconcatenate"/>
<opset="tmp/3 "/>
</bind>
</comp>

<comp id="410" class="1004" name="axi_data_3_fu_410">
<pin_list>
<pin id="411" dir="0" index="0" bw="24" slack="0"/>
<pin id="412" dir="0" index="1" bw="9" slack="0"/>
<pin id="413" dir="0" index="2" bw="16" slack="0"/>
<pin id="414" dir="0" index="3" bw="5" slack="0"/>
<pin id="415" dir="0" index="4" bw="6" slack="0"/>
<pin id="416" dir="1" index="5" bw="24" slack="0"/>
</pin_list>
<bind>
<opcode="partset(1003) " fcode="partset"/>
<opset="axi_data_3/3 "/>
</bind>
</comp>

<comp id="423" class="1004" name="fid_toggle_1_fu_423">
<pin_list>
<pin id="424" dir="0" index="0" bw="1" slack="0"/>
<pin id="425" dir="0" index="1" bw="1" slack="0"/>
<pin id="426" dir="1" index="2" bw="1" slack="0"/>
</pin_list>
<bind>
<opcode="xor(25) " fcode="xor"/>
<opset="fid_toggle_1/3 "/>
</bind>
</comp>

<comp id="431" class="1005" name="j_reg_431">
<pin_list>
<pin id="432" dir="0" index="0" bw="11" slack="0"/>
<pin id="433" dir="1" index="1" bw="11" slack="0"/>
</pin_list>
<bind>
<opset="j "/>
</bind>
</comp>

<comp id="438" class="1005" name="sub_i_read_reg_438">
<pin_list>
<pin id="439" dir="0" index="0" bw="12" slack="1"/>
<pin id="440" dir="1" index="1" bw="12" slack="1"/>
</pin_list>
<bind>
<opset="sub_i_read "/>
</bind>
</comp>

<comp id="443" class="1005" name="field_id_val11_load_read_reg_443">
<pin_list>
<pin id="444" dir="0" index="0" bw="16" slack="1"/>
<pin id="445" dir="1" index="1" bw="16" slack="2147483647"/>
</pin_list>
<bind>
<opset="field_id_val11_load_read "/>
</bind>
</comp>

<comp id="447" class="1005" name="colorFormat_val27_load_read_reg_447">
<pin_list>
<pin id="448" dir="0" index="0" bw="8" slack="1"/>
<pin id="449" dir="1" index="1" bw="8" slack="1"/>
</pin_list>
<bind>
<opset="colorFormat_val27_load_read "/>
</bind>
</comp>

<comp id="452" class="1005" name="fid_in_val12_load_read_reg_452">
<pin_list>
<pin id="453" dir="0" index="0" bw="1" slack="1"/>
<pin id="454" dir="1" index="1" bw="1" slack="1"/>
</pin_list>
<bind>
<opset="fid_in_val12_load_read "/>
</bind>
</comp>

<comp id="458" class="1005" name="cols_read_reg_458">
<pin_list>
<pin id="459" dir="0" index="0" bw="11" slack="1"/>
<pin id="460" dir="1" index="1" bw="11" slack="1"/>
</pin_list>
<bind>
<opset="cols_read "/>
</bind>
</comp>

<comp id="463" class="1005" name="tmp_27_reg_463">
<pin_list>
<pin id="464" dir="0" index="0" bw="1" slack="1"/>
<pin id="465" dir="1" index="1" bw="1" slack="1"/>
</pin_list>
<bind>
<opset="tmp_27 "/>
</bind>
</comp>

<comp id="468" class="1005" name="sof_read_reg_468">
<pin_list>
<pin id="469" dir="0" index="0" bw="1" slack="1"/>
<pin id="470" dir="1" index="1" bw="1" slack="1"/>
</pin_list>
<bind>
<opset="sof_read "/>
</bind>
</comp>

<comp id="473" class="1005" name="icmp_ln981_reg_473">
<pin_list>
<pin id="474" dir="0" index="0" bw="1" slack="1"/>
<pin id="475" dir="1" index="1" bw="1" slack="2147483647"/>
</pin_list>
<bind>
<opset="icmp_ln981 "/>
</bind>
</comp>

<comp id="477" class="1005" name="axi_last_reg_477">
<pin_list>
<pin id="478" dir="0" index="0" bw="1" slack="1"/>
<pin id="479" dir="1" index="1" bw="1" slack="1"/>
</pin_list>
<bind>
<opset="axi_last "/>
</bind>
</comp>

<comp id="482" class="1005" name="icmp_ln1020_reg_482">
<pin_list>
<pin id="483" dir="0" index="0" bw="1" slack="1"/>
<pin id="484" dir="1" index="1" bw="1" slack="1"/>
</pin_list>
<bind>
<opset="icmp_ln1020 "/>
</bind>
</comp>

</comp_list>

<net_list>
<net id="129"><net_src comp="38" pin="0"/><net_sink comp="126" pin=0"/></net>

<net id="134"><net_src comp="58" pin="0"/><net_sink comp="130" pin=0"/></net>

<net id="135"><net_src comp="30" pin="0"/><net_sink comp="130" pin=1"/></net>

<net id="140"><net_src comp="60" pin="0"/><net_sink comp="136" pin=0"/></net>

<net id="141"><net_src comp="28" pin="0"/><net_sink comp="136" pin=1"/></net>

<net id="146"><net_src comp="62" pin="0"/><net_sink comp="142" pin=0"/></net>

<net id="147"><net_src comp="12" pin="0"/><net_sink comp="142" pin=1"/></net>

<net id="152"><net_src comp="64" pin="0"/><net_sink comp="148" pin=0"/></net>

<net id="153"><net_src comp="6" pin="0"/><net_sink comp="148" pin=1"/></net>

<net id="158"><net_src comp="66" pin="0"/><net_sink comp="154" pin=0"/></net>

<net id="159"><net_src comp="4" pin="0"/><net_sink comp="154" pin=1"/></net>

<net id="164"><net_src comp="64" pin="0"/><net_sink comp="160" pin=0"/></net>

<net id="165"><net_src comp="2" pin="0"/><net_sink comp="160" pin=1"/></net>

<net id="170"><net_src comp="64" pin="0"/><net_sink comp="166" pin=0"/></net>

<net id="171"><net_src comp="0" pin="0"/><net_sink comp="166" pin=1"/></net>

<net id="177"><net_src comp="96" pin="0"/><net_sink comp="172" pin=0"/></net>

<net id="178"><net_src comp="8" pin="0"/><net_sink comp="172" pin=1"/></net>

<net id="179"><net_src comp="98" pin="0"/><net_sink comp="172" pin=2"/></net>

<net id="180"><net_src comp="70" pin="0"/><net_sink comp="172" pin=2"/></net>

<net id="185"><net_src comp="100" pin="0"/><net_sink comp="181" pin=0"/></net>

<net id="186"><net_src comp="10" pin="0"/><net_sink comp="181" pin=1"/></net>

<net id="204"><net_src comp="118" pin="0"/><net_sink comp="187" pin=0"/></net>

<net id="205"><net_src comp="14" pin="0"/><net_sink comp="187" pin=1"/></net>

<net id="206"><net_src comp="16" pin="0"/><net_sink comp="187" pin=2"/></net>

<net id="207"><net_src comp="18" pin="0"/><net_sink comp="187" pin=3"/></net>

<net id="208"><net_src comp="20" pin="0"/><net_sink comp="187" pin=4"/></net>

<net id="209"><net_src comp="22" pin="0"/><net_sink comp="187" pin=5"/></net>

<net id="210"><net_src comp="24" pin="0"/><net_sink comp="187" pin=6"/></net>

<net id="211"><net_src comp="26" pin="0"/><net_sink comp="187" pin=7"/></net>

<net id="212"><net_src comp="120" pin="0"/><net_sink comp="187" pin=9"/></net>

<net id="213"><net_src comp="122" pin="0"/><net_sink comp="187" pin=10"/></net>

<net id="214"><net_src comp="124" pin="0"/><net_sink comp="187" pin=13"/></net>

<net id="215"><net_src comp="124" pin="0"/><net_sink comp="187" pin=14"/></net>

<net id="221"><net_src comp="96" pin="0"/><net_sink comp="216" pin=0"/></net>

<net id="222"><net_src comp="34" pin="0"/><net_sink comp="216" pin=1"/></net>

<net id="226"><net_src comp="223" pin="1"/><net_sink comp="187" pin=11"/></net>

<net id="233"><net_src comp="70" pin="0"/><net_sink comp="227" pin=2"/></net>

<net id="234"><net_src comp="227" pin="4"/><net_sink comp="223" pin=0"/></net>

<net id="238"><net_src comp="235" pin="1"/><net_sink comp="216" pin=2"/></net>

<net id="245"><net_src comp="239" pin="4"/><net_sink comp="235" pin=0"/></net>

<net id="249"><net_src comp="70" pin="0"/><net_sink comp="246" pin=0"/></net>

<net id="250"><net_src comp="98" pin="0"/><net_sink comp="246" pin=0"/></net>

<net id="251"><net_src comp="246" pin="1"/><net_sink comp="239" pin=2"/></net>

<net id="264"><net_src comp="246" pin="1"/><net_sink comp="252" pin=0"/></net>

<net id="265"><net_src comp="246" pin="1"/><net_sink comp="252" pin=4"/></net>

<net id="266"><net_src comp="252" pin="10"/><net_sink comp="246" pin=0"/></net>

<net id="271"><net_src comp="68" pin="0"/><net_sink comp="267" pin=0"/></net>

<net id="279"><net_src comp="272" pin="1"/><net_sink comp="275" pin=0"/></net>

<net id="284"><net_src comp="272" pin="1"/><net_sink comp="280" pin=0"/></net>

<net id="285"><net_src comp="78" pin="0"/><net_sink comp="280" pin=1"/></net>

<net id="289"><net_src comp="272" pin="1"/><net_sink comp="286" pin=0"/></net>

<net id="294"><net_src comp="286" pin="1"/><net_sink comp="290" pin=0"/></net>

<net id="298"><net_src comp="32" pin="0"/><net_sink comp="295" pin=0"/></net>

<net id="303"><net_src comp="295" pin="1"/><net_sink comp="299" pin=0"/></net>

<net id="304"><net_src comp="86" pin="0"/><net_sink comp="299" pin=1"/></net>

<net id="309"><net_src comp="299" pin="2"/><net_sink comp="305" pin=0"/></net>

<net id="310"><net_src comp="36" pin="0"/><net_sink comp="305" pin=1"/></net>

<net id="315"><net_src comp="299" pin="2"/><net_sink comp="311" pin=0"/></net>

<net id="316"><net_src comp="32" pin="0"/><net_sink comp="311" pin=1"/></net>

<net id="321"><net_src comp="88" pin="0"/><net_sink comp="317" pin=1"/></net>

<net id="326"><net_src comp="280" pin="2"/><net_sink comp="322" pin=0"/></net>

<net id="330"><net_src comp="32" pin="0"/><net_sink comp="327" pin=0"/></net>

<net id="334"><net_src comp="327" pin="1"/><net_sink comp="331" pin=0"/></net>

<net id="335"><net_src comp="331" pin="1"/><net_sink comp="172" pin=2"/></net>

<net id="336"><net_src comp="331" pin="1"/><net_sink comp="252" pin=2"/></net>

<net id="340"><net_src comp="181" pin="2"/><net_sink comp="337" pin=0"/></net>

<net id="347"><net_src comp="102" pin="0"/><net_sink comp="341" pin=0"/></net>

<net id="348"><net_src comp="181" pin="2"/><net_sink comp="341" pin=1"/></net>

<net id="349"><net_src comp="104" pin="0"/><net_sink comp="341" pin=2"/></net>

<net id="350"><net_src comp="106" pin="0"/><net_sink comp="341" pin=3"/></net>

<net id="357"><net_src comp="102" pin="0"/><net_sink comp="351" pin=0"/></net>

<net id="358"><net_src comp="181" pin="2"/><net_sink comp="351" pin=1"/></net>

<net id="359"><net_src comp="108" pin="0"/><net_sink comp="351" pin=2"/></net>

<net id="360"><net_src comp="110" pin="0"/><net_sink comp="351" pin=3"/></net>

<net id="366"><net_src comp="112" pin="0"/><net_sink comp="361" pin=0"/></net>

<net id="367"><net_src comp="98" pin="0"/><net_sink comp="361" pin=1"/></net>

<net id="368"><net_src comp="337" pin="1"/><net_sink comp="361" pin=2"/></net>

<net id="374"><net_src comp="112" pin="0"/><net_sink comp="369" pin=0"/></net>

<net id="375"><net_src comp="98" pin="0"/><net_sink comp="369" pin=1"/></net>

<net id="376"><net_src comp="341" pin="4"/><net_sink comp="369" pin=2"/></net>

<net id="382"><net_src comp="369" pin="3"/><net_sink comp="377" pin=1"/></net>

<net id="383"><net_src comp="361" pin="3"/><net_sink comp="377" pin=2"/></net>

<net id="387"><net_src comp="377" pin="3"/><net_sink comp="384" pin=0"/></net>

<net id="393"><net_src comp="351" pin="4"/><net_sink comp="388" pin=1"/></net>

<net id="394"><net_src comp="341" pin="4"/><net_sink comp="388" pin=2"/></net>

<net id="400"><net_src comp="337" pin="1"/><net_sink comp="395" pin=1"/></net>

<net id="401"><net_src comp="351" pin="4"/><net_sink comp="395" pin=2"/></net>

<net id="407"><net_src comp="114" pin="0"/><net_sink comp="402" pin=0"/></net>

<net id="408"><net_src comp="395" pin="3"/><net_sink comp="402" pin=1"/></net>

<net id="409"><net_src comp="388" pin="3"/><net_sink comp="402" pin=2"/></net>

<net id="417"><net_src comp="116" pin="0"/><net_sink comp="410" pin=0"/></net>

<net id="418"><net_src comp="384" pin="1"/><net_sink comp="410" pin=1"/></net>

<net id="419"><net_src comp="402" pin="3"/><net_sink comp="410" pin=2"/></net>

<net id="420"><net_src comp="104" pin="0"/><net_sink comp="410" pin=3"/></net>

<net id="421"><net_src comp="110" pin="0"/><net_sink comp="410" pin=4"/></net>

<net id="422"><net_src comp="410" pin="5"/><net_sink comp="187" pin=8"/></net>

<net id="427"><net_src comp="331" pin="1"/><net_sink comp="423" pin=0"/></net>

<net id="428"><net_src comp="98" pin="0"/><net_sink comp="423" pin=1"/></net>

<net id="429"><net_src comp="423" pin="2"/><net_sink comp="172" pin=2"/></net>

<net id="430"><net_src comp="423" pin="2"/><net_sink comp="252" pin=8"/></net>

<net id="434"><net_src comp="126" pin="1"/><net_sink comp="431" pin=0"/></net>

<net id="435"><net_src comp="431" pin="1"/><net_sink comp="267" pin=1"/></net>

<net id="436"><net_src comp="431" pin="1"/><net_sink comp="272" pin=0"/></net>

<net id="437"><net_src comp="431" pin="1"/><net_sink comp="322" pin=1"/></net>

<net id="441"><net_src comp="130" pin="2"/><net_sink comp="438" pin=0"/></net>

<net id="442"><net_src comp="438" pin="1"/><net_sink comp="290" pin=1"/></net>

<net id="446"><net_src comp="136" pin="2"/><net_sink comp="443" pin=0"/></net>

<net id="450"><net_src comp="142" pin="2"/><net_sink comp="447" pin=0"/></net>

<net id="451"><net_src comp="447" pin="1"/><net_sink comp="317" pin=0"/></net>

<net id="455"><net_src comp="148" pin="2"/><net_sink comp="452" pin=0"/></net>

<net id="456"><net_src comp="452" pin="1"/><net_sink comp="172" pin=2"/></net>

<net id="457"><net_src comp="452" pin="1"/><net_sink comp="252" pin=6"/></net>

<net id="461"><net_src comp="154" pin="2"/><net_sink comp="458" pin=0"/></net>

<net id="462"><net_src comp="458" pin="1"/><net_sink comp="275" pin=1"/></net>

<net id="466"><net_src comp="160" pin="2"/><net_sink comp="463" pin=0"/></net>

<net id="467"><net_src comp="463" pin="1"/><net_sink comp="239" pin=0"/></net>

<net id="471"><net_src comp="166" pin="2"/><net_sink comp="468" pin=0"/></net>

<net id="472"><net_src comp="468" pin="1"/><net_sink comp="227" pin=0"/></net>

<net id="476"><net_src comp="275" pin="2"/><net_sink comp="473" pin=0"/></net>

<net id="480"><net_src comp="290" pin="2"/><net_sink comp="477" pin=0"/></net>

<net id="481"><net_src comp="477" pin="1"/><net_sink comp="187" pin=12"/></net>

<net id="485"><net_src comp="317" pin="2"/><net_sink comp="482" pin=0"/></net>

<net id="486"><net_src comp="482" pin="1"/><net_sink comp="377" pin=0"/></net>

<net id="487"><net_src comp="482" pin="1"/><net_sink comp="388" pin=0"/></net>

<net id="488"><net_src comp="482" pin="1"/><net_sink comp="395" pin=0"/></net>

</net_list>

</model> 
---------------- Datapath Model END ------------------

* FSMD analyzer results:
  - Output states:
	Port: fid | {2 3 }
	Port: m_axis_video_V_data_V | {3 }
	Port: m_axis_video_V_keep_V | {3 }
	Port: m_axis_video_V_strb_V | {3 }
	Port: m_axis_video_V_user_V | {3 }
	Port: m_axis_video_V_last_V | {3 }
	Port: m_axis_video_V_id_V | {3 }
	Port: m_axis_video_V_dest_V | {3 }
	Port: counter_loc_1_i_out | {2 }
	Port: p_phi_i_out | {4 }
	Port: counter | {2 }
 - Input state : 
	Port: MultiPixStream2AXIvideo_Pipeline_VITIS_LOOP_981_2 : sof | {1 }
	Port: MultiPixStream2AXIvideo_Pipeline_VITIS_LOOP_981_2 : empty | {1 }
	Port: MultiPixStream2AXIvideo_Pipeline_VITIS_LOOP_981_2 : cols | {1 }
	Port: MultiPixStream2AXIvideo_Pipeline_VITIS_LOOP_981_2 : fid_in_val12_load | {1 }
	Port: MultiPixStream2AXIvideo_Pipeline_VITIS_LOOP_981_2 : ovrlayYUV | {3 }
	Port: MultiPixStream2AXIvideo_Pipeline_VITIS_LOOP_981_2 : colorFormat_val27_load | {1 }
	Port: MultiPixStream2AXIvideo_Pipeline_VITIS_LOOP_981_2 : field_id_val11_load | {1 }
	Port: MultiPixStream2AXIvideo_Pipeline_VITIS_LOOP_981_2 : sub_i | {1 }
	Port: MultiPixStream2AXIvideo_Pipeline_VITIS_LOOP_981_2 : counter_loc_1_i_out | {2 3 }
  - Chain level:
	State 1
		store_ln981 : 1
	State 2
		icmp_ln981 : 1
		j_2 : 1
		br_ln981 : 2
		zext_ln981 : 1
		axi_last : 2
		br_ln1003 : 1
		add_ln1005 : 1
		store_ln1005 : 2
		store_ln1005 : 2
		store_ln981 : 2
	State 3
		fid_toggle : 1
		axi_data : 1
		axi_data_1 : 1
		axi_data_2 : 2
		sext_ln925 : 3
		select_ln1020 : 1
		select_ln1020_1 : 1
		tmp : 2
		axi_data_3 : 4
		write_ln1035 : 5
		fid_toggle_1 : 2
		write_ln1054 : 2
		write_ln1044 : 2
		empty_186 : 2
	State 4
	State 5


============================================================
+ Verbose Summary: Datapath Resource usage 
============================================================

* Functional unit list:
|----------|-----------------------------------------|---------|---------|
| Operation|             Functional Unit             |    FF   |   LUT   |
|----------|-----------------------------------------|---------|---------|
|          |            icmp_ln981_fu_275            |    0    |    18   |
|   icmp   |             axi_last_fu_290             |    0    |    19   |
|          |            icmp_ln1020_fu_317           |    0    |    15   |
|----------|-----------------------------------------|---------|---------|
|    add   |                j_2_fu_280               |    0    |    18   |
|          |            add_ln1005_fu_299            |    0    |    23   |
|----------|-----------------------------------------|---------|---------|
|          |            axi_data_2_fu_377            |    0    |    8    |
|  select  |           select_ln1020_fu_388          |    0    |    8    |
|          |          select_ln1020_1_fu_395         |    0    |    8    |
|----------|-----------------------------------------|---------|---------|
|    xor   |           fid_toggle_1_fu_423           |    0    |    2    |
|----------|-----------------------------------------|---------|---------|
|          |          sub_i_read_read_fu_130         |    0    |    0    |
|          |   field_id_val11_load_read_read_fu_136  |    0    |    0    |
|          | colorFormat_val27_load_read_read_fu_142 |    0    |    0    |
|   read   |    fid_in_val12_load_read_read_fu_148   |    0    |    0    |
|          |          cols_read_read_fu_154          |    0    |    0    |
|          |            tmp_27_read_fu_160           |    0    |    0    |
|          |           sof_read_read_fu_166          |    0    |    0    |
|          |        ovrlayYUV_read_read_fu_181       |    0    |    0    |
|----------|-----------------------------------------|---------|---------|
|          |             grp_write_fu_172            |    0    |    0    |
|   write  |        write_ln1035_write_fu_187        |    0    |    0    |
|          |        write_ln1008_write_fu_216        |    0    |    0    |
|----------|-----------------------------------------|---------|---------|
|   zext   |            zext_ln981_fu_286            |    0    |    0    |
|----------|-----------------------------------------|---------|---------|
|   trunc  |            fid_toggle_fu_331            |    0    |    0    |
|          |              pix_444_fu_337             |    0    |    0    |
|----------|-----------------------------------------|---------|---------|
|partselect|             pix_rgb_2_fu_341            |    0    |    0    |
|          |              pix_rgb_fu_351             |    0    |    0    |
|----------|-----------------------------------------|---------|---------|
|          |             axi_data_fu_361             |    0    |    0    |
|bitconcatenate|            axi_data_1_fu_369            |    0    |    0    |
|          |                tmp_fu_402               |    0    |    0    |
|----------|-----------------------------------------|---------|---------|
|   sext   |            sext_ln925_fu_384            |    0    |    0    |
|----------|-----------------------------------------|---------|---------|
|  partset |            axi_data_3_fu_410            |    0    |    0    |
|----------|-----------------------------------------|---------|---------|
|   Total  |                                         |    0    |   119   |
|----------|-----------------------------------------|---------|---------|

Memories:
N/A

* Register list:
+-----------------------------------+--------+
|                                   |   FF   |
+-----------------------------------+--------+
|          axi_last_reg_477         |    1   |
|colorFormat_val27_load_read_reg_447|    8   |
|         cols_read_reg_458         |   11   |
|         empty_186_reg_246         |    1   |
|   fid_in_val12_load_read_reg_452  |    1   |
|  field_id_val11_load_read_reg_443 |   16   |
|        icmp_ln1020_reg_482        |    1   |
|         icmp_ln981_reg_473        |    1   |
|             j_reg_431             |   11   |
|          p_phi_i_reg_235          |    1   |
|           sof_2_reg_223           |    1   |
|          sof_read_reg_468         |    1   |
|         sub_i_read_reg_438        |   12   |
|           tmp_27_reg_463          |    1   |
+-----------------------------------+--------+
|               Total               |   67   |
+-----------------------------------+--------+

* Multiplexer (MUX) list: 
|-------------------|------|------|------|--------||---------||---------|
|        Comp       |  Pin | Size |  BW  | S x BW ||  Delay  ||   LUT   |
|-------------------|------|------|------|--------||---------||---------|
|  grp_write_fu_172 |  p2  |   5  |   1  |    5   ||    20   |
| empty_186_reg_246 |  p0  |   3  |   1  |    3   ||    9    |
|-------------------|------|------|------|--------||---------||---------|
|       Total       |      |      |      |    8   ||   1.21  ||    29   |
|-------------------|------|------|------|--------||---------||---------|



* Summary:
+-----------+--------+--------+--------+
|           |  Delay |   FF   |   LUT  |
+-----------+--------+--------+--------+
|  Function |    -   |    0   |   119  |
|   Memory  |    -   |    -   |    -   |
|Multiplexer|    1   |    -   |   29   |
|  Register |    -   |   67   |    -   |
+-----------+--------+--------+--------+
|   Total   |    1   |   67   |   148  |
+-----------+--------+--------+--------+
