

================================================================
== Vitis HLS Report for 'tpgBackground'
================================================================
* Date:           Tue Feb 20 09:49:11 2024

* Version:        2023.2 (Build 4023990 on Oct 11 2023)
* Project:        prj
* Solution:       sol (Vivado IP Flow Target)
* Product family: zynquplus
* Target device:  xczu4ev-sfvc784-1-e


================================================================
== Performance Estimates
================================================================
+ Timing: 
    * Summary: 
    +--------+----------+----------+------------+
    |  Clock |  Target  | Estimated| Uncertainty|
    +--------+----------+----------+------------+
    |ap_clk  |  13.75 ns|  8.802 ns|     3.71 ns|
    +--------+----------+----------+------------+

+ Latency: 
    * Summary: 
    +---------+------------+-----------+------------+-----+------------+---------+
    |   Latency (cycles)   |   Latency (absolute)   |     Interval     | Pipeline|
    |   min   |     max    |    min    |     max    | min |     max    |   Type  |
    +---------+------------+-----------+------------+-----+------------+---------+
    |        1|  4295819251|  13.750 ns|  59.068 sec|    1|  4295819251|       no|
    +---------+------------+-----------+------------+-----+------------+---------+

    + Detail: 
        * Instance: 
        N/A

        * Loop: 
        +--------------------+---------+------------+------------+-----------+-----------+-----------+----------+
        |                    |   Latency (cycles)   |  Iteration |  Initiation Interval  |    Trip   |          |
        |      Loop Name     |   min   |     max    |   Latency  |  achieved |   target  |   Count   | Pipelined|
        +--------------------+---------+------------+------------+-----------+-----------+-----------+----------+
        |- VITIS_LOOP_563_1  |        0|  4295819250|  15 ~ 65550|          -|          -|  0 ~ 65535|        no|
        +--------------------+---------+------------+------------+-----------+-----------+-----------+----------+

============================================================
+ Verbose Summary: Synthesis Manager
============================================================
InlineROM: 1
ExposeGlobal: 0
============================================================
+ Verbose Summary: CDFG Model
============================================================
IsTopModel: 0
ResetActiveHigh: 1
IsCombinational: 2
IsDatapathOnly: 0
HasWiredReturn: 1
HasMFsm: 0
HasVarLatency: 1
IsPipeline: 0
IsRtlPipelined: 0
IsInstanceOverlapped: 0
IsDontTouch: 0
HasImplIP: 0
IsGatedGlobalClock: 0


============================================================
+ Verbose Summary: Schedule
============================================================
* Number of FSM states : 5
* Pipeline : 0
* Dataflow Pipeline: 0

* FSM state transitions: 
1 --> 2 
2 --> 3 
3 --> 4 
4 --> 5 
5 --> 2 

* FSM state operations: 

State 1 <SV = 0> <Delay = 4.33>
ST_1 : Operation 6 [1/1] (0.00ns)   --->   "%p_0_0_010245_lcssa252 = alloca i32 1"   --->   Operation 6 'alloca' 'p_0_0_010245_lcssa252' <Predicate = true> <Delay = 0.00>
ST_1 : Operation 7 [1/1] (0.00ns)   --->   "%p_0_0_09247_lcssa255 = alloca i32 1"   --->   Operation 7 'alloca' 'p_0_0_09247_lcssa255' <Predicate = true> <Delay = 0.00>
ST_1 : Operation 8 [1/1] (0.00ns)   --->   "%p_0_0_0249_lcssa258 = alloca i32 1"   --->   Operation 8 'alloca' 'p_0_0_0249_lcssa258' <Predicate = true> <Delay = 0.00>
ST_1 : Operation 9 [1/1] (0.00ns)   --->   "%y = alloca i32 1" [/home/sundance/Emilie_Projects/git/EMC2/BSP_HDMI_out_TE0820_4EV/2023.2/firmware/EMC2_HDMI_out.runs/design_1_v_tpg_0_0_synth_1/prj/sol/.autopilot/db/v_tpg.cpp:549]   --->   Operation 9 'alloca' 'y' <Predicate = true> <Delay = 0.00>
ST_1 : Operation 10 [1/1] (0.00ns)   --->   "%outpix_6 = alloca i32 1" [/home/sundance/Emilie_Projects/git/EMC2/BSP_HDMI_out_TE0820_4EV/2023.2/firmware/EMC2_HDMI_out.runs/design_1_v_tpg_0_0_synth_1/prj/sol/.autopilot/db/v_tpg.cpp:552]   --->   Operation 10 'alloca' 'outpix_6' <Predicate = true> <Delay = 0.00>
ST_1 : Operation 11 [1/1] (0.00ns)   --->   "%outpix_7 = alloca i32 1" [/home/sundance/Emilie_Projects/git/EMC2/BSP_HDMI_out_TE0820_4EV/2023.2/firmware/EMC2_HDMI_out.runs/design_1_v_tpg_0_0_synth_1/prj/sol/.autopilot/db/v_tpg.cpp:552]   --->   Operation 11 'alloca' 'outpix_7' <Predicate = true> <Delay = 0.00>
ST_1 : Operation 12 [1/1] (0.00ns)   --->   "%outpix_8 = alloca i32 1" [/home/sundance/Emilie_Projects/git/EMC2/BSP_HDMI_out_TE0820_4EV/2023.2/firmware/EMC2_HDMI_out.runs/design_1_v_tpg_0_0_synth_1/prj/sol/.autopilot/db/v_tpg.cpp:552]   --->   Operation 12 'alloca' 'outpix_8' <Predicate = true> <Delay = 0.00>
ST_1 : Operation 13 [1/1] (0.00ns)   --->   "%hBarSel_5_0_loc_0 = alloca i32 1"   --->   Operation 13 'alloca' 'hBarSel_5_0_loc_0' <Predicate = true> <Delay = 0.00>
ST_1 : Operation 14 [1/1] (0.00ns)   --->   "%vBarSel_3_loc_0 = alloca i32 1"   --->   Operation 14 'alloca' 'vBarSel_3_loc_0' <Predicate = true> <Delay = 0.00>
ST_1 : Operation 15 [1/1] (0.00ns)   --->   "%rampVal_2_loc_0 = alloca i32 1"   --->   Operation 15 'alloca' 'rampVal_2_loc_0' <Predicate = true> <Delay = 0.00>
ST_1 : Operation 16 [1/1] (0.00ns)   --->   "%rampVal_2_new_0 = alloca i32 1"   --->   Operation 16 'alloca' 'rampVal_2_new_0' <Predicate = true> <Delay = 0.00>
ST_1 : Operation 17 [1/1] (0.00ns)   --->   "%hBarSel_3_0_loc_0 = alloca i32 1"   --->   Operation 17 'alloca' 'hBarSel_3_0_loc_0' <Predicate = true> <Delay = 0.00>
ST_1 : Operation 18 [1/1] (0.00ns)   --->   "%vBarSel_2_loc_0 = alloca i32 1"   --->   Operation 18 'alloca' 'vBarSel_2_loc_0' <Predicate = true> <Delay = 0.00>
ST_1 : Operation 19 [1/1] (0.00ns)   --->   "%hdata_loc_0 = alloca i32 1"   --->   Operation 19 'alloca' 'hdata_loc_0' <Predicate = true> <Delay = 0.00>
ST_1 : Operation 20 [1/1] (0.00ns)   --->   "%hdata_new_0 = alloca i32 1"   --->   Operation 20 'alloca' 'hdata_new_0' <Predicate = true> <Delay = 0.00>
ST_1 : Operation 21 [1/1] (0.00ns)   --->   "%hBarSel_0_loc_0 = alloca i32 1"   --->   Operation 21 'alloca' 'hBarSel_0_loc_0' <Predicate = true> <Delay = 0.00>
ST_1 : Operation 22 [1/1] (0.00ns)   --->   "%vBarSel_loc_0 = alloca i32 1"   --->   Operation 22 'alloca' 'vBarSel_loc_0' <Predicate = true> <Delay = 0.00>
ST_1 : Operation 23 [1/1] (0.00ns)   --->   "%zonePlateVAddr_loc_0 = alloca i32 1"   --->   Operation 23 'alloca' 'zonePlateVAddr_loc_0' <Predicate = true> <Delay = 0.00>
ST_1 : Operation 24 [1/1] (0.00ns)   --->   "%hBarSel_4_0_loc_0 = alloca i32 1"   --->   Operation 24 'alloca' 'hBarSel_4_0_loc_0' <Predicate = true> <Delay = 0.00>
ST_1 : Operation 25 [1/1] (0.00ns)   --->   "%rampVal_loc_0 = alloca i32 1"   --->   Operation 25 'alloca' 'rampVal_loc_0' <Predicate = true> <Delay = 0.00>
ST_1 : Operation 26 [1/1] (0.00ns)   --->   "%rampVal_3_loc_0 = alloca i32 1"   --->   Operation 26 'alloca' 'rampVal_3_loc_0' <Predicate = true> <Delay = 0.00>
ST_1 : Operation 27 [1/1] (0.00ns)   --->   "%rampVal_3_new_0 = alloca i32 1"   --->   Operation 27 'alloca' 'rampVal_3_new_0' <Predicate = true> <Delay = 0.00>
ST_1 : Operation 28 [1/1] (0.00ns)   --->   "%rampVal_2_flag_1_loc = alloca i64 1"   --->   Operation 28 'alloca' 'rampVal_2_flag_1_loc' <Predicate = true> <Delay = 0.00>
ST_1 : Operation 29 [1/1] (0.00ns)   --->   "%hdata_flag_1_loc = alloca i64 1"   --->   Operation 29 'alloca' 'hdata_flag_1_loc' <Predicate = true> <Delay = 0.00>
ST_1 : Operation 30 [1/1] (0.00ns)   --->   "%rampVal_3_flag_1_loc = alloca i64 1"   --->   Operation 30 'alloca' 'rampVal_3_flag_1_loc' <Predicate = true> <Delay = 0.00>
ST_1 : Operation 31 [1/1] (0.00ns)   --->   "%specinterface_ln0 = specinterface void @_ssdm_op_SpecInterface, i8 %dpYUVCoef_val, void @ap_fifo_str, i32 0, i32 0, void @p_str, i32 0, i32 0, void @p_str, void @p_str, void @p_str, i32 2, i32 2, i32 16, i32 16, void @p_str, void @ScalarProp_str, i32 4294967295, i32 0"   --->   Operation 31 'specinterface' 'specinterface_ln0' <Predicate = true> <Delay = 0.00>
ST_1 : Operation 32 [1/1] (2.16ns)   --->   "%dpYUVCoef_val_read = read i8 @_ssdm_op_Read.ap_fifo.i8P0A, i8 %dpYUVCoef_val"   --->   Operation 32 'read' 'dpYUVCoef_val_read' <Predicate = true> <Delay = 2.16> <CoreInst = "FIFO_SRL">   --->   Core 81 'FIFO_SRL' <Latency = 0> <II = 1> <Delay = 2.16> <Storage> <Opcode : 'read' 'write' 'nbread' 'nbwrite'> <Ports = 0> <Width = 8> <Depth = 3> <FIFO>
ST_1 : Operation 33 [1/1] (0.00ns)   --->   "%specinterface_ln0 = specinterface void @_ssdm_op_SpecInterface, i8 %dpDynamicRange_val, void @ap_fifo_str, i32 0, i32 0, void @p_str, i32 0, i32 0, void @p_str, void @p_str, void @p_str, i32 2, i32 2, i32 16, i32 16, void @p_str, void @ScalarProp_str, i32 4294967295, i32 0"   --->   Operation 33 'specinterface' 'specinterface_ln0' <Predicate = true> <Delay = 0.00>
ST_1 : Operation 34 [1/1] (2.16ns)   --->   "%dpDynamicRange_val_read = read i8 @_ssdm_op_Read.ap_fifo.i8P0A, i8 %dpDynamicRange_val"   --->   Operation 34 'read' 'dpDynamicRange_val_read' <Predicate = true> <Delay = 2.16> <CoreInst = "FIFO_SRL">   --->   Core 81 'FIFO_SRL' <Latency = 0> <II = 1> <Delay = 2.16> <Storage> <Opcode : 'read' 'write' 'nbread' 'nbwrite'> <Ports = 0> <Width = 8> <Depth = 3> <FIFO>
ST_1 : Operation 35 [1/1] (0.00ns)   --->   "%specinterface_ln0 = specinterface void @_ssdm_op_SpecInterface, i16 %ZplateVerContDelta_val, void @ap_fifo_str, i32 0, i32 0, void @p_str, i32 0, i32 0, void @p_str, void @p_str, void @p_str, i32 2, i32 2, i32 16, i32 16, void @p_str, void @ScalarProp_str, i32 4294967295, i32 0"   --->   Operation 35 'specinterface' 'specinterface_ln0' <Predicate = true> <Delay = 0.00>
ST_1 : Operation 36 [1/1] (2.16ns)   --->   "%ZplateVerContDelta_val_read = read i16 @_ssdm_op_Read.ap_fifo.i16P0A, i16 %ZplateVerContDelta_val"   --->   Operation 36 'read' 'ZplateVerContDelta_val_read' <Predicate = true> <Delay = 2.16> <CoreInst = "FIFO_SRL">   --->   Core 81 'FIFO_SRL' <Latency = 0> <II = 1> <Delay = 2.16> <Storage> <Opcode : 'read' 'write' 'nbread' 'nbwrite'> <Ports = 0> <Width = 16> <Depth = 3> <FIFO>
ST_1 : Operation 37 [1/1] (0.00ns)   --->   "%specinterface_ln0 = specinterface void @_ssdm_op_SpecInterface, i16 %ZplateVerContStart_val, void @ap_fifo_str, i32 0, i32 0, void @p_str, i32 0, i32 0, void @p_str, void @p_str, void @p_str, i32 2, i32 2, i32 16, i32 16, void @p_str, void @ScalarProp_str, i32 4294967295, i32 0"   --->   Operation 37 'specinterface' 'specinterface_ln0' <Predicate = true> <Delay = 0.00>
ST_1 : Operation 38 [1/1] (2.16ns)   --->   "%ZplateVerContStart_val_read = read i16 @_ssdm_op_Read.ap_fifo.i16P0A, i16 %ZplateVerContStart_val"   --->   Operation 38 'read' 'ZplateVerContStart_val_read' <Predicate = true> <Delay = 2.16> <CoreInst = "FIFO_SRL">   --->   Core 81 'FIFO_SRL' <Latency = 0> <II = 1> <Delay = 2.16> <Storage> <Opcode : 'read' 'write' 'nbread' 'nbwrite'> <Ports = 0> <Width = 16> <Depth = 3> <FIFO>
ST_1 : Operation 39 [1/1] (0.00ns)   --->   "%specinterface_ln0 = specinterface void @_ssdm_op_SpecInterface, i16 %ZplateHorContDelta_val, void @ap_fifo_str, i32 0, i32 0, void @p_str, i32 0, i32 0, void @p_str, void @p_str, void @p_str, i32 2, i32 2, i32 16, i32 16, void @p_str, void @ScalarProp_str, i32 4294967295, i32 0"   --->   Operation 39 'specinterface' 'specinterface_ln0' <Predicate = true> <Delay = 0.00>
ST_1 : Operation 40 [1/1] (2.16ns)   --->   "%ZplateHorContDelta_val_read = read i16 @_ssdm_op_Read.ap_fifo.i16P0A, i16 %ZplateHorContDelta_val"   --->   Operation 40 'read' 'ZplateHorContDelta_val_read' <Predicate = true> <Delay = 2.16> <CoreInst = "FIFO_SRL">   --->   Core 81 'FIFO_SRL' <Latency = 0> <II = 1> <Delay = 2.16> <Storage> <Opcode : 'read' 'write' 'nbread' 'nbwrite'> <Ports = 0> <Width = 16> <Depth = 3> <FIFO>
ST_1 : Operation 41 [1/1] (0.00ns)   --->   "%specinterface_ln0 = specinterface void @_ssdm_op_SpecInterface, i16 %ZplateHorContStart_val, void @ap_fifo_str, i32 0, i32 0, void @p_str, i32 0, i32 0, void @p_str, void @p_str, void @p_str, i32 2, i32 2, i32 16, i32 16, void @p_str, void @ScalarProp_str, i32 4294967295, i32 0"   --->   Operation 41 'specinterface' 'specinterface_ln0' <Predicate = true> <Delay = 0.00>
ST_1 : Operation 42 [1/1] (2.16ns)   --->   "%ZplateHorContStart_val_read = read i16 @_ssdm_op_Read.ap_fifo.i16P0A, i16 %ZplateHorContStart_val"   --->   Operation 42 'read' 'ZplateHorContStart_val_read' <Predicate = true> <Delay = 2.16> <CoreInst = "FIFO_SRL">   --->   Core 81 'FIFO_SRL' <Latency = 0> <II = 1> <Delay = 2.16> <Storage> <Opcode : 'read' 'write' 'nbread' 'nbwrite'> <Ports = 0> <Width = 16> <Depth = 3> <FIFO>
ST_1 : Operation 43 [1/1] (0.00ns)   --->   "%specinterface_ln0 = specinterface void @_ssdm_op_SpecInterface, i8 %colorFormat_val, void @ap_fifo_str, i32 0, i32 0, void @p_str, i32 0, i32 0, void @p_str, void @p_str, void @p_str, i32 2, i32 2, i32 16, i32 16, void @p_str, void @ScalarProp_str, i32 4294967295, i32 0"   --->   Operation 43 'specinterface' 'specinterface_ln0' <Predicate = true> <Delay = 0.00>
ST_1 : Operation 44 [1/1] (2.16ns)   --->   "%colorFormatLocal = read i8 @_ssdm_op_Read.ap_fifo.i8P0A, i8 %colorFormat_val"   --->   Operation 44 'read' 'colorFormatLocal' <Predicate = true> <Delay = 2.16> <CoreInst = "FIFO_SRL">   --->   Core 81 'FIFO_SRL' <Latency = 0> <II = 1> <Delay = 2.16> <Storage> <Opcode : 'read' 'write' 'nbread' 'nbwrite'> <Ports = 0> <Width = 8> <Depth = 2> <FIFO>
ST_1 : Operation 45 [1/1] (0.00ns)   --->   "%specinterface_ln0 = specinterface void @_ssdm_op_SpecInterface, i8 %colorFormat_val27_c19, void @ap_fifo_str, i32 0, i32 0, void @p_str, i32 0, i32 0, void @p_str, void @p_str, void @p_str, i32 2, i32 2, i32 16, i32 16, void @p_str, void @ScalarProp_str, i32 4294967295, i32 0"   --->   Operation 45 'specinterface' 'specinterface_ln0' <Predicate = true> <Delay = 0.00>
ST_1 : Operation 46 [1/1] (2.16ns)   --->   "%write_ln0 = write void @_ssdm_op_Write.ap_fifo.i8P0A, i8 %colorFormat_val27_c19, i8 %colorFormatLocal"   --->   Operation 46 'write' 'write_ln0' <Predicate = true> <Delay = 2.16> <CoreInst = "FIFO_SRL">   --->   Core 81 'FIFO_SRL' <Latency = 0> <II = 1> <Delay = 2.16> <Storage> <Opcode : 'read' 'write' 'nbread' 'nbwrite'> <Ports = 0> <Width = 8> <Depth = 2> <FIFO>
ST_1 : Operation 47 [1/1] (0.00ns)   --->   "%specinterface_ln0 = specinterface void @_ssdm_op_SpecInterface, i8 %motionSpeed_val, void @ap_fifo_str, i32 0, i32 0, void @p_str, i32 0, i32 0, void @p_str, void @p_str, void @p_str, i32 2, i32 2, i32 16, i32 16, void @p_str, void @ScalarProp_str, i32 4294967295, i32 0"   --->   Operation 47 'specinterface' 'specinterface_ln0' <Predicate = true> <Delay = 0.00>
ST_1 : Operation 48 [1/1] (2.16ns)   --->   "%motionSpeed_val_read = read i8 @_ssdm_op_Read.ap_fifo.i8P0A, i8 %motionSpeed_val"   --->   Operation 48 'read' 'motionSpeed_val_read' <Predicate = true> <Delay = 2.16> <CoreInst = "FIFO_SRL">   --->   Core 81 'FIFO_SRL' <Latency = 0> <II = 1> <Delay = 2.16> <Storage> <Opcode : 'read' 'write' 'nbread' 'nbwrite'> <Ports = 0> <Width = 8> <Depth = 3> <FIFO>
ST_1 : Operation 49 [1/1] (0.00ns)   --->   "%specinterface_ln0 = specinterface void @_ssdm_op_SpecInterface, i8 %motionSpeed_val23_c, void @ap_fifo_str, i32 0, i32 0, void @p_str, i32 0, i32 0, void @p_str, void @p_str, void @p_str, i32 2, i32 2, i32 16, i32 16, void @p_str, void @ScalarProp_str, i32 4294967295, i32 0"   --->   Operation 49 'specinterface' 'specinterface_ln0' <Predicate = true> <Delay = 0.00>
ST_1 : Operation 50 [1/1] (2.16ns)   --->   "%write_ln0 = write void @_ssdm_op_Write.ap_fifo.i8P0A, i8 %motionSpeed_val23_c, i8 %motionSpeed_val_read"   --->   Operation 50 'write' 'write_ln0' <Predicate = true> <Delay = 2.16> <CoreInst = "FIFO_SRL">   --->   Core 81 'FIFO_SRL' <Latency = 0> <II = 1> <Delay = 2.16> <Storage> <Opcode : 'read' 'write' 'nbread' 'nbwrite'> <Ports = 0> <Width = 8> <Depth = 2> <FIFO>
ST_1 : Operation 51 [1/1] (0.00ns)   --->   "%specinterface_ln0 = specinterface void @_ssdm_op_SpecInterface, i8 %patternId_val, void @ap_fifo_str, i32 0, i32 0, void @p_str, i32 0, i32 0, void @p_str, void @p_str, void @p_str, i32 2, i32 2, i32 16, i32 16, void @p_str, void @ScalarProp_str, i32 4294967295, i32 0"   --->   Operation 51 'specinterface' 'specinterface_ln0' <Predicate = true> <Delay = 0.00>
ST_1 : Operation 52 [1/1] (2.16ns)   --->   "%patternId_val_read = read i8 @_ssdm_op_Read.ap_fifo.i8P0A, i8 %patternId_val"   --->   Operation 52 'read' 'patternId_val_read' <Predicate = true> <Delay = 2.16> <CoreInst = "FIFO_SRL">   --->   Core 81 'FIFO_SRL' <Latency = 0> <II = 1> <Delay = 2.16> <Storage> <Opcode : 'read' 'write' 'nbread' 'nbwrite'> <Ports = 0> <Width = 8> <Depth = 3> <FIFO>
ST_1 : Operation 53 [1/1] (0.00ns)   --->   "%specinterface_ln0 = specinterface void @_ssdm_op_SpecInterface, i8 %enableInput_val, void @ap_fifo_str, i32 0, i32 0, void @p_str, i32 0, i32 0, void @p_str, void @p_str, void @p_str, i32 2, i32 2, i32 16, i32 16, void @p_str, void @ScalarProp_str, i32 4294967295, i32 0"   --->   Operation 53 'specinterface' 'specinterface_ln0' <Predicate = true> <Delay = 0.00>
ST_1 : Operation 54 [1/1] (2.16ns)   --->   "%enableInput_val_read = read i8 @_ssdm_op_Read.ap_fifo.i8P0A, i8 %enableInput_val"   --->   Operation 54 'read' 'enableInput_val_read' <Predicate = true> <Delay = 2.16> <CoreInst = "FIFO_SRL">   --->   Core 81 'FIFO_SRL' <Latency = 0> <II = 1> <Delay = 2.16> <Storage> <Opcode : 'read' 'write' 'nbread' 'nbwrite'> <Ports = 0> <Width = 8> <Depth = 2> <FIFO>
ST_1 : Operation 55 [1/1] (0.00ns)   --->   "%specinterface_ln0 = specinterface void @_ssdm_op_SpecInterface, i16 %passthruEndY_val, void @ap_fifo_str, i32 0, i32 0, void @p_str, i32 0, i32 0, void @p_str, void @p_str, void @p_str, i32 2, i32 2, i32 16, i32 16, void @p_str, void @ScalarProp_str, i32 4294967295, i32 0"   --->   Operation 55 'specinterface' 'specinterface_ln0' <Predicate = true> <Delay = 0.00>
ST_1 : Operation 56 [1/1] (2.16ns)   --->   "%passthruEndY_val_read = read i16 @_ssdm_op_Read.ap_fifo.i16P0A, i16 %passthruEndY_val"   --->   Operation 56 'read' 'passthruEndY_val_read' <Predicate = true> <Delay = 2.16> <CoreInst = "FIFO_SRL">   --->   Core 81 'FIFO_SRL' <Latency = 0> <II = 1> <Delay = 2.16> <Storage> <Opcode : 'read' 'write' 'nbread' 'nbwrite'> <Ports = 0> <Width = 16> <Depth = 3> <FIFO>
ST_1 : Operation 57 [1/1] (0.00ns)   --->   "%specinterface_ln0 = specinterface void @_ssdm_op_SpecInterface, i16 %passthruEndX_val, void @ap_fifo_str, i32 0, i32 0, void @p_str, i32 0, i32 0, void @p_str, void @p_str, void @p_str, i32 2, i32 2, i32 16, i32 16, void @p_str, void @ScalarProp_str, i32 4294967295, i32 0"   --->   Operation 57 'specinterface' 'specinterface_ln0' <Predicate = true> <Delay = 0.00>
ST_1 : Operation 58 [1/1] (2.16ns)   --->   "%passthruEndX_val_read = read i16 @_ssdm_op_Read.ap_fifo.i16P0A, i16 %passthruEndX_val"   --->   Operation 58 'read' 'passthruEndX_val_read' <Predicate = true> <Delay = 2.16> <CoreInst = "FIFO_SRL">   --->   Core 81 'FIFO_SRL' <Latency = 0> <II = 1> <Delay = 2.16> <Storage> <Opcode : 'read' 'write' 'nbread' 'nbwrite'> <Ports = 0> <Width = 16> <Depth = 3> <FIFO>
ST_1 : Operation 59 [1/1] (0.00ns)   --->   "%specinterface_ln0 = specinterface void @_ssdm_op_SpecInterface, i16 %passthruStartY_val, void @ap_fifo_str, i32 0, i32 0, void @p_str, i32 0, i32 0, void @p_str, void @p_str, void @p_str, i32 2, i32 2, i32 16, i32 16, void @p_str, void @ScalarProp_str, i32 4294967295, i32 0"   --->   Operation 59 'specinterface' 'specinterface_ln0' <Predicate = true> <Delay = 0.00>
ST_1 : Operation 60 [1/1] (2.16ns)   --->   "%passthruStartY_val_read = read i16 @_ssdm_op_Read.ap_fifo.i16P0A, i16 %passthruStartY_val"   --->   Operation 60 'read' 'passthruStartY_val_read' <Predicate = true> <Delay = 2.16> <CoreInst = "FIFO_SRL">   --->   Core 81 'FIFO_SRL' <Latency = 0> <II = 1> <Delay = 2.16> <Storage> <Opcode : 'read' 'write' 'nbread' 'nbwrite'> <Ports = 0> <Width = 16> <Depth = 3> <FIFO>
ST_1 : Operation 61 [1/1] (0.00ns)   --->   "%specinterface_ln0 = specinterface void @_ssdm_op_SpecInterface, i16 %passthruStartX_val, void @ap_fifo_str, i32 0, i32 0, void @p_str, i32 0, i32 0, void @p_str, void @p_str, void @p_str, i32 2, i32 2, i32 16, i32 16, void @p_str, void @ScalarProp_str, i32 4294967295, i32 0"   --->   Operation 61 'specinterface' 'specinterface_ln0' <Predicate = true> <Delay = 0.00>
ST_1 : Operation 62 [1/1] (2.16ns)   --->   "%passthruStartX_val_read = read i16 @_ssdm_op_Read.ap_fifo.i16P0A, i16 %passthruStartX_val"   --->   Operation 62 'read' 'passthruStartX_val_read' <Predicate = true> <Delay = 2.16> <CoreInst = "FIFO_SRL">   --->   Core 81 'FIFO_SRL' <Latency = 0> <II = 1> <Delay = 2.16> <Storage> <Opcode : 'read' 'write' 'nbread' 'nbwrite'> <Ports = 0> <Width = 16> <Depth = 3> <FIFO>
ST_1 : Operation 63 [1/1] (0.00ns)   --->   "%specinterface_ln0 = specinterface void @_ssdm_op_SpecInterface, i16 %width_val, void @ap_fifo_str, i32 0, i32 0, void @p_str, i32 0, i32 0, void @p_str, void @p_str, void @p_str, i32 2, i32 2, i32 16, i32 16, void @p_str, void @ScalarProp_str, i32 4294967295, i32 0"   --->   Operation 63 'specinterface' 'specinterface_ln0' <Predicate = true> <Delay = 0.00>
ST_1 : Operation 64 [1/1] (2.16ns)   --->   "%loopWidth = read i16 @_ssdm_op_Read.ap_fifo.i16P0A, i16 %width_val"   --->   Operation 64 'read' 'loopWidth' <Predicate = true> <Delay = 2.16> <CoreInst = "FIFO_SRL">   --->   Core 81 'FIFO_SRL' <Latency = 0> <II = 1> <Delay = 2.16> <Storage> <Opcode : 'read' 'write' 'nbread' 'nbwrite'> <Ports = 0> <Width = 16> <Depth = 2> <FIFO>
ST_1 : Operation 65 [1/1] (0.00ns)   --->   "%specinterface_ln0 = specinterface void @_ssdm_op_SpecInterface, i16 %width_val10_c16, void @ap_fifo_str, i32 0, i32 0, void @p_str, i32 0, i32 0, void @p_str, void @p_str, void @p_str, i32 2, i32 2, i32 16, i32 16, void @p_str, void @ScalarProp_str, i32 4294967295, i32 0"   --->   Operation 65 'specinterface' 'specinterface_ln0' <Predicate = true> <Delay = 0.00>
ST_1 : Operation 66 [1/1] (2.16ns)   --->   "%write_ln0 = write void @_ssdm_op_Write.ap_fifo.i16P0A, i16 %width_val10_c16, i16 %loopWidth"   --->   Operation 66 'write' 'write_ln0' <Predicate = true> <Delay = 2.16> <CoreInst = "FIFO_SRL">   --->   Core 81 'FIFO_SRL' <Latency = 0> <II = 1> <Delay = 2.16> <Storage> <Opcode : 'read' 'write' 'nbread' 'nbwrite'> <Ports = 0> <Width = 16> <Depth = 2> <FIFO>
ST_1 : Operation 67 [1/1] (0.00ns)   --->   "%specinterface_ln0 = specinterface void @_ssdm_op_SpecInterface, i16 %height_val, void @ap_fifo_str, i32 0, i32 0, void @p_str, i32 0, i32 0, void @p_str, void @p_str, void @p_str, i32 2, i32 2, i32 16, i32 16, void @p_str, void @ScalarProp_str, i32 4294967295, i32 0"   --->   Operation 67 'specinterface' 'specinterface_ln0' <Predicate = true> <Delay = 0.00>
ST_1 : Operation 68 [1/1] (2.16ns)   --->   "%loopHeight = read i16 @_ssdm_op_Read.ap_fifo.i16P0A, i16 %height_val"   --->   Operation 68 'read' 'loopHeight' <Predicate = true> <Delay = 2.16> <CoreInst = "FIFO_SRL">   --->   Core 81 'FIFO_SRL' <Latency = 0> <II = 1> <Delay = 2.16> <Storage> <Opcode : 'read' 'write' 'nbread' 'nbwrite'> <Ports = 0> <Width = 16> <Depth = 2> <FIFO>
ST_1 : Operation 69 [1/1] (0.00ns)   --->   "%specinterface_ln0 = specinterface void @_ssdm_op_SpecInterface, i16 %height_val5_c14, void @ap_fifo_str, i32 0, i32 0, void @p_str, i32 0, i32 0, void @p_str, void @p_str, void @p_str, i32 2, i32 2, i32 16, i32 16, void @p_str, void @ScalarProp_str, i32 4294967295, i32 0"   --->   Operation 69 'specinterface' 'specinterface_ln0' <Predicate = true> <Delay = 0.00>
ST_1 : Operation 70 [1/1] (2.16ns)   --->   "%write_ln0 = write void @_ssdm_op_Write.ap_fifo.i16P0A, i16 %height_val5_c14, i16 %loopHeight"   --->   Operation 70 'write' 'write_ln0' <Predicate = true> <Delay = 2.16> <CoreInst = "FIFO_SRL">   --->   Core 81 'FIFO_SRL' <Latency = 0> <II = 1> <Delay = 2.16> <Storage> <Opcode : 'read' 'write' 'nbread' 'nbwrite'> <Ports = 0> <Width = 16> <Depth = 2> <FIFO>
ST_1 : Operation 71 [1/1] (0.00ns)   --->   "%specinterface_ln0 = specinterface void @_ssdm_op_SpecInterface, i24 %bckgndYUV, void @empty_26, i32 0, i32 0, void @empty_16, i32 0, i32 0, void @empty_16, void @empty_16, void @empty_16, i32 0, i32 0, i32 0, i32 0, void @empty_16, void @empty_16, i32 4294967295, i32 0"   --->   Operation 71 'specinterface' 'specinterface_ln0' <Predicate = true> <Delay = 0.00>
ST_1 : Operation 72 [1/1] (0.00ns)   --->   "%specinterface_ln0 = specinterface void @_ssdm_op_SpecInterface, i24 %srcYUV, void @empty_26, i32 0, i32 0, void @empty_16, i32 0, i32 0, void @empty_16, void @empty_16, void @empty_16, i32 0, i32 0, i32 0, i32 0, void @empty_16, void @empty_16, i32 4294967295, i32 0"   --->   Operation 72 'specinterface' 'specinterface_ln0' <Predicate = true> <Delay = 0.00>
ST_1 : Operation 73 [1/1] (0.90ns)   --->   "%cmp8 = icmp_ne  i8 %enableInput_val_read, i8 0"   --->   Operation 73 'icmp' 'cmp8' <Predicate = true> <Delay = 0.90> <CoreInst = "Cmp">   --->   Core 9 'Cmp' <Latency = 0> <II = 1> <Delay = 0.90> <FuncUnit> <Opcode : 'icmp'> <InPorts = 2> <OutPorts = 1>
ST_1 : Operation 74 [1/1] (0.90ns)   --->   "%cmp2_i267 = icmp_eq  i8 %colorFormatLocal, i8 0"   --->   Operation 74 'icmp' 'cmp2_i267' <Predicate = true> <Delay = 0.90> <CoreInst = "Cmp">   --->   Core 9 'Cmp' <Latency = 0> <II = 1> <Delay = 0.90> <FuncUnit> <Opcode : 'icmp'> <InPorts = 2> <OutPorts = 1>
ST_1 : Operation 75 [1/1] (0.44ns)   --->   "%outpix = select i1 %cmp2_i267, i8 255, i8 76"   --->   Operation 75 'select' 'outpix' <Predicate = true> <Delay = 0.44> <CoreInst = "Sel">   --->   Core 73 'Sel' <Latency = 0> <II = 1> <Delay = 0.44> <FuncUnit> <Opcode : 'select'> <InPorts = 3> <OutPorts = 1>
ST_1 : Operation 76 [1/1] (0.33ns)   --->   "%outpix_1 = xor i1 %cmp2_i267, i1 1"   --->   Operation 76 'xor' 'outpix_1' <Predicate = true> <Delay = 0.33> <CoreInst = "LogicGate">   --->   Core 74 'LogicGate' <Latency = 0> <II = 1> <Delay = 0.33> <FuncUnit> <Opcode : 'and' 'or' 'xor'> <InPorts = 2> <OutPorts = 1>
ST_1 : Operation 77 [1/1] (0.44ns)   --->   "%outpix_2 = select i1 %cmp2_i267, i8 0, i8 149"   --->   Operation 77 'select' 'outpix_2' <Predicate = true> <Delay = 0.44> <CoreInst = "Sel">   --->   Core 73 'Sel' <Latency = 0> <II = 1> <Delay = 0.44> <FuncUnit> <Opcode : 'select'> <InPorts = 3> <OutPorts = 1>
ST_1 : Operation 78 [1/1] (0.48ns)   --->   "%select_ln552 = select i1 %cmp2_i267, i5 0, i5 21" [/home/sundance/Emilie_Projects/git/EMC2/BSP_HDMI_out_TE0820_4EV/2023.2/firmware/EMC2_HDMI_out.runs/design_1_v_tpg_0_0_synth_1/prj/sol/.autopilot/db/v_tpg.cpp:552]   --->   Operation 78 'select' 'select_ln552' <Predicate = true> <Delay = 0.48> <CoreInst = "Sel">   --->   Core 73 'Sel' <Latency = 0> <II = 1> <Delay = 0.48> <FuncUnit> <Opcode : 'select'> <InPorts = 3> <OutPorts = 1>
ST_1 : Operation 79 [1/1] (0.27ns)   --->   "%select_ln552_1_cast_cast = select i1 %cmp2_i267, i3 0, i3 5"   --->   Operation 79 'select' 'select_ln552_1_cast_cast' <Predicate = true> <Delay = 0.27> <CoreInst = "Sel">   --->   Core 73 'Sel' <Latency = 0> <II = 1> <Delay = 0.27> <FuncUnit> <Opcode : 'select'> <InPorts = 3> <OutPorts = 1>
ST_1 : Operation 80 [1/1] (0.44ns)   --->   "%outpix_3 = select i1 %cmp2_i267, i8 255, i8 107"   --->   Operation 80 'select' 'outpix_3' <Predicate = true> <Delay = 0.44> <CoreInst = "Sel">   --->   Core 73 'Sel' <Latency = 0> <II = 1> <Delay = 0.44> <FuncUnit> <Opcode : 'select'> <InPorts = 3> <OutPorts = 1>
ST_1 : Operation 81 [1/1] (0.44ns)   --->   "%pix = select i1 %cmp2_i267, i8 0, i8 128"   --->   Operation 81 'select' 'pix' <Predicate = true> <Delay = 0.44> <CoreInst = "Sel">   --->   Core 73 'Sel' <Latency = 0> <II = 1> <Delay = 0.44> <FuncUnit> <Opcode : 'select'> <InPorts = 3> <OutPorts = 1>
ST_1 : Operation 82 [1/1] (0.44ns)   --->   "%pix_16 = select i1 %cmp2_i267, i8 255, i8 128"   --->   Operation 82 'select' 'pix_16' <Predicate = true> <Delay = 0.44> <CoreInst = "Sel">   --->   Core 73 'Sel' <Latency = 0> <II = 1> <Delay = 0.44> <FuncUnit> <Opcode : 'select'> <InPorts = 3> <OutPorts = 1>
ST_1 : Operation 83 [1/1] (0.00ns)   --->   "%empty = trunc i16 %loopWidth"   --->   Operation 83 'trunc' 'empty' <Predicate = true> <Delay = 0.00>
ST_1 : Operation 84 [1/1] (0.98ns)   --->   "%add_i = add i14 %empty, i14 7"   --->   Operation 84 'add' 'add_i' <Predicate = true> <Delay = 0.98> <CoreInst = "Adder">   --->   Core 1 'Adder' <Latency = 0> <II = 1> <Delay = 0.98> <FuncUnit> <Opcode : 'add' 'sub'> <InPorts = 2> <OutPorts = 1>
ST_1 : Operation 85 [1/1] (0.00ns)   --->   "%barWidth = partselect i11 @_ssdm_op_PartSelect.i11.i14.i32.i32, i14 %add_i, i32 3, i32 13"   --->   Operation 85 'partselect' 'barWidth' <Predicate = true> <Delay = 0.00>
ST_1 : Operation 86 [1/1] (0.98ns)   --->   "%add2_i = add i14 %empty, i14 15"   --->   Operation 86 'add' 'add2_i' <Predicate = true> <Delay = 0.98> <CoreInst = "Adder">   --->   Core 1 'Adder' <Latency = 0> <II = 1> <Delay = 0.98> <FuncUnit> <Opcode : 'add' 'sub'> <InPorts = 2> <OutPorts = 1>
ST_1 : Operation 87 [1/1] (0.00ns)   --->   "%p_cast = partselect i10 @_ssdm_op_PartSelect.i10.i14.i32.i32, i14 %add2_i, i32 4, i32 13"   --->   Operation 87 'partselect' 'p_cast' <Predicate = true> <Delay = 0.00>
ST_1 : Operation 88 [1/1] (0.93ns)   --->   "%barWidthMinSamples = add i10 %p_cast, i10 1023"   --->   Operation 88 'add' 'barWidthMinSamples' <Predicate = true> <Delay = 0.93> <CoreInst = "Adder">   --->   Core 1 'Adder' <Latency = 0> <II = 1> <Delay = 0.93> <FuncUnit> <Opcode : 'add' 'sub'> <InPorts = 2> <OutPorts = 1>
ST_1 : Operation 89 [1/1] (0.00ns)   --->   "%empty_118 = trunc i16 %loopHeight"   --->   Operation 89 'trunc' 'empty_118' <Predicate = true> <Delay = 0.00>
ST_1 : Operation 90 [1/1] (0.98ns)   --->   "%add5_i = add i14 %empty_118, i14 15"   --->   Operation 90 'add' 'add5_i' <Predicate = true> <Delay = 0.98> <CoreInst = "Adder">   --->   Core 1 'Adder' <Latency = 0> <II = 1> <Delay = 0.98> <FuncUnit> <Opcode : 'add' 'sub'> <InPorts = 2> <OutPorts = 1>
ST_1 : Operation 91 [1/1] (0.00ns)   --->   "%tmp = partselect i7 @_ssdm_op_PartSelect.i7.i8.i32.i32, i8 %colorFormatLocal, i32 1, i32 7"   --->   Operation 91 'partselect' 'tmp' <Predicate = true> <Delay = 0.00>
ST_1 : Operation 92 [1/1] (0.89ns)   --->   "%icmp = icmp_ne  i7 %tmp, i7 0"   --->   Operation 92 'icmp' 'icmp' <Predicate = true> <Delay = 0.89> <CoreInst = "Cmp">   --->   Core 9 'Cmp' <Latency = 0> <II = 1> <Delay = 0.89> <FuncUnit> <Opcode : 'icmp'> <InPorts = 2> <OutPorts = 1>
ST_1 : Operation 93 [1/1] (0.00ns)   --->   "%tmp_1 = partselect i10 @_ssdm_op_PartSelect.i10.i14.i32.i32, i14 %add5_i, i32 4, i32 13"   --->   Operation 93 'partselect' 'tmp_1' <Predicate = true> <Delay = 0.00>
ST_1 : Operation 94 [1/1] (0.00ns)   --->   "%barHeight_cast = zext i10 %tmp_1"   --->   Operation 94 'zext' 'barHeight_cast' <Predicate = true> <Delay = 0.00>
ST_1 : Operation 95 [1/1] (0.93ns)   --->   "%sub_i_i_i = add i11 %barHeight_cast, i11 2047"   --->   Operation 95 'add' 'sub_i_i_i' <Predicate = true> <Delay = 0.93> <CoreInst = "Adder">   --->   Core 1 'Adder' <Latency = 0> <II = 1> <Delay = 0.93> <FuncUnit> <Opcode : 'add' 'sub'> <InPorts = 2> <OutPorts = 1>
ST_1 : Operation 96 [1/1] (0.00ns)   --->   "%rampStart_load = load i8 %rampStart" [/home/sundance/Emilie_Projects/git/EMC2/BSP_HDMI_out_TE0820_4EV/2023.2/firmware/EMC2_HDMI_out.runs/design_1_v_tpg_0_0_synth_1/prj/sol/.autopilot/db/v_tpg.cpp:585]   --->   Operation 96 'load' 'rampStart_load' <Predicate = true> <Delay = 0.00>
ST_1 : Operation 97 [1/1] (0.00ns)   --->   "%rampVal_1_load = load i16 %rampVal_1" [/home/sundance/Emilie_Projects/git/EMC2/BSP_HDMI_out_TE0820_4EV/2023.2/firmware/EMC2_HDMI_out.runs/design_1_v_tpg_0_0_synth_1/prj/sol/.autopilot/db/v_tpg.cpp:1084->/home/sundance/Emilie_Projects/git/EMC2/BSP_HDMI_out_TE0820_4EV/2023.2/firmware/EMC2_HDMI_out.runs/design_1_v_tpg_0_0_synth_1/prj/sol/.autopilot/db/v_tpg.cpp:585]   --->   Operation 97 'load' 'rampVal_1_load' <Predicate = true> <Delay = 0.00>
ST_1 : Operation 98 [1/1] (0.00ns)   --->   "%rampVal_load = load i8 %rampVal" [/home/sundance/Emilie_Projects/git/EMC2/BSP_HDMI_out_TE0820_4EV/2023.2/firmware/EMC2_HDMI_out.runs/design_1_v_tpg_0_0_synth_1/prj/sol/.autopilot/db/v_tpg.cpp:1101->/home/sundance/Emilie_Projects/git/EMC2/BSP_HDMI_out_TE0820_4EV/2023.2/firmware/EMC2_HDMI_out.runs/design_1_v_tpg_0_0_synth_1/prj/sol/.autopilot/db/v_tpg.cpp:593]   --->   Operation 98 'load' 'rampVal_load' <Predicate = true> <Delay = 0.00>
ST_1 : Operation 99 [1/1] (0.00ns)   --->   "%zext_ln1257 = zext i8 %rampVal_load" [/home/sundance/Emilie_Projects/git/EMC2/BSP_HDMI_out_TE0820_4EV/2023.2/firmware/EMC2_HDMI_out.runs/design_1_v_tpg_0_0_synth_1/prj/sol/.autopilot/db/v_tpg.cpp:1257->/home/sundance/Emilie_Projects/git/EMC2/BSP_HDMI_out_TE0820_4EV/2023.2/firmware/EMC2_HDMI_out.runs/design_1_v_tpg_0_0_synth_1/prj/sol/.autopilot/db/v_tpg.cpp:649]   --->   Operation 99 'zext' 'zext_ln1257' <Predicate = true> <Delay = 0.00>
ST_1 : Operation 100 [1/1] (0.00ns)   --->   "%hBarSel_4_0_load = load i8 %hBarSel_4_0" [/home/sundance/Emilie_Projects/git/EMC2/BSP_HDMI_out_TE0820_4EV/2023.2/firmware/EMC2_HDMI_out.runs/design_1_v_tpg_0_0_synth_1/prj/sol/.autopilot/db/v_tpg.cpp:1257->/home/sundance/Emilie_Projects/git/EMC2/BSP_HDMI_out_TE0820_4EV/2023.2/firmware/EMC2_HDMI_out.runs/design_1_v_tpg_0_0_synth_1/prj/sol/.autopilot/db/v_tpg.cpp:649]   --->   Operation 100 'load' 'hBarSel_4_0_load' <Predicate = true> <Delay = 0.00>
ST_1 : Operation 101 [1/1] (0.00ns)   --->   "%zonePlateVAddr_load = load i16 %zonePlateVAddr" [/home/sundance/Emilie_Projects/git/EMC2/BSP_HDMI_out_TE0820_4EV/2023.2/firmware/EMC2_HDMI_out.runs/design_1_v_tpg_0_0_synth_1/prj/sol/.autopilot/db/v_tpg.cpp:1341->/home/sundance/Emilie_Projects/git/EMC2/BSP_HDMI_out_TE0820_4EV/2023.2/firmware/EMC2_HDMI_out.runs/design_1_v_tpg_0_0_synth_1/prj/sol/.autopilot/db/v_tpg.cpp:657]   --->   Operation 101 'load' 'zonePlateVAddr_load' <Predicate = true> <Delay = 0.00>
ST_1 : Operation 102 [1/1] (0.00ns)   --->   "%vBarSel_load = load i3 %vBarSel" [/home/sundance/Emilie_Projects/git/EMC2/BSP_HDMI_out_TE0820_4EV/2023.2/firmware/EMC2_HDMI_out.runs/design_1_v_tpg_0_0_synth_1/prj/sol/.autopilot/db/v_tpg.cpp:1393->/home/sundance/Emilie_Projects/git/EMC2/BSP_HDMI_out_TE0820_4EV/2023.2/firmware/EMC2_HDMI_out.runs/design_1_v_tpg_0_0_synth_1/prj/sol/.autopilot/db/v_tpg.cpp:665]   --->   Operation 102 'load' 'vBarSel_load' <Predicate = true> <Delay = 0.00>
ST_1 : Operation 103 [1/1] (0.00ns)   --->   "%zext_ln1412 = zext i3 %vBarSel_load" [/home/sundance/Emilie_Projects/git/EMC2/BSP_HDMI_out_TE0820_4EV/2023.2/firmware/EMC2_HDMI_out.runs/design_1_v_tpg_0_0_synth_1/prj/sol/.autopilot/db/v_tpg.cpp:1412->/home/sundance/Emilie_Projects/git/EMC2/BSP_HDMI_out_TE0820_4EV/2023.2/firmware/EMC2_HDMI_out.runs/design_1_v_tpg_0_0_synth_1/prj/sol/.autopilot/db/v_tpg.cpp:665]   --->   Operation 103 'zext' 'zext_ln1412' <Predicate = true> <Delay = 0.00>
ST_1 : Operation 104 [1/1] (0.00ns)   --->   "%hBarSel_0_load = load i3 %hBarSel_0" [/home/sundance/Emilie_Projects/git/EMC2/BSP_HDMI_out_TE0820_4EV/2023.2/firmware/EMC2_HDMI_out.runs/design_1_v_tpg_0_0_synth_1/prj/sol/.autopilot/db/v_tpg.cpp:1412->/home/sundance/Emilie_Projects/git/EMC2/BSP_HDMI_out_TE0820_4EV/2023.2/firmware/EMC2_HDMI_out.runs/design_1_v_tpg_0_0_synth_1/prj/sol/.autopilot/db/v_tpg.cpp:665]   --->   Operation 104 'load' 'hBarSel_0_load' <Predicate = true> <Delay = 0.00>
ST_1 : Operation 105 [1/1] (0.00ns)   --->   "%zext_ln1545 = zext i3 %hBarSel_0_load" [/home/sundance/Emilie_Projects/git/EMC2/BSP_HDMI_out_TE0820_4EV/2023.2/firmware/EMC2_HDMI_out.runs/design_1_v_tpg_0_0_synth_1/prj/sol/.autopilot/db/v_tpg.cpp:1545->/home/sundance/Emilie_Projects/git/EMC2/BSP_HDMI_out_TE0820_4EV/2023.2/firmware/EMC2_HDMI_out.runs/design_1_v_tpg_0_0_synth_1/prj/sol/.autopilot/db/v_tpg.cpp:689]   --->   Operation 105 'zext' 'zext_ln1545' <Predicate = true> <Delay = 0.00>
ST_1 : Operation 106 [1/1] (0.00ns)   --->   "%hdata_load = load i16 %hdata" [/home/sundance/Emilie_Projects/git/EMC2/BSP_HDMI_out_TE0820_4EV/2023.2/firmware/EMC2_HDMI_out.runs/design_1_v_tpg_0_0_synth_1/prj/sol/.autopilot/db/v_tpg.cpp:1545->/home/sundance/Emilie_Projects/git/EMC2/BSP_HDMI_out_TE0820_4EV/2023.2/firmware/EMC2_HDMI_out.runs/design_1_v_tpg_0_0_synth_1/prj/sol/.autopilot/db/v_tpg.cpp:689]   --->   Operation 106 'load' 'hdata_load' <Predicate = true> <Delay = 0.00>
ST_1 : Operation 107 [1/1] (0.00ns)   --->   "%vBarSel_2_load = load i8 %vBarSel_2" [/home/sundance/Emilie_Projects/git/EMC2/BSP_HDMI_out_TE0820_4EV/2023.2/firmware/EMC2_HDMI_out.runs/design_1_v_tpg_0_0_synth_1/prj/sol/.autopilot/db/v_tpg.cpp:1575->/home/sundance/Emilie_Projects/git/EMC2/BSP_HDMI_out_TE0820_4EV/2023.2/firmware/EMC2_HDMI_out.runs/design_1_v_tpg_0_0_synth_1/prj/sol/.autopilot/db/v_tpg.cpp:697]   --->   Operation 107 'load' 'vBarSel_2_load' <Predicate = true> <Delay = 0.00>
ST_1 : Operation 108 [1/1] (0.00ns)   --->   "%hBarSel_3_0_load = load i3 %hBarSel_3_0" [/home/sundance/Emilie_Projects/git/EMC2/BSP_HDMI_out_TE0820_4EV/2023.2/firmware/EMC2_HDMI_out.runs/design_1_v_tpg_0_0_synth_1/prj/sol/.autopilot/db/v_tpg.cpp:1593->/home/sundance/Emilie_Projects/git/EMC2/BSP_HDMI_out_TE0820_4EV/2023.2/firmware/EMC2_HDMI_out.runs/design_1_v_tpg_0_0_synth_1/prj/sol/.autopilot/db/v_tpg.cpp:697]   --->   Operation 108 'load' 'hBarSel_3_0_load' <Predicate = true> <Delay = 0.00>
ST_1 : Operation 109 [1/1] (0.00ns)   --->   "%zext_ln1664 = zext i3 %hBarSel_3_0_load" [/home/sundance/Emilie_Projects/git/EMC2/BSP_HDMI_out_TE0820_4EV/2023.2/firmware/EMC2_HDMI_out.runs/design_1_v_tpg_0_0_synth_1/prj/sol/.autopilot/db/v_tpg.cpp:1664->/home/sundance/Emilie_Projects/git/EMC2/BSP_HDMI_out_TE0820_4EV/2023.2/firmware/EMC2_HDMI_out.runs/design_1_v_tpg_0_0_synth_1/prj/sol/.autopilot/db/v_tpg.cpp:707]   --->   Operation 109 'zext' 'zext_ln1664' <Predicate = true> <Delay = 0.00>
ST_1 : Operation 110 [1/1] (0.00ns)   --->   "%rampVal_2_load = load i16 %rampVal_2" [/home/sundance/Emilie_Projects/git/EMC2/BSP_HDMI_out_TE0820_4EV/2023.2/firmware/EMC2_HDMI_out.runs/design_1_v_tpg_0_0_synth_1/prj/sol/.autopilot/db/v_tpg.cpp:1664->/home/sundance/Emilie_Projects/git/EMC2/BSP_HDMI_out_TE0820_4EV/2023.2/firmware/EMC2_HDMI_out.runs/design_1_v_tpg_0_0_synth_1/prj/sol/.autopilot/db/v_tpg.cpp:707]   --->   Operation 110 'load' 'rampVal_2_load' <Predicate = true> <Delay = 0.00>
ST_1 : Operation 111 [1/1] (0.00ns)   --->   "%vBarSel_1_load = load i1 %vBarSel_1" [/home/sundance/Emilie_Projects/git/EMC2/BSP_HDMI_out_TE0820_4EV/2023.2/firmware/EMC2_HDMI_out.runs/design_1_v_tpg_0_0_synth_1/prj/sol/.autopilot/db/v_tpg.cpp:1758->/home/sundance/Emilie_Projects/git/EMC2/BSP_HDMI_out_TE0820_4EV/2023.2/firmware/EMC2_HDMI_out.runs/design_1_v_tpg_0_0_synth_1/prj/sol/.autopilot/db/v_tpg.cpp:721]   --->   Operation 111 'load' 'vBarSel_1_load' <Predicate = true> <Delay = 0.00>
ST_1 : Operation 112 [1/1] (0.00ns)   --->   "%zext_ln1775 = zext i1 %vBarSel_1_load" [/home/sundance/Emilie_Projects/git/EMC2/BSP_HDMI_out_TE0820_4EV/2023.2/firmware/EMC2_HDMI_out.runs/design_1_v_tpg_0_0_synth_1/prj/sol/.autopilot/db/v_tpg.cpp:1775->/home/sundance/Emilie_Projects/git/EMC2/BSP_HDMI_out_TE0820_4EV/2023.2/firmware/EMC2_HDMI_out.runs/design_1_v_tpg_0_0_synth_1/prj/sol/.autopilot/db/v_tpg.cpp:721]   --->   Operation 112 'zext' 'zext_ln1775' <Predicate = true> <Delay = 0.00>
ST_1 : Operation 113 [1/1] (0.00ns)   --->   "%hBarSel_5_0_load = load i3 %hBarSel_5_0" [/home/sundance/Emilie_Projects/git/EMC2/BSP_HDMI_out_TE0820_4EV/2023.2/firmware/EMC2_HDMI_out.runs/design_1_v_tpg_0_0_synth_1/prj/sol/.autopilot/db/v_tpg.cpp:1775->/home/sundance/Emilie_Projects/git/EMC2/BSP_HDMI_out_TE0820_4EV/2023.2/firmware/EMC2_HDMI_out.runs/design_1_v_tpg_0_0_synth_1/prj/sol/.autopilot/db/v_tpg.cpp:721]   --->   Operation 113 'load' 'hBarSel_5_0_load' <Predicate = true> <Delay = 0.00>
ST_1 : Operation 114 [1/1] (0.00ns)   --->   "%zext_ln563 = zext i3 %hBarSel_5_0_load" [/home/sundance/Emilie_Projects/git/EMC2/BSP_HDMI_out_TE0820_4EV/2023.2/firmware/EMC2_HDMI_out.runs/design_1_v_tpg_0_0_synth_1/prj/sol/.autopilot/db/v_tpg.cpp:563]   --->   Operation 114 'zext' 'zext_ln563' <Predicate = true> <Delay = 0.00>
ST_1 : Operation 115 [1/1] (0.00ns)   --->   "%store_ln1084 = store i16 %rampVal_1_load, i16 %rampVal_3_loc_0" [/home/sundance/Emilie_Projects/git/EMC2/BSP_HDMI_out_TE0820_4EV/2023.2/firmware/EMC2_HDMI_out.runs/design_1_v_tpg_0_0_synth_1/prj/sol/.autopilot/db/v_tpg.cpp:1084->/home/sundance/Emilie_Projects/git/EMC2/BSP_HDMI_out_TE0820_4EV/2023.2/firmware/EMC2_HDMI_out.runs/design_1_v_tpg_0_0_synth_1/prj/sol/.autopilot/db/v_tpg.cpp:585]   --->   Operation 115 'store' 'store_ln1084' <Predicate = true> <Delay = 0.00>
ST_1 : Operation 116 [1/1] (0.00ns)   --->   "%store_ln1257 = store i16 %zext_ln1257, i16 %rampVal_loc_0" [/home/sundance/Emilie_Projects/git/EMC2/BSP_HDMI_out_TE0820_4EV/2023.2/firmware/EMC2_HDMI_out.runs/design_1_v_tpg_0_0_synth_1/prj/sol/.autopilot/db/v_tpg.cpp:1257->/home/sundance/Emilie_Projects/git/EMC2/BSP_HDMI_out_TE0820_4EV/2023.2/firmware/EMC2_HDMI_out.runs/design_1_v_tpg_0_0_synth_1/prj/sol/.autopilot/db/v_tpg.cpp:649]   --->   Operation 116 'store' 'store_ln1257' <Predicate = true> <Delay = 0.00>
ST_1 : Operation 117 [1/1] (0.00ns)   --->   "%store_ln1257 = store i8 %hBarSel_4_0_load, i8 %hBarSel_4_0_loc_0" [/home/sundance/Emilie_Projects/git/EMC2/BSP_HDMI_out_TE0820_4EV/2023.2/firmware/EMC2_HDMI_out.runs/design_1_v_tpg_0_0_synth_1/prj/sol/.autopilot/db/v_tpg.cpp:1257->/home/sundance/Emilie_Projects/git/EMC2/BSP_HDMI_out_TE0820_4EV/2023.2/firmware/EMC2_HDMI_out.runs/design_1_v_tpg_0_0_synth_1/prj/sol/.autopilot/db/v_tpg.cpp:649]   --->   Operation 117 'store' 'store_ln1257' <Predicate = true> <Delay = 0.00>
ST_1 : Operation 118 [1/1] (0.00ns)   --->   "%store_ln1341 = store i16 %zonePlateVAddr_load, i16 %zonePlateVAddr_loc_0" [/home/sundance/Emilie_Projects/git/EMC2/BSP_HDMI_out_TE0820_4EV/2023.2/firmware/EMC2_HDMI_out.runs/design_1_v_tpg_0_0_synth_1/prj/sol/.autopilot/db/v_tpg.cpp:1341->/home/sundance/Emilie_Projects/git/EMC2/BSP_HDMI_out_TE0820_4EV/2023.2/firmware/EMC2_HDMI_out.runs/design_1_v_tpg_0_0_synth_1/prj/sol/.autopilot/db/v_tpg.cpp:657]   --->   Operation 118 'store' 'store_ln1341' <Predicate = true> <Delay = 0.00>
ST_1 : Operation 119 [1/1] (0.00ns)   --->   "%store_ln1412 = store i8 %zext_ln1412, i8 %vBarSel_loc_0" [/home/sundance/Emilie_Projects/git/EMC2/BSP_HDMI_out_TE0820_4EV/2023.2/firmware/EMC2_HDMI_out.runs/design_1_v_tpg_0_0_synth_1/prj/sol/.autopilot/db/v_tpg.cpp:1412->/home/sundance/Emilie_Projects/git/EMC2/BSP_HDMI_out_TE0820_4EV/2023.2/firmware/EMC2_HDMI_out.runs/design_1_v_tpg_0_0_synth_1/prj/sol/.autopilot/db/v_tpg.cpp:665]   --->   Operation 119 'store' 'store_ln1412' <Predicate = true> <Delay = 0.00>
ST_1 : Operation 120 [1/1] (0.00ns)   --->   "%store_ln1545 = store i8 %zext_ln1545, i8 %hBarSel_0_loc_0" [/home/sundance/Emilie_Projects/git/EMC2/BSP_HDMI_out_TE0820_4EV/2023.2/firmware/EMC2_HDMI_out.runs/design_1_v_tpg_0_0_synth_1/prj/sol/.autopilot/db/v_tpg.cpp:1545->/home/sundance/Emilie_Projects/git/EMC2/BSP_HDMI_out_TE0820_4EV/2023.2/firmware/EMC2_HDMI_out.runs/design_1_v_tpg_0_0_synth_1/prj/sol/.autopilot/db/v_tpg.cpp:689]   --->   Operation 120 'store' 'store_ln1545' <Predicate = true> <Delay = 0.00>
ST_1 : Operation 121 [1/1] (0.00ns)   --->   "%store_ln1545 = store i16 %hdata_load, i16 %hdata_loc_0" [/home/sundance/Emilie_Projects/git/EMC2/BSP_HDMI_out_TE0820_4EV/2023.2/firmware/EMC2_HDMI_out.runs/design_1_v_tpg_0_0_synth_1/prj/sol/.autopilot/db/v_tpg.cpp:1545->/home/sundance/Emilie_Projects/git/EMC2/BSP_HDMI_out_TE0820_4EV/2023.2/firmware/EMC2_HDMI_out.runs/design_1_v_tpg_0_0_synth_1/prj/sol/.autopilot/db/v_tpg.cpp:689]   --->   Operation 121 'store' 'store_ln1545' <Predicate = true> <Delay = 0.00>
ST_1 : Operation 122 [1/1] (0.00ns)   --->   "%store_ln1575 = store i8 %vBarSel_2_load, i8 %vBarSel_2_loc_0" [/home/sundance/Emilie_Projects/git/EMC2/BSP_HDMI_out_TE0820_4EV/2023.2/firmware/EMC2_HDMI_out.runs/design_1_v_tpg_0_0_synth_1/prj/sol/.autopilot/db/v_tpg.cpp:1575->/home/sundance/Emilie_Projects/git/EMC2/BSP_HDMI_out_TE0820_4EV/2023.2/firmware/EMC2_HDMI_out.runs/design_1_v_tpg_0_0_synth_1/prj/sol/.autopilot/db/v_tpg.cpp:697]   --->   Operation 122 'store' 'store_ln1575' <Predicate = true> <Delay = 0.00>
ST_1 : Operation 123 [1/1] (0.00ns)   --->   "%store_ln1664 = store i8 %zext_ln1664, i8 %hBarSel_3_0_loc_0" [/home/sundance/Emilie_Projects/git/EMC2/BSP_HDMI_out_TE0820_4EV/2023.2/firmware/EMC2_HDMI_out.runs/design_1_v_tpg_0_0_synth_1/prj/sol/.autopilot/db/v_tpg.cpp:1664->/home/sundance/Emilie_Projects/git/EMC2/BSP_HDMI_out_TE0820_4EV/2023.2/firmware/EMC2_HDMI_out.runs/design_1_v_tpg_0_0_synth_1/prj/sol/.autopilot/db/v_tpg.cpp:707]   --->   Operation 123 'store' 'store_ln1664' <Predicate = true> <Delay = 0.00>
ST_1 : Operation 124 [1/1] (0.00ns)   --->   "%store_ln1664 = store i16 %rampVal_2_load, i16 %rampVal_2_loc_0" [/home/sundance/Emilie_Projects/git/EMC2/BSP_HDMI_out_TE0820_4EV/2023.2/firmware/EMC2_HDMI_out.runs/design_1_v_tpg_0_0_synth_1/prj/sol/.autopilot/db/v_tpg.cpp:1664->/home/sundance/Emilie_Projects/git/EMC2/BSP_HDMI_out_TE0820_4EV/2023.2/firmware/EMC2_HDMI_out.runs/design_1_v_tpg_0_0_synth_1/prj/sol/.autopilot/db/v_tpg.cpp:707]   --->   Operation 124 'store' 'store_ln1664' <Predicate = true> <Delay = 0.00>
ST_1 : Operation 125 [1/1] (0.00ns)   --->   "%store_ln1775 = store i8 %zext_ln1775, i8 %vBarSel_3_loc_0" [/home/sundance/Emilie_Projects/git/EMC2/BSP_HDMI_out_TE0820_4EV/2023.2/firmware/EMC2_HDMI_out.runs/design_1_v_tpg_0_0_synth_1/prj/sol/.autopilot/db/v_tpg.cpp:1775->/home/sundance/Emilie_Projects/git/EMC2/BSP_HDMI_out_TE0820_4EV/2023.2/firmware/EMC2_HDMI_out.runs/design_1_v_tpg_0_0_synth_1/prj/sol/.autopilot/db/v_tpg.cpp:721]   --->   Operation 125 'store' 'store_ln1775' <Predicate = true> <Delay = 0.00>
ST_1 : Operation 126 [1/1] (0.00ns)   --->   "%store_ln563 = store i8 %zext_ln563, i8 %hBarSel_5_0_loc_0" [/home/sundance/Emilie_Projects/git/EMC2/BSP_HDMI_out_TE0820_4EV/2023.2/firmware/EMC2_HDMI_out.runs/design_1_v_tpg_0_0_synth_1/prj/sol/.autopilot/db/v_tpg.cpp:563]   --->   Operation 126 'store' 'store_ln563' <Predicate = true> <Delay = 0.00>
ST_1 : Operation 127 [1/1] (0.48ns)   --->   "%store_ln549 = store i16 0, i16 %y" [/home/sundance/Emilie_Projects/git/EMC2/BSP_HDMI_out_TE0820_4EV/2023.2/firmware/EMC2_HDMI_out.runs/design_1_v_tpg_0_0_synth_1/prj/sol/.autopilot/db/v_tpg.cpp:549]   --->   Operation 127 'store' 'store_ln549' <Predicate = true> <Delay = 0.48>
ST_1 : Operation 128 [1/1] (0.48ns)   --->   "%br_ln563 = br void %VITIS_LOOP_565_2" [/home/sundance/Emilie_Projects/git/EMC2/BSP_HDMI_out_TE0820_4EV/2023.2/firmware/EMC2_HDMI_out.runs/design_1_v_tpg_0_0_synth_1/prj/sol/.autopilot/db/v_tpg.cpp:563]   --->   Operation 128 'br' 'br_ln563' <Predicate = true> <Delay = 0.48>

State 2 <SV = 1> <Delay = 1.50>
ST_2 : Operation 129 [1/1] (0.00ns)   --->   "%rampVal_3_flag_0 = phi i1 0, void %entry, i1 %rampVal_3_flag_1_loc_load, void %VITIS_LOOP_565_2.split"   --->   Operation 129 'phi' 'rampVal_3_flag_0' <Predicate = true> <Delay = 0.00>
ST_2 : Operation 130 [1/1] (0.00ns)   --->   "%hdata_flag_0 = phi i1 0, void %entry, i1 %hdata_flag_1_loc_load, void %VITIS_LOOP_565_2.split"   --->   Operation 130 'phi' 'hdata_flag_0' <Predicate = true> <Delay = 0.00>
ST_2 : Operation 131 [1/1] (0.00ns)   --->   "%rampVal_2_flag_0 = phi i1 0, void %entry, i1 %rampVal_2_flag_1_loc_load, void %VITIS_LOOP_565_2.split"   --->   Operation 131 'phi' 'rampVal_2_flag_0' <Predicate = true> <Delay = 0.00>
ST_2 : Operation 132 [1/1] (0.00ns)   --->   "%y_3 = load i16 %y"   --->   Operation 132 'load' 'y_3' <Predicate = true> <Delay = 0.00>
ST_2 : Operation 133 [1/1] (1.01ns)   --->   "%icmp_ln563 = icmp_eq  i16 %y_3, i16 %loopHeight" [/home/sundance/Emilie_Projects/git/EMC2/BSP_HDMI_out_TE0820_4EV/2023.2/firmware/EMC2_HDMI_out.runs/design_1_v_tpg_0_0_synth_1/prj/sol/.autopilot/db/v_tpg.cpp:563]   --->   Operation 133 'icmp' 'icmp_ln563' <Predicate = true> <Delay = 1.01> <CoreInst = "Cmp">   --->   Core 9 'Cmp' <Latency = 0> <II = 1> <Delay = 1.01> <FuncUnit> <Opcode : 'icmp'> <InPorts = 2> <OutPorts = 1>
ST_2 : Operation 134 [1/1] (1.01ns)   --->   "%add_ln563 = add i16 %y_3, i16 1" [/home/sundance/Emilie_Projects/git/EMC2/BSP_HDMI_out_TE0820_4EV/2023.2/firmware/EMC2_HDMI_out.runs/design_1_v_tpg_0_0_synth_1/prj/sol/.autopilot/db/v_tpg.cpp:563]   --->   Operation 134 'add' 'add_ln563' <Predicate = true> <Delay = 1.01> <CoreInst = "Adder">   --->   Core 1 'Adder' <Latency = 0> <II = 1> <Delay = 1.01> <FuncUnit> <Opcode : 'add' 'sub'> <InPorts = 2> <OutPorts = 1>
ST_2 : Operation 135 [1/1] (0.00ns)   --->   "%br_ln563 = br i1 %icmp_ln563, void %VITIS_LOOP_565_2.split, void %for.end105.loopexit" [/home/sundance/Emilie_Projects/git/EMC2/BSP_HDMI_out_TE0820_4EV/2023.2/firmware/EMC2_HDMI_out.runs/design_1_v_tpg_0_0_synth_1/prj/sol/.autopilot/db/v_tpg.cpp:563]   --->   Operation 135 'br' 'br_ln563' <Predicate = true> <Delay = 0.00>
ST_2 : Operation 136 [1/1] (0.00ns)   --->   "%outpix_6_load = load i8 %outpix_6"   --->   Operation 136 'load' 'outpix_6_load' <Predicate = (!icmp_ln563)> <Delay = 0.00>
ST_2 : Operation 137 [1/1] (0.00ns)   --->   "%outpix_7_load = load i8 %outpix_7"   --->   Operation 137 'load' 'outpix_7_load' <Predicate = (!icmp_ln563)> <Delay = 0.00>
ST_2 : Operation 138 [1/1] (0.00ns)   --->   "%outpix_8_load = load i8 %outpix_8"   --->   Operation 138 'load' 'outpix_8_load' <Predicate = (!icmp_ln563)> <Delay = 0.00>
ST_2 : Operation 139 [1/1] (1.01ns)   --->   "%ult = icmp_ult  i16 %y_3, i16 %passthruEndY_val_read"   --->   Operation 139 'icmp' 'ult' <Predicate = (!icmp_ln563)> <Delay = 1.01> <CoreInst = "Cmp">   --->   Core 9 'Cmp' <Latency = 0> <II = 1> <Delay = 1.01> <FuncUnit> <Opcode : 'icmp'> <InPorts = 2> <OutPorts = 1>
ST_2 : Operation 140 [1/1] (0.00ns)   --->   "%empty_119 = wait i32 @_ssdm_op_Wait"   --->   Operation 140 'wait' 'empty_119' <Predicate = (!icmp_ln563)> <Delay = 0.00>
ST_2 : Operation 141 [1/1] (0.48ns)   --->   "%store_ln549 = store i16 %add_ln563, i16 %y" [/home/sundance/Emilie_Projects/git/EMC2/BSP_HDMI_out_TE0820_4EV/2023.2/firmware/EMC2_HDMI_out.runs/design_1_v_tpg_0_0_synth_1/prj/sol/.autopilot/db/v_tpg.cpp:549]   --->   Operation 141 'store' 'store_ln549' <Predicate = (!icmp_ln563)> <Delay = 0.48>
ST_2 : Operation 142 [1/1] (0.90ns)   --->   "%add_ln750 = add i8 %rampStart_load, i8 %motionSpeed_val_read" [/home/sundance/Emilie_Projects/git/EMC2/BSP_HDMI_out_TE0820_4EV/2023.2/firmware/EMC2_HDMI_out.runs/design_1_v_tpg_0_0_synth_1/prj/sol/.autopilot/db/v_tpg.cpp:750]   --->   Operation 142 'add' 'add_ln750' <Predicate = (icmp_ln563)> <Delay = 0.90> <CoreInst = "Adder">   --->   Core 1 'Adder' <Latency = 0> <II = 1> <Delay = 0.90> <FuncUnit> <Opcode : 'add' 'sub'> <InPorts = 2> <OutPorts = 1>
ST_2 : Operation 143 [1/1] (0.00ns)   --->   "%store_ln750 = store i8 %add_ln750, i8 %rampStart" [/home/sundance/Emilie_Projects/git/EMC2/BSP_HDMI_out_TE0820_4EV/2023.2/firmware/EMC2_HDMI_out.runs/design_1_v_tpg_0_0_synth_1/prj/sol/.autopilot/db/v_tpg.cpp:750]   --->   Operation 143 'store' 'store_ln750' <Predicate = (icmp_ln563)> <Delay = 0.00>
ST_2 : Operation 144 [1/1] (0.00ns)   --->   "%br_ln0 = br i1 %rampVal_2_flag_0, void %for.end105.loopexit.new12, void %mergeST11"   --->   Operation 144 'br' 'br_ln0' <Predicate = (icmp_ln563)> <Delay = 0.00>
ST_2 : Operation 145 [1/1] (0.00ns)   --->   "%rampVal_2_new_0_load = load i16 %rampVal_2_new_0" [/home/sundance/Emilie_Projects/git/EMC2/BSP_HDMI_out_TE0820_4EV/2023.2/firmware/EMC2_HDMI_out.runs/design_1_v_tpg_0_0_synth_1/prj/sol/.autopilot/db/v_tpg.cpp:1630->/home/sundance/Emilie_Projects/git/EMC2/BSP_HDMI_out_TE0820_4EV/2023.2/firmware/EMC2_HDMI_out.runs/design_1_v_tpg_0_0_synth_1/prj/sol/.autopilot/db/v_tpg.cpp:707]   --->   Operation 145 'load' 'rampVal_2_new_0_load' <Predicate = (icmp_ln563 & rampVal_2_flag_0)> <Delay = 0.00>
ST_2 : Operation 146 [1/1] (0.00ns)   --->   "%store_ln1630 = store i16 %rampVal_2_new_0_load, i16 %rampVal_2" [/home/sundance/Emilie_Projects/git/EMC2/BSP_HDMI_out_TE0820_4EV/2023.2/firmware/EMC2_HDMI_out.runs/design_1_v_tpg_0_0_synth_1/prj/sol/.autopilot/db/v_tpg.cpp:1630->/home/sundance/Emilie_Projects/git/EMC2/BSP_HDMI_out_TE0820_4EV/2023.2/firmware/EMC2_HDMI_out.runs/design_1_v_tpg_0_0_synth_1/prj/sol/.autopilot/db/v_tpg.cpp:707]   --->   Operation 146 'store' 'store_ln1630' <Predicate = (icmp_ln563 & rampVal_2_flag_0)> <Delay = 0.00>
ST_2 : Operation 147 [1/1] (0.00ns)   --->   "%br_ln0 = br void %for.end105.loopexit.new12"   --->   Operation 147 'br' 'br_ln0' <Predicate = (icmp_ln563 & rampVal_2_flag_0)> <Delay = 0.00>
ST_2 : Operation 148 [1/1] (0.00ns)   --->   "%br_ln0 = br i1 %hdata_flag_0, void %for.end105.loopexit.new10, void %mergeST9"   --->   Operation 148 'br' 'br_ln0' <Predicate = (icmp_ln563)> <Delay = 0.00>
ST_2 : Operation 149 [1/1] (0.00ns)   --->   "%hdata_new_0_load = load i16 %hdata_new_0" [/home/sundance/Emilie_Projects/git/EMC2/BSP_HDMI_out_TE0820_4EV/2023.2/firmware/EMC2_HDMI_out.runs/design_1_v_tpg_0_0_synth_1/prj/sol/.autopilot/db/v_tpg.cpp:1533->/home/sundance/Emilie_Projects/git/EMC2/BSP_HDMI_out_TE0820_4EV/2023.2/firmware/EMC2_HDMI_out.runs/design_1_v_tpg_0_0_synth_1/prj/sol/.autopilot/db/v_tpg.cpp:689]   --->   Operation 149 'load' 'hdata_new_0_load' <Predicate = (icmp_ln563 & hdata_flag_0)> <Delay = 0.00>
ST_2 : Operation 150 [1/1] (0.00ns)   --->   "%store_ln1533 = store i16 %hdata_new_0_load, i16 %hdata" [/home/sundance/Emilie_Projects/git/EMC2/BSP_HDMI_out_TE0820_4EV/2023.2/firmware/EMC2_HDMI_out.runs/design_1_v_tpg_0_0_synth_1/prj/sol/.autopilot/db/v_tpg.cpp:1533->/home/sundance/Emilie_Projects/git/EMC2/BSP_HDMI_out_TE0820_4EV/2023.2/firmware/EMC2_HDMI_out.runs/design_1_v_tpg_0_0_synth_1/prj/sol/.autopilot/db/v_tpg.cpp:689]   --->   Operation 150 'store' 'store_ln1533' <Predicate = (icmp_ln563 & hdata_flag_0)> <Delay = 0.00>
ST_2 : Operation 151 [1/1] (0.00ns)   --->   "%br_ln0 = br void %for.end105.loopexit.new10"   --->   Operation 151 'br' 'br_ln0' <Predicate = (icmp_ln563 & hdata_flag_0)> <Delay = 0.00>
ST_2 : Operation 152 [1/1] (0.00ns)   --->   "%br_ln0 = br i1 %rampVal_3_flag_0, void %for.end105.loopexit.new, void %mergeST"   --->   Operation 152 'br' 'br_ln0' <Predicate = (icmp_ln563)> <Delay = 0.00>
ST_2 : Operation 153 [1/1] (0.00ns)   --->   "%rampVal_3_new_0_load = load i16 %rampVal_3_new_0" [/home/sundance/Emilie_Projects/git/EMC2/BSP_HDMI_out_TE0820_4EV/2023.2/firmware/EMC2_HDMI_out.runs/design_1_v_tpg_0_0_synth_1/prj/sol/.autopilot/db/v_tpg.cpp:1073->/home/sundance/Emilie_Projects/git/EMC2/BSP_HDMI_out_TE0820_4EV/2023.2/firmware/EMC2_HDMI_out.runs/design_1_v_tpg_0_0_synth_1/prj/sol/.autopilot/db/v_tpg.cpp:585]   --->   Operation 153 'load' 'rampVal_3_new_0_load' <Predicate = (icmp_ln563 & rampVal_3_flag_0)> <Delay = 0.00>
ST_2 : Operation 154 [1/1] (0.00ns)   --->   "%store_ln1073 = store i16 %rampVal_3_new_0_load, i16 %rampVal_1" [/home/sundance/Emilie_Projects/git/EMC2/BSP_HDMI_out_TE0820_4EV/2023.2/firmware/EMC2_HDMI_out.runs/design_1_v_tpg_0_0_synth_1/prj/sol/.autopilot/db/v_tpg.cpp:1073->/home/sundance/Emilie_Projects/git/EMC2/BSP_HDMI_out_TE0820_4EV/2023.2/firmware/EMC2_HDMI_out.runs/design_1_v_tpg_0_0_synth_1/prj/sol/.autopilot/db/v_tpg.cpp:585]   --->   Operation 154 'store' 'store_ln1073' <Predicate = (icmp_ln563 & rampVal_3_flag_0)> <Delay = 0.00>
ST_2 : Operation 155 [1/1] (0.00ns)   --->   "%br_ln0 = br void %for.end105.loopexit.new"   --->   Operation 155 'br' 'br_ln0' <Predicate = (icmp_ln563 & rampVal_3_flag_0)> <Delay = 0.00>
ST_2 : Operation 156 [1/1] (0.00ns)   --->   "%ret_ln751 = ret" [/home/sundance/Emilie_Projects/git/EMC2/BSP_HDMI_out_TE0820_4EV/2023.2/firmware/EMC2_HDMI_out.runs/design_1_v_tpg_0_0_synth_1/prj/sol/.autopilot/db/v_tpg.cpp:751]   --->   Operation 156 'ret' 'ret_ln751' <Predicate = (icmp_ln563)> <Delay = 0.00>

State 3 <SV = 2> <Delay = 3.87>
ST_3 : Operation 157 [1/1] (0.00ns)   --->   "%trunc_ln563 = trunc i16 %y_3" [/home/sundance/Emilie_Projects/git/EMC2/BSP_HDMI_out_TE0820_4EV/2023.2/firmware/EMC2_HDMI_out.runs/design_1_v_tpg_0_0_synth_1/prj/sol/.autopilot/db/v_tpg.cpp:563]   --->   Operation 157 'trunc' 'trunc_ln563' <Predicate = true> <Delay = 0.00>
ST_3 : Operation 158 [1/1] (0.33ns)   --->   "%rev = xor i1 %ult, i1 1"   --->   Operation 158 'xor' 'rev' <Predicate = true> <Delay = 0.33> <CoreInst = "LogicGate">   --->   Core 74 'LogicGate' <Latency = 0> <II = 1> <Delay = 0.33> <FuncUnit> <Opcode : 'and' 'or' 'xor'> <InPorts = 2> <OutPorts = 1>
ST_3 : Operation 159 [1/1] (1.01ns)   --->   "%cmp12_i = icmp_ne  i16 %y_3, i16 0"   --->   Operation 159 'icmp' 'cmp12_i' <Predicate = true> <Delay = 1.01> <CoreInst = "Cmp">   --->   Core 9 'Cmp' <Latency = 0> <II = 1> <Delay = 1.01> <FuncUnit> <Opcode : 'icmp'> <InPorts = 2> <OutPorts = 1>
ST_3 : Operation 160 [1/1] (0.00ns)   --->   "%Sel = partselect i2 @_ssdm_op_PartSelect.i2.i16.i32.i32, i16 %y_3, i32 6, i32 7"   --->   Operation 160 'partselect' 'Sel' <Predicate = true> <Delay = 0.00>
ST_3 : Operation 161 [2/2] (2.86ns)   --->   "%call_ln552 = call void @tpgBackground_Pipeline_VITIS_LOOP_565_2, i1 %rampVal_3_flag_0, i1 %hdata_flag_0, i1 %rampVal_2_flag_0, i8 %outpix_8_load, i8 %outpix_7_load, i8 %outpix_6_load, i16 %loopWidth, i24 %bckgndYUV, i8 %pix_16, i8 %pix, i8 %outpix_3, i5 %select_ln552, i1 %outpix_1, i3 %select_ln552_1_cast_cast, i8 %outpix_2, i8 %outpix, i8 %rampStart_load, i1 %cmp8, i8 %patternId_val_read, i16 %ZplateHorContStart_val_read, i24 %srcYUV, i1 %cmp2_i267, i8 %rampStart_load, i16 %y_3, i8 %colorFormatLocal, i11 %barWidth, i11 %barWidth, i16 %ZplateHorContDelta_val_read, i16 %ZplateVerContStart_val_read, i1 %cmp12_i, i16 %ZplateVerContDelta_val_read, i11 %sub_i_i_i, i10 %barWidthMinSamples, i16 %loopWidth, i16 %loopHeight, i16 %y_3, i8 %trunc_ln563, i1 %icmp, i2 %Sel, i8 %dpDynamicRange_val_read, i8 %dpYUVCoef_val_read, i16 %passthruEndX_val_read, i16 %passthruStartX_val_read, i16 %passthruStartY_val_read, i1 %rev, i1 %rampVal_3_flag_1_loc, i16 %rampVal_3_new_0, i16 %rampVal_3_loc_0, i16 %rampVal_loc_0, i8 %hBarSel_4_0_loc_0, i16 %zonePlateVAddr_loc_0, i8 %vBarSel_loc_0, i8 %hBarSel_0_loc_0, i1 %hdata_flag_1_loc, i16 %hdata_new_0, i16 %hdata_loc_0, i8 %vBarSel_2_loc_0, i8 %hBarSel_3_0_loc_0, i1 %rampVal_2_flag_1_loc, i16 %rampVal_2_new_0, i16 %rampVal_2_loc_0, i8 %vBarSel_3_loc_0, i8 %hBarSel_5_0_loc_0, i8 %outpix_8, i8 %outpix_7, i8 %outpix_6, i8 %p_0_0_0249_lcssa258, i8 %p_0_0_09247_lcssa255, i8 %p_0_0_010245_lcssa252, i8 %rampVal, i8 %redYuv, i8 %grnYuv, i8 %bluYuv, i8 %blkYuv, i8 %whiYuv, i2 %tpgBarSelRgb_r, i8 %tpgBarSelYuv_y, i2 %tpgBarSelRgb_g, i8 %tpgBarSelYuv_u, i8 %tpgBarSelYuv_v, i8 %hBarSel_4_0, i11 %xBar_0, i32 %s, i2 %tpgBarSelRgb_b, i20 %tpgSinTableArray, i16 %zonePlateVAddr, i16 %zonePlateVDelta, i3 %tpgTartanBarArray, i3 %hBarSel_0, i10 %xCount_0, i10 %yCount, i3 %vBarSel, i10 %xCount_4_0, i1 %vHatch, i10 %yCount_2, i8 %whiYuv_1, i8 %blkYuv_1, i9 %tpgSinTableArray_9bit, i2 %tpgCheckerBoardArray, i3 %hBarSel_3_0, i10 %xCount_3_0, i10 %yCount_3, i8 %vBarSel_2, i28 %rSerie, i28 %gSerie, i28 %bSerie, i2 %DPtpgBarSelRgb_VESA_r, i2 %DPtpgBarSelRgb_VESA_g, i2 %DPtpgBarSelRgb_VESA_b, i3 %DPtpgBarArray, i3 %hBarSel_5_0, i10 %xCount_5_0, i6 %yCount_1, i1 %vBarSel_1, i6 %DPtpgBarSelRgb_CEA_r, i6 %DPtpgBarSelRgb_CEA_g, i6 %DPtpgBarSelRgb_CEA_b, i8 %DPtpgBarSelYuv_601_y, i8 %DPtpgBarSelYuv_601_v, i8 %DPtpgBarSelYuv_601_u, i8 %DPtpgBarSelYuv_709_y, i8 %DPtpgBarSelYuv_709_v, i8 %DPtpgBarSelYuv_709_u" [/home/sundance/Emilie_Projects/git/EMC2/BSP_HDMI_out_TE0820_4EV/2023.2/firmware/EMC2_HDMI_out.runs/design_1_v_tpg_0_0_synth_1/prj/sol/.autopilot/db/v_tpg.cpp:552]   --->   Operation 161 'call' 'call_ln552' <Predicate = true> <Delay = 2.86> <CoreType = "Generic">   --->   Core 0 '' <Latency = 0> <II = 1> <Delay = 1.00> <Generic> <Opcode : >

State 4 <SV = 3> <Delay = 0.00>
ST_4 : Operation 162 [1/2] (0.00ns)   --->   "%call_ln552 = call void @tpgBackground_Pipeline_VITIS_LOOP_565_2, i1 %rampVal_3_flag_0, i1 %hdata_flag_0, i1 %rampVal_2_flag_0, i8 %outpix_8_load, i8 %outpix_7_load, i8 %outpix_6_load, i16 %loopWidth, i24 %bckgndYUV, i8 %pix_16, i8 %pix, i8 %outpix_3, i5 %select_ln552, i1 %outpix_1, i3 %select_ln552_1_cast_cast, i8 %outpix_2, i8 %outpix, i8 %rampStart_load, i1 %cmp8, i8 %patternId_val_read, i16 %ZplateHorContStart_val_read, i24 %srcYUV, i1 %cmp2_i267, i8 %rampStart_load, i16 %y_3, i8 %colorFormatLocal, i11 %barWidth, i11 %barWidth, i16 %ZplateHorContDelta_val_read, i16 %ZplateVerContStart_val_read, i1 %cmp12_i, i16 %ZplateVerContDelta_val_read, i11 %sub_i_i_i, i10 %barWidthMinSamples, i16 %loopWidth, i16 %loopHeight, i16 %y_3, i8 %trunc_ln563, i1 %icmp, i2 %Sel, i8 %dpDynamicRange_val_read, i8 %dpYUVCoef_val_read, i16 %passthruEndX_val_read, i16 %passthruStartX_val_read, i16 %passthruStartY_val_read, i1 %rev, i1 %rampVal_3_flag_1_loc, i16 %rampVal_3_new_0, i16 %rampVal_3_loc_0, i16 %rampVal_loc_0, i8 %hBarSel_4_0_loc_0, i16 %zonePlateVAddr_loc_0, i8 %vBarSel_loc_0, i8 %hBarSel_0_loc_0, i1 %hdata_flag_1_loc, i16 %hdata_new_0, i16 %hdata_loc_0, i8 %vBarSel_2_loc_0, i8 %hBarSel_3_0_loc_0, i1 %rampVal_2_flag_1_loc, i16 %rampVal_2_new_0, i16 %rampVal_2_loc_0, i8 %vBarSel_3_loc_0, i8 %hBarSel_5_0_loc_0, i8 %outpix_8, i8 %outpix_7, i8 %outpix_6, i8 %p_0_0_0249_lcssa258, i8 %p_0_0_09247_lcssa255, i8 %p_0_0_010245_lcssa252, i8 %rampVal, i8 %redYuv, i8 %grnYuv, i8 %bluYuv, i8 %blkYuv, i8 %whiYuv, i2 %tpgBarSelRgb_r, i8 %tpgBarSelYuv_y, i2 %tpgBarSelRgb_g, i8 %tpgBarSelYuv_u, i8 %tpgBarSelYuv_v, i8 %hBarSel_4_0, i11 %xBar_0, i32 %s, i2 %tpgBarSelRgb_b, i20 %tpgSinTableArray, i16 %zonePlateVAddr, i16 %zonePlateVDelta, i3 %tpgTartanBarArray, i3 %hBarSel_0, i10 %xCount_0, i10 %yCount, i3 %vBarSel, i10 %xCount_4_0, i1 %vHatch, i10 %yCount_2, i8 %whiYuv_1, i8 %blkYuv_1, i9 %tpgSinTableArray_9bit, i2 %tpgCheckerBoardArray, i3 %hBarSel_3_0, i10 %xCount_3_0, i10 %yCount_3, i8 %vBarSel_2, i28 %rSerie, i28 %gSerie, i28 %bSerie, i2 %DPtpgBarSelRgb_VESA_r, i2 %DPtpgBarSelRgb_VESA_g, i2 %DPtpgBarSelRgb_VESA_b, i3 %DPtpgBarArray, i3 %hBarSel_5_0, i10 %xCount_5_0, i6 %yCount_1, i1 %vBarSel_1, i6 %DPtpgBarSelRgb_CEA_r, i6 %DPtpgBarSelRgb_CEA_g, i6 %DPtpgBarSelRgb_CEA_b, i8 %DPtpgBarSelYuv_601_y, i8 %DPtpgBarSelYuv_601_v, i8 %DPtpgBarSelYuv_601_u, i8 %DPtpgBarSelYuv_709_y, i8 %DPtpgBarSelYuv_709_v, i8 %DPtpgBarSelYuv_709_u" [/home/sundance/Emilie_Projects/git/EMC2/BSP_HDMI_out_TE0820_4EV/2023.2/firmware/EMC2_HDMI_out.runs/design_1_v_tpg_0_0_synth_1/prj/sol/.autopilot/db/v_tpg.cpp:552]   --->   Operation 162 'call' 'call_ln552' <Predicate = true> <Delay = 0.00> <CoreType = "Generic">   --->   Core 0 '' <Latency = 0> <II = 1> <Delay = 1.00> <Generic> <Opcode : >

State 5 <SV = 4> <Delay = 0.00>
ST_5 : Operation 163 [1/1] (0.00ns)   --->   "%speclooptripcount_ln552 = speclooptripcount void @_ssdm_op_SpecLoopTripCount, i64 0, i64 65535, i64 32767" [/home/sundance/Emilie_Projects/git/EMC2/BSP_HDMI_out_TE0820_4EV/2023.2/firmware/EMC2_HDMI_out.runs/design_1_v_tpg_0_0_synth_1/prj/sol/.autopilot/db/v_tpg.cpp:552]   --->   Operation 163 'speclooptripcount' 'speclooptripcount_ln552' <Predicate = true> <Delay = 0.00>
ST_5 : Operation 164 [1/1] (0.00ns)   --->   "%specloopname_ln563 = specloopname void @_ssdm_op_SpecLoopName, void @empty_19" [/home/sundance/Emilie_Projects/git/EMC2/BSP_HDMI_out_TE0820_4EV/2023.2/firmware/EMC2_HDMI_out.runs/design_1_v_tpg_0_0_synth_1/prj/sol/.autopilot/db/v_tpg.cpp:563]   --->   Operation 164 'specloopname' 'specloopname_ln563' <Predicate = true> <Delay = 0.00>
ST_5 : Operation 165 [1/1] (0.00ns)   --->   "%rampVal_3_flag_1_loc_load = load i1 %rampVal_3_flag_1_loc"   --->   Operation 165 'load' 'rampVal_3_flag_1_loc_load' <Predicate = true> <Delay = 0.00>
ST_5 : Operation 166 [1/1] (0.00ns)   --->   "%hdata_flag_1_loc_load = load i1 %hdata_flag_1_loc"   --->   Operation 166 'load' 'hdata_flag_1_loc_load' <Predicate = true> <Delay = 0.00>
ST_5 : Operation 167 [1/1] (0.00ns)   --->   "%rampVal_2_flag_1_loc_load = load i1 %rampVal_2_flag_1_loc"   --->   Operation 167 'load' 'rampVal_2_flag_1_loc_load' <Predicate = true> <Delay = 0.00>
ST_5 : Operation 168 [1/1] (0.00ns)   --->   "%br_ln563 = br void %VITIS_LOOP_565_2" [/home/sundance/Emilie_Projects/git/EMC2/BSP_HDMI_out_TE0820_4EV/2023.2/firmware/EMC2_HDMI_out.runs/design_1_v_tpg_0_0_synth_1/prj/sol/.autopilot/db/v_tpg.cpp:563]   --->   Operation 168 'br' 'br_ln563' <Predicate = true> <Delay = 0.00>


============================================================
+ Verbose Summary: Timing violations
============================================================
Target clock period: 13.750ns, clock uncertainty: 3.713ns.

 <State 1>: 4.334ns
The critical path consists of the following:
	fifo read operation ('colorFormatLocal') on port 'colorFormat_val' [119]  (2.167 ns)
	fifo write operation ('write_ln0') on port 'colorFormat_val27_c19' [121]  (2.167 ns)

 <State 2>: 1.505ns
The critical path consists of the following:
	'load' operation 16 bit ('y') on local variable 'y', /home/sundance/Emilie_Projects/git/EMC2/BSP_HDMI_out_TE0820_4EV/2023.2/firmware/EMC2_HDMI_out.runs/design_1_v_tpg_0_0_synth_1/prj/sol/.autopilot/db/v_tpg.cpp:549 [208]  (0.000 ns)
	'icmp' operation 1 bit ('icmp_ln563', /home/sundance/Emilie_Projects/git/EMC2/BSP_HDMI_out_TE0820_4EV/2023.2/firmware/EMC2_HDMI_out.runs/design_1_v_tpg_0_0_synth_1/prj/sol/.autopilot/db/v_tpg.cpp:563) [209]  (1.016 ns)
	'store' operation 0 bit ('store_ln549', /home/sundance/Emilie_Projects/git/EMC2/BSP_HDMI_out_TE0820_4EV/2023.2/firmware/EMC2_HDMI_out.runs/design_1_v_tpg_0_0_synth_1/prj/sol/.autopilot/db/v_tpg.cpp:549) of variable 'add_ln563', /home/sundance/Emilie_Projects/git/EMC2/BSP_HDMI_out_TE0820_4EV/2023.2/firmware/EMC2_HDMI_out.runs/design_1_v_tpg_0_0_synth_1/prj/sol/.autopilot/db/v_tpg.cpp:563 on local variable 'y', /home/sundance/Emilie_Projects/git/EMC2/BSP_HDMI_out_TE0820_4EV/2023.2/firmware/EMC2_HDMI_out.runs/design_1_v_tpg_0_0_synth_1/prj/sol/.autopilot/db/v_tpg.cpp:549 [228]  (0.489 ns)

 <State 3>: 3.880ns
The critical path consists of the following:
	'icmp' operation 1 bit ('cmp12_i') [221]  (1.016 ns)
	'call' operation 0 bit ('call_ln552', /home/sundance/Emilie_Projects/git/EMC2/BSP_HDMI_out_TE0820_4EV/2023.2/firmware/EMC2_HDMI_out.runs/design_1_v_tpg_0_0_synth_1/prj/sol/.autopilot/db/v_tpg.cpp:552) to 'tpgBackground_Pipeline_VITIS_LOOP_565_2' [224]  (2.864 ns)

 <State 4>: 0.000ns
The critical path consists of the following:

 <State 5>: 0.000ns
The critical path consists of the following:


============================================================
+ Verbose Summary: Binding
============================================================
N/A
* FSMD analyzer results:
  - Output states:
 - Input state : 
  - Chain level:
	State 1
	State 2
	State 3
	State 4
	State 5


============================================================
+ Verbose Summary: Datapath Resource usage 
============================================================
N/A
