

================================================================
== Vitis HLS Report for 'v_tpgHlsDataFlow'
================================================================
* Date:           Tue Feb 20 09:49:15 2024

* Version:        2023.2 (Build 4023990 on Oct 11 2023)
* Project:        prj
* Solution:       sol (Vivado IP Flow Target)
* Product family: zynquplus
* Target device:  xczu4ev-sfvc784-1-e


================================================================
== Performance Estimates
================================================================
+ Timing: 
    * Summary: 
    +--------+----------+----------+------------+
    |  Clock |  Target  | Estimated| Uncertainty|
    +--------+----------+----------+------------+
    |ap_clk  |  13.75 ns|  8.802 ns|     3.71 ns|
    +--------+----------+----------+------------+

+ Latency: 
    * Summary: 
    +---------+------------+----------+------------+-----+------------+----------+
    |   Latency (cycles)   |   Latency (absolute)  |     Interval     | Pipeline |
    |   min   |     max    |    min   |     max    | min |     max    |   Type   |
    +---------+------------+----------+------------+-----+------------+----------+
    |       13|  4295819252|  0.179 us|  59.068 sec|    3|  4295819252|  dataflow|
    +---------+------------+----------+------------+-----+------------+----------+

    + Detail: 
        * Instance: 
        N/A

        * Loop: 
        N/A

============================================================
+ Verbose Summary: Synthesis Manager
============================================================
InlineROM: 1
ExposeGlobal: 0
============================================================
+ Verbose Summary: CDFG Model
============================================================
IsTopModel: 0
ResetActiveHigh: 1
IsCombinational: 2
IsDatapathOnly: 0
HasWiredReturn: 1
HasMFsm: 0
HasVarLatency: 1
IsPipeline: 0
IsRtlPipelined: 0
IsInstanceOverlapped: 0
IsDontTouch: 0
HasImplIP: 0
IsGatedGlobalClock: 0


============================================================
+ Verbose Summary: Schedule
============================================================
* Number of FSM states : 8
* Pipeline : 0
* Dataflow Pipeline: 1
  DF-Pipeline-0: Size = 8, States = { 1 2 3 4 5 6 7 8 }

* FSM state transitions: 
1 --> 2 
2 --> 3 
3 --> 4 
4 --> 5 
5 --> 6 
6 --> 7 
7 --> 8 
8 --> 

* FSM state operations: 

State 1 <SV = 0> <Delay = 2.16>
ST_1 : Operation 9 [1/1] (0.00ns)   --->   "%colorFormat_val27_read = read i8 @_ssdm_op_Read.ap_auto.i8, i8 %colorFormat_val27"   --->   Operation 9 'read' 'colorFormat_val27_read' <Predicate = true> <Delay = 0.00>
ST_1 : Operation 10 [1/1] (0.00ns)   --->   "%enableInput_val18_read = read i8 @_ssdm_op_Read.ap_auto.i8, i8 %enableInput_val18"   --->   Operation 10 'read' 'enableInput_val18_read' <Predicate = true> <Delay = 0.00>
ST_1 : Operation 11 [1/1] (0.00ns)   --->   "%width_val10_read = read i16 @_ssdm_op_Read.ap_auto.i16, i16 %width_val10"   --->   Operation 11 'read' 'width_val10_read' <Predicate = true> <Delay = 0.00>
ST_1 : Operation 12 [1/1] (0.00ns)   --->   "%height_val5_read = read i16 @_ssdm_op_Read.ap_auto.i16, i16 %height_val5"   --->   Operation 12 'read' 'height_val5_read' <Predicate = true> <Delay = 0.00>
ST_1 : Operation 13 [1/1] (0.00ns)   --->   "%dpYUVCoef_val39_c = alloca i64 1"   --->   Operation 13 'alloca' 'dpYUVCoef_val39_c' <Predicate = true> <Delay = 0.00> <CoreInst = "FIFO_SRL">   --->   Core 81 'FIFO_SRL' <Latency = 0> <II = 1> <Delay = 2.16> <Storage> <Opcode : 'read' 'write' 'nbread' 'nbwrite'> <Ports = 0> <Width = 8> <Depth = 3> <FIFO>
ST_1 : Operation 14 [1/1] (0.00ns)   --->   "%dpDynamicRange_val38_c = alloca i64 1"   --->   Operation 14 'alloca' 'dpDynamicRange_val38_c' <Predicate = true> <Delay = 0.00> <CoreInst = "FIFO_SRL">   --->   Core 81 'FIFO_SRL' <Latency = 0> <II = 1> <Delay = 2.16> <Storage> <Opcode : 'read' 'write' 'nbread' 'nbwrite'> <Ports = 0> <Width = 8> <Depth = 3> <FIFO>
ST_1 : Operation 15 [1/1] (0.00ns)   --->   "%boxColorB_val37_c = alloca i64 1"   --->   Operation 15 'alloca' 'boxColorB_val37_c' <Predicate = true> <Delay = 0.00> <CoreInst = "FIFO_SRL">   --->   Core 81 'FIFO_SRL' <Latency = 0> <II = 1> <Delay = 2.16> <Storage> <Opcode : 'read' 'write' 'nbread' 'nbwrite'> <Ports = 0> <Width = 8> <Depth = 4> <FIFO>
ST_1 : Operation 16 [1/1] (0.00ns)   --->   "%boxColorG_val36_c = alloca i64 1"   --->   Operation 16 'alloca' 'boxColorG_val36_c' <Predicate = true> <Delay = 0.00> <CoreInst = "FIFO_SRL">   --->   Core 81 'FIFO_SRL' <Latency = 0> <II = 1> <Delay = 2.16> <Storage> <Opcode : 'read' 'write' 'nbread' 'nbwrite'> <Ports = 0> <Width = 8> <Depth = 4> <FIFO>
ST_1 : Operation 17 [1/1] (0.00ns)   --->   "%boxColorR_val35_c = alloca i64 1"   --->   Operation 17 'alloca' 'boxColorR_val35_c' <Predicate = true> <Delay = 0.00> <CoreInst = "FIFO_SRL">   --->   Core 81 'FIFO_SRL' <Latency = 0> <II = 1> <Delay = 2.16> <Storage> <Opcode : 'read' 'write' 'nbread' 'nbwrite'> <Ports = 0> <Width = 8> <Depth = 4> <FIFO>
ST_1 : Operation 18 [1/1] (0.00ns)   --->   "%boxSize_val34_c = alloca i64 1"   --->   Operation 18 'alloca' 'boxSize_val34_c' <Predicate = true> <Delay = 0.00> <CoreInst = "FIFO_SRL">   --->   Core 81 'FIFO_SRL' <Latency = 0> <II = 1> <Delay = 2.16> <Storage> <Opcode : 'read' 'write' 'nbread' 'nbwrite'> <Ports = 0> <Width = 16> <Depth = 4> <FIFO>
ST_1 : Operation 19 [1/1] (0.00ns)   --->   "%ZplateVerContDelta_val33_c = alloca i64 1"   --->   Operation 19 'alloca' 'ZplateVerContDelta_val33_c' <Predicate = true> <Delay = 0.00> <CoreInst = "FIFO_SRL">   --->   Core 81 'FIFO_SRL' <Latency = 0> <II = 1> <Delay = 2.16> <Storage> <Opcode : 'read' 'write' 'nbread' 'nbwrite'> <Ports = 0> <Width = 16> <Depth = 3> <FIFO>
ST_1 : Operation 20 [1/1] (0.00ns)   --->   "%ZplateVerContStart_val32_c = alloca i64 1"   --->   Operation 20 'alloca' 'ZplateVerContStart_val32_c' <Predicate = true> <Delay = 0.00> <CoreInst = "FIFO_SRL">   --->   Core 81 'FIFO_SRL' <Latency = 0> <II = 1> <Delay = 2.16> <Storage> <Opcode : 'read' 'write' 'nbread' 'nbwrite'> <Ports = 0> <Width = 16> <Depth = 3> <FIFO>
ST_1 : Operation 21 [1/1] (0.00ns)   --->   "%ZplateHorContDelta_val31_c = alloca i64 1"   --->   Operation 21 'alloca' 'ZplateHorContDelta_val31_c' <Predicate = true> <Delay = 0.00> <CoreInst = "FIFO_SRL">   --->   Core 81 'FIFO_SRL' <Latency = 0> <II = 1> <Delay = 2.16> <Storage> <Opcode : 'read' 'write' 'nbread' 'nbwrite'> <Ports = 0> <Width = 16> <Depth = 3> <FIFO>
ST_1 : Operation 22 [1/1] (0.00ns)   --->   "%ZplateHorContStart_val30_c = alloca i64 1"   --->   Operation 22 'alloca' 'ZplateHorContStart_val30_c' <Predicate = true> <Delay = 0.00> <CoreInst = "FIFO_SRL">   --->   Core 81 'FIFO_SRL' <Latency = 0> <II = 1> <Delay = 2.16> <Storage> <Opcode : 'read' 'write' 'nbread' 'nbwrite'> <Ports = 0> <Width = 16> <Depth = 3> <FIFO>
ST_1 : Operation 23 [1/1] (0.00ns)   --->   "%crossHairY_val29_c = alloca i64 1"   --->   Operation 23 'alloca' 'crossHairY_val29_c' <Predicate = true> <Delay = 0.00> <CoreInst = "FIFO_SRL">   --->   Core 81 'FIFO_SRL' <Latency = 0> <II = 1> <Delay = 2.16> <Storage> <Opcode : 'read' 'write' 'nbread' 'nbwrite'> <Ports = 0> <Width = 16> <Depth = 4> <FIFO>
ST_1 : Operation 24 [1/1] (0.00ns)   --->   "%crossHairX_val28_c = alloca i64 1"   --->   Operation 24 'alloca' 'crossHairX_val28_c' <Predicate = true> <Delay = 0.00> <CoreInst = "FIFO_SRL">   --->   Core 81 'FIFO_SRL' <Latency = 0> <II = 1> <Delay = 2.16> <Storage> <Opcode : 'read' 'write' 'nbread' 'nbwrite'> <Ports = 0> <Width = 16> <Depth = 4> <FIFO>
ST_1 : Operation 25 [1/1] (0.00ns)   --->   "%colorFormat_val27_c20 = alloca i64 1"   --->   Operation 25 'alloca' 'colorFormat_val27_c20' <Predicate = true> <Delay = 0.00> <CoreInst = "FIFO_SRL">   --->   Core 81 'FIFO_SRL' <Latency = 0> <II = 1> <Delay = 2.16> <Storage> <Opcode : 'read' 'write' 'nbread' 'nbwrite'> <Ports = 0> <Width = 8> <Depth = 2> <FIFO>
ST_1 : Operation 26 [1/1] (0.00ns)   --->   "%colorFormat_val27_c19 = alloca i64 1"   --->   Operation 26 'alloca' 'colorFormat_val27_c19' <Predicate = true> <Delay = 0.00> <CoreInst = "FIFO_SRL">   --->   Core 81 'FIFO_SRL' <Latency = 0> <II = 1> <Delay = 2.16> <Storage> <Opcode : 'read' 'write' 'nbread' 'nbwrite'> <Ports = 0> <Width = 8> <Depth = 2> <FIFO>
ST_1 : Operation 27 [1/1] (0.00ns)   --->   "%colorFormat_val27_c = alloca i64 1"   --->   Operation 27 'alloca' 'colorFormat_val27_c' <Predicate = true> <Delay = 0.00> <CoreInst = "FIFO_SRL">   --->   Core 81 'FIFO_SRL' <Latency = 0> <II = 1> <Delay = 2.16> <Storage> <Opcode : 'read' 'write' 'nbread' 'nbwrite'> <Ports = 0> <Width = 8> <Depth = 2> <FIFO>
ST_1 : Operation 28 [1/1] (0.00ns)   --->   "%motionSpeed_val23_c18 = alloca i64 1"   --->   Operation 28 'alloca' 'motionSpeed_val23_c18' <Predicate = true> <Delay = 0.00> <CoreInst = "FIFO_SRL">   --->   Core 81 'FIFO_SRL' <Latency = 0> <II = 1> <Delay = 2.16> <Storage> <Opcode : 'read' 'write' 'nbread' 'nbwrite'> <Ports = 0> <Width = 8> <Depth = 3> <FIFO>
ST_1 : Operation 29 [1/1] (0.00ns)   --->   "%motionSpeed_val23_c = alloca i64 1"   --->   Operation 29 'alloca' 'motionSpeed_val23_c' <Predicate = true> <Delay = 0.00> <CoreInst = "FIFO_SRL">   --->   Core 81 'FIFO_SRL' <Latency = 0> <II = 1> <Delay = 2.16> <Storage> <Opcode : 'read' 'write' 'nbread' 'nbwrite'> <Ports = 0> <Width = 8> <Depth = 2> <FIFO>
ST_1 : Operation 30 [1/1] (0.00ns)   --->   "%maskId_val21_c = alloca i64 1"   --->   Operation 30 'alloca' 'maskId_val21_c' <Predicate = true> <Delay = 0.00> <CoreInst = "FIFO_SRL">   --->   Core 81 'FIFO_SRL' <Latency = 0> <II = 1> <Delay = 2.16> <Storage> <Opcode : 'read' 'write' 'nbread' 'nbwrite'> <Ports = 0> <Width = 8> <Depth = 4> <FIFO>
ST_1 : Operation 31 [1/1] (0.00ns)   --->   "%ovrlayId_val20_c = alloca i64 1"   --->   Operation 31 'alloca' 'ovrlayId_val20_c' <Predicate = true> <Delay = 0.00> <CoreInst = "FIFO_SRL">   --->   Core 81 'FIFO_SRL' <Latency = 0> <II = 1> <Delay = 2.16> <Storage> <Opcode : 'read' 'write' 'nbread' 'nbwrite'> <Ports = 0> <Width = 8> <Depth = 4> <FIFO>
ST_1 : Operation 32 [1/1] (0.00ns)   --->   "%bckgndId_val19_c = alloca i64 1"   --->   Operation 32 'alloca' 'bckgndId_val19_c' <Predicate = true> <Delay = 0.00> <CoreInst = "FIFO_SRL">   --->   Core 81 'FIFO_SRL' <Latency = 0> <II = 1> <Delay = 2.16> <Storage> <Opcode : 'read' 'write' 'nbread' 'nbwrite'> <Ports = 0> <Width = 8> <Depth = 3> <FIFO>
ST_1 : Operation 33 [1/1] (0.00ns)   --->   "%enableInput_val18_c = alloca i64 1"   --->   Operation 33 'alloca' 'enableInput_val18_c' <Predicate = true> <Delay = 0.00> <CoreInst = "FIFO_SRL">   --->   Core 81 'FIFO_SRL' <Latency = 0> <II = 1> <Delay = 2.16> <Storage> <Opcode : 'read' 'write' 'nbread' 'nbwrite'> <Ports = 0> <Width = 8> <Depth = 2> <FIFO>
ST_1 : Operation 34 [1/1] (0.00ns)   --->   "%passthruEndY_val16_c = alloca i64 1"   --->   Operation 34 'alloca' 'passthruEndY_val16_c' <Predicate = true> <Delay = 0.00> <CoreInst = "FIFO_SRL">   --->   Core 81 'FIFO_SRL' <Latency = 0> <II = 1> <Delay = 2.16> <Storage> <Opcode : 'read' 'write' 'nbread' 'nbwrite'> <Ports = 0> <Width = 16> <Depth = 3> <FIFO>
ST_1 : Operation 35 [1/1] (0.00ns)   --->   "%passthruEndX_val15_c = alloca i64 1"   --->   Operation 35 'alloca' 'passthruEndX_val15_c' <Predicate = true> <Delay = 0.00> <CoreInst = "FIFO_SRL">   --->   Core 81 'FIFO_SRL' <Latency = 0> <II = 1> <Delay = 2.16> <Storage> <Opcode : 'read' 'write' 'nbread' 'nbwrite'> <Ports = 0> <Width = 16> <Depth = 3> <FIFO>
ST_1 : Operation 36 [1/1] (0.00ns)   --->   "%passthruStartY_val14_c = alloca i64 1"   --->   Operation 36 'alloca' 'passthruStartY_val14_c' <Predicate = true> <Delay = 0.00> <CoreInst = "FIFO_SRL">   --->   Core 81 'FIFO_SRL' <Latency = 0> <II = 1> <Delay = 2.16> <Storage> <Opcode : 'read' 'write' 'nbread' 'nbwrite'> <Ports = 0> <Width = 16> <Depth = 3> <FIFO>
ST_1 : Operation 37 [1/1] (0.00ns)   --->   "%passthruStartX_val13_c = alloca i64 1"   --->   Operation 37 'alloca' 'passthruStartX_val13_c' <Predicate = true> <Delay = 0.00> <CoreInst = "FIFO_SRL">   --->   Core 81 'FIFO_SRL' <Latency = 0> <II = 1> <Delay = 2.16> <Storage> <Opcode : 'read' 'write' 'nbread' 'nbwrite'> <Ports = 0> <Width = 16> <Depth = 3> <FIFO>
ST_1 : Operation 38 [1/1] (0.00ns)   --->   "%fid_in_val12_c = alloca i64 1"   --->   Operation 38 'alloca' 'fid_in_val12_c' <Predicate = true> <Delay = 0.00> <CoreInst = "FIFO_SRL">   --->   Core 81 'FIFO_SRL' <Latency = 0> <II = 1> <Delay = 2.15> <Storage> <Opcode : 'read' 'write' 'nbread' 'nbwrite'> <Ports = 0> <Width = 1> <Depth = 5> <FIFO>
ST_1 : Operation 39 [1/1] (0.00ns)   --->   "%field_id_val11_c = alloca i64 1"   --->   Operation 39 'alloca' 'field_id_val11_c' <Predicate = true> <Delay = 0.00> <CoreInst = "FIFO_SRL">   --->   Core 81 'FIFO_SRL' <Latency = 0> <II = 1> <Delay = 2.15> <Storage> <Opcode : 'read' 'write' 'nbread' 'nbwrite'> <Ports = 0> <Width = 16> <Depth = 5> <FIFO>
ST_1 : Operation 40 [1/1] (0.00ns)   --->   "%width_val10_c17 = alloca i64 1"   --->   Operation 40 'alloca' 'width_val10_c17' <Predicate = true> <Delay = 0.00> <CoreInst = "FIFO_SRL">   --->   Core 81 'FIFO_SRL' <Latency = 0> <II = 1> <Delay = 2.16> <Storage> <Opcode : 'read' 'write' 'nbread' 'nbwrite'> <Ports = 0> <Width = 16> <Depth = 2> <FIFO>
ST_1 : Operation 41 [1/1] (0.00ns)   --->   "%width_val10_c16 = alloca i64 1"   --->   Operation 41 'alloca' 'width_val10_c16' <Predicate = true> <Delay = 0.00> <CoreInst = "FIFO_SRL">   --->   Core 81 'FIFO_SRL' <Latency = 0> <II = 1> <Delay = 2.16> <Storage> <Opcode : 'read' 'write' 'nbread' 'nbwrite'> <Ports = 0> <Width = 16> <Depth = 2> <FIFO>
ST_1 : Operation 42 [1/1] (0.00ns)   --->   "%width_val10_c = alloca i64 1"   --->   Operation 42 'alloca' 'width_val10_c' <Predicate = true> <Delay = 0.00> <CoreInst = "FIFO_SRL">   --->   Core 81 'FIFO_SRL' <Latency = 0> <II = 1> <Delay = 2.16> <Storage> <Opcode : 'read' 'write' 'nbread' 'nbwrite'> <Ports = 0> <Width = 11> <Depth = 2> <FIFO>
ST_1 : Operation 43 [1/1] (0.00ns)   --->   "%height_val5_c15 = alloca i64 1"   --->   Operation 43 'alloca' 'height_val5_c15' <Predicate = true> <Delay = 0.00> <CoreInst = "FIFO_SRL">   --->   Core 81 'FIFO_SRL' <Latency = 0> <II = 1> <Delay = 2.16> <Storage> <Opcode : 'read' 'write' 'nbread' 'nbwrite'> <Ports = 0> <Width = 16> <Depth = 2> <FIFO>
ST_1 : Operation 44 [1/1] (0.00ns)   --->   "%height_val5_c14 = alloca i64 1"   --->   Operation 44 'alloca' 'height_val5_c14' <Predicate = true> <Delay = 0.00> <CoreInst = "FIFO_SRL">   --->   Core 81 'FIFO_SRL' <Latency = 0> <II = 1> <Delay = 2.16> <Storage> <Opcode : 'read' 'write' 'nbread' 'nbwrite'> <Ports = 0> <Width = 16> <Depth = 2> <FIFO>
ST_1 : Operation 45 [1/1] (0.00ns)   --->   "%height_val5_c = alloca i64 1"   --->   Operation 45 'alloca' 'height_val5_c' <Predicate = true> <Delay = 0.00> <CoreInst = "FIFO_SRL">   --->   Core 81 'FIFO_SRL' <Latency = 0> <II = 1> <Delay = 2.16> <Storage> <Opcode : 'read' 'write' 'nbread' 'nbwrite'> <Ports = 0> <Width = 10> <Depth = 2> <FIFO>
ST_1 : Operation 46 [1/1] (0.00ns)   --->   "%srcYUV = alloca i64 1"   --->   Operation 46 'alloca' 'srcYUV' <Predicate = true> <Delay = 0.00> <CoreInst = "FIFO_SRL">   --->   Core 81 'FIFO_SRL' <Latency = 0> <II = 1> <Delay = 2.25> <Storage> <Opcode : 'read' 'write' 'nbread' 'nbwrite'> <Ports = 0> <Width = 24> <Depth = 16> <FIFO>
ST_1 : Operation 47 [1/1] (0.00ns)   --->   "%bckgndYUV = alloca i64 1"   --->   Operation 47 'alloca' 'bckgndYUV' <Predicate = true> <Delay = 0.00> <CoreInst = "FIFO_SRL">   --->   Core 81 'FIFO_SRL' <Latency = 0> <II = 1> <Delay = 2.25> <Storage> <Opcode : 'read' 'write' 'nbread' 'nbwrite'> <Ports = 0> <Width = 24> <Depth = 16> <FIFO>
ST_1 : Operation 48 [1/1] (0.00ns)   --->   "%ovrlayYUV = alloca i64 1"   --->   Operation 48 'alloca' 'ovrlayYUV' <Predicate = true> <Delay = 0.00> <CoreInst = "FIFO_SRL">   --->   Core 81 'FIFO_SRL' <Latency = 0> <II = 1> <Delay = 2.25> <Storage> <Opcode : 'read' 'write' 'nbread' 'nbwrite'> <Ports = 0> <Width = 24> <Depth = 16> <FIFO>
ST_1 : Operation 49 [2/2] (2.16ns)   --->   "%call_ln342 = call void @AXIvideo2MultiPixStream, i24 %s_axis_video_V_data_V, i3 %s_axis_video_V_keep_V, i3 %s_axis_video_V_strb_V, i1 %s_axis_video_V_user_V, i1 %s_axis_video_V_last_V, i1 %s_axis_video_V_id_V, i1 %s_axis_video_V_dest_V, i24 %srcYUV, i8 %enableInput_val18_read, i16 %height_val5_read, i16 %width_val10_read, i8 %colorFormat_val27_read, i16 %height_val5_c15, i16 %width_val10_c17, i8 %enableInput_val18_c, i8 %colorFormat_val27_c20" [/home/sundance/Emilie_Projects/git/EMC2/BSP_HDMI_out_TE0820_4EV/2023.2/firmware/EMC2_HDMI_out.runs/design_1_v_tpg_0_0_synth_1/prj/sol/.autopilot/db/v_tpg.cpp:342]   --->   Operation 49 'call' 'call_ln342' <Predicate = true> <Delay = 2.16> <CoreType = "Generic">   --->   Core 0 '' <Latency = 0> <II = 1> <Delay = 1.00> <Generic> <Opcode : >

State 2 <SV = 1> <Delay = 2.16>
ST_2 : Operation 50 [1/1] (0.00ns)   --->   "%dpYUVCoef_val39_read = read i8 @_ssdm_op_Read.ap_auto.i8, i8 %dpYUVCoef_val39"   --->   Operation 50 'read' 'dpYUVCoef_val39_read' <Predicate = true> <Delay = 0.00>
ST_2 : Operation 51 [1/1] (0.00ns)   --->   "%dpDynamicRange_val38_read = read i8 @_ssdm_op_Read.ap_auto.i8, i8 %dpDynamicRange_val38"   --->   Operation 51 'read' 'dpDynamicRange_val38_read' <Predicate = true> <Delay = 0.00>
ST_2 : Operation 52 [1/1] (0.00ns)   --->   "%boxColorB_val37_read = read i8 @_ssdm_op_Read.ap_auto.i8, i8 %boxColorB_val37"   --->   Operation 52 'read' 'boxColorB_val37_read' <Predicate = true> <Delay = 0.00>
ST_2 : Operation 53 [1/1] (0.00ns)   --->   "%boxColorG_val36_read = read i8 @_ssdm_op_Read.ap_auto.i8, i8 %boxColorG_val36"   --->   Operation 53 'read' 'boxColorG_val36_read' <Predicate = true> <Delay = 0.00>
ST_2 : Operation 54 [1/1] (0.00ns)   --->   "%boxColorR_val35_read = read i8 @_ssdm_op_Read.ap_auto.i8, i8 %boxColorR_val35"   --->   Operation 54 'read' 'boxColorR_val35_read' <Predicate = true> <Delay = 0.00>
ST_2 : Operation 55 [1/1] (0.00ns)   --->   "%boxSize_val34_read = read i16 @_ssdm_op_Read.ap_auto.i16, i16 %boxSize_val34"   --->   Operation 55 'read' 'boxSize_val34_read' <Predicate = true> <Delay = 0.00>
ST_2 : Operation 56 [1/1] (0.00ns)   --->   "%ZplateVerContDelta_val33_read = read i16 @_ssdm_op_Read.ap_auto.i16, i16 %ZplateVerContDelta_val33"   --->   Operation 56 'read' 'ZplateVerContDelta_val33_read' <Predicate = true> <Delay = 0.00>
ST_2 : Operation 57 [1/1] (0.00ns)   --->   "%ZplateVerContStart_val32_read = read i16 @_ssdm_op_Read.ap_auto.i16, i16 %ZplateVerContStart_val32"   --->   Operation 57 'read' 'ZplateVerContStart_val32_read' <Predicate = true> <Delay = 0.00>
ST_2 : Operation 58 [1/1] (0.00ns)   --->   "%ZplateHorContDelta_val31_read = read i16 @_ssdm_op_Read.ap_auto.i16, i16 %ZplateHorContDelta_val31"   --->   Operation 58 'read' 'ZplateHorContDelta_val31_read' <Predicate = true> <Delay = 0.00>
ST_2 : Operation 59 [1/1] (0.00ns)   --->   "%ZplateHorContStart_val30_read = read i16 @_ssdm_op_Read.ap_auto.i16, i16 %ZplateHorContStart_val30"   --->   Operation 59 'read' 'ZplateHorContStart_val30_read' <Predicate = true> <Delay = 0.00>
ST_2 : Operation 60 [1/1] (0.00ns)   --->   "%crossHairY_val29_read = read i16 @_ssdm_op_Read.ap_auto.i16, i16 %crossHairY_val29"   --->   Operation 60 'read' 'crossHairY_val29_read' <Predicate = true> <Delay = 0.00>
ST_2 : Operation 61 [1/1] (0.00ns)   --->   "%crossHairX_val28_read = read i16 @_ssdm_op_Read.ap_auto.i16, i16 %crossHairX_val28"   --->   Operation 61 'read' 'crossHairX_val28_read' <Predicate = true> <Delay = 0.00>
ST_2 : Operation 62 [1/1] (0.00ns)   --->   "%motionSpeed_val23_read = read i8 @_ssdm_op_Read.ap_auto.i8, i8 %motionSpeed_val23"   --->   Operation 62 'read' 'motionSpeed_val23_read' <Predicate = true> <Delay = 0.00>
ST_2 : Operation 63 [1/1] (0.00ns)   --->   "%maskId_val21_read = read i8 @_ssdm_op_Read.ap_auto.i8, i8 %maskId_val21"   --->   Operation 63 'read' 'maskId_val21_read' <Predicate = true> <Delay = 0.00>
ST_2 : Operation 64 [1/1] (0.00ns)   --->   "%ovrlayId_val20_read = read i8 @_ssdm_op_Read.ap_auto.i8, i8 %ovrlayId_val20"   --->   Operation 64 'read' 'ovrlayId_val20_read' <Predicate = true> <Delay = 0.00>
ST_2 : Operation 65 [1/1] (0.00ns)   --->   "%bckgndId_val19_read = read i8 @_ssdm_op_Read.ap_auto.i8, i8 %bckgndId_val19"   --->   Operation 65 'read' 'bckgndId_val19_read' <Predicate = true> <Delay = 0.00>
ST_2 : Operation 66 [1/1] (0.00ns)   --->   "%passthruEndY_val16_read = read i16 @_ssdm_op_Read.ap_auto.i16, i16 %passthruEndY_val16"   --->   Operation 66 'read' 'passthruEndY_val16_read' <Predicate = true> <Delay = 0.00>
ST_2 : Operation 67 [1/1] (0.00ns)   --->   "%passthruEndX_val15_read = read i16 @_ssdm_op_Read.ap_auto.i16, i16 %passthruEndX_val15"   --->   Operation 67 'read' 'passthruEndX_val15_read' <Predicate = true> <Delay = 0.00>
ST_2 : Operation 68 [1/1] (0.00ns)   --->   "%passthruStartY_val14_read = read i16 @_ssdm_op_Read.ap_auto.i16, i16 %passthruStartY_val14"   --->   Operation 68 'read' 'passthruStartY_val14_read' <Predicate = true> <Delay = 0.00>
ST_2 : Operation 69 [1/1] (0.00ns)   --->   "%passthruStartX_val13_read = read i16 @_ssdm_op_Read.ap_auto.i16, i16 %passthruStartX_val13"   --->   Operation 69 'read' 'passthruStartX_val13_read' <Predicate = true> <Delay = 0.00>
ST_2 : Operation 70 [1/1] (0.00ns)   --->   "%fid_in_val12_read = read i1 @_ssdm_op_Read.ap_auto.i1, i1 %fid_in_val12"   --->   Operation 70 'read' 'fid_in_val12_read' <Predicate = true> <Delay = 0.00>
ST_2 : Operation 71 [1/1] (0.00ns)   --->   "%field_id_val11_read = read i16 @_ssdm_op_Read.ap_auto.i16, i16 %field_id_val11"   --->   Operation 71 'read' 'field_id_val11_read' <Predicate = true> <Delay = 0.00>
ST_2 : Operation 72 [1/1] (2.16ns)   --->   "%call_ln0 = call void @entry_proc, i16 %field_id_val11_read, i16 %field_id_val11_c, i1 %fid_in_val12_read, i1 %fid_in_val12_c, i16 %passthruStartX_val13_read, i16 %passthruStartX_val13_c, i16 %passthruStartY_val14_read, i16 %passthruStartY_val14_c, i16 %passthruEndX_val15_read, i16 %passthruEndX_val15_c, i16 %passthruEndY_val16_read, i16 %passthruEndY_val16_c, i8 %bckgndId_val19_read, i8 %bckgndId_val19_c, i8 %ovrlayId_val20_read, i8 %ovrlayId_val20_c, i8 %maskId_val21_read, i8 %maskId_val21_c, i8 %motionSpeed_val23_read, i8 %motionSpeed_val23_c18, i16 %crossHairX_val28_read, i16 %crossHairX_val28_c, i16 %crossHairY_val29_read, i16 %crossHairY_val29_c, i16 %ZplateHorContStart_val30_read, i16 %ZplateHorContStart_val30_c, i16 %ZplateHorContDelta_val31_read, i16 %ZplateHorContDelta_val31_c, i16 %ZplateVerContStart_val32_read, i16 %ZplateVerContStart_val32_c, i16 %ZplateVerContDelta_val33_read, i16 %ZplateVerContDelta_val33_c, i16 %boxSize_val34_read, i16 %boxSize_val34_c, i8 %boxColorR_val35_read, i8 %boxColorR_val35_c, i8 %boxColorG_val36_read, i8 %boxColorG_val36_c, i8 %boxColorB_val37_read, i8 %boxColorB_val37_c, i8 %dpDynamicRange_val38_read, i8 %dpDynamicRange_val38_c, i8 %dpYUVCoef_val39_read, i8 %dpYUVCoef_val39_c"   --->   Operation 72 'call' 'call_ln0' <Predicate = true> <Delay = 2.16> <CoreType = "Generic">   --->   Core 0 '' <Latency = 0> <II = 1> <Delay = 1.00> <Generic> <Opcode : >
ST_2 : Operation 73 [1/2] (0.00ns)   --->   "%call_ln342 = call void @AXIvideo2MultiPixStream, i24 %s_axis_video_V_data_V, i3 %s_axis_video_V_keep_V, i3 %s_axis_video_V_strb_V, i1 %s_axis_video_V_user_V, i1 %s_axis_video_V_last_V, i1 %s_axis_video_V_id_V, i1 %s_axis_video_V_dest_V, i24 %srcYUV, i8 %enableInput_val18_read, i16 %height_val5_read, i16 %width_val10_read, i8 %colorFormat_val27_read, i16 %height_val5_c15, i16 %width_val10_c17, i8 %enableInput_val18_c, i8 %colorFormat_val27_c20" [/home/sundance/Emilie_Projects/git/EMC2/BSP_HDMI_out_TE0820_4EV/2023.2/firmware/EMC2_HDMI_out.runs/design_1_v_tpg_0_0_synth_1/prj/sol/.autopilot/db/v_tpg.cpp:342]   --->   Operation 73 'call' 'call_ln342' <Predicate = true> <Delay = 0.00> <CoreType = "Generic">   --->   Core 0 '' <Latency = 0> <II = 1> <Delay = 1.00> <Generic> <Opcode : >

State 3 <SV = 2> <Delay = 0.00>
ST_3 : Operation 74 [2/2] (0.00ns)   --->   "%call_ln345 = call void @tpgBackground, i24 %srcYUV, i16 %height_val5_c15, i16 %width_val10_c17, i16 %passthruStartX_val13_c, i16 %passthruStartY_val14_c, i16 %passthruEndX_val15_c, i16 %passthruEndY_val16_c, i8 %enableInput_val18_c, i8 %bckgndId_val19_c, i16 %ZplateHorContStart_val30_c, i16 %ZplateHorContDelta_val31_c, i16 %ZplateVerContStart_val32_c, i16 %ZplateVerContDelta_val33_c, i8 %dpDynamicRange_val38_c, i8 %dpYUVCoef_val39_c, i8 %motionSpeed_val23_c18, i8 %colorFormat_val27_c20, i24 %bckgndYUV, i16 %height_val5_c14, i16 %width_val10_c16, i8 %motionSpeed_val23_c, i8 %colorFormat_val27_c19, i8 %rampStart, i16 %rampVal_1, i8 %rampVal, i8 %hBarSel_4_0, i16 %zonePlateVAddr, i3 %vBarSel, i3 %hBarSel_0, i16 %hdata, i8 %vBarSel_2, i3 %hBarSel_3_0, i16 %rampVal_2, i1 %vBarSel_1, i3 %hBarSel_5_0, i8 %redYuv, i8 %grnYuv, i8 %bluYuv, i8 %blkYuv, i8 %whiYuv, i2 %tpgBarSelRgb_r, i8 %tpgBarSelYuv_y, i2 %tpgBarSelRgb_g, i8 %tpgBarSelYuv_u, i8 %tpgBarSelYuv_v, i11 %xBar_0, i32 %s, i2 %tpgBarSelRgb_b, i20 %tpgSinTableArray, i16 %zonePlateVDelta, i3 %tpgTartanBarArray, i10 %xCount_0, i10 %yCount, i10 %xCount_4_0, i1 %vHatch, i10 %yCount_2, i8 %whiYuv_1, i8 %blkYuv_1, i9 %tpgSinTableArray_9bit, i2 %tpgCheckerBoardArray, i10 %xCount_3_0, i10 %yCount_3, i28 %rSerie, i28 %gSerie, i28 %bSerie, i2 %DPtpgBarSelRgb_VESA_r, i2 %DPtpgBarSelRgb_VESA_g, i2 %DPtpgBarSelRgb_VESA_b, i3 %DPtpgBarArray, i10 %xCount_5_0, i6 %yCount_1, i6 %DPtpgBarSelRgb_CEA_r, i6 %DPtpgBarSelRgb_CEA_g, i6 %DPtpgBarSelRgb_CEA_b, i8 %DPtpgBarSelYuv_601_y, i8 %DPtpgBarSelYuv_601_v, i8 %DPtpgBarSelYuv_601_u, i8 %DPtpgBarSelYuv_709_y, i8 %DPtpgBarSelYuv_709_v, i8 %DPtpgBarSelYuv_709_u" [/home/sundance/Emilie_Projects/git/EMC2/BSP_HDMI_out_TE0820_4EV/2023.2/firmware/EMC2_HDMI_out.runs/design_1_v_tpg_0_0_synth_1/prj/sol/.autopilot/db/v_tpg.cpp:345]   --->   Operation 74 'call' 'call_ln345' <Predicate = true> <Delay = 0.00> <CoreType = "Generic">   --->   Core 0 '' <Latency = 0> <II = 1> <Delay = 1.00> <Generic> <Opcode : >

State 4 <SV = 3> <Delay = 0.00>
ST_4 : Operation 75 [1/2] (0.00ns)   --->   "%call_ln345 = call void @tpgBackground, i24 %srcYUV, i16 %height_val5_c15, i16 %width_val10_c17, i16 %passthruStartX_val13_c, i16 %passthruStartY_val14_c, i16 %passthruEndX_val15_c, i16 %passthruEndY_val16_c, i8 %enableInput_val18_c, i8 %bckgndId_val19_c, i16 %ZplateHorContStart_val30_c, i16 %ZplateHorContDelta_val31_c, i16 %ZplateVerContStart_val32_c, i16 %ZplateVerContDelta_val33_c, i8 %dpDynamicRange_val38_c, i8 %dpYUVCoef_val39_c, i8 %motionSpeed_val23_c18, i8 %colorFormat_val27_c20, i24 %bckgndYUV, i16 %height_val5_c14, i16 %width_val10_c16, i8 %motionSpeed_val23_c, i8 %colorFormat_val27_c19, i8 %rampStart, i16 %rampVal_1, i8 %rampVal, i8 %hBarSel_4_0, i16 %zonePlateVAddr, i3 %vBarSel, i3 %hBarSel_0, i16 %hdata, i8 %vBarSel_2, i3 %hBarSel_3_0, i16 %rampVal_2, i1 %vBarSel_1, i3 %hBarSel_5_0, i8 %redYuv, i8 %grnYuv, i8 %bluYuv, i8 %blkYuv, i8 %whiYuv, i2 %tpgBarSelRgb_r, i8 %tpgBarSelYuv_y, i2 %tpgBarSelRgb_g, i8 %tpgBarSelYuv_u, i8 %tpgBarSelYuv_v, i11 %xBar_0, i32 %s, i2 %tpgBarSelRgb_b, i20 %tpgSinTableArray, i16 %zonePlateVDelta, i3 %tpgTartanBarArray, i10 %xCount_0, i10 %yCount, i10 %xCount_4_0, i1 %vHatch, i10 %yCount_2, i8 %whiYuv_1, i8 %blkYuv_1, i9 %tpgSinTableArray_9bit, i2 %tpgCheckerBoardArray, i10 %xCount_3_0, i10 %yCount_3, i28 %rSerie, i28 %gSerie, i28 %bSerie, i2 %DPtpgBarSelRgb_VESA_r, i2 %DPtpgBarSelRgb_VESA_g, i2 %DPtpgBarSelRgb_VESA_b, i3 %DPtpgBarArray, i10 %xCount_5_0, i6 %yCount_1, i6 %DPtpgBarSelRgb_CEA_r, i6 %DPtpgBarSelRgb_CEA_g, i6 %DPtpgBarSelRgb_CEA_b, i8 %DPtpgBarSelYuv_601_y, i8 %DPtpgBarSelYuv_601_v, i8 %DPtpgBarSelYuv_601_u, i8 %DPtpgBarSelYuv_709_y, i8 %DPtpgBarSelYuv_709_v, i8 %DPtpgBarSelYuv_709_u" [/home/sundance/Emilie_Projects/git/EMC2/BSP_HDMI_out_TE0820_4EV/2023.2/firmware/EMC2_HDMI_out.runs/design_1_v_tpg_0_0_synth_1/prj/sol/.autopilot/db/v_tpg.cpp:345]   --->   Operation 75 'call' 'call_ln345' <Predicate = true> <Delay = 0.00> <CoreType = "Generic">   --->   Core 0 '' <Latency = 0> <II = 1> <Delay = 1.00> <Generic> <Opcode : >

State 5 <SV = 4> <Delay = 0.00>
ST_5 : Operation 76 [2/2] (0.00ns)   --->   "%call_ln358 = call void @tpgForeground, i24 %bckgndYUV, i16 %height_val5_c14, i16 %width_val10_c16, i8 %ovrlayId_val20_c, i8 %maskId_val21_c, i8 %colorFormat_val27_c19, i16 %crossHairX_val28_c, i16 %crossHairY_val29_c, i16 %boxSize_val34_c, i8 %boxColorR_val35_c, i8 %boxColorG_val36_c, i8 %boxColorB_val37_c, i8 %motionSpeed_val23_c, i24 %ovrlayYUV, i10 %height_val5_c, i11 %width_val10_c, i8 %colorFormat_val27_c, i16 %boxHCoord, i16 %boxVCoord, i1 %vDir, i1 %hDir, i8 %whiYuv_2" [/home/sundance/Emilie_Projects/git/EMC2/BSP_HDMI_out_TE0820_4EV/2023.2/firmware/EMC2_HDMI_out.runs/design_1_v_tpg_0_0_synth_1/prj/sol/.autopilot/db/v_tpg.cpp:358]   --->   Operation 76 'call' 'call_ln358' <Predicate = true> <Delay = 0.00> <CoreType = "Generic">   --->   Core 0 '' <Latency = 0> <II = 1> <Delay = 1.00> <Generic> <Opcode : >

State 6 <SV = 5> <Delay = 0.00>
ST_6 : Operation 77 [1/2] (0.00ns)   --->   "%call_ln358 = call void @tpgForeground, i24 %bckgndYUV, i16 %height_val5_c14, i16 %width_val10_c16, i8 %ovrlayId_val20_c, i8 %maskId_val21_c, i8 %colorFormat_val27_c19, i16 %crossHairX_val28_c, i16 %crossHairY_val29_c, i16 %boxSize_val34_c, i8 %boxColorR_val35_c, i8 %boxColorG_val36_c, i8 %boxColorB_val37_c, i8 %motionSpeed_val23_c, i24 %ovrlayYUV, i10 %height_val5_c, i11 %width_val10_c, i8 %colorFormat_val27_c, i16 %boxHCoord, i16 %boxVCoord, i1 %vDir, i1 %hDir, i8 %whiYuv_2" [/home/sundance/Emilie_Projects/git/EMC2/BSP_HDMI_out_TE0820_4EV/2023.2/firmware/EMC2_HDMI_out.runs/design_1_v_tpg_0_0_synth_1/prj/sol/.autopilot/db/v_tpg.cpp:358]   --->   Operation 77 'call' 'call_ln358' <Predicate = true> <Delay = 0.00> <CoreType = "Generic">   --->   Core 0 '' <Latency = 0> <II = 1> <Delay = 1.00> <Generic> <Opcode : >

State 7 <SV = 6> <Delay = 0.00>
ST_7 : Operation 78 [2/2] (0.00ns)   --->   "%call_ln399 = call void @MultiPixStream2AXIvideo, i24 %ovrlayYUV, i24 %m_axis_video_V_data_V, i3 %m_axis_video_V_keep_V, i3 %m_axis_video_V_strb_V, i1 %m_axis_video_V_user_V, i1 %m_axis_video_V_last_V, i1 %m_axis_video_V_id_V, i1 %m_axis_video_V_dest_V, i10 %height_val5_c, i11 %width_val10_c, i8 %colorFormat_val27_c, i1 %fid_in_val12_c, i1 %fid, i16 %field_id_val11_c, i1 %fidStored, i16 %counter" [/home/sundance/Emilie_Projects/git/EMC2/BSP_HDMI_out_TE0820_4EV/2023.2/firmware/EMC2_HDMI_out.runs/design_1_v_tpg_0_0_synth_1/prj/sol/.autopilot/db/v_tpg.cpp:399]   --->   Operation 78 'call' 'call_ln399' <Predicate = true> <Delay = 0.00> <CoreType = "Generic">   --->   Core 0 '' <Latency = 0> <II = 1> <Delay = 1.00> <Generic> <Opcode : >

State 8 <SV = 7> <Delay = 0.00>
ST_8 : Operation 79 [1/1] (0.00ns)   --->   "%empty = specchannel i32 @_ssdm_op_SpecChannel, void @dpYUVCoef_OC_val39_c_str, i32 1, void @p_str, void @p_str, i32 3, i32 0, i8 %dpYUVCoef_val39_c, i8 %dpYUVCoef_val39_c"   --->   Operation 79 'specchannel' 'empty' <Predicate = true> <Delay = 0.00>
ST_8 : Operation 80 [1/1] (0.00ns)   --->   "%specinterface_ln0 = specinterface void @_ssdm_op_SpecInterface, i8 %dpYUVCoef_val39_c, void @ap_fifo_str, i32 0, i32 0, void @p_str, i32 0, i32 0, void @p_str, void @p_str, void @p_str, i32 2, i32 2, i32 16, i32 16, void @p_str, void @p_str, i32 4294967295, i32 0"   --->   Operation 80 'specinterface' 'specinterface_ln0' <Predicate = true> <Delay = 0.00>
ST_8 : Operation 81 [1/1] (0.00ns)   --->   "%empty_74 = specchannel i32 @_ssdm_op_SpecChannel, void @dpDynamicRange_OC_val38_c_str, i32 1, void @p_str, void @p_str, i32 3, i32 0, i8 %dpDynamicRange_val38_c, i8 %dpDynamicRange_val38_c"   --->   Operation 81 'specchannel' 'empty_74' <Predicate = true> <Delay = 0.00>
ST_8 : Operation 82 [1/1] (0.00ns)   --->   "%specinterface_ln0 = specinterface void @_ssdm_op_SpecInterface, i8 %dpDynamicRange_val38_c, void @ap_fifo_str, i32 0, i32 0, void @p_str, i32 0, i32 0, void @p_str, void @p_str, void @p_str, i32 2, i32 2, i32 16, i32 16, void @p_str, void @p_str, i32 4294967295, i32 0"   --->   Operation 82 'specinterface' 'specinterface_ln0' <Predicate = true> <Delay = 0.00>
ST_8 : Operation 83 [1/1] (0.00ns)   --->   "%empty_75 = specchannel i32 @_ssdm_op_SpecChannel, void @boxColorB_OC_val37_c_str, i32 1, void @p_str, void @p_str, i32 4, i32 0, i8 %boxColorB_val37_c, i8 %boxColorB_val37_c"   --->   Operation 83 'specchannel' 'empty_75' <Predicate = true> <Delay = 0.00>
ST_8 : Operation 84 [1/1] (0.00ns)   --->   "%specinterface_ln0 = specinterface void @_ssdm_op_SpecInterface, i8 %boxColorB_val37_c, void @ap_fifo_str, i32 0, i32 0, void @p_str, i32 0, i32 0, void @p_str, void @p_str, void @p_str, i32 2, i32 2, i32 16, i32 16, void @p_str, void @p_str, i32 4294967295, i32 0"   --->   Operation 84 'specinterface' 'specinterface_ln0' <Predicate = true> <Delay = 0.00>
ST_8 : Operation 85 [1/1] (0.00ns)   --->   "%empty_76 = specchannel i32 @_ssdm_op_SpecChannel, void @boxColorG_OC_val36_c_str, i32 1, void @p_str, void @p_str, i32 4, i32 0, i8 %boxColorG_val36_c, i8 %boxColorG_val36_c"   --->   Operation 85 'specchannel' 'empty_76' <Predicate = true> <Delay = 0.00>
ST_8 : Operation 86 [1/1] (0.00ns)   --->   "%specinterface_ln0 = specinterface void @_ssdm_op_SpecInterface, i8 %boxColorG_val36_c, void @ap_fifo_str, i32 0, i32 0, void @p_str, i32 0, i32 0, void @p_str, void @p_str, void @p_str, i32 2, i32 2, i32 16, i32 16, void @p_str, void @p_str, i32 4294967295, i32 0"   --->   Operation 86 'specinterface' 'specinterface_ln0' <Predicate = true> <Delay = 0.00>
ST_8 : Operation 87 [1/1] (0.00ns)   --->   "%empty_77 = specchannel i32 @_ssdm_op_SpecChannel, void @boxColorR_OC_val35_c_str, i32 1, void @p_str, void @p_str, i32 4, i32 0, i8 %boxColorR_val35_c, i8 %boxColorR_val35_c"   --->   Operation 87 'specchannel' 'empty_77' <Predicate = true> <Delay = 0.00>
ST_8 : Operation 88 [1/1] (0.00ns)   --->   "%specinterface_ln0 = specinterface void @_ssdm_op_SpecInterface, i8 %boxColorR_val35_c, void @ap_fifo_str, i32 0, i32 0, void @p_str, i32 0, i32 0, void @p_str, void @p_str, void @p_str, i32 2, i32 2, i32 16, i32 16, void @p_str, void @p_str, i32 4294967295, i32 0"   --->   Operation 88 'specinterface' 'specinterface_ln0' <Predicate = true> <Delay = 0.00>
ST_8 : Operation 89 [1/1] (0.00ns)   --->   "%empty_78 = specchannel i32 @_ssdm_op_SpecChannel, void @boxSize_OC_val34_c_str, i32 1, void @p_str, void @p_str, i32 4, i32 0, i16 %boxSize_val34_c, i16 %boxSize_val34_c"   --->   Operation 89 'specchannel' 'empty_78' <Predicate = true> <Delay = 0.00>
ST_8 : Operation 90 [1/1] (0.00ns)   --->   "%specinterface_ln0 = specinterface void @_ssdm_op_SpecInterface, i16 %boxSize_val34_c, void @ap_fifo_str, i32 0, i32 0, void @p_str, i32 0, i32 0, void @p_str, void @p_str, void @p_str, i32 2, i32 2, i32 16, i32 16, void @p_str, void @p_str, i32 4294967295, i32 0"   --->   Operation 90 'specinterface' 'specinterface_ln0' <Predicate = true> <Delay = 0.00>
ST_8 : Operation 91 [1/1] (0.00ns)   --->   "%empty_79 = specchannel i32 @_ssdm_op_SpecChannel, void @ZplateVerContDelta_OC_val33_c_str, i32 1, void @p_str, void @p_str, i32 3, i32 0, i16 %ZplateVerContDelta_val33_c, i16 %ZplateVerContDelta_val33_c"   --->   Operation 91 'specchannel' 'empty_79' <Predicate = true> <Delay = 0.00>
ST_8 : Operation 92 [1/1] (0.00ns)   --->   "%specinterface_ln0 = specinterface void @_ssdm_op_SpecInterface, i16 %ZplateVerContDelta_val33_c, void @ap_fifo_str, i32 0, i32 0, void @p_str, i32 0, i32 0, void @p_str, void @p_str, void @p_str, i32 2, i32 2, i32 16, i32 16, void @p_str, void @p_str, i32 4294967295, i32 0"   --->   Operation 92 'specinterface' 'specinterface_ln0' <Predicate = true> <Delay = 0.00>
ST_8 : Operation 93 [1/1] (0.00ns)   --->   "%empty_80 = specchannel i32 @_ssdm_op_SpecChannel, void @ZplateVerContStart_OC_val32_c_str, i32 1, void @p_str, void @p_str, i32 3, i32 0, i16 %ZplateVerContStart_val32_c, i16 %ZplateVerContStart_val32_c"   --->   Operation 93 'specchannel' 'empty_80' <Predicate = true> <Delay = 0.00>
ST_8 : Operation 94 [1/1] (0.00ns)   --->   "%specinterface_ln0 = specinterface void @_ssdm_op_SpecInterface, i16 %ZplateVerContStart_val32_c, void @ap_fifo_str, i32 0, i32 0, void @p_str, i32 0, i32 0, void @p_str, void @p_str, void @p_str, i32 2, i32 2, i32 16, i32 16, void @p_str, void @p_str, i32 4294967295, i32 0"   --->   Operation 94 'specinterface' 'specinterface_ln0' <Predicate = true> <Delay = 0.00>
ST_8 : Operation 95 [1/1] (0.00ns)   --->   "%empty_81 = specchannel i32 @_ssdm_op_SpecChannel, void @ZplateHorContDelta_OC_val31_c_str, i32 1, void @p_str, void @p_str, i32 3, i32 0, i16 %ZplateHorContDelta_val31_c, i16 %ZplateHorContDelta_val31_c"   --->   Operation 95 'specchannel' 'empty_81' <Predicate = true> <Delay = 0.00>
ST_8 : Operation 96 [1/1] (0.00ns)   --->   "%specinterface_ln0 = specinterface void @_ssdm_op_SpecInterface, i16 %ZplateHorContDelta_val31_c, void @ap_fifo_str, i32 0, i32 0, void @p_str, i32 0, i32 0, void @p_str, void @p_str, void @p_str, i32 2, i32 2, i32 16, i32 16, void @p_str, void @p_str, i32 4294967295, i32 0"   --->   Operation 96 'specinterface' 'specinterface_ln0' <Predicate = true> <Delay = 0.00>
ST_8 : Operation 97 [1/1] (0.00ns)   --->   "%empty_82 = specchannel i32 @_ssdm_op_SpecChannel, void @ZplateHorContStart_OC_val30_c_str, i32 1, void @p_str, void @p_str, i32 3, i32 0, i16 %ZplateHorContStart_val30_c, i16 %ZplateHorContStart_val30_c"   --->   Operation 97 'specchannel' 'empty_82' <Predicate = true> <Delay = 0.00>
ST_8 : Operation 98 [1/1] (0.00ns)   --->   "%specinterface_ln0 = specinterface void @_ssdm_op_SpecInterface, i16 %ZplateHorContStart_val30_c, void @ap_fifo_str, i32 0, i32 0, void @p_str, i32 0, i32 0, void @p_str, void @p_str, void @p_str, i32 2, i32 2, i32 16, i32 16, void @p_str, void @p_str, i32 4294967295, i32 0"   --->   Operation 98 'specinterface' 'specinterface_ln0' <Predicate = true> <Delay = 0.00>
ST_8 : Operation 99 [1/1] (0.00ns)   --->   "%empty_83 = specchannel i32 @_ssdm_op_SpecChannel, void @crossHairY_OC_val29_c_str, i32 1, void @p_str, void @p_str, i32 4, i32 0, i16 %crossHairY_val29_c, i16 %crossHairY_val29_c"   --->   Operation 99 'specchannel' 'empty_83' <Predicate = true> <Delay = 0.00>
ST_8 : Operation 100 [1/1] (0.00ns)   --->   "%specinterface_ln0 = specinterface void @_ssdm_op_SpecInterface, i16 %crossHairY_val29_c, void @ap_fifo_str, i32 0, i32 0, void @p_str, i32 0, i32 0, void @p_str, void @p_str, void @p_str, i32 2, i32 2, i32 16, i32 16, void @p_str, void @p_str, i32 4294967295, i32 0"   --->   Operation 100 'specinterface' 'specinterface_ln0' <Predicate = true> <Delay = 0.00>
ST_8 : Operation 101 [1/1] (0.00ns)   --->   "%empty_84 = specchannel i32 @_ssdm_op_SpecChannel, void @crossHairX_OC_val28_c_str, i32 1, void @p_str, void @p_str, i32 4, i32 0, i16 %crossHairX_val28_c, i16 %crossHairX_val28_c"   --->   Operation 101 'specchannel' 'empty_84' <Predicate = true> <Delay = 0.00>
ST_8 : Operation 102 [1/1] (0.00ns)   --->   "%specinterface_ln0 = specinterface void @_ssdm_op_SpecInterface, i16 %crossHairX_val28_c, void @ap_fifo_str, i32 0, i32 0, void @p_str, i32 0, i32 0, void @p_str, void @p_str, void @p_str, i32 2, i32 2, i32 16, i32 16, void @p_str, void @p_str, i32 4294967295, i32 0"   --->   Operation 102 'specinterface' 'specinterface_ln0' <Predicate = true> <Delay = 0.00>
ST_8 : Operation 103 [1/1] (0.00ns)   --->   "%empty_85 = specchannel i32 @_ssdm_op_SpecChannel, void @colorFormat_OC_val27_c20_str, i32 1, void @p_str, void @p_str, i32 2, i32 0, i8 %colorFormat_val27_c20, i8 %colorFormat_val27_c20"   --->   Operation 103 'specchannel' 'empty_85' <Predicate = true> <Delay = 0.00>
ST_8 : Operation 104 [1/1] (0.00ns)   --->   "%specinterface_ln0 = specinterface void @_ssdm_op_SpecInterface, i8 %colorFormat_val27_c20, void @ap_fifo_str, i32 0, i32 0, void @p_str, i32 0, i32 0, void @p_str, void @p_str, void @p_str, i32 2, i32 2, i32 16, i32 16, void @p_str, void @p_str, i32 4294967295, i32 0"   --->   Operation 104 'specinterface' 'specinterface_ln0' <Predicate = true> <Delay = 0.00>
ST_8 : Operation 105 [1/1] (0.00ns)   --->   "%empty_86 = specchannel i32 @_ssdm_op_SpecChannel, void @colorFormat_OC_val27_c19_str, i32 1, void @p_str, void @p_str, i32 2, i32 0, i8 %colorFormat_val27_c19, i8 %colorFormat_val27_c19"   --->   Operation 105 'specchannel' 'empty_86' <Predicate = true> <Delay = 0.00>
ST_8 : Operation 106 [1/1] (0.00ns)   --->   "%specinterface_ln0 = specinterface void @_ssdm_op_SpecInterface, i8 %colorFormat_val27_c19, void @ap_fifo_str, i32 0, i32 0, void @p_str, i32 0, i32 0, void @p_str, void @p_str, void @p_str, i32 2, i32 2, i32 16, i32 16, void @p_str, void @p_str, i32 4294967295, i32 0"   --->   Operation 106 'specinterface' 'specinterface_ln0' <Predicate = true> <Delay = 0.00>
ST_8 : Operation 107 [1/1] (0.00ns)   --->   "%empty_87 = specchannel i32 @_ssdm_op_SpecChannel, void @colorFormat_OC_val27_c_str, i32 1, void @p_str, void @p_str, i32 2, i32 0, i8 %colorFormat_val27_c, i8 %colorFormat_val27_c"   --->   Operation 107 'specchannel' 'empty_87' <Predicate = true> <Delay = 0.00>
ST_8 : Operation 108 [1/1] (0.00ns)   --->   "%specinterface_ln0 = specinterface void @_ssdm_op_SpecInterface, i8 %colorFormat_val27_c, void @ap_fifo_str, i32 0, i32 0, void @p_str, i32 0, i32 0, void @p_str, void @p_str, void @p_str, i32 2, i32 2, i32 16, i32 16, void @p_str, void @p_str, i32 4294967295, i32 0"   --->   Operation 108 'specinterface' 'specinterface_ln0' <Predicate = true> <Delay = 0.00>
ST_8 : Operation 109 [1/1] (0.00ns)   --->   "%empty_88 = specchannel i32 @_ssdm_op_SpecChannel, void @motionSpeed_OC_val23_c18_str, i32 1, void @p_str, void @p_str, i32 3, i32 0, i8 %motionSpeed_val23_c18, i8 %motionSpeed_val23_c18"   --->   Operation 109 'specchannel' 'empty_88' <Predicate = true> <Delay = 0.00>
ST_8 : Operation 110 [1/1] (0.00ns)   --->   "%specinterface_ln0 = specinterface void @_ssdm_op_SpecInterface, i8 %motionSpeed_val23_c18, void @ap_fifo_str, i32 0, i32 0, void @p_str, i32 0, i32 0, void @p_str, void @p_str, void @p_str, i32 2, i32 2, i32 16, i32 16, void @p_str, void @p_str, i32 4294967295, i32 0"   --->   Operation 110 'specinterface' 'specinterface_ln0' <Predicate = true> <Delay = 0.00>
ST_8 : Operation 111 [1/1] (0.00ns)   --->   "%empty_89 = specchannel i32 @_ssdm_op_SpecChannel, void @motionSpeed_OC_val23_c_str, i32 1, void @p_str, void @p_str, i32 2, i32 0, i8 %motionSpeed_val23_c, i8 %motionSpeed_val23_c"   --->   Operation 111 'specchannel' 'empty_89' <Predicate = true> <Delay = 0.00>
ST_8 : Operation 112 [1/1] (0.00ns)   --->   "%specinterface_ln0 = specinterface void @_ssdm_op_SpecInterface, i8 %motionSpeed_val23_c, void @ap_fifo_str, i32 0, i32 0, void @p_str, i32 0, i32 0, void @p_str, void @p_str, void @p_str, i32 2, i32 2, i32 16, i32 16, void @p_str, void @p_str, i32 4294967295, i32 0"   --->   Operation 112 'specinterface' 'specinterface_ln0' <Predicate = true> <Delay = 0.00>
ST_8 : Operation 113 [1/1] (0.00ns)   --->   "%empty_90 = specchannel i32 @_ssdm_op_SpecChannel, void @maskId_OC_val21_c_str, i32 1, void @p_str, void @p_str, i32 4, i32 0, i8 %maskId_val21_c, i8 %maskId_val21_c"   --->   Operation 113 'specchannel' 'empty_90' <Predicate = true> <Delay = 0.00>
ST_8 : Operation 114 [1/1] (0.00ns)   --->   "%specinterface_ln0 = specinterface void @_ssdm_op_SpecInterface, i8 %maskId_val21_c, void @ap_fifo_str, i32 0, i32 0, void @p_str, i32 0, i32 0, void @p_str, void @p_str, void @p_str, i32 2, i32 2, i32 16, i32 16, void @p_str, void @p_str, i32 4294967295, i32 0"   --->   Operation 114 'specinterface' 'specinterface_ln0' <Predicate = true> <Delay = 0.00>
ST_8 : Operation 115 [1/1] (0.00ns)   --->   "%empty_91 = specchannel i32 @_ssdm_op_SpecChannel, void @ovrlayId_OC_val20_c_str, i32 1, void @p_str, void @p_str, i32 4, i32 0, i8 %ovrlayId_val20_c, i8 %ovrlayId_val20_c"   --->   Operation 115 'specchannel' 'empty_91' <Predicate = true> <Delay = 0.00>
ST_8 : Operation 116 [1/1] (0.00ns)   --->   "%specinterface_ln0 = specinterface void @_ssdm_op_SpecInterface, i8 %ovrlayId_val20_c, void @ap_fifo_str, i32 0, i32 0, void @p_str, i32 0, i32 0, void @p_str, void @p_str, void @p_str, i32 2, i32 2, i32 16, i32 16, void @p_str, void @p_str, i32 4294967295, i32 0"   --->   Operation 116 'specinterface' 'specinterface_ln0' <Predicate = true> <Delay = 0.00>
ST_8 : Operation 117 [1/1] (0.00ns)   --->   "%empty_92 = specchannel i32 @_ssdm_op_SpecChannel, void @bckgndId_OC_val19_c_str, i32 1, void @p_str, void @p_str, i32 3, i32 0, i8 %bckgndId_val19_c, i8 %bckgndId_val19_c"   --->   Operation 117 'specchannel' 'empty_92' <Predicate = true> <Delay = 0.00>
ST_8 : Operation 118 [1/1] (0.00ns)   --->   "%specinterface_ln0 = specinterface void @_ssdm_op_SpecInterface, i8 %bckgndId_val19_c, void @ap_fifo_str, i32 0, i32 0, void @p_str, i32 0, i32 0, void @p_str, void @p_str, void @p_str, i32 2, i32 2, i32 16, i32 16, void @p_str, void @p_str, i32 4294967295, i32 0"   --->   Operation 118 'specinterface' 'specinterface_ln0' <Predicate = true> <Delay = 0.00>
ST_8 : Operation 119 [1/1] (0.00ns)   --->   "%empty_93 = specchannel i32 @_ssdm_op_SpecChannel, void @enableInput_OC_val18_c_str, i32 1, void @p_str, void @p_str, i32 2, i32 0, i8 %enableInput_val18_c, i8 %enableInput_val18_c"   --->   Operation 119 'specchannel' 'empty_93' <Predicate = true> <Delay = 0.00>
ST_8 : Operation 120 [1/1] (0.00ns)   --->   "%specinterface_ln0 = specinterface void @_ssdm_op_SpecInterface, i8 %enableInput_val18_c, void @ap_fifo_str, i32 0, i32 0, void @p_str, i32 0, i32 0, void @p_str, void @p_str, void @p_str, i32 2, i32 2, i32 16, i32 16, void @p_str, void @p_str, i32 4294967295, i32 0"   --->   Operation 120 'specinterface' 'specinterface_ln0' <Predicate = true> <Delay = 0.00>
ST_8 : Operation 121 [1/1] (0.00ns)   --->   "%empty_94 = specchannel i32 @_ssdm_op_SpecChannel, void @passthruEndY_OC_val16_c_str, i32 1, void @p_str, void @p_str, i32 3, i32 0, i16 %passthruEndY_val16_c, i16 %passthruEndY_val16_c"   --->   Operation 121 'specchannel' 'empty_94' <Predicate = true> <Delay = 0.00>
ST_8 : Operation 122 [1/1] (0.00ns)   --->   "%specinterface_ln0 = specinterface void @_ssdm_op_SpecInterface, i16 %passthruEndY_val16_c, void @ap_fifo_str, i32 0, i32 0, void @p_str, i32 0, i32 0, void @p_str, void @p_str, void @p_str, i32 2, i32 2, i32 16, i32 16, void @p_str, void @p_str, i32 4294967295, i32 0"   --->   Operation 122 'specinterface' 'specinterface_ln0' <Predicate = true> <Delay = 0.00>
ST_8 : Operation 123 [1/1] (0.00ns)   --->   "%empty_95 = specchannel i32 @_ssdm_op_SpecChannel, void @passthruEndX_OC_val15_c_str, i32 1, void @p_str, void @p_str, i32 3, i32 0, i16 %passthruEndX_val15_c, i16 %passthruEndX_val15_c"   --->   Operation 123 'specchannel' 'empty_95' <Predicate = true> <Delay = 0.00>
ST_8 : Operation 124 [1/1] (0.00ns)   --->   "%specinterface_ln0 = specinterface void @_ssdm_op_SpecInterface, i16 %passthruEndX_val15_c, void @ap_fifo_str, i32 0, i32 0, void @p_str, i32 0, i32 0, void @p_str, void @p_str, void @p_str, i32 2, i32 2, i32 16, i32 16, void @p_str, void @p_str, i32 4294967295, i32 0"   --->   Operation 124 'specinterface' 'specinterface_ln0' <Predicate = true> <Delay = 0.00>
ST_8 : Operation 125 [1/1] (0.00ns)   --->   "%empty_96 = specchannel i32 @_ssdm_op_SpecChannel, void @passthruStartY_OC_val14_c_str, i32 1, void @p_str, void @p_str, i32 3, i32 0, i16 %passthruStartY_val14_c, i16 %passthruStartY_val14_c"   --->   Operation 125 'specchannel' 'empty_96' <Predicate = true> <Delay = 0.00>
ST_8 : Operation 126 [1/1] (0.00ns)   --->   "%specinterface_ln0 = specinterface void @_ssdm_op_SpecInterface, i16 %passthruStartY_val14_c, void @ap_fifo_str, i32 0, i32 0, void @p_str, i32 0, i32 0, void @p_str, void @p_str, void @p_str, i32 2, i32 2, i32 16, i32 16, void @p_str, void @p_str, i32 4294967295, i32 0"   --->   Operation 126 'specinterface' 'specinterface_ln0' <Predicate = true> <Delay = 0.00>
ST_8 : Operation 127 [1/1] (0.00ns)   --->   "%empty_97 = specchannel i32 @_ssdm_op_SpecChannel, void @passthruStartX_OC_val13_c_str, i32 1, void @p_str, void @p_str, i32 3, i32 0, i16 %passthruStartX_val13_c, i16 %passthruStartX_val13_c"   --->   Operation 127 'specchannel' 'empty_97' <Predicate = true> <Delay = 0.00>
ST_8 : Operation 128 [1/1] (0.00ns)   --->   "%specinterface_ln0 = specinterface void @_ssdm_op_SpecInterface, i16 %passthruStartX_val13_c, void @ap_fifo_str, i32 0, i32 0, void @p_str, i32 0, i32 0, void @p_str, void @p_str, void @p_str, i32 2, i32 2, i32 16, i32 16, void @p_str, void @p_str, i32 4294967295, i32 0"   --->   Operation 128 'specinterface' 'specinterface_ln0' <Predicate = true> <Delay = 0.00>
ST_8 : Operation 129 [1/1] (0.00ns)   --->   "%empty_98 = specchannel i32 @_ssdm_op_SpecChannel, void @fid_in_OC_val12_c_str, i32 1, void @p_str, void @p_str, i32 5, i32 0, i1 %fid_in_val12_c, i1 %fid_in_val12_c"   --->   Operation 129 'specchannel' 'empty_98' <Predicate = true> <Delay = 0.00>
ST_8 : Operation 130 [1/1] (0.00ns)   --->   "%specinterface_ln0 = specinterface void @_ssdm_op_SpecInterface, i1 %fid_in_val12_c, void @ap_fifo_str, i32 0, i32 0, void @p_str, i32 0, i32 0, void @p_str, void @p_str, void @p_str, i32 2, i32 2, i32 16, i32 16, void @p_str, void @p_str, i32 4294967295, i32 0"   --->   Operation 130 'specinterface' 'specinterface_ln0' <Predicate = true> <Delay = 0.00>
ST_8 : Operation 131 [1/1] (0.00ns)   --->   "%empty_99 = specchannel i32 @_ssdm_op_SpecChannel, void @field_id_OC_val11_c_str, i32 1, void @p_str, void @p_str, i32 5, i32 0, i16 %field_id_val11_c, i16 %field_id_val11_c"   --->   Operation 131 'specchannel' 'empty_99' <Predicate = true> <Delay = 0.00>
ST_8 : Operation 132 [1/1] (0.00ns)   --->   "%specinterface_ln0 = specinterface void @_ssdm_op_SpecInterface, i16 %field_id_val11_c, void @ap_fifo_str, i32 0, i32 0, void @p_str, i32 0, i32 0, void @p_str, void @p_str, void @p_str, i32 2, i32 2, i32 16, i32 16, void @p_str, void @p_str, i32 4294967295, i32 0"   --->   Operation 132 'specinterface' 'specinterface_ln0' <Predicate = true> <Delay = 0.00>
ST_8 : Operation 133 [1/1] (0.00ns)   --->   "%empty_100 = specchannel i32 @_ssdm_op_SpecChannel, void @width_OC_val10_c17_str, i32 1, void @p_str, void @p_str, i32 2, i32 0, i16 %width_val10_c17, i16 %width_val10_c17"   --->   Operation 133 'specchannel' 'empty_100' <Predicate = true> <Delay = 0.00>
ST_8 : Operation 134 [1/1] (0.00ns)   --->   "%specinterface_ln0 = specinterface void @_ssdm_op_SpecInterface, i16 %width_val10_c17, void @ap_fifo_str, i32 0, i32 0, void @p_str, i32 0, i32 0, void @p_str, void @p_str, void @p_str, i32 2, i32 2, i32 16, i32 16, void @p_str, void @p_str, i32 4294967295, i32 0"   --->   Operation 134 'specinterface' 'specinterface_ln0' <Predicate = true> <Delay = 0.00>
ST_8 : Operation 135 [1/1] (0.00ns)   --->   "%empty_101 = specchannel i32 @_ssdm_op_SpecChannel, void @width_OC_val10_c16_str, i32 1, void @p_str, void @p_str, i32 2, i32 0, i16 %width_val10_c16, i16 %width_val10_c16"   --->   Operation 135 'specchannel' 'empty_101' <Predicate = true> <Delay = 0.00>
ST_8 : Operation 136 [1/1] (0.00ns)   --->   "%specinterface_ln0 = specinterface void @_ssdm_op_SpecInterface, i16 %width_val10_c16, void @ap_fifo_str, i32 0, i32 0, void @p_str, i32 0, i32 0, void @p_str, void @p_str, void @p_str, i32 2, i32 2, i32 16, i32 16, void @p_str, void @p_str, i32 4294967295, i32 0"   --->   Operation 136 'specinterface' 'specinterface_ln0' <Predicate = true> <Delay = 0.00>
ST_8 : Operation 137 [1/1] (0.00ns)   --->   "%empty_102 = specchannel i32 @_ssdm_op_SpecChannel, void @width_OC_val10_c_str, i32 1, void @p_str, void @p_str, i32 2, i32 0, i11 %width_val10_c, i11 %width_val10_c"   --->   Operation 137 'specchannel' 'empty_102' <Predicate = true> <Delay = 0.00>
ST_8 : Operation 138 [1/1] (0.00ns)   --->   "%specinterface_ln0 = specinterface void @_ssdm_op_SpecInterface, i11 %width_val10_c, void @ap_fifo_str, i32 0, i32 0, void @p_str, i32 0, i32 0, void @p_str, void @p_str, void @p_str, i32 2, i32 2, i32 16, i32 16, void @p_str, void @p_str, i32 4294967295, i32 0"   --->   Operation 138 'specinterface' 'specinterface_ln0' <Predicate = true> <Delay = 0.00>
ST_8 : Operation 139 [1/1] (0.00ns)   --->   "%empty_103 = specchannel i32 @_ssdm_op_SpecChannel, void @height_OC_val5_c15_str, i32 1, void @p_str, void @p_str, i32 2, i32 0, i16 %height_val5_c15, i16 %height_val5_c15"   --->   Operation 139 'specchannel' 'empty_103' <Predicate = true> <Delay = 0.00>
ST_8 : Operation 140 [1/1] (0.00ns)   --->   "%specinterface_ln0 = specinterface void @_ssdm_op_SpecInterface, i16 %height_val5_c15, void @ap_fifo_str, i32 0, i32 0, void @p_str, i32 0, i32 0, void @p_str, void @p_str, void @p_str, i32 2, i32 2, i32 16, i32 16, void @p_str, void @p_str, i32 4294967295, i32 0"   --->   Operation 140 'specinterface' 'specinterface_ln0' <Predicate = true> <Delay = 0.00>
ST_8 : Operation 141 [1/1] (0.00ns)   --->   "%empty_104 = specchannel i32 @_ssdm_op_SpecChannel, void @height_OC_val5_c14_str, i32 1, void @p_str, void @p_str, i32 2, i32 0, i16 %height_val5_c14, i16 %height_val5_c14"   --->   Operation 141 'specchannel' 'empty_104' <Predicate = true> <Delay = 0.00>
ST_8 : Operation 142 [1/1] (0.00ns)   --->   "%specinterface_ln0 = specinterface void @_ssdm_op_SpecInterface, i16 %height_val5_c14, void @ap_fifo_str, i32 0, i32 0, void @p_str, i32 0, i32 0, void @p_str, void @p_str, void @p_str, i32 2, i32 2, i32 16, i32 16, void @p_str, void @p_str, i32 4294967295, i32 0"   --->   Operation 142 'specinterface' 'specinterface_ln0' <Predicate = true> <Delay = 0.00>
ST_8 : Operation 143 [1/1] (0.00ns)   --->   "%empty_105 = specchannel i32 @_ssdm_op_SpecChannel, void @height_OC_val5_c_str, i32 1, void @p_str, void @p_str, i32 2, i32 0, i10 %height_val5_c, i10 %height_val5_c"   --->   Operation 143 'specchannel' 'empty_105' <Predicate = true> <Delay = 0.00>
ST_8 : Operation 144 [1/1] (0.00ns)   --->   "%specinterface_ln0 = specinterface void @_ssdm_op_SpecInterface, i10 %height_val5_c, void @ap_fifo_str, i32 0, i32 0, void @p_str, i32 0, i32 0, void @p_str, void @p_str, void @p_str, i32 2, i32 2, i32 16, i32 16, void @p_str, void @p_str, i32 4294967295, i32 0"   --->   Operation 144 'specinterface' 'specinterface_ln0' <Predicate = true> <Delay = 0.00>
ST_8 : Operation 145 [1/1] (0.00ns)   --->   "%specdataflowpipeline_ln0 = specdataflowpipeline void @_ssdm_op_SpecDataflowPipeline, i32 4294967295, i32 0, void @empty_16"   --->   Operation 145 'specdataflowpipeline' 'specdataflowpipeline_ln0' <Predicate = true> <Delay = 0.00>
ST_8 : Operation 146 [1/1] (0.00ns)   --->   "%specaxissidechannel_ln0 = specaxissidechannel void @_ssdm_op_SpecAXISSideChannel, i24 %m_axis_video_V_data_V, i3 %m_axis_video_V_keep_V, i3 %m_axis_video_V_strb_V, i1 %m_axis_video_V_user_V, i1 %m_axis_video_V_last_V, i1 %m_axis_video_V_id_V, i1 %m_axis_video_V_dest_V, void @empty_22"   --->   Operation 146 'specaxissidechannel' 'specaxissidechannel_ln0' <Predicate = true> <Delay = 0.00>
ST_8 : Operation 147 [1/1] (0.00ns)   --->   "%specaxissidechannel_ln0 = specaxissidechannel void @_ssdm_op_SpecAXISSideChannel, i24 %s_axis_video_V_data_V, i3 %s_axis_video_V_keep_V, i3 %s_axis_video_V_strb_V, i1 %s_axis_video_V_user_V, i1 %s_axis_video_V_last_V, i1 %s_axis_video_V_id_V, i1 %s_axis_video_V_dest_V, void @empty_25"   --->   Operation 147 'specaxissidechannel' 'specaxissidechannel_ln0' <Predicate = true> <Delay = 0.00>
ST_8 : Operation 148 [1/1] (0.00ns)   --->   "%specinterface_ln0 = specinterface void @_ssdm_op_SpecInterface, i1 %m_axis_video_V_dest_V, i1 %m_axis_video_V_id_V, i1 %m_axis_video_V_last_V, i1 %m_axis_video_V_user_V, i3 %m_axis_video_V_strb_V, i3 %m_axis_video_V_keep_V, i24 %m_axis_video_V_data_V, void @empty_18, i32 0, i32 0, void @empty_17, i32 0, i32 0, void @empty_16, void @empty_16, void @empty_16, i32 0, i32 0, i32 0, i32 0, void @empty_16, void @empty_16, i32 4294967295, i32 0"   --->   Operation 148 'specinterface' 'specinterface_ln0' <Predicate = true> <Delay = 0.00>
ST_8 : Operation 149 [1/1] (0.00ns)   --->   "%specinterface_ln0 = specinterface void @_ssdm_op_SpecInterface, i1 %s_axis_video_V_dest_V, i1 %s_axis_video_V_id_V, i1 %s_axis_video_V_last_V, i1 %s_axis_video_V_user_V, i3 %s_axis_video_V_strb_V, i3 %s_axis_video_V_keep_V, i24 %s_axis_video_V_data_V, void @empty_18, i32 0, i32 0, void @empty_17, i32 0, i32 0, void @empty_16, void @empty_16, void @empty_16, i32 0, i32 0, i32 0, i32 0, void @empty_16, void @empty_16, i32 4294967295, i32 0"   --->   Operation 149 'specinterface' 'specinterface_ln0' <Predicate = true> <Delay = 0.00>
ST_8 : Operation 150 [1/1] (0.00ns)   --->   "%empty_106 = specchannel i32 @_ssdm_op_SpecChannel, void @srcYUV_str, i32 1, void @p_str, void @p_str, i32 16, i32 16, i24 %srcYUV, i24 %srcYUV"   --->   Operation 150 'specchannel' 'empty_106' <Predicate = true> <Delay = 0.00>
ST_8 : Operation 151 [1/1] (0.00ns)   --->   "%specinterface_ln0 = specinterface void @_ssdm_op_SpecInterface, i24 %srcYUV, void @empty_26, i32 0, i32 0, void @empty_16, i32 0, i32 0, void @empty_16, void @empty_16, void @empty_16, i32 0, i32 0, i32 0, i32 0, void @empty_16, void @empty_16, i32 4294967295, i32 0"   --->   Operation 151 'specinterface' 'specinterface_ln0' <Predicate = true> <Delay = 0.00>
ST_8 : Operation 152 [1/1] (0.00ns)   --->   "%empty_107 = specchannel i32 @_ssdm_op_SpecChannel, void @bckgndYUV_str, i32 1, void @p_str, void @p_str, i32 16, i32 16, i24 %bckgndYUV, i24 %bckgndYUV"   --->   Operation 152 'specchannel' 'empty_107' <Predicate = true> <Delay = 0.00>
ST_8 : Operation 153 [1/1] (0.00ns)   --->   "%specinterface_ln0 = specinterface void @_ssdm_op_SpecInterface, i24 %bckgndYUV, void @empty_26, i32 0, i32 0, void @empty_16, i32 0, i32 0, void @empty_16, void @empty_16, void @empty_16, i32 0, i32 0, i32 0, i32 0, void @empty_16, void @empty_16, i32 4294967295, i32 0"   --->   Operation 153 'specinterface' 'specinterface_ln0' <Predicate = true> <Delay = 0.00>
ST_8 : Operation 154 [1/1] (0.00ns)   --->   "%empty_108 = specchannel i32 @_ssdm_op_SpecChannel, void @ovrlayYUV_str, i32 1, void @p_str, void @p_str, i32 16, i32 16, i24 %ovrlayYUV, i24 %ovrlayYUV"   --->   Operation 154 'specchannel' 'empty_108' <Predicate = true> <Delay = 0.00>
ST_8 : Operation 155 [1/1] (0.00ns)   --->   "%specinterface_ln0 = specinterface void @_ssdm_op_SpecInterface, i24 %ovrlayYUV, void @empty_26, i32 0, i32 0, void @empty_16, i32 0, i32 0, void @empty_16, void @empty_16, void @empty_16, i32 0, i32 0, i32 0, i32 0, void @empty_16, void @empty_16, i32 4294967295, i32 0"   --->   Operation 155 'specinterface' 'specinterface_ln0' <Predicate = true> <Delay = 0.00>
ST_8 : Operation 156 [1/2] (0.00ns)   --->   "%call_ln399 = call void @MultiPixStream2AXIvideo, i24 %ovrlayYUV, i24 %m_axis_video_V_data_V, i3 %m_axis_video_V_keep_V, i3 %m_axis_video_V_strb_V, i1 %m_axis_video_V_user_V, i1 %m_axis_video_V_last_V, i1 %m_axis_video_V_id_V, i1 %m_axis_video_V_dest_V, i10 %height_val5_c, i11 %width_val10_c, i8 %colorFormat_val27_c, i1 %fid_in_val12_c, i1 %fid, i16 %field_id_val11_c, i1 %fidStored, i16 %counter" [/home/sundance/Emilie_Projects/git/EMC2/BSP_HDMI_out_TE0820_4EV/2023.2/firmware/EMC2_HDMI_out.runs/design_1_v_tpg_0_0_synth_1/prj/sol/.autopilot/db/v_tpg.cpp:399]   --->   Operation 156 'call' 'call_ln399' <Predicate = true> <Delay = 0.00> <CoreType = "Generic">   --->   Core 0 '' <Latency = 0> <II = 1> <Delay = 1.00> <Generic> <Opcode : >
ST_8 : Operation 157 [1/1] (0.00ns)   --->   "%ret_ln401 = ret" [/home/sundance/Emilie_Projects/git/EMC2/BSP_HDMI_out_TE0820_4EV/2023.2/firmware/EMC2_HDMI_out.runs/design_1_v_tpg_0_0_synth_1/prj/sol/.autopilot/db/v_tpg.cpp:401]   --->   Operation 157 'ret' 'ret_ln401' <Predicate = true> <Delay = 0.00>


============================================================
+ Verbose Summary: Timing violations
============================================================
Target clock period: 13.750ns, clock uncertainty: 3.713ns.

 <State 1>: 2.167ns
The critical path consists of the following:
	wire read operation ('colorFormat_val27_read') on port 'colorFormat_val27' [119]  (0.000 ns)
	'call' operation 0 bit ('call_ln342', /home/sundance/Emilie_Projects/git/EMC2/BSP_HDMI_out_TE0820_4EV/2023.2/firmware/EMC2_HDMI_out.runs/design_1_v_tpg_0_0_synth_1/prj/sol/.autopilot/db/v_tpg.cpp:342) to 'AXIvideo2MultiPixStream' [247]  (2.167 ns)

 <State 2>: 2.167ns
The critical path consists of the following:
	wire read operation ('dpYUVCoef_val39_read') on port 'dpYUVCoef_val39' [107]  (0.000 ns)
	'call' operation 0 bit ('call_ln0') to 'entry_proc' [246]  (2.167 ns)

 <State 3>: 0.000ns
The critical path consists of the following:

 <State 4>: 0.000ns
The critical path consists of the following:

 <State 5>: 0.000ns
The critical path consists of the following:

 <State 6>: 0.000ns
The critical path consists of the following:

 <State 7>: 0.000ns
The critical path consists of the following:

 <State 8>: 0.000ns
The critical path consists of the following:


============================================================
+ Verbose Summary: Binding
============================================================
N/A
* FSMD analyzer results:
  - Output states:
 - Input state : 
  - Chain level:
	State 1
	State 2
	State 3
	State 4
	State 5
	State 6
	State 7
	State 8


============================================================
+ Verbose Summary: Datapath Resource usage 
============================================================
N/A
