Thu Feb 22 13:11:14 2024: Running xcd server. This server was built by gradle.
Thu Feb 22 13:11:14 2024: Server was asked to start on port: '41311'
Thu Feb 22 13:11:14 2024: Server is using token UUID: '6adc5e44-2a01-4b2c-9a87-d74cec890b49'
Thu Feb 22 13:11:14 2024: SESSION_MGR: creating session with session uuid: '6d04a3e9-ade5-4ab9-8d63-1f78fcd2ec76' and name 'default'
Thu Feb 22 13:11:14 2024: Attempting to start server on port '41311'
Thu Feb 22 13:11:14 2024: XCD main fifo: created main fifo '/tmp/xcdmain6adc5e44-2a01-4b2c-9a87-d74cec890b49', fd read = 227
Thu Feb 22 13:11:14 2024: Running Dispatch Server
Thu Feb 22 13:11:14 2024: Version 2.2.0
Thu Feb 22 13:11:23 2024: Dispatch Server: Accepted socket connection from client
Thu Feb 22 13:11:23 2024: Starting Socket connection
Thu Feb 22 13:11:23 2024: EXCHANGE_TOKEN received, server token: 6adc5e44-2a01-4b2c-9a87-d74cec890b49, passed token: 6adc5e44-2a01-4b2c-9a87-d74cec890b49
Thu Feb 22 13:11:23 2024: SESSION_MGR: creating session with session uuid: '168eecba-1d5c-4961-81e6-342a49f494ac' and name 'vitis_hls'
Thu Feb 22 13:11:23 2024: KERNEL_SVC: creating session with uuid: '168eecba-1d5c-4961-81e6-342a49f494ac' and name 'vitis_hls'
Thu Feb 22 13:11:23 2024: GUIDANCE_SMGR: creating guidance session with uuid: '168eecba-1d5c-4961-81e6-342a49f494ac' and name 'vitis_hls'
Thu Feb 22 13:14:35 2024: STOP_SERVER received, server token: 6adc5e44-2a01-4b2c-9a87-d74cec890b49, passed token: 6adc5e44-2a01-4b2c-9a87-d74cec890b49
Thu Feb 22 13:14:35 2024: Socket received request to stop server.
Thu Feb 22 13:14:35 2024: Dispatch Server: do_await_stop
Thu Feb 22 13:14:35 2024: Dispatch Server: stopping mainFifo_
Thu Feb 22 13:14:35 2024: XCD main fifo: Stopping
Thu Feb 22 13:14:35 2024: XCD main fifo: do_read error code: Operation canceled
Thu Feb 22 13:14:35 2024: XCD main fifo: bytes_transferred: 0
Thu Feb 22 13:14:35 2024: SERVER: destructor for server bound to port 41311
Thu Feb 22 13:14:35 2024: XCD main fifo: Good unlink of /tmp/xcdmain6adc5e44-2a01-4b2c-9a87-d74cec890b49
Thu Feb 22 13:14:35 2024: Server exiting with status 0.
Thu Feb 22 13:14:35 2024: Closing log file.
