TRACE::2024-03-01.09:59:02::SCWBifWriter::Found the complete platform /home/sundance/Emilie_Projects/git/EMC2/BSP_TE0820_4EV/2023.2/software/baremetal_classic/EMC2_BSP_platform/export/EMC2_BSP_platform/EMC2_BSP_platform.xpfm
TRACE::2024-03-01.09:59:02::SCWBifWriter::hardware databse : design_1_wrapper_14
TRACE::2024-03-01.09:59:02::SCWBifWriter::bitstream found in the design
TRACE::2024-03-01.09:59:02::SCWBifWriter::Found a baremetal domain, proc: psu_cortexa53_0
TRACE::2024-03-01.09:59:02::SCWBifWriter::proc type : 
TRACE::2024-03-01.09:59:02::SCWBifWriter::proc[0] : psu_cortexa53_0
TRACE::2024-03-01.09:59:02::SCWBifWriter::Device type is : zynqMP
TRACE::2024-03-01.09:59:02::SCWBifWriter::Writing BIF to file : /home/sundance/Emilie_Projects/git/EMC2/BSP_TE0820_4EV/2023.2/software/baremetal_classic/zynqmp_fsbl_TE_system/_ide/bootimage/template_zynqmp_fsbl_TE_system.bif
TRACE::2024-03-01.09:59:02::SCWBifWriter::Writing the ZynqMP baremetal bif 
TRACE::2024-03-01.09:59:02::SCWBifWriter::System Command Ran  /tools/Xilinx/Vitis/2023.2/gnu/aarch64/lin/aarch64-none/bin/aarch64-none-elf-readelf -A  /home/sundance/Emilie_Projects/git/EMC2/BSP_TE0820_4EV/2023.2/software/baremetal_classic/EMC2_BSP_platform/export/EMC2_BSP_platform/sw/fsbl.elf
TRACE::2024-03-01.09:59:02::SCWBifWriter:: Command result  
TRACE::2024-03-01.09:59:02::SCWBifWriter::FSBL processor, command ran /tools/Xilinx/Vitis/2023.2/gnu/aarch64/lin/aarch64-none/bin/aarch64-none-elf-readelf -A  /home/sundance/Emilie_Projects/git/EMC2/BSP_TE0820_4EV/2023.2/software/baremetal_classic/EMC2_BSP_platform/export/EMC2_BSP_platform/sw/fsbl.elf
TRACE::2024-03-01.09:59:02::SCWBifWriter::FSBL target processor is a53-0
TRACE::2024-03-01.09:59:02::SCWBifWriter::Boot processor is :a53-0
TRACE::2024-03-01.10:00:41::SCWBifWriter::Found the complete platform /home/sundance/Emilie_Projects/git/EMC2/BSP_TE0820_4EV/2023.2/software/baremetal_classic/EMC2_BSP_platform/export/EMC2_BSP_platform/EMC2_BSP_platform.xpfm
TRACE::2024-03-01.10:00:41::SCWBifWriter::hardware databse : design_1_wrapper_14
TRACE::2024-03-01.10:00:41::SCWBifWriter::bitstream found in the design
TRACE::2024-03-01.10:00:41::SCWBifWriter::Found a baremetal domain, proc: psu_cortexa53_0
TRACE::2024-03-01.10:00:41::SCWBifWriter::proc type : 
TRACE::2024-03-01.10:00:41::SCWBifWriter::proc[0] : psu_cortexa53_0
TRACE::2024-03-01.10:00:41::SCWBifWriter::Device type is : zynqMP
TRACE::2024-03-01.10:00:41::SCWBifWriter::Writing BIF to file : /home/sundance/Emilie_Projects/git/EMC2/BSP_TE0820_4EV/2023.2/software/baremetal_classic/zynqmp_fsbl_TE_system/_ide/bootimage/template_zynqmp_fsbl_TE_system.bif
TRACE::2024-03-01.10:00:41::SCWBifWriter::Writing the ZynqMP baremetal bif 
TRACE::2024-03-01.10:00:41::SCWBifWriter::System Command Ran  /tools/Xilinx/Vitis/2023.2/gnu/aarch64/lin/aarch64-none/bin/aarch64-none-elf-readelf -A  /home/sundance/Emilie_Projects/git/EMC2/BSP_TE0820_4EV/2023.2/software/baremetal_classic/EMC2_BSP_platform/export/EMC2_BSP_platform/sw/fsbl.elf
TRACE::2024-03-01.10:00:41::SCWBifWriter:: Command result  
TRACE::2024-03-01.10:00:41::SCWBifWriter::FSBL processor, command ran /tools/Xilinx/Vitis/2023.2/gnu/aarch64/lin/aarch64-none/bin/aarch64-none-elf-readelf -A  /home/sundance/Emilie_Projects/git/EMC2/BSP_TE0820_4EV/2023.2/software/baremetal_classic/EMC2_BSP_platform/export/EMC2_BSP_platform/sw/fsbl.elf
TRACE::2024-03-01.10:00:41::SCWBifWriter::FSBL target processor is a53-0
TRACE::2024-03-01.10:00:41::SCWBifWriter::Boot processor is :a53-0
