
*** Running vivado
    with args -log design_1_rst_processing_system7_0_100M_0.vds -m64 -product Vivado -mode batch -messageDb vivado.pb -notrace -source design_1_rst_processing_system7_0_100M_0.tcl


****** Vivado v2022.2 (64-bit)
  **** SW Build 3671981 on Fri Oct 14 04:59:54 MDT 2022
  **** IP Build 3669848 on Fri Oct 14 08:30:02 MDT 2022
    ** Copyright 1986-2022 Xilinx, Inc. All Rights Reserved.

source design_1_rst_processing_system7_0_100M_0.tcl -notrace
create_project: Time (s): cpu = 00:00:12 ; elapsed = 00:00:17 . Memory (MB): peak = 1712.480 ; gain = 96.992 ; free physical = 474 ; free virtual = 14464
INFO: [IP_Flow 19-234] Refreshing IP repositories
INFO: [IP_Flow 19-1700] Loaded user IP repository '/home/sundance/Emilie_Projects/git/EMC2/BSP_HDMI_out_TE0820_4EV/2022.2/firmware/EMC2_HDMI_out.ipdefs'.
INFO: [IP_Flow 19-2313] Loaded Vivado IP repository '/tools/Xilinx/Vivado/2022.2/data/ip'.
INFO: [IP_Flow 19-6924] IPCACHE: Running cache check for IP inst: design_1_rst_processing_system7_0_100M_0
Command: synth_design -top design_1_rst_processing_system7_0_100M_0 -part xczu4ev-sfvc784-1-e -incremental_mode off -mode out_of_context
Starting synth_design
Attempting to get a license for feature 'Synthesis' and/or device 'xczu4ev'
INFO: [Common 17-349] Got license for feature 'Synthesis' and/or device 'xczu4ev'
INFO: [Device 21-403] Loading part xczu4ev-sfvc784-1-e
INFO: [Synth 8-7079] Multithreading enabled for synth_design using a maximum of 4 processes.
INFO: [Synth 8-7078] Launching helper process for spawning children vivado processes
INFO: [Synth 8-7075] Helper process launched with PID 159559
INFO: [Synth 8-11241] undeclared symbol 'REGCCE', assumed default net type 'wire' [/tools/Xilinx/Vivado/2022.2/data/verilog/src/unimacro/BRAM_SINGLE_MACRO.v:2170]
---------------------------------------------------------------------------------
Starting RTL Elaboration : Time (s): cpu = 00:00:08 ; elapsed = 00:00:14 . Memory (MB): peak = 2925.578 ; gain = 237.801 ; free physical = 347 ; free virtual = 9725
Synthesis current peak Physical Memory [PSS] (MB): peak = 2189.389; parent = 2043.996; children = 147.156
Synthesis current peak Virtual Memory [VSS] (MB): peak = 3885.621; parent = 2928.551; children = 957.070
---------------------------------------------------------------------------------
INFO: [Synth 8-638] synthesizing module 'design_1_rst_processing_system7_0_100M_0' [/home/sundance/Emilie_Projects/git/EMC2/BSP_HDMI_out_TE0820_4EV/2022.2/firmware/EMC2_HDMI_out.gen/sources_1/bd/design_1/ip/design_1_rst_processing_system7_0_100M_0_1/synth/design_1_rst_processing_system7_0_100M_0.vhd:74]
	Parameter C_FAMILY bound to: zynquplus - type: string 
	Parameter C_EXT_RST_WIDTH bound to: 4 - type: integer 
	Parameter C_AUX_RST_WIDTH bound to: 4 - type: integer 
	Parameter C_EXT_RESET_HIGH bound to: 1'b0 
	Parameter C_AUX_RESET_HIGH bound to: 1'b0 
	Parameter C_NUM_BUS_RST bound to: 1 - type: integer 
	Parameter C_NUM_PERP_RST bound to: 1 - type: integer 
	Parameter C_NUM_INTERCONNECT_ARESETN bound to: 1 - type: integer 
	Parameter C_NUM_PERP_ARESETN bound to: 1 - type: integer 
INFO: [Synth 8-3491] module 'proc_sys_reset' declared at '/home/sundance/Emilie_Projects/git/EMC2/BSP_HDMI_out_TE0820_4EV/2022.2/firmware/EMC2_HDMI_out.gen/sources_1/bd/design_1/ipshared/8842/hdl/proc_sys_reset_v5_0_vh_rfs.vhd:1264' bound to instance 'U0' of component 'proc_sys_reset' [/home/sundance/Emilie_Projects/git/EMC2/BSP_HDMI_out_TE0820_4EV/2022.2/firmware/EMC2_HDMI_out.gen/sources_1/bd/design_1/ip/design_1_rst_processing_system7_0_100M_0_1/synth/design_1_rst_processing_system7_0_100M_0.vhd:129]
INFO: [Synth 8-638] synthesizing module 'proc_sys_reset' [/home/sundance/Emilie_Projects/git/EMC2/BSP_HDMI_out_TE0820_4EV/2022.2/firmware/EMC2_HDMI_out.gen/sources_1/bd/design_1/ipshared/8842/hdl/proc_sys_reset_v5_0_vh_rfs.vhd:1323]
	Parameter INIT bound to: 1'b1 
INFO: [Synth 8-113] binding component instance 'FDRE_inst' to cell 'FDRE' [/home/sundance/Emilie_Projects/git/EMC2/BSP_HDMI_out_TE0820_4EV/2022.2/firmware/EMC2_HDMI_out.gen/sources_1/bd/design_1/ipshared/8842/hdl/proc_sys_reset_v5_0_vh_rfs.vhd:1392]
	Parameter INIT bound to: 1'b1 
INFO: [Synth 8-113] binding component instance 'FDRE_BSR' to cell 'FDRE' [/home/sundance/Emilie_Projects/git/EMC2/BSP_HDMI_out_TE0820_4EV/2022.2/firmware/EMC2_HDMI_out.gen/sources_1/bd/design_1/ipshared/8842/hdl/proc_sys_reset_v5_0_vh_rfs.vhd:1408]
	Parameter INIT bound to: 1'b0 
INFO: [Synth 8-113] binding component instance 'FDRE_BSR_N' to cell 'FDRE' [/home/sundance/Emilie_Projects/git/EMC2/BSP_HDMI_out_TE0820_4EV/2022.2/firmware/EMC2_HDMI_out.gen/sources_1/bd/design_1/ipshared/8842/hdl/proc_sys_reset_v5_0_vh_rfs.vhd:1434]
	Parameter INIT bound to: 1'b1 
INFO: [Synth 8-113] binding component instance 'FDRE_PER' to cell 'FDRE' [/home/sundance/Emilie_Projects/git/EMC2/BSP_HDMI_out_TE0820_4EV/2022.2/firmware/EMC2_HDMI_out.gen/sources_1/bd/design_1/ipshared/8842/hdl/proc_sys_reset_v5_0_vh_rfs.vhd:1457]
	Parameter INIT bound to: 1'b0 
INFO: [Synth 8-113] binding component instance 'FDRE_PER_N' to cell 'FDRE' [/home/sundance/Emilie_Projects/git/EMC2/BSP_HDMI_out_TE0820_4EV/2022.2/firmware/EMC2_HDMI_out.gen/sources_1/bd/design_1/ipshared/8842/hdl/proc_sys_reset_v5_0_vh_rfs.vhd:1481]
INFO: [Synth 8-638] synthesizing module 'lpf' [/home/sundance/Emilie_Projects/git/EMC2/BSP_HDMI_out_TE0820_4EV/2022.2/firmware/EMC2_HDMI_out.gen/sources_1/bd/design_1/ipshared/8842/hdl/proc_sys_reset_v5_0_vh_rfs.vhd:816]
INFO: [Synth 8-3491] module 'SRL16' declared at '/tools/Xilinx/Vivado/2022.2/scripts/rt/data/unisim_comp.v:131628' bound to instance 'POR_SRL_I' of component 'SRL16' [/home/sundance/Emilie_Projects/git/EMC2/BSP_HDMI_out_TE0820_4EV/2022.2/firmware/EMC2_HDMI_out.gen/sources_1/bd/design_1/ipshared/8842/hdl/proc_sys_reset_v5_0_vh_rfs.vhd:868]
INFO: [Synth 8-6157] synthesizing module 'SRL16' [/tools/Xilinx/Vivado/2022.2/scripts/rt/data/unisim_comp.v:131628]
INFO: [Synth 8-6155] done synthesizing module 'SRL16' (0#1) [/tools/Xilinx/Vivado/2022.2/scripts/rt/data/unisim_comp.v:131628]
INFO: [Synth 8-638] synthesizing module 'cdc_sync' [/home/sundance/Emilie_Projects/git/EMC2/BSP_HDMI_out_TE0820_4EV/2022.2/firmware/EMC2_HDMI_out.gen/sources_1/bd/design_1/ipshared/ef1e/hdl/lib_cdc_v1_0_rfs.vhd:106]
	Parameter INIT bound to: 1'b0 
INFO: [Synth 8-113] binding component instance 'CROSS_PLEVEL_IN2SCNDRY_IN_cdc_to' to cell 'FDR' [/home/sundance/Emilie_Projects/git/EMC2/BSP_HDMI_out_TE0820_4EV/2022.2/firmware/EMC2_HDMI_out.gen/sources_1/bd/design_1/ipshared/ef1e/hdl/lib_cdc_v1_0_rfs.vhd:514]
	Parameter INIT bound to: 1'b0 
INFO: [Synth 8-113] binding component instance 'CROSS_PLEVEL_IN2SCNDRY_s_level_out_d2' to cell 'FDR' [/home/sundance/Emilie_Projects/git/EMC2/BSP_HDMI_out_TE0820_4EV/2022.2/firmware/EMC2_HDMI_out.gen/sources_1/bd/design_1/ipshared/ef1e/hdl/lib_cdc_v1_0_rfs.vhd:545]
	Parameter INIT bound to: 1'b0 
INFO: [Synth 8-113] binding component instance 'CROSS_PLEVEL_IN2SCNDRY_s_level_out_d3' to cell 'FDR' [/home/sundance/Emilie_Projects/git/EMC2/BSP_HDMI_out_TE0820_4EV/2022.2/firmware/EMC2_HDMI_out.gen/sources_1/bd/design_1/ipshared/ef1e/hdl/lib_cdc_v1_0_rfs.vhd:554]
	Parameter INIT bound to: 1'b0 
INFO: [Synth 8-113] binding component instance 'CROSS_PLEVEL_IN2SCNDRY_s_level_out_d4' to cell 'FDR' [/home/sundance/Emilie_Projects/git/EMC2/BSP_HDMI_out_TE0820_4EV/2022.2/firmware/EMC2_HDMI_out.gen/sources_1/bd/design_1/ipshared/ef1e/hdl/lib_cdc_v1_0_rfs.vhd:564]
	Parameter INIT bound to: 1'b0 
INFO: [Synth 8-113] binding component instance 'CROSS_PLEVEL_IN2SCNDRY_s_level_out_d5' to cell 'FDR' [/home/sundance/Emilie_Projects/git/EMC2/BSP_HDMI_out_TE0820_4EV/2022.2/firmware/EMC2_HDMI_out.gen/sources_1/bd/design_1/ipshared/ef1e/hdl/lib_cdc_v1_0_rfs.vhd:574]
	Parameter INIT bound to: 1'b0 
INFO: [Synth 8-113] binding component instance 'CROSS_PLEVEL_IN2SCNDRY_s_level_out_d6' to cell 'FDR' [/home/sundance/Emilie_Projects/git/EMC2/BSP_HDMI_out_TE0820_4EV/2022.2/firmware/EMC2_HDMI_out.gen/sources_1/bd/design_1/ipshared/ef1e/hdl/lib_cdc_v1_0_rfs.vhd:584]
INFO: [Synth 8-256] done synthesizing module 'cdc_sync' (0#1) [/home/sundance/Emilie_Projects/git/EMC2/BSP_HDMI_out_TE0820_4EV/2022.2/firmware/EMC2_HDMI_out.gen/sources_1/bd/design_1/ipshared/ef1e/hdl/lib_cdc_v1_0_rfs.vhd:106]
INFO: [Synth 8-256] done synthesizing module 'lpf' (0#1) [/home/sundance/Emilie_Projects/git/EMC2/BSP_HDMI_out_TE0820_4EV/2022.2/firmware/EMC2_HDMI_out.gen/sources_1/bd/design_1/ipshared/8842/hdl/proc_sys_reset_v5_0_vh_rfs.vhd:816]
INFO: [Synth 8-638] synthesizing module 'sequence_psr' [/home/sundance/Emilie_Projects/git/EMC2/BSP_HDMI_out_TE0820_4EV/2022.2/firmware/EMC2_HDMI_out.gen/sources_1/bd/design_1/ipshared/8842/hdl/proc_sys_reset_v5_0_vh_rfs.vhd:301]
INFO: [Synth 8-638] synthesizing module 'upcnt_n' [/home/sundance/Emilie_Projects/git/EMC2/BSP_HDMI_out_TE0820_4EV/2022.2/firmware/EMC2_HDMI_out.gen/sources_1/bd/design_1/ipshared/8842/hdl/proc_sys_reset_v5_0_vh_rfs.vhd:125]
INFO: [Synth 8-256] done synthesizing module 'upcnt_n' (0#1) [/home/sundance/Emilie_Projects/git/EMC2/BSP_HDMI_out_TE0820_4EV/2022.2/firmware/EMC2_HDMI_out.gen/sources_1/bd/design_1/ipshared/8842/hdl/proc_sys_reset_v5_0_vh_rfs.vhd:125]
INFO: [Synth 8-256] done synthesizing module 'sequence_psr' (0#1) [/home/sundance/Emilie_Projects/git/EMC2/BSP_HDMI_out_TE0820_4EV/2022.2/firmware/EMC2_HDMI_out.gen/sources_1/bd/design_1/ipshared/8842/hdl/proc_sys_reset_v5_0_vh_rfs.vhd:301]
INFO: [Synth 8-256] done synthesizing module 'proc_sys_reset' (0#1) [/home/sundance/Emilie_Projects/git/EMC2/BSP_HDMI_out_TE0820_4EV/2022.2/firmware/EMC2_HDMI_out.gen/sources_1/bd/design_1/ipshared/8842/hdl/proc_sys_reset_v5_0_vh_rfs.vhd:1323]
INFO: [Synth 8-256] done synthesizing module 'design_1_rst_processing_system7_0_100M_0' (0#1) [/home/sundance/Emilie_Projects/git/EMC2/BSP_HDMI_out_TE0820_4EV/2022.2/firmware/EMC2_HDMI_out.gen/sources_1/bd/design_1/ip/design_1_rst_processing_system7_0_100M_0_1/synth/design_1_rst_processing_system7_0_100M_0.vhd:74]
WARNING: [Synth 8-7129] Port prmry_aclk in module cdc_sync is either unconnected or has no load
WARNING: [Synth 8-7129] Port prmry_resetn in module cdc_sync is either unconnected or has no load
WARNING: [Synth 8-7129] Port prmry_vect_in[1] in module cdc_sync is either unconnected or has no load
WARNING: [Synth 8-7129] Port prmry_vect_in[0] in module cdc_sync is either unconnected or has no load
WARNING: [Synth 8-7129] Port scndry_resetn in module cdc_sync is either unconnected or has no load
---------------------------------------------------------------------------------
Finished RTL Elaboration : Time (s): cpu = 00:00:11 ; elapsed = 00:00:17 . Memory (MB): peak = 2996.516 ; gain = 308.738 ; free physical = 507 ; free virtual = 9787
Synthesis current peak Physical Memory [PSS] (MB): peak = 2189.389; parent = 2043.996; children = 147.156
Synthesis current peak Virtual Memory [VSS] (MB): peak = 3953.590; parent = 2996.520; children = 957.070
---------------------------------------------------------------------------------
---------------------------------------------------------------------------------
Start Handling Custom Attributes
---------------------------------------------------------------------------------
---------------------------------------------------------------------------------
Finished Handling Custom Attributes : Time (s): cpu = 00:00:11 ; elapsed = 00:00:17 . Memory (MB): peak = 3014.328 ; gain = 326.551 ; free physical = 480 ; free virtual = 9760
Synthesis current peak Physical Memory [PSS] (MB): peak = 2189.389; parent = 2043.996; children = 147.156
Synthesis current peak Virtual Memory [VSS] (MB): peak = 3971.402; parent = 3014.332; children = 957.070
---------------------------------------------------------------------------------
---------------------------------------------------------------------------------
Finished RTL Optimization Phase 1 : Time (s): cpu = 00:00:11 ; elapsed = 00:00:17 . Memory (MB): peak = 3014.328 ; gain = 326.551 ; free physical = 466 ; free virtual = 9746
Synthesis current peak Physical Memory [PSS] (MB): peak = 2189.389; parent = 2043.996; children = 147.156
Synthesis current peak Virtual Memory [VSS] (MB): peak = 3971.402; parent = 3014.332; children = 957.070
---------------------------------------------------------------------------------
Netlist sorting complete. Time (s): cpu = 00:00:00 ; elapsed = 00:00:00 . Memory (MB): peak = 3020.266 ; gain = 0.000 ; free physical = 413 ; free virtual = 9693
INFO: [Netlist 29-17] Analyzing 13 Unisim elements for replacement
INFO: [Netlist 29-28] Unisim Transformation completed in 0 CPU seconds
INFO: [Project 1-570] Preparing netlist for logic optimization

Processing XDC Constraints
Initializing timing engine
Parsing XDC File [/home/sundance/Emilie_Projects/git/EMC2/BSP_HDMI_out_TE0820_4EV/2022.2/firmware/EMC2_HDMI_out.gen/sources_1/bd/design_1/ip/design_1_rst_processing_system7_0_100M_0_1/design_1_rst_processing_system7_0_100M_0_ooc.xdc] for cell 'U0'
create_clock: Time (s): cpu = 00:00:07 ; elapsed = 00:00:07 . Memory (MB): peak = 3181.016 ; gain = 0.000 ; free physical = 499 ; free virtual = 9787
Finished Parsing XDC File [/home/sundance/Emilie_Projects/git/EMC2/BSP_HDMI_out_TE0820_4EV/2022.2/firmware/EMC2_HDMI_out.gen/sources_1/bd/design_1/ip/design_1_rst_processing_system7_0_100M_0_1/design_1_rst_processing_system7_0_100M_0_ooc.xdc] for cell 'U0'
Parsing XDC File [/home/sundance/Emilie_Projects/git/EMC2/BSP_HDMI_out_TE0820_4EV/2022.2/firmware/EMC2_HDMI_out.gen/sources_1/bd/design_1/ip/design_1_rst_processing_system7_0_100M_0_1/design_1_rst_processing_system7_0_100M_0_board.xdc] for cell 'U0'
Finished Parsing XDC File [/home/sundance/Emilie_Projects/git/EMC2/BSP_HDMI_out_TE0820_4EV/2022.2/firmware/EMC2_HDMI_out.gen/sources_1/bd/design_1/ip/design_1_rst_processing_system7_0_100M_0_1/design_1_rst_processing_system7_0_100M_0_board.xdc] for cell 'U0'
Parsing XDC File [/home/sundance/Emilie_Projects/git/EMC2/BSP_HDMI_out_TE0820_4EV/2022.2/firmware/EMC2_HDMI_out.gen/sources_1/bd/design_1/ip/design_1_rst_processing_system7_0_100M_0_1/design_1_rst_processing_system7_0_100M_0.xdc] for cell 'U0'
Finished Parsing XDC File [/home/sundance/Emilie_Projects/git/EMC2/BSP_HDMI_out_TE0820_4EV/2022.2/firmware/EMC2_HDMI_out.gen/sources_1/bd/design_1/ip/design_1_rst_processing_system7_0_100M_0_1/design_1_rst_processing_system7_0_100M_0.xdc] for cell 'U0'
Parsing XDC File [/home/sundance/Emilie_Projects/git/EMC2/BSP_HDMI_out_TE0820_4EV/2022.2/firmware/EMC2_HDMI_out.runs/design_1_rst_processing_system7_0_100M_0_synth_1/dont_touch.xdc]
Finished Parsing XDC File [/home/sundance/Emilie_Projects/git/EMC2/BSP_HDMI_out_TE0820_4EV/2022.2/firmware/EMC2_HDMI_out.runs/design_1_rst_processing_system7_0_100M_0_synth_1/dont_touch.xdc]
Completed Processing XDC Constraints

Netlist sorting complete. Time (s): cpu = 00:00:00 ; elapsed = 00:00:00 . Memory (MB): peak = 3181.016 ; gain = 0.000 ; free physical = 496 ; free virtual = 9784
INFO: [Project 1-111] Unisim Transformation Summary:
  A total of 13 instances were transformed.
  FDR => FDRE: 12 instances
  SRL16 => SRL16E: 1 instance 

Constraint Validation Runtime : Time (s): cpu = 00:00:00.03 ; elapsed = 00:00:00.13 . Memory (MB): peak = 3181.016 ; gain = 0.000 ; free physical = 478 ; free virtual = 9766
INFO: [Designutils 20-5008] Incremental synthesis strategy off
INFO: [Synth 8-11241] undeclared symbol 'REGCCE', assumed default net type 'wire' [/tools/Xilinx/Vivado/2022.2/data/verilog/src/unimacro/BRAM_SINGLE_MACRO.v:2170]
---------------------------------------------------------------------------------
Finished Constraint Validation : Time (s): cpu = 00:00:31 ; elapsed = 00:00:40 . Memory (MB): peak = 3181.016 ; gain = 493.238 ; free physical = 266 ; free virtual = 9547
Synthesis current peak Physical Memory [PSS] (MB): peak = 2189.389; parent = 2043.996; children = 147.156
Synthesis current peak Virtual Memory [VSS] (MB): peak = 4138.090; parent = 3181.020; children = 957.070
---------------------------------------------------------------------------------
---------------------------------------------------------------------------------
Start Loading Part and Timing Information
---------------------------------------------------------------------------------
Loading part: xczu4ev-sfvc784-1-e
INFO: [Synth 8-6742] Reading net delay rules and data
---------------------------------------------------------------------------------
Finished Loading Part and Timing Information : Time (s): cpu = 00:00:31 ; elapsed = 00:00:40 . Memory (MB): peak = 3181.016 ; gain = 493.238 ; free physical = 255 ; free virtual = 9535
Synthesis current peak Physical Memory [PSS] (MB): peak = 2189.389; parent = 2043.996; children = 147.156
Synthesis current peak Virtual Memory [VSS] (MB): peak = 4138.090; parent = 3181.020; children = 957.070
---------------------------------------------------------------------------------
---------------------------------------------------------------------------------
Start Applying 'set_property' XDC Constraints
---------------------------------------------------------------------------------
Applied set_property KEEP_HIERARCHY = SOFT for U0. (constraint file  /home/sundance/Emilie_Projects/git/EMC2/BSP_HDMI_out_TE0820_4EV/2022.2/firmware/EMC2_HDMI_out.runs/design_1_rst_processing_system7_0_100M_0_synth_1/dont_touch.xdc, line 9).
---------------------------------------------------------------------------------
Finished applying 'set_property' XDC Constraints : Time (s): cpu = 00:00:31 ; elapsed = 00:00:40 . Memory (MB): peak = 3181.016 ; gain = 493.238 ; free physical = 254 ; free virtual = 9521
Synthesis current peak Physical Memory [PSS] (MB): peak = 2189.389; parent = 2043.996; children = 147.156
Synthesis current peak Virtual Memory [VSS] (MB): peak = 4138.090; parent = 3181.020; children = 957.070
---------------------------------------------------------------------------------
---------------------------------------------------------------------------------
Finished RTL Optimization Phase 2 : Time (s): cpu = 00:00:31 ; elapsed = 00:00:41 . Memory (MB): peak = 3181.016 ; gain = 493.238 ; free physical = 249 ; free virtual = 9463
Synthesis current peak Physical Memory [PSS] (MB): peak = 2189.389; parent = 2043.996; children = 147.156
Synthesis current peak Virtual Memory [VSS] (MB): peak = 4138.090; parent = 3181.020; children = 957.070
---------------------------------------------------------------------------------
---------------------------------------------------------------------------------
Start RTL Component Statistics 
---------------------------------------------------------------------------------
Detailed RTL Component Info : 
+---Adders : 
	   2 Input    6 Bit       Adders := 1     
+---Registers : 
	                6 Bit    Registers := 1     
	                3 Bit    Registers := 3     
	                1 Bit    Registers := 8     
+---Muxes : 
	   2 Input    6 Bit        Muxes := 1     
	   2 Input    1 Bit        Muxes := 1     
---------------------------------------------------------------------------------
Finished RTL Component Statistics 
---------------------------------------------------------------------------------
---------------------------------------------------------------------------------
Start Part Resource Summary
---------------------------------------------------------------------------------
Part Resources:
DSPs: 728 (col length:96)
BRAMs: 256 (col length: RAMB18 96 RAMB36 48)
---------------------------------------------------------------------------------
Finished Part Resource Summary
---------------------------------------------------------------------------------
---------------------------------------------------------------------------------
Start Cross Boundary and Area Optimization
---------------------------------------------------------------------------------
WARNING: [Synth 8-7080] Parallel synthesis criteria is not met
WARNING: [Synth 8-3332] Sequential element (EXT_LPF/ACTIVE_LOW_EXT.ACT_LO_EXT/GENERATE_LEVEL_P_S_CDC.SINGLE_BIT.CROSS_PLEVEL_IN2SCNDRY_s_level_out_d5) is unused and will be removed from module proc_sys_reset.
WARNING: [Synth 8-3332] Sequential element (EXT_LPF/ACTIVE_LOW_EXT.ACT_LO_EXT/GENERATE_LEVEL_P_S_CDC.SINGLE_BIT.CROSS_PLEVEL_IN2SCNDRY_s_level_out_d6) is unused and will be removed from module proc_sys_reset.
WARNING: [Synth 8-3332] Sequential element (EXT_LPF/ACTIVE_LOW_AUX.ACT_LO_AUX/GENERATE_LEVEL_P_S_CDC.SINGLE_BIT.CROSS_PLEVEL_IN2SCNDRY_s_level_out_d5) is unused and will be removed from module proc_sys_reset.
WARNING: [Synth 8-3332] Sequential element (EXT_LPF/ACTIVE_LOW_AUX.ACT_LO_AUX/GENERATE_LEVEL_P_S_CDC.SINGLE_BIT.CROSS_PLEVEL_IN2SCNDRY_s_level_out_d6) is unused and will be removed from module proc_sys_reset.
---------------------------------------------------------------------------------
Finished Cross Boundary and Area Optimization : Time (s): cpu = 00:00:33 ; elapsed = 00:00:42 . Memory (MB): peak = 3181.016 ; gain = 493.238 ; free physical = 319 ; free virtual = 9268
Synthesis current peak Physical Memory [PSS] (MB): peak = 2189.389; parent = 2043.996; children = 147.156
Synthesis current peak Virtual Memory [VSS] (MB): peak = 4138.090; parent = 3181.020; children = 957.070
---------------------------------------------------------------------------------
---------------------------------------------------------------------------------
Start Applying XDC Timing Constraints
---------------------------------------------------------------------------------
---------------------------------------------------------------------------------
Finished Applying XDC Timing Constraints : Time (s): cpu = 00:00:50 ; elapsed = 00:01:02 . Memory (MB): peak = 3550.391 ; gain = 862.613 ; free physical = 431 ; free virtual = 7862
Synthesis current peak Physical Memory [PSS] (MB): peak = 2734.045; parent = 2585.068; children = 148.977
Synthesis current peak Virtual Memory [VSS] (MB): peak = 4507.465; parent = 3550.395; children = 957.070
---------------------------------------------------------------------------------
---------------------------------------------------------------------------------
Start Timing Optimization
---------------------------------------------------------------------------------
---------------------------------------------------------------------------------
Finished Timing Optimization : Time (s): cpu = 00:00:50 ; elapsed = 00:01:03 . Memory (MB): peak = 3550.391 ; gain = 862.613 ; free physical = 425 ; free virtual = 7856
Synthesis current peak Physical Memory [PSS] (MB): peak = 2734.145; parent = 2585.169; children = 148.977
Synthesis current peak Virtual Memory [VSS] (MB): peak = 4507.465; parent = 3550.395; children = 957.070
---------------------------------------------------------------------------------
---------------------------------------------------------------------------------
Start Technology Mapping
---------------------------------------------------------------------------------
---------------------------------------------------------------------------------
Finished Technology Mapping : Time (s): cpu = 00:00:50 ; elapsed = 00:01:03 . Memory (MB): peak = 3579.438 ; gain = 891.660 ; free physical = 416 ; free virtual = 7846
Synthesis current peak Physical Memory [PSS] (MB): peak = 2734.454; parent = 2585.479; children = 148.977
Synthesis current peak Virtual Memory [VSS] (MB): peak = 4536.512; parent = 3579.441; children = 957.070
---------------------------------------------------------------------------------
---------------------------------------------------------------------------------
Start IO Insertion
---------------------------------------------------------------------------------
---------------------------------------------------------------------------------
Start Flattening Before IO Insertion
---------------------------------------------------------------------------------
---------------------------------------------------------------------------------
Finished Flattening Before IO Insertion
---------------------------------------------------------------------------------
---------------------------------------------------------------------------------
Start Final Netlist Cleanup
---------------------------------------------------------------------------------
---------------------------------------------------------------------------------
Finished Final Netlist Cleanup
---------------------------------------------------------------------------------
---------------------------------------------------------------------------------
Finished IO Insertion : Time (s): cpu = 00:00:56 ; elapsed = 00:01:09 . Memory (MB): peak = 3579.438 ; gain = 891.660 ; free physical = 1001 ; free virtual = 8427
Synthesis current peak Physical Memory [PSS] (MB): peak = 2757.516; parent = 2596.855; children = 160.660
Synthesis current peak Virtual Memory [VSS] (MB): peak = 4536.512; parent = 3579.441; children = 957.070
---------------------------------------------------------------------------------
---------------------------------------------------------------------------------
Start Renaming Generated Instances
---------------------------------------------------------------------------------
---------------------------------------------------------------------------------
Finished Renaming Generated Instances : Time (s): cpu = 00:00:56 ; elapsed = 00:01:09 . Memory (MB): peak = 3579.438 ; gain = 891.660 ; free physical = 1002 ; free virtual = 8423
Synthesis current peak Physical Memory [PSS] (MB): peak = 2757.519; parent = 2596.861; children = 160.660
Synthesis current peak Virtual Memory [VSS] (MB): peak = 4536.512; parent = 3579.441; children = 957.070
---------------------------------------------------------------------------------
---------------------------------------------------------------------------------
Start Rebuilding User Hierarchy
---------------------------------------------------------------------------------
---------------------------------------------------------------------------------
Finished Rebuilding User Hierarchy : Time (s): cpu = 00:00:56 ; elapsed = 00:01:09 . Memory (MB): peak = 3579.438 ; gain = 891.660 ; free physical = 1124 ; free virtual = 8545
Synthesis current peak Physical Memory [PSS] (MB): peak = 2757.534; parent = 2596.877; children = 160.660
Synthesis current peak Virtual Memory [VSS] (MB): peak = 4536.512; parent = 3579.441; children = 957.070
---------------------------------------------------------------------------------
---------------------------------------------------------------------------------
Start Renaming Generated Ports
---------------------------------------------------------------------------------
---------------------------------------------------------------------------------
Finished Renaming Generated Ports : Time (s): cpu = 00:00:56 ; elapsed = 00:01:09 . Memory (MB): peak = 3579.438 ; gain = 891.660 ; free physical = 1228 ; free virtual = 8650
Synthesis current peak Physical Memory [PSS] (MB): peak = 2757.534; parent = 2596.877; children = 160.660
Synthesis current peak Virtual Memory [VSS] (MB): peak = 4536.512; parent = 3579.441; children = 957.070
---------------------------------------------------------------------------------
---------------------------------------------------------------------------------
Start Handling Custom Attributes
---------------------------------------------------------------------------------
---------------------------------------------------------------------------------
Finished Handling Custom Attributes : Time (s): cpu = 00:00:56 ; elapsed = 00:01:09 . Memory (MB): peak = 3579.438 ; gain = 891.660 ; free physical = 1393 ; free virtual = 8814
Synthesis current peak Physical Memory [PSS] (MB): peak = 2757.534; parent = 2596.877; children = 160.660
Synthesis current peak Virtual Memory [VSS] (MB): peak = 4536.512; parent = 3579.441; children = 957.070
---------------------------------------------------------------------------------
---------------------------------------------------------------------------------
Start Renaming Generated Nets
---------------------------------------------------------------------------------
---------------------------------------------------------------------------------
Finished Renaming Generated Nets : Time (s): cpu = 00:00:56 ; elapsed = 00:01:09 . Memory (MB): peak = 3579.438 ; gain = 891.660 ; free physical = 1720 ; free virtual = 9141
Synthesis current peak Physical Memory [PSS] (MB): peak = 2757.534; parent = 2596.877; children = 160.660
Synthesis current peak Virtual Memory [VSS] (MB): peak = 4536.512; parent = 3579.441; children = 957.070
---------------------------------------------------------------------------------
---------------------------------------------------------------------------------
Start Writing Synthesis Report
---------------------------------------------------------------------------------

Report BlackBoxes: 
+-+--------------+----------+
| |BlackBox name |Instances |
+-+--------------+----------+
+-+--------------+----------+

Report Cell Usage: 
+------+------+------+
|      |Cell  |Count |
+------+------+------+
|1     |LUT1  |     5|
|2     |LUT2  |     9|
|3     |LUT3  |     1|
|4     |LUT4  |     6|
|5     |LUT5  |     3|
|6     |LUT6  |     1|
|7     |SRL16 |     1|
|8     |FDR   |     8|
|9     |FDRE  |    28|
|10    |FDSE  |     4|
+------+------+------+
---------------------------------------------------------------------------------
Finished Writing Synthesis Report : Time (s): cpu = 00:00:56 ; elapsed = 00:01:09 . Memory (MB): peak = 3579.438 ; gain = 891.660 ; free physical = 3102 ; free virtual = 10523
Synthesis current peak Physical Memory [PSS] (MB): peak = 2787.562; parent = 2617.776; children = 169.785
Synthesis current peak Virtual Memory [VSS] (MB): peak = 4536.512; parent = 3579.441; children = 957.070
---------------------------------------------------------------------------------
Synthesis finished with 0 errors, 0 critical warnings and 5 warnings.
Synthesis Optimization Runtime : Time (s): cpu = 00:00:47 ; elapsed = 00:00:59 . Memory (MB): peak = 3579.438 ; gain = 724.973 ; free physical = 3336 ; free virtual = 10757
Synthesis Optimization Complete : Time (s): cpu = 00:00:56 ; elapsed = 00:01:10 . Memory (MB): peak = 3579.445 ; gain = 891.660 ; free physical = 3341 ; free virtual = 10762
INFO: [Project 1-571] Translating synthesized netlist
Netlist sorting complete. Time (s): cpu = 00:00:00 ; elapsed = 00:00:00 . Memory (MB): peak = 3579.445 ; gain = 0.000 ; free physical = 3333 ; free virtual = 10754
INFO: [Netlist 29-17] Analyzing 9 Unisim elements for replacement
INFO: [Netlist 29-28] Unisim Transformation completed in 0 CPU seconds
INFO: [Project 1-570] Preparing netlist for logic optimization
INFO: [Opt 31-138] Pushed 0 inverter(s) to 0 load pin(s).
Netlist sorting complete. Time (s): cpu = 00:00:00 ; elapsed = 00:00:00 . Memory (MB): peak = 3635.137 ; gain = 0.000 ; free physical = 3374 ; free virtual = 10795
INFO: [Project 1-111] Unisim Transformation Summary:
  A total of 9 instances were transformed.
  FDR => FDRE: 8 instances
  SRL16 => SRL16E: 1 instance 

Synth Design complete, checksum: de1ee876
INFO: [Common 17-83] Releasing license: Synthesis
51 Infos, 10 Warnings, 0 Critical Warnings and 0 Errors encountered.
synth_design completed successfully
synth_design: Time (s): cpu = 00:01:10 ; elapsed = 00:01:26 . Memory (MB): peak = 3635.137 ; gain = 1854.453 ; free physical = 3583 ; free virtual = 11004
INFO: [Common 17-1381] The checkpoint '/home/sundance/Emilie_Projects/git/EMC2/BSP_HDMI_out_TE0820_4EV/2022.2/firmware/EMC2_HDMI_out.runs/design_1_rst_processing_system7_0_100M_0_synth_1/design_1_rst_processing_system7_0_100M_0.dcp' has been generated.
INFO: [Coretcl 2-1648] Added synthesis output to IP cache for IP design_1_rst_processing_system7_0_100M_0, cache-ID = 1f9e44491b2eb215
INFO: [Coretcl 2-1174] Renamed 6 cell refs.
INFO: [Common 17-1381] The checkpoint '/home/sundance/Emilie_Projects/git/EMC2/BSP_HDMI_out_TE0820_4EV/2022.2/firmware/EMC2_HDMI_out.runs/design_1_rst_processing_system7_0_100M_0_synth_1/design_1_rst_processing_system7_0_100M_0.dcp' has been generated.
INFO: [runtcl-4] Executing : report_utilization -file design_1_rst_processing_system7_0_100M_0_utilization_synth.rpt -pb design_1_rst_processing_system7_0_100M_0_utilization_synth.pb
INFO: [Common 17-206] Exiting Vivado at Thu Feb 22 13:08:44 2024...
