

================================================================
== Vitis HLS Report for 'AXIvideo2MultiPixStream'
================================================================
* Date:           Thu Feb 22 13:13:24 2024

* Version:        2022.2 (Build 3670227 on Oct 13 2022)
* Project:        prj
* Solution:       sol (Vivado IP Flow Target)
* Product family: zynquplus
* Target device:  xczu4ev-sfvc784-1-e


================================================================
== Performance Estimates
================================================================
+ Timing: 
    * Summary: 
    +--------+----------+----------+------------+
    |  Clock |  Target  | Estimated| Uncertainty|
    +--------+----------+----------+------------+
    |ap_clk  |  13.75 ns|  2.701 ns|     3.71 ns|
    +--------+----------+----------+------------+

+ Latency: 
    * Summary: 
    +---------+---------+-----------+-----------+-----+--------+---------+
    |  Latency (cycles) |   Latency (absolute)  |   Interval   | Pipeline|
    |   min   |   max   |    min    |    max    | min |   max  |   Type  |
    +---------+---------+-----------+-----------+-----+--------+---------+
    |        2|   928806|  27.500 ns|  12.771 ms|    2|  928806|       no|
    +---------+---------+-----------+-----------+-----+--------+---------+

    + Detail: 
        * Instance: 
        +-----------------------------------------------------------------+------------------------------------------------------+---------+---------+-----------+-----------+-----+------+---------+
        |                                                                 |                                                      |  Latency (cycles) |   Latency (absolute)  |  Interval  | Pipeline|
        |                             Instance                            |                        Module                        |   min   |   max   |    min    |    max    | min |  max |   Type  |
        +-----------------------------------------------------------------+------------------------------------------------------+---------+---------+-----------+-----------+-----+------+---------+
        |grp_AXIvideo2MultiPixStream_Pipeline_loop_wait_for_start_fu_181  |AXIvideo2MultiPixStream_Pipeline_loop_wait_for_start  |        2|        2|  27.500 ns|  27.500 ns|    2|     2|       no|
        |grp_AXIvideo2MultiPixStream_Pipeline_loop_width_fu_201           |AXIvideo2MultiPixStream_Pipeline_loop_width           |        3|     1282|  41.250 ns|  17.628 us|    3|  1282|       no|
        |grp_AXIvideo2MultiPixStream_Pipeline_loop_wait_for_eol_fu_229    |AXIvideo2MultiPixStream_Pipeline_loop_wait_for_eol    |        2|        2|  27.500 ns|  27.500 ns|    2|     2|       no|
        |grp_reg_unsigned_short_s_fu_255                                  |reg_unsigned_short_s                                  |        1|        1|  13.750 ns|  13.750 ns|    1|     1|      yes|
        |grp_reg_unsigned_short_s_fu_261                                  |reg_unsigned_short_s                                  |        1|        1|  13.750 ns|  13.750 ns|    1|     1|      yes|
        +-----------------------------------------------------------------+------------------------------------------------------+---------+---------+-----------+-----------+-----+------+---------+

        * Loop: 
        +---------------+---------+---------+----------+-----------+-----------+---------+----------+
        |               |  Latency (cycles) | Iteration|  Initiation Interval  |   Trip  |          |
        |   Loop Name   |   min   |   max   |  Latency |  achieved |   target  |  Count  | Pipelined|
        +---------------+---------+---------+----------+-----------+-----------+---------+----------+
        |- loop_height  |        0|   928800|  7 ~ 1290|          -|          -|  0 ~ 720|        no|
        +---------------+---------+---------+----------+-----------+-----------+---------+----------+



================================================================
== Utilization Estimates
================================================================
* Summary: 
+-----------------+---------+-----+--------+-------+-----+
|       Name      | BRAM_18K| DSP |   FF   |  LUT  | URAM|
+-----------------+---------+-----+--------+-------+-----+
|DSP              |        -|    -|       -|      -|    -|
|Expression       |        -|    -|       0|     63|    -|
|FIFO             |        -|    -|       -|      -|    -|
|Instance         |        -|    -|     115|    289|    -|
|Memory           |        -|    -|       -|      -|    -|
|Multiplexer      |        -|    -|       -|    151|    -|
|Register         |        -|    -|     111|      -|    -|
+-----------------+---------+-----+--------+-------+-----+
|Total            |        0|    0|     226|    503|    0|
+-----------------+---------+-----+--------+-------+-----+
|Available        |      256|  728|  175680|  87840|   48|
+-----------------+---------+-----+--------+-------+-----+
|Utilization (%)  |        0|    0|      ~0|     ~0|    0|
+-----------------+---------+-----+--------+-------+-----+

+ Detail: 
    * Instance: 
    +-----------------------------------------------------------------+------------------------------------------------------+---------+----+----+-----+-----+
    |                             Instance                            |                        Module                        | BRAM_18K| DSP| FF | LUT | URAM|
    +-----------------------------------------------------------------+------------------------------------------------------+---------+----+----+-----+-----+
    |grp_AXIvideo2MultiPixStream_Pipeline_loop_wait_for_eol_fu_229    |AXIvideo2MultiPixStream_Pipeline_loop_wait_for_eol    |        0|   0|   4|   52|    0|
    |grp_AXIvideo2MultiPixStream_Pipeline_loop_wait_for_start_fu_181  |AXIvideo2MultiPixStream_Pipeline_loop_wait_for_start  |        0|   0|   3|   34|    0|
    |grp_AXIvideo2MultiPixStream_Pipeline_loop_width_fu_201           |AXIvideo2MultiPixStream_Pipeline_loop_width           |        0|   0|  42|  175|    0|
    |grp_reg_unsigned_short_s_fu_255                                  |reg_unsigned_short_s                                  |        0|   0|  33|   14|    0|
    |grp_reg_unsigned_short_s_fu_261                                  |reg_unsigned_short_s                                  |        0|   0|  33|   14|    0|
    +-----------------------------------------------------------------+------------------------------------------------------+---------+----+----+-----+-----+
    |Total                                                            |                                                      |        0|   0| 115|  289|    0|
    +-----------------------------------------------------------------+------------------------------------------------------+---------+----+----+-----+-----+

    * DSP: 
    N/A

    * Memory: 
    N/A

    * FIFO: 
    N/A

    * Expression: 
    +----------------------+----------+----+---+----+------------+------------+
    |     Variable Name    | Operation| DSP| FF| LUT| Bitwidth P0| Bitwidth P1|
    +----------------------+----------+----+---+----+------------+------------+
    |i_4_fu_317_p2         |         +|   0|  0|  17|          10|           1|
    |cmp9451_fu_294_p2     |      icmp|   0|  0|  11|          11|           1|
    |cond_fu_299_p2        |      icmp|   0|  0|  11|           8|           1|
    |icmp_ln789_fu_275_p2  |      icmp|   0|  0|  11|           8|           1|
    |icmp_ln800_fu_312_p2  |      icmp|   0|  0|  11|          10|          10|
    |ap_block_state1       |        or|   0|  0|   2|           1|           1|
    +----------------------+----------+----+---+----+------------+------------+
    |Total                 |          |   0|  0|  63|          48|          15|
    +----------------------+----------+----+---+----+------------+------------+

    * Multiplexer: 
    +--------------------------+----+-----------+-----+-----------+
    |           Name           | LUT| Input Size| Bits| Total Bits|
    +--------------------------+----+-----------+-----+-----------+
    |ap_NS_fsm                 |  59|         11|    1|         11|
    |ap_done                   |   9|          2|    1|          2|
    |axi_data_2_lcssa_reg_148  |   9|          2|   24|         48|
    |axi_data_V_5_fu_106       |   9|          2|   24|         48|
    |axi_last_2_lcssa_reg_158  |   9|          2|    1|          2|
    |axi_last_V_2_reg_138      |   9|          2|    1|          2|
    |eol_0_lcssa_reg_169       |   9|          2|    1|          2|
    |i_fu_102                  |   9|          2|   10|         20|
    |s_axis_video_TREADY       |  20|          4|    1|          4|
    |srcYUV_write              |   9|          2|    1|          2|
    +--------------------------+----+-----------+-----+-----------+
    |Total                     | 151|         31|   65|        141|
    +--------------------------+----+-----------+-----+-----------+

    * Register: 
    +------------------------------------------------------------------------------+----+----+-----+-----------+
    |                                     Name                                     | FF | LUT| Bits| Const Bits|
    +------------------------------------------------------------------------------+----+----+-----+-----------+
    |ap_CS_fsm                                                                     |  10|   0|   10|          0|
    |ap_done_reg                                                                   |   1|   0|    1|          0|
    |axi_data_2_lcssa_reg_148                                                      |  24|   0|   24|          0|
    |axi_data_V_5_fu_106                                                           |  24|   0|   24|          0|
    |axi_last_2_lcssa_reg_158                                                      |   1|   0|    1|          0|
    |axi_last_V_2_reg_138                                                          |   1|   0|    1|          0|
    |axi_last_V_4_loc_fu_86                                                        |   1|   0|    1|          0|
    |cmp9451_reg_408                                                               |   1|   0|    1|          0|
    |cond_reg_412                                                                  |   1|   0|    1|          0|
    |empty_reg_374                                                                 |  11|   0|   11|          0|
    |eol_0_lcssa_reg_169                                                           |   1|   0|    1|          0|
    |grp_AXIvideo2MultiPixStream_Pipeline_loop_wait_for_eol_fu_229_ap_start_reg    |   1|   0|    1|          0|
    |grp_AXIvideo2MultiPixStream_Pipeline_loop_wait_for_start_fu_181_ap_start_reg  |   1|   0|    1|          0|
    |grp_AXIvideo2MultiPixStream_Pipeline_loop_width_fu_201_ap_start_reg           |   1|   0|    1|          0|
    |i_4_reg_423                                                                   |  10|   0|   10|          0|
    |i_fu_102                                                                      |  10|   0|   10|          0|
    |icmp_ln789_reg_380                                                            |   1|   0|    1|          0|
    |sof_fu_110                                                                    |   1|   0|    1|          0|
    |trunc_ln782_reg_369                                                           |  10|   0|   10|          0|
    +------------------------------------------------------------------------------+----+----+-----+-----------+
    |Total                                                                         | 111|   0|  111|          0|
    +------------------------------------------------------------------------------+----+----+-----+-----------+



================================================================
== Interface
================================================================
* Summary: 
+-----------------------+-----+-----+------------+-------------------------+--------------+
|       RTL Ports       | Dir | Bits|  Protocol  |      Source Object      |    C Type    |
+-----------------------+-----+-----+------------+-------------------------+--------------+
|ap_clk                 |   in|    1|  ap_ctrl_hs|  AXIvideo2MultiPixStream|  return value|
|ap_rst                 |   in|    1|  ap_ctrl_hs|  AXIvideo2MultiPixStream|  return value|
|ap_start               |   in|    1|  ap_ctrl_hs|  AXIvideo2MultiPixStream|  return value|
|ap_done                |  out|    1|  ap_ctrl_hs|  AXIvideo2MultiPixStream|  return value|
|ap_continue            |   in|    1|  ap_ctrl_hs|  AXIvideo2MultiPixStream|  return value|
|ap_idle                |  out|    1|  ap_ctrl_hs|  AXIvideo2MultiPixStream|  return value|
|ap_ready               |  out|    1|  ap_ctrl_hs|  AXIvideo2MultiPixStream|  return value|
|s_axis_video_TDATA     |   in|   24|        axis|    s_axis_video_V_data_V|       pointer|
|s_axis_video_TVALID    |   in|    1|        axis|    s_axis_video_V_dest_V|       pointer|
|s_axis_video_TREADY    |  out|    1|        axis|    s_axis_video_V_dest_V|       pointer|
|s_axis_video_TDEST     |   in|    1|        axis|    s_axis_video_V_dest_V|       pointer|
|s_axis_video_TKEEP     |   in|    3|        axis|    s_axis_video_V_keep_V|       pointer|
|s_axis_video_TSTRB     |   in|    3|        axis|    s_axis_video_V_strb_V|       pointer|
|s_axis_video_TUSER     |   in|    1|        axis|    s_axis_video_V_user_V|       pointer|
|s_axis_video_TLAST     |   in|    1|        axis|    s_axis_video_V_last_V|       pointer|
|s_axis_video_TID       |   in|    1|        axis|      s_axis_video_V_id_V|       pointer|
|srcYUV_din             |  out|   24|     ap_fifo|                   srcYUV|       pointer|
|srcYUV_num_data_valid  |   in|    5|     ap_fifo|                   srcYUV|       pointer|
|srcYUV_fifo_cap        |   in|    5|     ap_fifo|                   srcYUV|       pointer|
|srcYUV_full_n          |   in|    1|     ap_fifo|                   srcYUV|       pointer|
|srcYUV_write           |  out|    1|     ap_fifo|                   srcYUV|       pointer|
|enableInput            |   in|    8|   ap_stable|              enableInput|       pointer|
|height                 |   in|   16|   ap_stable|                   height|       pointer|
|width                  |   in|   16|   ap_stable|                    width|       pointer|
|colorFormat            |   in|    8|   ap_stable|              colorFormat|       pointer|
+-----------------------+-----+-----+------------+-------------------------+--------------+

============================================================
+ Verbose Summary: Synthesis Manager
============================================================
InlineROM: 1
ExposeGlobal: 0
============================================================
+ Verbose Summary: CDFG Model
============================================================
IsTopModel: 0
ResetActiveHigh: 1
IsCombinational: 2
IsDatapathOnly: 0
HasWiredReturn: 1
HasMFsm: 0
HasVarLatency: 1
IsPipeline: 0
IsRtlPipelined: 0
IsInstanceOverlapped: 0
IsDontTouch: 0
HasImplIP: 0
IsGatedGlobalClock: 0


============================================================
+ Verbose Summary: Schedule
============================================================
* Number of FSM states : 10
* Pipeline : 0
* Dataflow Pipeline: 0

* FSM state transitions: 
1 --> 2 
2 --> 3 5 
3 --> 4 
4 --> 5 
5 --> 6 7 
6 --> 7 
7 --> 8 
8 --> 9 
9 --> 10 
10 --> 5 

* FSM state operations: 

State 1 <SV = 0> <Delay = 0.00>
ST_1 : Operation 11 [1/1] (0.00ns)   --->   "%axi_last_V_4_loc = alloca i64 1"   --->   Operation 11 'alloca' 'axi_last_V_4_loc' <Predicate = true> <Delay = 0.00>
ST_1 : Operation 12 [1/1] (0.00ns)   --->   "%axi_data_V_6_loc = alloca i64 1"   --->   Operation 12 'alloca' 'axi_data_V_6_loc' <Predicate = true> <Delay = 0.00>
ST_1 : Operation 13 [1/1] (0.00ns)   --->   "%eol_loc = alloca i64 1"   --->   Operation 13 'alloca' 'eol_loc' <Predicate = true> <Delay = 0.00>
ST_1 : Operation 14 [1/1] (0.00ns)   --->   "%axi_last_V_loc = alloca i64 1"   --->   Operation 14 'alloca' 'axi_last_V_loc' <Predicate = true> <Delay = 0.00>
ST_1 : Operation 15 [1/1] (0.00ns)   --->   "%height_read = read i16 @_ssdm_op_Read.ap_auto.i16P0A, i16 %height" [/home/sundance/Emilie_Projects/git/EMC2/BSP_HDMI_out_TE0820_4EV/2022.2/firmware/EMC2_HDMI_out.runs/design_1_v_tpg_0_0_synth_1/prj/sol/.autopilot/db/v_tpg.cpp:782]   --->   Operation 15 'read' 'height_read' <Predicate = true> <Delay = 0.00>
ST_1 : Operation 16 [2/2] (0.00ns)   --->   "%rows = call i16 @reg<unsigned short>, i16 %height_read" [/home/sundance/Emilie_Projects/git/EMC2/BSP_HDMI_out_TE0820_4EV/2022.2/firmware/EMC2_HDMI_out.runs/design_1_v_tpg_0_0_synth_1/prj/sol/.autopilot/db/v_tpg.cpp:782]   --->   Operation 16 'call' 'rows' <Predicate = true> <Delay = 0.00> <CoreType = "Generic">   --->   Core 0 '' <Latency = 0> <II = 1> <Delay = 1.00> <Generic> <Opcode : >
ST_1 : Operation 17 [1/1] (0.00ns)   --->   "%width_read = read i16 @_ssdm_op_Read.ap_auto.i16P0A, i16 %width" [/home/sundance/Emilie_Projects/git/EMC2/BSP_HDMI_out_TE0820_4EV/2022.2/firmware/EMC2_HDMI_out.runs/design_1_v_tpg_0_0_synth_1/prj/sol/.autopilot/db/v_tpg.cpp:783]   --->   Operation 17 'read' 'width_read' <Predicate = true> <Delay = 0.00>
ST_1 : Operation 18 [2/2] (0.00ns)   --->   "%cols = call i16 @reg<unsigned short>, i16 %width_read" [/home/sundance/Emilie_Projects/git/EMC2/BSP_HDMI_out_TE0820_4EV/2022.2/firmware/EMC2_HDMI_out.runs/design_1_v_tpg_0_0_synth_1/prj/sol/.autopilot/db/v_tpg.cpp:783]   --->   Operation 18 'call' 'cols' <Predicate = true> <Delay = 0.00> <CoreType = "Generic">   --->   Core 0 '' <Latency = 0> <II = 1> <Delay = 1.00> <Generic> <Opcode : >

State 2 <SV = 1> <Delay = 1.34>
ST_2 : Operation 19 [1/1] (0.00ns)   --->   "%specaxissidechannel_ln0 = specaxissidechannel void @_ssdm_op_SpecAXISSideChannel, i24 %s_axis_video_V_data_V, i3 %s_axis_video_V_keep_V, i3 %s_axis_video_V_strb_V, i1 %s_axis_video_V_user_V, i1 %s_axis_video_V_last_V, i1 %s_axis_video_V_id_V, i1 %s_axis_video_V_dest_V, void @empty_4"   --->   Operation 19 'specaxissidechannel' 'specaxissidechannel_ln0' <Predicate = true> <Delay = 0.00>
ST_2 : Operation 20 [1/1] (0.00ns)   --->   "%specstablecontent_ln0 = specstablecontent void @_ssdm_op_SpecStableContent, i8 %colorFormat, void "   --->   Operation 20 'specstablecontent' 'specstablecontent_ln0' <Predicate = true> <Delay = 0.00>
ST_2 : Operation 21 [1/1] (0.00ns)   --->   "%specstablecontent_ln0 = specstablecontent void @_ssdm_op_SpecStableContent, i8 %enableInput, void "   --->   Operation 21 'specstablecontent' 'specstablecontent_ln0' <Predicate = true> <Delay = 0.00>
ST_2 : Operation 22 [1/1] (0.00ns)   --->   "%specstablecontent_ln0 = specstablecontent void @_ssdm_op_SpecStableContent, i16 %height, void "   --->   Operation 22 'specstablecontent' 'specstablecontent_ln0' <Predicate = true> <Delay = 0.00>
ST_2 : Operation 23 [1/1] (0.00ns)   --->   "%specstablecontent_ln0 = specstablecontent void @_ssdm_op_SpecStableContent, i16 %width, void "   --->   Operation 23 'specstablecontent' 'specstablecontent_ln0' <Predicate = true> <Delay = 0.00>
ST_2 : Operation 24 [1/1] (0.00ns)   --->   "%specinterface_ln0 = specinterface void @_ssdm_op_SpecInterface, i24 %srcYUV, void @empty_11, i32 0, i32 0, void @empty_19, i32 0, i32 0, void @empty_19, void @empty_19, void @empty_19, i32 0, i32 0, i32 0, i32 0, void @empty_19, void @empty_19, i32 4294967295, i32 0"   --->   Operation 24 'specinterface' 'specinterface_ln0' <Predicate = true> <Delay = 0.00>
ST_2 : Operation 25 [1/1] (0.00ns)   --->   "%specinterface_ln0 = specinterface void @_ssdm_op_SpecInterface, i24 %s_axis_video_V_data_V, i3 %s_axis_video_V_keep_V, i3 %s_axis_video_V_strb_V, i1 %s_axis_video_V_user_V, i1 %s_axis_video_V_last_V, i1 %s_axis_video_V_id_V, i1 %s_axis_video_V_dest_V, void @empty_18, i32 0, i32 0, void @empty_13, i32 0, i32 0, void @empty_19, void @empty_19, void @empty_19, i32 0, i32 0, i32 0, i32 0, void @empty_19, void @empty_19, i32 4294967295, i32 0"   --->   Operation 25 'specinterface' 'specinterface_ln0' <Predicate = true> <Delay = 0.00>
ST_2 : Operation 26 [1/2] (0.00ns)   --->   "%rows = call i16 @reg<unsigned short>, i16 %height_read" [/home/sundance/Emilie_Projects/git/EMC2/BSP_HDMI_out_TE0820_4EV/2022.2/firmware/EMC2_HDMI_out.runs/design_1_v_tpg_0_0_synth_1/prj/sol/.autopilot/db/v_tpg.cpp:782]   --->   Operation 26 'call' 'rows' <Predicate = true> <Delay = 0.00> <CoreType = "Generic">   --->   Core 0 '' <Latency = 0> <II = 1> <Delay = 1.00> <Generic> <Opcode : >
ST_2 : Operation 27 [1/1] (0.00ns)   --->   "%trunc_ln782 = trunc i16 %rows" [/home/sundance/Emilie_Projects/git/EMC2/BSP_HDMI_out_TE0820_4EV/2022.2/firmware/EMC2_HDMI_out.runs/design_1_v_tpg_0_0_synth_1/prj/sol/.autopilot/db/v_tpg.cpp:782]   --->   Operation 27 'trunc' 'trunc_ln782' <Predicate = true> <Delay = 0.00>
ST_2 : Operation 28 [1/2] (0.00ns)   --->   "%cols = call i16 @reg<unsigned short>, i16 %width_read" [/home/sundance/Emilie_Projects/git/EMC2/BSP_HDMI_out_TE0820_4EV/2022.2/firmware/EMC2_HDMI_out.runs/design_1_v_tpg_0_0_synth_1/prj/sol/.autopilot/db/v_tpg.cpp:783]   --->   Operation 28 'call' 'cols' <Predicate = true> <Delay = 0.00> <CoreType = "Generic">   --->   Core 0 '' <Latency = 0> <II = 1> <Delay = 1.00> <Generic> <Opcode : >
ST_2 : Operation 29 [1/1] (0.00ns)   --->   "%empty = trunc i16 %cols" [/home/sundance/Emilie_Projects/git/EMC2/BSP_HDMI_out_TE0820_4EV/2022.2/firmware/EMC2_HDMI_out.runs/design_1_v_tpg_0_0_synth_1/prj/sol/.autopilot/db/v_tpg.cpp:783]   --->   Operation 29 'trunc' 'empty' <Predicate = true> <Delay = 0.00>
ST_2 : Operation 30 [1/1] (0.00ns)   --->   "%enableInput_read = read i8 @_ssdm_op_Read.ap_auto.i8P0A, i8 %enableInput" [/home/sundance/Emilie_Projects/git/EMC2/BSP_HDMI_out_TE0820_4EV/2022.2/firmware/EMC2_HDMI_out.runs/design_1_v_tpg_0_0_synth_1/prj/sol/.autopilot/db/v_tpg.cpp:789]   --->   Operation 30 'read' 'enableInput_read' <Predicate = true> <Delay = 0.00>
ST_2 : Operation 31 [1/1] (0.85ns)   --->   "%icmp_ln789 = icmp_eq  i8 %enableInput_read, i8 0" [/home/sundance/Emilie_Projects/git/EMC2/BSP_HDMI_out_TE0820_4EV/2022.2/firmware/EMC2_HDMI_out.runs/design_1_v_tpg_0_0_synth_1/prj/sol/.autopilot/db/v_tpg.cpp:789]   --->   Operation 31 'icmp' 'icmp_ln789' <Predicate = true> <Delay = 0.85> <CoreInst = "Cmp">   --->   Core 9 'Cmp' <Latency = 0> <II = 1> <Delay = 0.85> <FuncUnit> <Opcode : 'icmp'> <InPorts = 2> <OutPorts = 1>
ST_2 : Operation 32 [1/1] (0.00ns)   --->   "%br_ln789 = br i1 %icmp_ln789, void %while.cond.preheader, void %if.end72" [/home/sundance/Emilie_Projects/git/EMC2/BSP_HDMI_out_TE0820_4EV/2022.2/firmware/EMC2_HDMI_out.runs/design_1_v_tpg_0_0_synth_1/prj/sol/.autopilot/db/v_tpg.cpp:789]   --->   Operation 32 'br' 'br_ln789' <Predicate = true> <Delay = 0.00>
ST_2 : Operation 33 [1/1] (0.00ns)   --->   "%i = alloca i32 1"   --->   Operation 33 'alloca' 'i' <Predicate = (!icmp_ln789)> <Delay = 0.00>
ST_2 : Operation 34 [1/1] (0.00ns)   --->   "%axi_data_V_5 = alloca i32 1"   --->   Operation 34 'alloca' 'axi_data_V_5' <Predicate = (!icmp_ln789)> <Delay = 0.00>
ST_2 : Operation 35 [1/1] (0.00ns)   --->   "%sof = alloca i32 1"   --->   Operation 35 'alloca' 'sof' <Predicate = (!icmp_ln789)> <Delay = 0.00>
ST_2 : Operation 36 [1/1] (0.00ns)   --->   "%empty_150 = wait i32 @_ssdm_op_Wait"   --->   Operation 36 'wait' 'empty_150' <Predicate = (!icmp_ln789)> <Delay = 0.00>
ST_2 : Operation 37 [2/2] (0.48ns)   --->   "%call_ln0 = call void @AXIvideo2MultiPixStream_Pipeline_loop_wait_for_start, i24 %s_axis_video_V_data_V, i3 %s_axis_video_V_keep_V, i3 %s_axis_video_V_strb_V, i1 %s_axis_video_V_user_V, i1 %s_axis_video_V_last_V, i1 %s_axis_video_V_id_V, i1 %s_axis_video_V_dest_V, i24 %axi_data_V_5, i1 %axi_last_V_loc"   --->   Operation 37 'call' 'call_ln0' <Predicate = (!icmp_ln789)> <Delay = 0.48> <CoreType = "Generic">   --->   Core 0 '' <Latency = 0> <II = 1> <Delay = 1.00> <Generic> <Opcode : >
ST_2 : Operation 38 [1/1] (0.48ns)   --->   "%store_ln800 = store i1 1, i1 %sof" [/home/sundance/Emilie_Projects/git/EMC2/BSP_HDMI_out_TE0820_4EV/2022.2/firmware/EMC2_HDMI_out.runs/design_1_v_tpg_0_0_synth_1/prj/sol/.autopilot/db/v_tpg.cpp:800]   --->   Operation 38 'store' 'store_ln800' <Predicate = (!icmp_ln789)> <Delay = 0.48>
ST_2 : Operation 39 [1/1] (0.48ns)   --->   "%store_ln800 = store i10 0, i10 %i" [/home/sundance/Emilie_Projects/git/EMC2/BSP_HDMI_out_TE0820_4EV/2022.2/firmware/EMC2_HDMI_out.runs/design_1_v_tpg_0_0_synth_1/prj/sol/.autopilot/db/v_tpg.cpp:800]   --->   Operation 39 'store' 'store_ln800' <Predicate = (!icmp_ln789)> <Delay = 0.48>

State 3 <SV = 2> <Delay = 0.00>
ST_3 : Operation 40 [1/2] (0.00ns)   --->   "%call_ln0 = call void @AXIvideo2MultiPixStream_Pipeline_loop_wait_for_start, i24 %s_axis_video_V_data_V, i3 %s_axis_video_V_keep_V, i3 %s_axis_video_V_strb_V, i1 %s_axis_video_V_user_V, i1 %s_axis_video_V_last_V, i1 %s_axis_video_V_id_V, i1 %s_axis_video_V_dest_V, i24 %axi_data_V_5, i1 %axi_last_V_loc"   --->   Operation 40 'call' 'call_ln0' <Predicate = true> <Delay = 0.00> <CoreType = "Generic">   --->   Core 0 '' <Latency = 0> <II = 1> <Delay = 1.00> <Generic> <Opcode : >

State 4 <SV = 3> <Delay = 0.85>
ST_4 : Operation 41 [1/1] (0.00ns)   --->   "%axi_last_V_loc_load = load i1 %axi_last_V_loc"   --->   Operation 41 'load' 'axi_last_V_loc_load' <Predicate = true> <Delay = 0.00>
ST_4 : Operation 42 [1/1] (0.00ns)   --->   "%empty_151 = wait i32 @_ssdm_op_Wait"   --->   Operation 42 'wait' 'empty_151' <Predicate = true> <Delay = 0.00>
ST_4 : Operation 43 [1/1] (0.00ns)   --->   "%colorFormat_read = read i8 @_ssdm_op_Read.ap_auto.i8P0A, i8 %colorFormat"   --->   Operation 43 'read' 'colorFormat_read' <Predicate = true> <Delay = 0.00>
ST_4 : Operation 44 [1/1] (0.85ns)   --->   "%cmp9451 = icmp_eq  i11 %empty, i11 0" [/home/sundance/Emilie_Projects/git/EMC2/BSP_HDMI_out_TE0820_4EV/2022.2/firmware/EMC2_HDMI_out.runs/design_1_v_tpg_0_0_synth_1/prj/sol/.autopilot/db/v_tpg.cpp:783]   --->   Operation 44 'icmp' 'cmp9451' <Predicate = true> <Delay = 0.85> <CoreInst = "Cmp">   --->   Core 9 'Cmp' <Latency = 0> <II = 1> <Delay = 0.85> <FuncUnit> <Opcode : 'icmp'> <InPorts = 2> <OutPorts = 1>
ST_4 : Operation 45 [1/1] (0.85ns)   --->   "%cond = icmp_eq  i8 %colorFormat_read, i8 0"   --->   Operation 45 'icmp' 'cond' <Predicate = true> <Delay = 0.85> <CoreInst = "Cmp">   --->   Core 9 'Cmp' <Latency = 0> <II = 1> <Delay = 0.85> <FuncUnit> <Opcode : 'icmp'> <InPorts = 2> <OutPorts = 1>
ST_4 : Operation 46 [1/1] (0.48ns)   --->   "%br_ln800 = br void %loop_width" [/home/sundance/Emilie_Projects/git/EMC2/BSP_HDMI_out_TE0820_4EV/2022.2/firmware/EMC2_HDMI_out.runs/design_1_v_tpg_0_0_synth_1/prj/sol/.autopilot/db/v_tpg.cpp:800]   --->   Operation 46 'br' 'br_ln800' <Predicate = true> <Delay = 0.48>

State 5 <SV = 4> <Delay = 2.20>
ST_5 : Operation 47 [1/1] (0.00ns)   --->   "%axi_last_V_2 = phi i1 %axi_last_V_loc_load, void %while.cond.preheader, i1 %axi_last_V_4_loc_load, void %loop_wait_for_eol"   --->   Operation 47 'phi' 'axi_last_V_2' <Predicate = (!icmp_ln789)> <Delay = 0.00>
ST_5 : Operation 48 [1/1] (0.00ns)   --->   "%i_3 = load i10 %i" [/home/sundance/Emilie_Projects/git/EMC2/BSP_HDMI_out_TE0820_4EV/2022.2/firmware/EMC2_HDMI_out.runs/design_1_v_tpg_0_0_synth_1/prj/sol/.autopilot/db/v_tpg.cpp:800]   --->   Operation 48 'load' 'i_3' <Predicate = (!icmp_ln789)> <Delay = 0.00>
ST_5 : Operation 49 [1/1] (0.00ns)   --->   "%axi_data_V = load i24 %axi_data_V_5"   --->   Operation 49 'load' 'axi_data_V' <Predicate = (!icmp_ln789)> <Delay = 0.00>
ST_5 : Operation 50 [1/1] (0.85ns)   --->   "%icmp_ln800 = icmp_eq  i10 %i_3, i10 %trunc_ln782" [/home/sundance/Emilie_Projects/git/EMC2/BSP_HDMI_out_TE0820_4EV/2022.2/firmware/EMC2_HDMI_out.runs/design_1_v_tpg_0_0_synth_1/prj/sol/.autopilot/db/v_tpg.cpp:800]   --->   Operation 50 'icmp' 'icmp_ln800' <Predicate = (!icmp_ln789)> <Delay = 0.85> <CoreInst = "Cmp">   --->   Core 9 'Cmp' <Latency = 0> <II = 1> <Delay = 0.85> <FuncUnit> <Opcode : 'icmp'> <InPorts = 2> <OutPorts = 1>
ST_5 : Operation 51 [1/1] (0.00ns)   --->   "%speclooptripcount_ln0 = speclooptripcount void @_ssdm_op_SpecLoopTripCount, i64 0, i64 720, i64 0"   --->   Operation 51 'speclooptripcount' 'speclooptripcount_ln0' <Predicate = (!icmp_ln789)> <Delay = 0.00>
ST_5 : Operation 52 [1/1] (0.93ns)   --->   "%i_4 = add i10 %i_3, i10 1" [/home/sundance/Emilie_Projects/git/EMC2/BSP_HDMI_out_TE0820_4EV/2022.2/firmware/EMC2_HDMI_out.runs/design_1_v_tpg_0_0_synth_1/prj/sol/.autopilot/db/v_tpg.cpp:800]   --->   Operation 52 'add' 'i_4' <Predicate = (!icmp_ln789)> <Delay = 0.93> <CoreInst = "Adder">   --->   Core 1 'Adder' <Latency = 0> <II = 1> <Delay = 0.93> <FuncUnit> <Opcode : 'add' 'sub'> <InPorts = 2> <OutPorts = 1>
ST_5 : Operation 53 [1/1] (0.00ns)   --->   "%br_ln800 = br i1 %icmp_ln800, void %loop_width.split, void %if.end72.loopexit" [/home/sundance/Emilie_Projects/git/EMC2/BSP_HDMI_out_TE0820_4EV/2022.2/firmware/EMC2_HDMI_out.runs/design_1_v_tpg_0_0_synth_1/prj/sol/.autopilot/db/v_tpg.cpp:800]   --->   Operation 53 'br' 'br_ln800' <Predicate = (!icmp_ln789)> <Delay = 0.00>
ST_5 : Operation 54 [1/1] (0.00ns)   --->   "%specloopname_ln780 = specloopname void @_ssdm_op_SpecLoopName, void @empty_25" [/home/sundance/Emilie_Projects/git/EMC2/BSP_HDMI_out_TE0820_4EV/2022.2/firmware/EMC2_HDMI_out.runs/design_1_v_tpg_0_0_synth_1/prj/sol/.autopilot/db/v_tpg.cpp:780]   --->   Operation 54 'specloopname' 'specloopname_ln780' <Predicate = (!icmp_ln789 & !icmp_ln800)> <Delay = 0.00>
ST_5 : Operation 55 [1/1] (0.48ns)   --->   "%br_ln805 = br i1 %cmp9451, void %for.body11.preheader, void %loop_wait_for_eol" [/home/sundance/Emilie_Projects/git/EMC2/BSP_HDMI_out_TE0820_4EV/2022.2/firmware/EMC2_HDMI_out.runs/design_1_v_tpg_0_0_synth_1/prj/sol/.autopilot/db/v_tpg.cpp:805]   --->   Operation 55 'br' 'br_ln805' <Predicate = (!icmp_ln789 & !icmp_ln800)> <Delay = 0.48>
ST_5 : Operation 56 [1/1] (0.00ns)   --->   "%sof_load = load i1 %sof"   --->   Operation 56 'load' 'sof_load' <Predicate = (!icmp_ln789 & !icmp_ln800 & !cmp9451)> <Delay = 0.00>
ST_5 : Operation 57 [1/1] (0.00ns)   --->   "%empty_152 = wait i32 @_ssdm_op_Wait"   --->   Operation 57 'wait' 'empty_152' <Predicate = (!icmp_ln789 & !icmp_ln800 & !cmp9451)> <Delay = 0.00>
ST_5 : Operation 58 [2/2] (1.34ns)   --->   "%call_ln783 = call void @AXIvideo2MultiPixStream_Pipeline_loop_width, i1 %sof_load, i1 %axi_last_V_2, i24 %axi_data_V, i11 %empty, i1 %cond, i24 %srcYUV, i24 %s_axis_video_V_data_V, i3 %s_axis_video_V_keep_V, i3 %s_axis_video_V_strb_V, i1 %s_axis_video_V_user_V, i1 %s_axis_video_V_last_V, i1 %s_axis_video_V_id_V, i1 %s_axis_video_V_dest_V, i1 %eol_loc, i24 %axi_data_V_6_loc" [/home/sundance/Emilie_Projects/git/EMC2/BSP_HDMI_out_TE0820_4EV/2022.2/firmware/EMC2_HDMI_out.runs/design_1_v_tpg_0_0_synth_1/prj/sol/.autopilot/db/v_tpg.cpp:783]   --->   Operation 58 'call' 'call_ln783' <Predicate = (!icmp_ln789 & !icmp_ln800 & !cmp9451)> <Delay = 1.34> <CoreType = "Generic">   --->   Core 0 '' <Latency = 0> <II = 1> <Delay = 1.00> <Generic> <Opcode : >
ST_5 : Operation 59 [1/1] (0.00ns)   --->   "%br_ln0 = br void %if.end72"   --->   Operation 59 'br' 'br_ln0' <Predicate = (!icmp_ln789 & icmp_ln800)> <Delay = 0.00>
ST_5 : Operation 60 [1/1] (0.00ns)   --->   "%ret_ln0 = ret"   --->   Operation 60 'ret' 'ret_ln0' <Predicate = (icmp_ln800) | (icmp_ln789)> <Delay = 0.00>

State 6 <SV = 5> <Delay = 1.34>
ST_6 : Operation 61 [1/2] (1.34ns)   --->   "%call_ln783 = call void @AXIvideo2MultiPixStream_Pipeline_loop_width, i1 %sof_load, i1 %axi_last_V_2, i24 %axi_data_V, i11 %empty, i1 %cond, i24 %srcYUV, i24 %s_axis_video_V_data_V, i3 %s_axis_video_V_keep_V, i3 %s_axis_video_V_strb_V, i1 %s_axis_video_V_user_V, i1 %s_axis_video_V_last_V, i1 %s_axis_video_V_id_V, i1 %s_axis_video_V_dest_V, i1 %eol_loc, i24 %axi_data_V_6_loc" [/home/sundance/Emilie_Projects/git/EMC2/BSP_HDMI_out_TE0820_4EV/2022.2/firmware/EMC2_HDMI_out.runs/design_1_v_tpg_0_0_synth_1/prj/sol/.autopilot/db/v_tpg.cpp:783]   --->   Operation 61 'call' 'call_ln783' <Predicate = true> <Delay = 1.34> <CoreType = "Generic">   --->   Core 0 '' <Latency = 0> <II = 1> <Delay = 1.00> <Generic> <Opcode : >

State 7 <SV = 6> <Delay = 0.48>
ST_7 : Operation 62 [1/1] (0.00ns)   --->   "%eol_loc_load = load i1 %eol_loc"   --->   Operation 62 'load' 'eol_loc_load' <Predicate = (!cmp9451)> <Delay = 0.00>
ST_7 : Operation 63 [1/1] (0.00ns)   --->   "%axi_data_V_6_loc_load = load i24 %axi_data_V_6_loc"   --->   Operation 63 'load' 'axi_data_V_6_loc_load' <Predicate = (!cmp9451)> <Delay = 0.00>
ST_7 : Operation 64 [1/1] (0.00ns)   --->   "%empty_153 = wait i32 @_ssdm_op_Wait"   --->   Operation 64 'wait' 'empty_153' <Predicate = (!cmp9451)> <Delay = 0.00>
ST_7 : Operation 65 [1/1] (0.48ns)   --->   "%store_ln0 = store i1 0, i1 %sof"   --->   Operation 65 'store' 'store_ln0' <Predicate = (!cmp9451)> <Delay = 0.48>
ST_7 : Operation 66 [1/1] (0.48ns)   --->   "%br_ln0 = br void %loop_wait_for_eol"   --->   Operation 66 'br' 'br_ln0' <Predicate = (!cmp9451)> <Delay = 0.48>
ST_7 : Operation 67 [1/1] (0.48ns)   --->   "%store_ln800 = store i10 %i_4, i10 %i" [/home/sundance/Emilie_Projects/git/EMC2/BSP_HDMI_out_TE0820_4EV/2022.2/firmware/EMC2_HDMI_out.runs/design_1_v_tpg_0_0_synth_1/prj/sol/.autopilot/db/v_tpg.cpp:800]   --->   Operation 67 'store' 'store_ln800' <Predicate = true> <Delay = 0.48>

State 8 <SV = 7> <Delay = 0.97>
ST_8 : Operation 68 [1/1] (0.00ns)   --->   "%axi_data_2_lcssa = phi i24 %axi_data_V_6_loc_load, void %for.body11.preheader, i24 %axi_data_V, void %loop_width.split"   --->   Operation 68 'phi' 'axi_data_2_lcssa' <Predicate = true> <Delay = 0.00>
ST_8 : Operation 69 [1/1] (0.00ns)   --->   "%axi_last_2_lcssa = phi i1 %eol_loc_load, void %for.body11.preheader, i1 %axi_last_V_2, void %loop_width.split"   --->   Operation 69 'phi' 'axi_last_2_lcssa' <Predicate = true> <Delay = 0.00>
ST_8 : Operation 70 [1/1] (0.00ns)   --->   "%eol_0_lcssa = phi i1 %eol_loc_load, void %for.body11.preheader, i1 0, void %loop_width.split"   --->   Operation 70 'phi' 'eol_0_lcssa' <Predicate = true> <Delay = 0.00>
ST_8 : Operation 71 [1/1] (0.00ns)   --->   "%empty_154 = wait i32 @_ssdm_op_Wait"   --->   Operation 71 'wait' 'empty_154' <Predicate = true> <Delay = 0.00>
ST_8 : Operation 72 [2/2] (0.97ns)   --->   "%call_ln0 = call void @AXIvideo2MultiPixStream_Pipeline_loop_wait_for_eol, i24 %axi_data_2_lcssa, i1 %axi_last_2_lcssa, i1 %eol_0_lcssa, i24 %s_axis_video_V_data_V, i3 %s_axis_video_V_keep_V, i3 %s_axis_video_V_strb_V, i1 %s_axis_video_V_user_V, i1 %s_axis_video_V_last_V, i1 %s_axis_video_V_id_V, i1 %s_axis_video_V_dest_V, i24 %axi_data_V_5, i1 %axi_last_V_4_loc"   --->   Operation 72 'call' 'call_ln0' <Predicate = true> <Delay = 0.97> <CoreType = "Generic">   --->   Core 0 '' <Latency = 0> <II = 1> <Delay = 1.00> <Generic> <Opcode : >

State 9 <SV = 8> <Delay = 0.48>
ST_9 : Operation 73 [1/2] (0.48ns)   --->   "%call_ln0 = call void @AXIvideo2MultiPixStream_Pipeline_loop_wait_for_eol, i24 %axi_data_2_lcssa, i1 %axi_last_2_lcssa, i1 %eol_0_lcssa, i24 %s_axis_video_V_data_V, i3 %s_axis_video_V_keep_V, i3 %s_axis_video_V_strb_V, i1 %s_axis_video_V_user_V, i1 %s_axis_video_V_last_V, i1 %s_axis_video_V_id_V, i1 %s_axis_video_V_dest_V, i24 %axi_data_V_5, i1 %axi_last_V_4_loc"   --->   Operation 73 'call' 'call_ln0' <Predicate = true> <Delay = 0.48> <CoreType = "Generic">   --->   Core 0 '' <Latency = 0> <II = 1> <Delay = 1.00> <Generic> <Opcode : >

State 10 <SV = 9> <Delay = 0.00>
ST_10 : Operation 74 [1/1] (0.00ns)   --->   "%axi_last_V_4_loc_load = load i1 %axi_last_V_4_loc"   --->   Operation 74 'load' 'axi_last_V_4_loc_load' <Predicate = true> <Delay = 0.00>
ST_10 : Operation 75 [1/1] (0.00ns)   --->   "%br_ln800 = br void %loop_width" [/home/sundance/Emilie_Projects/git/EMC2/BSP_HDMI_out_TE0820_4EV/2022.2/firmware/EMC2_HDMI_out.runs/design_1_v_tpg_0_0_synth_1/prj/sol/.autopilot/db/v_tpg.cpp:800]   --->   Operation 75 'br' 'br_ln800' <Predicate = true> <Delay = 0.00>


============================================================
+ Verbose Summary: Binding
============================================================
STG Binding: 
---------------- STG Properties BEGIN ----------------
- Is combinational: 0
- Is one-state seq: 0
- Is datapath-only: 0
- Is pipelined: 0
- Is top level: 0
Port [ Return ] is wired: 1; IO mode=ap_ctrl_hs:ce=0
Port [ s_axis_video_V_data_V]:  wired=1; compound=1; hidden=0; nouse=0; global=0; static=0; extern=0; dir=0; type=0; pingpong=0; private_global=0; IO mode=axis:ce=0
Port [ s_axis_video_V_keep_V]:  wired=1; compound=1; hidden=0; nouse=0; global=0; static=0; extern=0; dir=0; type=0; pingpong=0; private_global=0; IO mode=axis:ce=0
Port [ s_axis_video_V_strb_V]:  wired=1; compound=1; hidden=0; nouse=0; global=0; static=0; extern=0; dir=0; type=0; pingpong=0; private_global=0; IO mode=axis:ce=0
Port [ s_axis_video_V_user_V]:  wired=1; compound=1; hidden=0; nouse=0; global=0; static=0; extern=0; dir=0; type=0; pingpong=0; private_global=0; IO mode=axis:ce=0
Port [ s_axis_video_V_last_V]:  wired=1; compound=1; hidden=0; nouse=0; global=0; static=0; extern=0; dir=0; type=0; pingpong=0; private_global=0; IO mode=axis:ce=0
Port [ s_axis_video_V_id_V]:  wired=1; compound=1; hidden=0; nouse=0; global=0; static=0; extern=0; dir=0; type=0; pingpong=0; private_global=0; IO mode=axis:ce=0
Port [ s_axis_video_V_dest_V]:  wired=1; compound=1; hidden=0; nouse=0; global=0; static=0; extern=0; dir=0; type=0; pingpong=0; private_global=0; IO mode=axis:ce=0
Port [ srcYUV]:  wired=1; compound=1; hidden=0; nouse=0; global=0; static=0; extern=0; dir=1; type=3; pingpong=0; private_global=0; IO mode=ap_fifo:ce=0
Port [ enableInput]:  wired=1; compound=0; hidden=0; nouse=0; global=0; static=0; extern=0; dir=0; type=0; pingpong=0; private_global=0; IO mode=ap_stable:ce=0
Port [ height]:  wired=1; compound=0; hidden=0; nouse=0; global=0; static=0; extern=0; dir=0; type=0; pingpong=0; private_global=0; IO mode=ap_stable:ce=0
Port [ width]:  wired=1; compound=0; hidden=0; nouse=0; global=0; static=0; extern=0; dir=0; type=0; pingpong=0; private_global=0; IO mode=ap_stable:ce=0
Port [ colorFormat]:  wired=1; compound=0; hidden=0; nouse=0; global=0; static=0; extern=0; dir=0; type=0; pingpong=0; private_global=0; IO mode=ap_stable:ce=0
---------------- STG Properties END ------------------

---------------- Datapath Model BEGIN ----------------

<LifeTime>
<method=bitvector/>
axi_last_V_4_loc        (alloca             ) [ 00111111111]
axi_data_V_6_loc        (alloca             ) [ 00111111111]
eol_loc                 (alloca             ) [ 00111111111]
axi_last_V_loc          (alloca             ) [ 00111000000]
height_read             (read               ) [ 00000000000]
width_read              (read               ) [ 00000000000]
specaxissidechannel_ln0 (specaxissidechannel) [ 00000000000]
specstablecontent_ln0   (specstablecontent  ) [ 00000000000]
specstablecontent_ln0   (specstablecontent  ) [ 00000000000]
specstablecontent_ln0   (specstablecontent  ) [ 00000000000]
specstablecontent_ln0   (specstablecontent  ) [ 00000000000]
specinterface_ln0       (specinterface      ) [ 00000000000]
specinterface_ln0       (specinterface      ) [ 00000000000]
rows                    (call               ) [ 00000000000]
trunc_ln782             (trunc              ) [ 00011111111]
cols                    (call               ) [ 00000000000]
empty                   (trunc              ) [ 00011111111]
enableInput_read        (read               ) [ 00000000000]
icmp_ln789              (icmp               ) [ 00111111111]
br_ln789                (br                 ) [ 00000000000]
i                       (alloca             ) [ 00111111111]
axi_data_V_5            (alloca             ) [ 00111111111]
sof                     (alloca             ) [ 00111111111]
empty_150               (wait               ) [ 00000000000]
store_ln800             (store              ) [ 00000000000]
store_ln800             (store              ) [ 00000000000]
call_ln0                (call               ) [ 00000000000]
axi_last_V_loc_load     (load               ) [ 00001111111]
empty_151               (wait               ) [ 00000000000]
colorFormat_read        (read               ) [ 00000000000]
cmp9451                 (icmp               ) [ 00000111111]
cond                    (icmp               ) [ 00000111111]
br_ln800                (br                 ) [ 00001111111]
axi_last_V_2            (phi                ) [ 00000111100]
i_3                     (load               ) [ 00000000000]
axi_data_V              (load               ) [ 00000111111]
icmp_ln800              (icmp               ) [ 00000111111]
speclooptripcount_ln0   (speclooptripcount  ) [ 00000000000]
i_4                     (add                ) [ 00000011000]
br_ln800                (br                 ) [ 00000000000]
specloopname_ln780      (specloopname       ) [ 00000000000]
br_ln805                (br                 ) [ 00000111111]
sof_load                (load               ) [ 00000010000]
empty_152               (wait               ) [ 00000000000]
br_ln0                  (br                 ) [ 00000000000]
ret_ln0                 (ret                ) [ 00000000000]
call_ln783              (call               ) [ 00000000000]
eol_loc_load            (load               ) [ 00000111111]
axi_data_V_6_loc_load   (load               ) [ 00000111111]
empty_153               (wait               ) [ 00000000000]
store_ln0               (store              ) [ 00000000000]
br_ln0                  (br                 ) [ 00000111111]
store_ln800             (store              ) [ 00000000000]
axi_data_2_lcssa        (phi                ) [ 00000000110]
axi_last_2_lcssa        (phi                ) [ 00000000110]
eol_0_lcssa             (phi                ) [ 00000000110]
empty_154               (wait               ) [ 00000000000]
call_ln0                (call               ) [ 00000000000]
axi_last_V_4_loc_load   (load               ) [ 00001111111]
br_ln800                (br                 ) [ 00001111111]
</LifeTime>

<model>

<comp_list>
<comp id="0" class="1000" name="s_axis_video_V_data_V">
<pin_list>
<pin id="1" dir="1" index="0" bw="1" slack="0"/>
</pin_list>
<bind>
<StgValue><ssdm name="s_axis_video_V_data_V"/></StgValue>
</bind>
</comp>

<comp id="2" class="1000" name="s_axis_video_V_keep_V">
<pin_list>
<pin id="3" dir="1" index="0" bw="1" slack="0"/>
</pin_list>
<bind>
<StgValue><ssdm name="s_axis_video_V_keep_V"/></StgValue>
</bind>
</comp>

<comp id="4" class="1000" name="s_axis_video_V_strb_V">
<pin_list>
<pin id="5" dir="1" index="0" bw="1" slack="0"/>
</pin_list>
<bind>
<StgValue><ssdm name="s_axis_video_V_strb_V"/></StgValue>
</bind>
</comp>

<comp id="6" class="1000" name="s_axis_video_V_user_V">
<pin_list>
<pin id="7" dir="1" index="0" bw="1" slack="0"/>
</pin_list>
<bind>
<StgValue><ssdm name="s_axis_video_V_user_V"/></StgValue>
</bind>
</comp>

<comp id="8" class="1000" name="s_axis_video_V_last_V">
<pin_list>
<pin id="9" dir="1" index="0" bw="1" slack="0"/>
</pin_list>
<bind>
<StgValue><ssdm name="s_axis_video_V_last_V"/></StgValue>
</bind>
</comp>

<comp id="10" class="1000" name="s_axis_video_V_id_V">
<pin_list>
<pin id="11" dir="1" index="0" bw="1" slack="0"/>
</pin_list>
<bind>
<StgValue><ssdm name="s_axis_video_V_id_V"/></StgValue>
</bind>
</comp>

<comp id="12" class="1000" name="s_axis_video_V_dest_V">
<pin_list>
<pin id="13" dir="1" index="0" bw="1" slack="0"/>
</pin_list>
<bind>
<StgValue><ssdm name="s_axis_video_V_dest_V"/></StgValue>
</bind>
</comp>

<comp id="14" class="1000" name="srcYUV">
<pin_list>
<pin id="15" dir="1" index="0" bw="1" slack="0"/>
</pin_list>
<bind>
<StgValue><ssdm name="srcYUV"/></StgValue>
</bind>
</comp>

<comp id="16" class="1000" name="enableInput">
<pin_list>
<pin id="17" dir="1" index="0" bw="1" slack="0"/>
</pin_list>
<bind>
<StgValue><ssdm name="enableInput"/></StgValue>
</bind>
</comp>

<comp id="18" class="1000" name="height">
<pin_list>
<pin id="19" dir="1" index="0" bw="1" slack="0"/>
</pin_list>
<bind>
<StgValue><ssdm name="height"/></StgValue>
</bind>
</comp>

<comp id="20" class="1000" name="width">
<pin_list>
<pin id="21" dir="1" index="0" bw="1" slack="0"/>
</pin_list>
<bind>
<StgValue><ssdm name="width"/></StgValue>
</bind>
</comp>

<comp id="22" class="1000" name="colorFormat">
<pin_list>
<pin id="23" dir="1" index="0" bw="1" slack="0"/>
</pin_list>
<bind>
<StgValue><ssdm name="colorFormat"/></StgValue>
</bind>
</comp>

<comp id="24" class="1001" name="const_24">
<pin_list>
<pin id="25" dir="1" index="0" bw="1" slack="0"/>
</pin_list>
<bind>
<StgValue><ssdm name=""/></StgValue>
</bind>
</comp>

<comp id="26" class="1001" name="const_26">
<pin_list>
<pin id="27" dir="1" index="0" bw="1" slack="0"/>
</pin_list>
<bind>
<StgValue><ssdm name="_ssdm_op_Read.ap_auto.i16P0A"/></StgValue>
</bind>
</comp>

<comp id="28" class="1001" name="const_28">
<pin_list>
<pin id="29" dir="1" index="0" bw="1" slack="0"/>
</pin_list>
<bind>
<StgValue><ssdm name="reg<unsigned short>"/></StgValue>
</bind>
</comp>

<comp id="30" class="1001" name="const_30">
<pin_list>
<pin id="31" dir="1" index="0" bw="1" slack="2147483647"/>
</pin_list>
<bind>
<StgValue><ssdm name="_ssdm_op_SpecAXISSideChannel"/></StgValue>
</bind>
</comp>

<comp id="32" class="1001" name="const_32">
<pin_list>
<pin id="33" dir="1" index="0" bw="1" slack="2147483647"/>
</pin_list>
<bind>
<StgValue><ssdm name="empty_4"/></StgValue>
</bind>
</comp>

<comp id="34" class="1001" name="const_34">
<pin_list>
<pin id="35" dir="1" index="0" bw="1" slack="2147483647"/>
</pin_list>
<bind>
<StgValue><ssdm name="_ssdm_op_SpecStableContent"/></StgValue>
</bind>
</comp>

<comp id="36" class="1001" name="const_36">
<pin_list>
<pin id="37" dir="1" index="0" bw="1" slack="2147483647"/>
</pin_list>
<bind>
<StgValue><ssdm name=""/></StgValue>
</bind>
</comp>

<comp id="38" class="1001" name="const_38">
<pin_list>
<pin id="39" dir="1" index="0" bw="1" slack="2147483647"/>
</pin_list>
<bind>
<StgValue><ssdm name="_ssdm_op_SpecInterface"/></StgValue>
</bind>
</comp>

<comp id="40" class="1001" name="const_40">
<pin_list>
<pin id="41" dir="1" index="0" bw="1" slack="2147483647"/>
</pin_list>
<bind>
<StgValue><ssdm name="empty_11"/></StgValue>
</bind>
</comp>

<comp id="42" class="1001" name="const_42">
<pin_list>
<pin id="43" dir="1" index="0" bw="1" slack="2147483647"/>
</pin_list>
<bind>
<StgValue><ssdm name=""/></StgValue>
</bind>
</comp>

<comp id="44" class="1001" name="const_44">
<pin_list>
<pin id="45" dir="1" index="0" bw="1" slack="2147483647"/>
</pin_list>
<bind>
<StgValue><ssdm name="empty_19"/></StgValue>
</bind>
</comp>

<comp id="46" class="1001" name="const_46">
<pin_list>
<pin id="47" dir="1" index="0" bw="1" slack="2147483647"/>
</pin_list>
<bind>
<StgValue><ssdm name=""/></StgValue>
</bind>
</comp>

<comp id="48" class="1001" name="const_48">
<pin_list>
<pin id="49" dir="1" index="0" bw="1" slack="2147483647"/>
</pin_list>
<bind>
<StgValue><ssdm name="empty_18"/></StgValue>
</bind>
</comp>

<comp id="50" class="1001" name="const_50">
<pin_list>
<pin id="51" dir="1" index="0" bw="1" slack="2147483647"/>
</pin_list>
<bind>
<StgValue><ssdm name="empty_13"/></StgValue>
</bind>
</comp>

<comp id="52" class="1001" name="const_52">
<pin_list>
<pin id="53" dir="1" index="0" bw="1" slack="0"/>
</pin_list>
<bind>
<StgValue><ssdm name="_ssdm_op_Read.ap_auto.i8P0A"/></StgValue>
</bind>
</comp>

<comp id="54" class="1001" name="const_54">
<pin_list>
<pin id="55" dir="1" index="0" bw="1" slack="0"/>
</pin_list>
<bind>
<StgValue><ssdm name=""/></StgValue>
</bind>
</comp>

<comp id="56" class="1001" name="const_56">
<pin_list>
<pin id="57" dir="1" index="0" bw="1" slack="0"/>
</pin_list>
<bind>
<StgValue><ssdm name=""/></StgValue>
</bind>
</comp>

<comp id="58" class="1001" name="const_58">
<pin_list>
<pin id="59" dir="1" index="0" bw="1" slack="2147483647"/>
</pin_list>
<bind>
<StgValue><ssdm name="_ssdm_op_Wait"/></StgValue>
</bind>
</comp>

<comp id="60" class="1001" name="const_60">
<pin_list>
<pin id="61" dir="1" index="0" bw="1" slack="0"/>
</pin_list>
<bind>
<StgValue><ssdm name="AXIvideo2MultiPixStream_Pipeline_loop_wait_for_start"/></StgValue>
</bind>
</comp>

<comp id="62" class="1001" name="const_62">
<pin_list>
<pin id="63" dir="1" index="0" bw="1" slack="0"/>
</pin_list>
<bind>
<StgValue><ssdm name=""/></StgValue>
</bind>
</comp>

<comp id="64" class="1001" name="const_64">
<pin_list>
<pin id="65" dir="1" index="0" bw="1" slack="0"/>
</pin_list>
<bind>
<StgValue><ssdm name=""/></StgValue>
</bind>
</comp>

<comp id="66" class="1001" name="const_66">
<pin_list>
<pin id="67" dir="1" index="0" bw="1" slack="0"/>
</pin_list>
<bind>
<StgValue><ssdm name=""/></StgValue>
</bind>
</comp>

<comp id="68" class="1001" name="const_68">
<pin_list>
<pin id="69" dir="1" index="0" bw="1" slack="2147483647"/>
</pin_list>
<bind>
<StgValue><ssdm name="_ssdm_op_SpecLoopTripCount"/></StgValue>
</bind>
</comp>

<comp id="70" class="1001" name="const_70">
<pin_list>
<pin id="71" dir="1" index="0" bw="1" slack="2147483647"/>
</pin_list>
<bind>
<StgValue><ssdm name=""/></StgValue>
</bind>
</comp>

<comp id="72" class="1001" name="const_72">
<pin_list>
<pin id="73" dir="1" index="0" bw="1" slack="2147483647"/>
</pin_list>
<bind>
<StgValue><ssdm name=""/></StgValue>
</bind>
</comp>

<comp id="74" class="1001" name="const_74">
<pin_list>
<pin id="75" dir="1" index="0" bw="1" slack="0"/>
</pin_list>
<bind>
<StgValue><ssdm name=""/></StgValue>
</bind>
</comp>

<comp id="76" class="1001" name="const_76">
<pin_list>
<pin id="77" dir="1" index="0" bw="1" slack="2147483647"/>
</pin_list>
<bind>
<StgValue><ssdm name="_ssdm_op_SpecLoopName"/></StgValue>
</bind>
</comp>

<comp id="78" class="1001" name="const_78">
<pin_list>
<pin id="79" dir="1" index="0" bw="1" slack="2147483647"/>
</pin_list>
<bind>
<StgValue><ssdm name="empty_25"/></StgValue>
</bind>
</comp>

<comp id="80" class="1001" name="const_80">
<pin_list>
<pin id="81" dir="1" index="0" bw="1" slack="0"/>
</pin_list>
<bind>
<StgValue><ssdm name="AXIvideo2MultiPixStream_Pipeline_loop_width"/></StgValue>
</bind>
</comp>

<comp id="82" class="1001" name="const_82">
<pin_list>
<pin id="83" dir="1" index="0" bw="1" slack="0"/>
</pin_list>
<bind>
<StgValue><ssdm name=""/></StgValue>
</bind>
</comp>

<comp id="84" class="1001" name="const_84">
<pin_list>
<pin id="85" dir="1" index="0" bw="1" slack="0"/>
</pin_list>
<bind>
<StgValue><ssdm name="AXIvideo2MultiPixStream_Pipeline_loop_wait_for_eol"/></StgValue>
</bind>
</comp>

<comp id="86" class="1004" name="axi_last_V_4_loc_fu_86">
<pin_list>
<pin id="87" dir="0" index="0" bw="1" slack="0"/>
<pin id="88" dir="1" index="1" bw="1" slack="7"/>
</pin_list>
<bind>
<opcode="alloca(26) " fcode="alloca"/>
<opset="axi_last_V_4_loc/1 "/>
</bind>
</comp>

<comp id="90" class="1004" name="axi_data_V_6_loc_fu_90">
<pin_list>
<pin id="91" dir="0" index="0" bw="1" slack="0"/>
<pin id="92" dir="1" index="1" bw="24" slack="4"/>
</pin_list>
<bind>
<opcode="alloca(26) " fcode="alloca"/>
<opset="axi_data_V_6_loc/1 "/>
</bind>
</comp>

<comp id="94" class="1004" name="eol_loc_fu_94">
<pin_list>
<pin id="95" dir="0" index="0" bw="1" slack="0"/>
<pin id="96" dir="1" index="1" bw="1" slack="4"/>
</pin_list>
<bind>
<opcode="alloca(26) " fcode="alloca"/>
<opset="eol_loc/1 "/>
</bind>
</comp>

<comp id="98" class="1004" name="axi_last_V_loc_fu_98">
<pin_list>
<pin id="99" dir="0" index="0" bw="1" slack="0"/>
<pin id="100" dir="1" index="1" bw="1" slack="1"/>
</pin_list>
<bind>
<opcode="alloca(26) " fcode="alloca"/>
<opset="axi_last_V_loc/1 "/>
</bind>
</comp>

<comp id="102" class="1004" name="i_fu_102">
<pin_list>
<pin id="103" dir="0" index="0" bw="1" slack="0"/>
<pin id="104" dir="1" index="1" bw="10" slack="0"/>
</pin_list>
<bind>
<opcode="alloca(26) " fcode="alloca"/>
<opset="i/2 "/>
</bind>
</comp>

<comp id="106" class="1004" name="axi_data_V_5_fu_106">
<pin_list>
<pin id="107" dir="0" index="0" bw="1" slack="0"/>
<pin id="108" dir="1" index="1" bw="24" slack="0"/>
</pin_list>
<bind>
<opcode="alloca(26) " fcode="alloca"/>
<opset="axi_data_V_5/2 "/>
</bind>
</comp>

<comp id="110" class="1004" name="sof_fu_110">
<pin_list>
<pin id="111" dir="0" index="0" bw="1" slack="0"/>
<pin id="112" dir="1" index="1" bw="1" slack="0"/>
</pin_list>
<bind>
<opcode="alloca(26) " fcode="alloca"/>
<opset="sof/2 "/>
</bind>
</comp>

<comp id="114" class="1004" name="height_read_read_fu_114">
<pin_list>
<pin id="115" dir="0" index="0" bw="16" slack="0"/>
<pin id="116" dir="0" index="1" bw="16" slack="0"/>
<pin id="117" dir="1" index="2" bw="16" slack="0"/>
</pin_list>
<bind>
<opcode="read(1150) " fcode="read"/>
<opset="height_read/1 "/>
</bind>
</comp>

<comp id="120" class="1004" name="width_read_read_fu_120">
<pin_list>
<pin id="121" dir="0" index="0" bw="16" slack="0"/>
<pin id="122" dir="0" index="1" bw="16" slack="0"/>
<pin id="123" dir="1" index="2" bw="16" slack="0"/>
</pin_list>
<bind>
<opcode="read(1150) " fcode="read"/>
<opset="width_read/1 "/>
</bind>
</comp>

<comp id="126" class="1004" name="enableInput_read_read_fu_126">
<pin_list>
<pin id="127" dir="0" index="0" bw="8" slack="0"/>
<pin id="128" dir="0" index="1" bw="8" slack="0"/>
<pin id="129" dir="1" index="2" bw="8" slack="0"/>
</pin_list>
<bind>
<opcode="read(1150) " fcode="read"/>
<opset="enableInput_read/2 "/>
</bind>
</comp>

<comp id="132" class="1004" name="colorFormat_read_read_fu_132">
<pin_list>
<pin id="133" dir="0" index="0" bw="8" slack="0"/>
<pin id="134" dir="0" index="1" bw="8" slack="0"/>
<pin id="135" dir="1" index="2" bw="8" slack="0"/>
</pin_list>
<bind>
<opcode="read(1150) " fcode="read"/>
<opset="colorFormat_read/4 "/>
</bind>
</comp>

<comp id="138" class="1005" name="axi_last_V_2_reg_138">
<pin_list>
<pin id="139" dir="0" index="0" bw="1" slack="1"/>
<pin id="140" dir="1" index="1" bw="1" slack="3"/>
</pin_list>
<bind>
<opset="axi_last_V_2 (phireg) "/>
</bind>
</comp>

<comp id="141" class="1004" name="axi_last_V_2_phi_fu_141">
<pin_list>
<pin id="142" dir="0" index="0" bw="1" slack="2147483647"/>
<pin id="143" dir="0" index="1" bw="0" slack="2147483647"/>
<pin id="144" dir="0" index="2" bw="1" slack="2147483647"/>
<pin id="145" dir="0" index="3" bw="0" slack="2147483647"/>
<pin id="146" dir="1" index="4" bw="1" slack="0"/>
</pin_list>
<bind>
<opcode="phi(47) " fcode="phi"/>
<opset="axi_last_V_2/5 "/>
</bind>
</comp>

<comp id="148" class="1005" name="axi_data_2_lcssa_reg_148">
<pin_list>
<pin id="149" dir="0" index="0" bw="24" slack="1"/>
<pin id="150" dir="1" index="1" bw="24" slack="2147483647"/>
</pin_list>
<bind>
<opset="axi_data_2_lcssa (phireg) "/>
</bind>
</comp>

<comp id="151" class="1004" name="axi_data_2_lcssa_phi_fu_151">
<pin_list>
<pin id="152" dir="0" index="0" bw="24" slack="2147483647"/>
<pin id="153" dir="0" index="1" bw="0" slack="2147483647"/>
<pin id="154" dir="0" index="2" bw="24" slack="2147483647"/>
<pin id="155" dir="0" index="3" bw="0" slack="2147483647"/>
<pin id="156" dir="1" index="4" bw="24" slack="0"/>
</pin_list>
<bind>
<opcode="phi(47) " fcode="phi"/>
<opset="axi_data_2_lcssa/8 "/>
</bind>
</comp>

<comp id="158" class="1005" name="axi_last_2_lcssa_reg_158">
<pin_list>
<pin id="159" dir="0" index="0" bw="1" slack="1"/>
<pin id="160" dir="1" index="1" bw="1" slack="2147483647"/>
</pin_list>
<bind>
<opset="axi_last_2_lcssa (phireg) "/>
</bind>
</comp>

<comp id="161" class="1004" name="axi_last_2_lcssa_phi_fu_161">
<pin_list>
<pin id="162" dir="0" index="0" bw="1" slack="2147483647"/>
<pin id="163" dir="0" index="1" bw="0" slack="2147483647"/>
<pin id="164" dir="0" index="2" bw="1" slack="3"/>
<pin id="165" dir="0" index="3" bw="0" slack="2147483647"/>
<pin id="166" dir="1" index="4" bw="1" slack="0"/>
</pin_list>
<bind>
<opcode="phi(47) " fcode="phi"/>
<opset="axi_last_2_lcssa/8 "/>
</bind>
</comp>

<comp id="169" class="1005" name="eol_0_lcssa_reg_169">
<pin_list>
<pin id="170" dir="0" index="0" bw="1" slack="1"/>
<pin id="171" dir="1" index="1" bw="1" slack="3"/>
</pin_list>
<bind>
<opset="eol_0_lcssa (phireg) "/>
</bind>
</comp>

<comp id="173" class="1004" name="eol_0_lcssa_phi_fu_173">
<pin_list>
<pin id="174" dir="0" index="0" bw="1" slack="2147483647"/>
<pin id="175" dir="0" index="1" bw="0" slack="2147483647"/>
<pin id="176" dir="0" index="2" bw="1" slack="3"/>
<pin id="177" dir="0" index="3" bw="0" slack="2147483647"/>
<pin id="178" dir="1" index="4" bw="1" slack="0"/>
</pin_list>
<bind>
<opcode="phi(47) " fcode="phi"/>
<opset="eol_0_lcssa/8 "/>
</bind>
</comp>

<comp id="181" class="1004" name="grp_AXIvideo2MultiPixStream_Pipeline_loop_wait_for_start_fu_181">
<pin_list>
<pin id="182" dir="0" index="0" bw="0" slack="0"/>
<pin id="183" dir="0" index="1" bw="24" slack="0"/>
<pin id="184" dir="0" index="2" bw="3" slack="0"/>
<pin id="185" dir="0" index="3" bw="3" slack="0"/>
<pin id="186" dir="0" index="4" bw="1" slack="0"/>
<pin id="187" dir="0" index="5" bw="1" slack="0"/>
<pin id="188" dir="0" index="6" bw="1" slack="0"/>
<pin id="189" dir="0" index="7" bw="1" slack="0"/>
<pin id="190" dir="0" index="8" bw="24" slack="0"/>
<pin id="191" dir="0" index="9" bw="1" slack="1"/>
<pin id="192" dir="1" index="10" bw="0" slack="2147483647"/>
</pin_list>
<bind>
<opcode="call(48) " fcode="call"/>
<opset="call_ln0/2 "/>
</bind>
</comp>

<comp id="201" class="1004" name="grp_AXIvideo2MultiPixStream_Pipeline_loop_width_fu_201">
<pin_list>
<pin id="202" dir="0" index="0" bw="0" slack="0"/>
<pin id="203" dir="0" index="1" bw="1" slack="0"/>
<pin id="204" dir="0" index="2" bw="1" slack="0"/>
<pin id="205" dir="0" index="3" bw="24" slack="0"/>
<pin id="206" dir="0" index="4" bw="11" slack="3"/>
<pin id="207" dir="0" index="5" bw="1" slack="1"/>
<pin id="208" dir="0" index="6" bw="24" slack="0"/>
<pin id="209" dir="0" index="7" bw="24" slack="0"/>
<pin id="210" dir="0" index="8" bw="3" slack="0"/>
<pin id="211" dir="0" index="9" bw="3" slack="0"/>
<pin id="212" dir="0" index="10" bw="1" slack="0"/>
<pin id="213" dir="0" index="11" bw="1" slack="0"/>
<pin id="214" dir="0" index="12" bw="1" slack="0"/>
<pin id="215" dir="0" index="13" bw="1" slack="0"/>
<pin id="216" dir="0" index="14" bw="1" slack="4"/>
<pin id="217" dir="0" index="15" bw="24" slack="4"/>
<pin id="218" dir="1" index="16" bw="0" slack="2147483647"/>
</pin_list>
<bind>
<opcode="call(48) " fcode="call"/>
<opset="call_ln783/5 "/>
</bind>
</comp>

<comp id="229" class="1004" name="grp_AXIvideo2MultiPixStream_Pipeline_loop_wait_for_eol_fu_229">
<pin_list>
<pin id="230" dir="0" index="0" bw="0" slack="0"/>
<pin id="231" dir="0" index="1" bw="24" slack="0"/>
<pin id="232" dir="0" index="2" bw="1" slack="0"/>
<pin id="233" dir="0" index="3" bw="1" slack="0"/>
<pin id="234" dir="0" index="4" bw="24" slack="0"/>
<pin id="235" dir="0" index="5" bw="3" slack="0"/>
<pin id="236" dir="0" index="6" bw="3" slack="0"/>
<pin id="237" dir="0" index="7" bw="1" slack="0"/>
<pin id="238" dir="0" index="8" bw="1" slack="0"/>
<pin id="239" dir="0" index="9" bw="1" slack="0"/>
<pin id="240" dir="0" index="10" bw="1" slack="0"/>
<pin id="241" dir="0" index="11" bw="24" slack="6"/>
<pin id="242" dir="0" index="12" bw="1" slack="7"/>
<pin id="243" dir="1" index="13" bw="0" slack="2147483647"/>
</pin_list>
<bind>
<opcode="call(48) " fcode="call"/>
<opset="call_ln0/8 "/>
</bind>
</comp>

<comp id="255" class="1004" name="grp_reg_unsigned_short_s_fu_255">
<pin_list>
<pin id="256" dir="0" index="0" bw="16" slack="0"/>
<pin id="257" dir="0" index="1" bw="16" slack="0"/>
<pin id="258" dir="1" index="2" bw="16" slack="0"/>
</pin_list>
<bind>
<opcode="call(48) " fcode="call"/>
<opset="rows/1 "/>
</bind>
</comp>

<comp id="261" class="1004" name="grp_reg_unsigned_short_s_fu_261">
<pin_list>
<pin id="262" dir="0" index="0" bw="16" slack="0"/>
<pin id="263" dir="0" index="1" bw="16" slack="0"/>
<pin id="264" dir="1" index="2" bw="16" slack="0"/>
</pin_list>
<bind>
<opcode="call(48) " fcode="call"/>
<opset="cols/1 "/>
</bind>
</comp>

<comp id="267" class="1004" name="trunc_ln782_fu_267">
<pin_list>
<pin id="268" dir="0" index="0" bw="16" slack="0"/>
<pin id="269" dir="1" index="1" bw="10" slack="3"/>
</pin_list>
<bind>
<opcode="trunc(33) " fcode="trunc"/>
<opset="trunc_ln782/2 "/>
</bind>
</comp>

<comp id="271" class="1004" name="empty_fu_271">
<pin_list>
<pin id="272" dir="0" index="0" bw="16" slack="0"/>
<pin id="273" dir="1" index="1" bw="11" slack="2"/>
</pin_list>
<bind>
<opcode="trunc(33) " fcode="trunc"/>
<opset="empty/2 "/>
</bind>
</comp>

<comp id="275" class="1004" name="icmp_ln789_fu_275">
<pin_list>
<pin id="276" dir="0" index="0" bw="8" slack="0"/>
<pin id="277" dir="0" index="1" bw="8" slack="0"/>
<pin id="278" dir="1" index="2" bw="1" slack="3"/>
</pin_list>
<bind>
<opcode="icmp(45) " fcode="icmp"/>
<opset="icmp_ln789/2 "/>
</bind>
</comp>

<comp id="281" class="1004" name="store_ln800_store_fu_281">
<pin_list>
<pin id="282" dir="0" index="0" bw="1" slack="0"/>
<pin id="283" dir="0" index="1" bw="1" slack="0"/>
<pin id="284" dir="1" index="2" bw="0" slack="2147483647"/>
</pin_list>
<bind>
<opcode="store(28) " fcode="store"/>
<opset="store_ln800/2 "/>
</bind>
</comp>

<comp id="286" class="1004" name="store_ln800_store_fu_286">
<pin_list>
<pin id="287" dir="0" index="0" bw="1" slack="0"/>
<pin id="288" dir="0" index="1" bw="10" slack="0"/>
<pin id="289" dir="1" index="2" bw="0" slack="2147483647"/>
</pin_list>
<bind>
<opcode="store(28) " fcode="store"/>
<opset="store_ln800/2 "/>
</bind>
</comp>

<comp id="291" class="1004" name="axi_last_V_loc_load_load_fu_291">
<pin_list>
<pin id="292" dir="0" index="0" bw="1" slack="3"/>
<pin id="293" dir="1" index="1" bw="1" slack="2147483647"/>
</pin_list>
<bind>
<opcode="load(27) " fcode="load"/>
<opset="axi_last_V_loc_load/4 "/>
</bind>
</comp>

<comp id="294" class="1004" name="cmp9451_fu_294">
<pin_list>
<pin id="295" dir="0" index="0" bw="11" slack="2"/>
<pin id="296" dir="0" index="1" bw="11" slack="0"/>
<pin id="297" dir="1" index="2" bw="1" slack="1"/>
</pin_list>
<bind>
<opcode="icmp(45) " fcode="icmp"/>
<opset="cmp9451/4 "/>
</bind>
</comp>

<comp id="299" class="1004" name="cond_fu_299">
<pin_list>
<pin id="300" dir="0" index="0" bw="8" slack="0"/>
<pin id="301" dir="0" index="1" bw="8" slack="0"/>
<pin id="302" dir="1" index="2" bw="1" slack="1"/>
</pin_list>
<bind>
<opcode="icmp(45) " fcode="icmp"/>
<opset="cond/4 "/>
</bind>
</comp>

<comp id="305" class="1004" name="i_3_load_fu_305">
<pin_list>
<pin id="306" dir="0" index="0" bw="10" slack="3"/>
<pin id="307" dir="1" index="1" bw="10" slack="0"/>
</pin_list>
<bind>
<opcode="load(27) " fcode="load"/>
<opset="i_3/5 "/>
</bind>
</comp>

<comp id="308" class="1004" name="axi_data_V_load_fu_308">
<pin_list>
<pin id="309" dir="0" index="0" bw="24" slack="3"/>
<pin id="310" dir="1" index="1" bw="24" slack="0"/>
</pin_list>
<bind>
<opcode="load(27) " fcode="load"/>
<opset="axi_data_V/5 "/>
</bind>
</comp>

<comp id="312" class="1004" name="icmp_ln800_fu_312">
<pin_list>
<pin id="313" dir="0" index="0" bw="10" slack="0"/>
<pin id="314" dir="0" index="1" bw="10" slack="3"/>
<pin id="315" dir="1" index="2" bw="1" slack="2147483647"/>
</pin_list>
<bind>
<opcode="icmp(45) " fcode="icmp"/>
<opset="icmp_ln800/5 "/>
</bind>
</comp>

<comp id="317" class="1004" name="i_4_fu_317">
<pin_list>
<pin id="318" dir="0" index="0" bw="10" slack="0"/>
<pin id="319" dir="0" index="1" bw="1" slack="0"/>
<pin id="320" dir="1" index="2" bw="10" slack="2"/>
</pin_list>
<bind>
<opcode="add(8) " fcode="add"/>
<opset="i_4/5 "/>
</bind>
</comp>

<comp id="323" class="1004" name="sof_load_load_fu_323">
<pin_list>
<pin id="324" dir="0" index="0" bw="1" slack="3"/>
<pin id="325" dir="1" index="1" bw="1" slack="0"/>
</pin_list>
<bind>
<opcode="load(27) " fcode="load"/>
<opset="sof_load/5 "/>
</bind>
</comp>

<comp id="327" class="1004" name="eol_loc_load_load_fu_327">
<pin_list>
<pin id="328" dir="0" index="0" bw="1" slack="6"/>
<pin id="329" dir="1" index="1" bw="1" slack="2147483647"/>
</pin_list>
<bind>
<opcode="load(27) " fcode="load"/>
<opset="eol_loc_load/7 "/>
</bind>
</comp>

<comp id="330" class="1004" name="axi_data_V_6_loc_load_load_fu_330">
<pin_list>
<pin id="331" dir="0" index="0" bw="24" slack="6"/>
<pin id="332" dir="1" index="1" bw="24" slack="2147483647"/>
</pin_list>
<bind>
<opcode="load(27) " fcode="load"/>
<opset="axi_data_V_6_loc_load/7 "/>
</bind>
</comp>

<comp id="333" class="1004" name="store_ln0_store_fu_333">
<pin_list>
<pin id="334" dir="0" index="0" bw="1" slack="0"/>
<pin id="335" dir="0" index="1" bw="1" slack="5"/>
<pin id="336" dir="1" index="2" bw="0" slack="2147483647"/>
</pin_list>
<bind>
<opcode="store(28) " fcode="store"/>
<opset="store_ln0/7 "/>
</bind>
</comp>

<comp id="338" class="1004" name="store_ln800_store_fu_338">
<pin_list>
<pin id="339" dir="0" index="0" bw="10" slack="2"/>
<pin id="340" dir="0" index="1" bw="10" slack="5"/>
<pin id="341" dir="1" index="2" bw="0" slack="2147483647"/>
</pin_list>
<bind>
<opcode="store(28) " fcode="store"/>
<opset="store_ln800/7 "/>
</bind>
</comp>

<comp id="342" class="1004" name="axi_last_V_4_loc_load_load_fu_342">
<pin_list>
<pin id="343" dir="0" index="0" bw="1" slack="9"/>
<pin id="344" dir="1" index="1" bw="1" slack="2147483647"/>
</pin_list>
<bind>
<opcode="load(27) " fcode="load"/>
<opset="axi_last_V_4_loc_load/10 "/>
</bind>
</comp>

<comp id="345" class="1005" name="axi_last_V_4_loc_reg_345">
<pin_list>
<pin id="346" dir="0" index="0" bw="1" slack="7"/>
<pin id="347" dir="1" index="1" bw="1" slack="7"/>
</pin_list>
<bind>
<opset="axi_last_V_4_loc "/>
</bind>
</comp>

<comp id="351" class="1005" name="axi_data_V_6_loc_reg_351">
<pin_list>
<pin id="352" dir="0" index="0" bw="24" slack="4"/>
<pin id="353" dir="1" index="1" bw="24" slack="4"/>
</pin_list>
<bind>
<opset="axi_data_V_6_loc "/>
</bind>
</comp>

<comp id="357" class="1005" name="eol_loc_reg_357">
<pin_list>
<pin id="358" dir="0" index="0" bw="1" slack="4"/>
<pin id="359" dir="1" index="1" bw="1" slack="4"/>
</pin_list>
<bind>
<opset="eol_loc "/>
</bind>
</comp>

<comp id="363" class="1005" name="axi_last_V_loc_reg_363">
<pin_list>
<pin id="364" dir="0" index="0" bw="1" slack="1"/>
<pin id="365" dir="1" index="1" bw="1" slack="1"/>
</pin_list>
<bind>
<opset="axi_last_V_loc "/>
</bind>
</comp>

<comp id="369" class="1005" name="trunc_ln782_reg_369">
<pin_list>
<pin id="370" dir="0" index="0" bw="10" slack="3"/>
<pin id="371" dir="1" index="1" bw="10" slack="3"/>
</pin_list>
<bind>
<opset="trunc_ln782 "/>
</bind>
</comp>

<comp id="374" class="1005" name="empty_reg_374">
<pin_list>
<pin id="375" dir="0" index="0" bw="11" slack="2"/>
<pin id="376" dir="1" index="1" bw="11" slack="2"/>
</pin_list>
<bind>
<opset="empty "/>
</bind>
</comp>

<comp id="380" class="1005" name="icmp_ln789_reg_380">
<pin_list>
<pin id="381" dir="0" index="0" bw="1" slack="3"/>
<pin id="382" dir="1" index="1" bw="1" slack="2147483647"/>
</pin_list>
<bind>
<opset="icmp_ln789 "/>
</bind>
</comp>

<comp id="384" class="1005" name="i_reg_384">
<pin_list>
<pin id="385" dir="0" index="0" bw="10" slack="0"/>
<pin id="386" dir="1" index="1" bw="10" slack="0"/>
</pin_list>
<bind>
<opset="i "/>
</bind>
</comp>

<comp id="391" class="1005" name="axi_data_V_5_reg_391">
<pin_list>
<pin id="392" dir="0" index="0" bw="24" slack="0"/>
<pin id="393" dir="1" index="1" bw="24" slack="0"/>
</pin_list>
<bind>
<opset="axi_data_V_5 "/>
</bind>
</comp>

<comp id="398" class="1005" name="sof_reg_398">
<pin_list>
<pin id="399" dir="0" index="0" bw="1" slack="0"/>
<pin id="400" dir="1" index="1" bw="1" slack="0"/>
</pin_list>
<bind>
<opset="sof "/>
</bind>
</comp>

<comp id="408" class="1005" name="cmp9451_reg_408">
<pin_list>
<pin id="409" dir="0" index="0" bw="1" slack="1"/>
<pin id="410" dir="1" index="1" bw="1" slack="2147483647"/>
</pin_list>
<bind>
<opset="cmp9451 "/>
</bind>
</comp>

<comp id="412" class="1005" name="cond_reg_412">
<pin_list>
<pin id="413" dir="0" index="0" bw="1" slack="1"/>
<pin id="414" dir="1" index="1" bw="1" slack="1"/>
</pin_list>
<bind>
<opset="cond "/>
</bind>
</comp>

<comp id="423" class="1005" name="i_4_reg_423">
<pin_list>
<pin id="424" dir="0" index="0" bw="10" slack="2"/>
<pin id="425" dir="1" index="1" bw="10" slack="2"/>
</pin_list>
<bind>
<opset="i_4 "/>
</bind>
</comp>

</comp_list>

<net_list>
<net id="89"><net_src comp="24" pin="0"/><net_sink comp="86" pin=0"/></net>

<net id="93"><net_src comp="24" pin="0"/><net_sink comp="90" pin=0"/></net>

<net id="97"><net_src comp="24" pin="0"/><net_sink comp="94" pin=0"/></net>

<net id="101"><net_src comp="24" pin="0"/><net_sink comp="98" pin=0"/></net>

<net id="105"><net_src comp="56" pin="0"/><net_sink comp="102" pin=0"/></net>

<net id="109"><net_src comp="56" pin="0"/><net_sink comp="106" pin=0"/></net>

<net id="113"><net_src comp="56" pin="0"/><net_sink comp="110" pin=0"/></net>

<net id="118"><net_src comp="26" pin="0"/><net_sink comp="114" pin=0"/></net>

<net id="119"><net_src comp="18" pin="0"/><net_sink comp="114" pin=1"/></net>

<net id="124"><net_src comp="26" pin="0"/><net_sink comp="120" pin=0"/></net>

<net id="125"><net_src comp="20" pin="0"/><net_sink comp="120" pin=1"/></net>

<net id="130"><net_src comp="52" pin="0"/><net_sink comp="126" pin=0"/></net>

<net id="131"><net_src comp="16" pin="0"/><net_sink comp="126" pin=1"/></net>

<net id="136"><net_src comp="52" pin="0"/><net_sink comp="132" pin=0"/></net>

<net id="137"><net_src comp="22" pin="0"/><net_sink comp="132" pin=1"/></net>

<net id="147"><net_src comp="141" pin="4"/><net_sink comp="138" pin=0"/></net>

<net id="157"><net_src comp="151" pin="4"/><net_sink comp="148" pin=0"/></net>

<net id="167"><net_src comp="138" pin="1"/><net_sink comp="161" pin=2"/></net>

<net id="168"><net_src comp="161" pin="4"/><net_sink comp="158" pin=0"/></net>

<net id="172"><net_src comp="82" pin="0"/><net_sink comp="169" pin=0"/></net>

<net id="179"><net_src comp="169" pin="1"/><net_sink comp="173" pin=2"/></net>

<net id="180"><net_src comp="173" pin="4"/><net_sink comp="169" pin=0"/></net>

<net id="193"><net_src comp="60" pin="0"/><net_sink comp="181" pin=0"/></net>

<net id="194"><net_src comp="0" pin="0"/><net_sink comp="181" pin=1"/></net>

<net id="195"><net_src comp="2" pin="0"/><net_sink comp="181" pin=2"/></net>

<net id="196"><net_src comp="4" pin="0"/><net_sink comp="181" pin=3"/></net>

<net id="197"><net_src comp="6" pin="0"/><net_sink comp="181" pin=4"/></net>

<net id="198"><net_src comp="8" pin="0"/><net_sink comp="181" pin=5"/></net>

<net id="199"><net_src comp="10" pin="0"/><net_sink comp="181" pin=6"/></net>

<net id="200"><net_src comp="12" pin="0"/><net_sink comp="181" pin=7"/></net>

<net id="219"><net_src comp="80" pin="0"/><net_sink comp="201" pin=0"/></net>

<net id="220"><net_src comp="141" pin="4"/><net_sink comp="201" pin=2"/></net>

<net id="221"><net_src comp="14" pin="0"/><net_sink comp="201" pin=6"/></net>

<net id="222"><net_src comp="0" pin="0"/><net_sink comp="201" pin=7"/></net>

<net id="223"><net_src comp="2" pin="0"/><net_sink comp="201" pin=8"/></net>

<net id="224"><net_src comp="4" pin="0"/><net_sink comp="201" pin=9"/></net>

<net id="225"><net_src comp="6" pin="0"/><net_sink comp="201" pin=10"/></net>

<net id="226"><net_src comp="8" pin="0"/><net_sink comp="201" pin=11"/></net>

<net id="227"><net_src comp="10" pin="0"/><net_sink comp="201" pin=12"/></net>

<net id="228"><net_src comp="12" pin="0"/><net_sink comp="201" pin=13"/></net>

<net id="244"><net_src comp="84" pin="0"/><net_sink comp="229" pin=0"/></net>

<net id="245"><net_src comp="151" pin="4"/><net_sink comp="229" pin=1"/></net>

<net id="246"><net_src comp="161" pin="4"/><net_sink comp="229" pin=2"/></net>

<net id="247"><net_src comp="173" pin="4"/><net_sink comp="229" pin=3"/></net>

<net id="248"><net_src comp="0" pin="0"/><net_sink comp="229" pin=4"/></net>

<net id="249"><net_src comp="2" pin="0"/><net_sink comp="229" pin=5"/></net>

<net id="250"><net_src comp="4" pin="0"/><net_sink comp="229" pin=6"/></net>

<net id="251"><net_src comp="6" pin="0"/><net_sink comp="229" pin=7"/></net>

<net id="252"><net_src comp="8" pin="0"/><net_sink comp="229" pin=8"/></net>

<net id="253"><net_src comp="10" pin="0"/><net_sink comp="229" pin=9"/></net>

<net id="254"><net_src comp="12" pin="0"/><net_sink comp="229" pin=10"/></net>

<net id="259"><net_src comp="28" pin="0"/><net_sink comp="255" pin=0"/></net>

<net id="260"><net_src comp="114" pin="2"/><net_sink comp="255" pin=1"/></net>

<net id="265"><net_src comp="28" pin="0"/><net_sink comp="261" pin=0"/></net>

<net id="266"><net_src comp="120" pin="2"/><net_sink comp="261" pin=1"/></net>

<net id="270"><net_src comp="255" pin="2"/><net_sink comp="267" pin=0"/></net>

<net id="274"><net_src comp="261" pin="2"/><net_sink comp="271" pin=0"/></net>

<net id="279"><net_src comp="126" pin="2"/><net_sink comp="275" pin=0"/></net>

<net id="280"><net_src comp="54" pin="0"/><net_sink comp="275" pin=1"/></net>

<net id="285"><net_src comp="62" pin="0"/><net_sink comp="281" pin=0"/></net>

<net id="290"><net_src comp="64" pin="0"/><net_sink comp="286" pin=0"/></net>

<net id="298"><net_src comp="66" pin="0"/><net_sink comp="294" pin=1"/></net>

<net id="303"><net_src comp="132" pin="2"/><net_sink comp="299" pin=0"/></net>

<net id="304"><net_src comp="54" pin="0"/><net_sink comp="299" pin=1"/></net>

<net id="311"><net_src comp="308" pin="1"/><net_sink comp="201" pin=3"/></net>

<net id="316"><net_src comp="305" pin="1"/><net_sink comp="312" pin=0"/></net>

<net id="321"><net_src comp="305" pin="1"/><net_sink comp="317" pin=0"/></net>

<net id="322"><net_src comp="74" pin="0"/><net_sink comp="317" pin=1"/></net>

<net id="326"><net_src comp="323" pin="1"/><net_sink comp="201" pin=1"/></net>

<net id="337"><net_src comp="82" pin="0"/><net_sink comp="333" pin=0"/></net>

<net id="348"><net_src comp="86" pin="1"/><net_sink comp="345" pin=0"/></net>

<net id="349"><net_src comp="345" pin="1"/><net_sink comp="229" pin=12"/></net>

<net id="350"><net_src comp="345" pin="1"/><net_sink comp="342" pin=0"/></net>

<net id="354"><net_src comp="90" pin="1"/><net_sink comp="351" pin=0"/></net>

<net id="355"><net_src comp="351" pin="1"/><net_sink comp="201" pin=15"/></net>

<net id="356"><net_src comp="351" pin="1"/><net_sink comp="330" pin=0"/></net>

<net id="360"><net_src comp="94" pin="1"/><net_sink comp="357" pin=0"/></net>

<net id="361"><net_src comp="357" pin="1"/><net_sink comp="201" pin=14"/></net>

<net id="362"><net_src comp="357" pin="1"/><net_sink comp="327" pin=0"/></net>

<net id="366"><net_src comp="98" pin="1"/><net_sink comp="363" pin=0"/></net>

<net id="367"><net_src comp="363" pin="1"/><net_sink comp="181" pin=9"/></net>

<net id="368"><net_src comp="363" pin="1"/><net_sink comp="291" pin=0"/></net>

<net id="372"><net_src comp="267" pin="1"/><net_sink comp="369" pin=0"/></net>

<net id="373"><net_src comp="369" pin="1"/><net_sink comp="312" pin=1"/></net>

<net id="377"><net_src comp="271" pin="1"/><net_sink comp="374" pin=0"/></net>

<net id="378"><net_src comp="374" pin="1"/><net_sink comp="294" pin=0"/></net>

<net id="379"><net_src comp="374" pin="1"/><net_sink comp="201" pin=4"/></net>

<net id="383"><net_src comp="275" pin="2"/><net_sink comp="380" pin=0"/></net>

<net id="387"><net_src comp="102" pin="1"/><net_sink comp="384" pin=0"/></net>

<net id="388"><net_src comp="384" pin="1"/><net_sink comp="286" pin=1"/></net>

<net id="389"><net_src comp="384" pin="1"/><net_sink comp="305" pin=0"/></net>

<net id="390"><net_src comp="384" pin="1"/><net_sink comp="338" pin=1"/></net>

<net id="394"><net_src comp="106" pin="1"/><net_sink comp="391" pin=0"/></net>

<net id="395"><net_src comp="391" pin="1"/><net_sink comp="181" pin=8"/></net>

<net id="396"><net_src comp="391" pin="1"/><net_sink comp="308" pin=0"/></net>

<net id="397"><net_src comp="391" pin="1"/><net_sink comp="229" pin=11"/></net>

<net id="401"><net_src comp="110" pin="1"/><net_sink comp="398" pin=0"/></net>

<net id="402"><net_src comp="398" pin="1"/><net_sink comp="281" pin=1"/></net>

<net id="403"><net_src comp="398" pin="1"/><net_sink comp="323" pin=0"/></net>

<net id="404"><net_src comp="398" pin="1"/><net_sink comp="333" pin=1"/></net>

<net id="411"><net_src comp="294" pin="2"/><net_sink comp="408" pin=0"/></net>

<net id="415"><net_src comp="299" pin="2"/><net_sink comp="412" pin=0"/></net>

<net id="416"><net_src comp="412" pin="1"/><net_sink comp="201" pin=5"/></net>

<net id="426"><net_src comp="317" pin="2"/><net_sink comp="423" pin=0"/></net>

<net id="427"><net_src comp="423" pin="1"/><net_sink comp="338" pin=0"/></net>

</net_list>

</model> 
---------------- Datapath Model END ------------------

* FSMD analyzer results:
  - Output states:
	Port: s_axis_video_V_data_V | {}
	Port: s_axis_video_V_keep_V | {}
	Port: s_axis_video_V_strb_V | {}
	Port: s_axis_video_V_user_V | {}
	Port: s_axis_video_V_last_V | {}
	Port: s_axis_video_V_id_V | {}
	Port: s_axis_video_V_dest_V | {}
	Port: srcYUV | {5 6 }
	Port: enableInput | {}
	Port: height | {}
	Port: width | {}
	Port: colorFormat | {}
 - Input state : 
	Port: AXIvideo2MultiPixStream : s_axis_video_V_data_V | {2 3 5 6 8 9 }
	Port: AXIvideo2MultiPixStream : s_axis_video_V_keep_V | {2 3 5 6 8 9 }
	Port: AXIvideo2MultiPixStream : s_axis_video_V_strb_V | {2 3 5 6 8 9 }
	Port: AXIvideo2MultiPixStream : s_axis_video_V_user_V | {2 3 5 6 8 9 }
	Port: AXIvideo2MultiPixStream : s_axis_video_V_last_V | {2 3 5 6 8 9 }
	Port: AXIvideo2MultiPixStream : s_axis_video_V_id_V | {2 3 5 6 8 9 }
	Port: AXIvideo2MultiPixStream : s_axis_video_V_dest_V | {2 3 5 6 8 9 }
	Port: AXIvideo2MultiPixStream : enableInput | {2 }
	Port: AXIvideo2MultiPixStream : height | {1 }
	Port: AXIvideo2MultiPixStream : width | {1 }
	Port: AXIvideo2MultiPixStream : colorFormat | {4 }
  - Chain level:
	State 1
	State 2
		trunc_ln782 : 1
		empty : 1
		br_ln789 : 1
		call_ln0 : 1
		store_ln800 : 1
		store_ln800 : 1
	State 3
	State 4
	State 5
		icmp_ln800 : 1
		i_4 : 1
		br_ln800 : 2
		call_ln783 : 1
	State 6
	State 7
	State 8
		call_ln0 : 1
	State 9
	State 10


============================================================
+ Verbose Summary: Datapath Resource usage 
============================================================

* Functional unit list:
|----------|-----------------------------------------------------------------|---------|---------|
| Operation|                         Functional Unit                         |    FF   |   LUT   |
|----------|-----------------------------------------------------------------|---------|---------|
|          | grp_AXIvideo2MultiPixStream_Pipeline_loop_wait_for_start_fu_181 |    1    |    0    |
|          |      grp_AXIvideo2MultiPixStream_Pipeline_loop_width_fu_201     |    41   |    55   |
|   call   |  grp_AXIvideo2MultiPixStream_Pipeline_loop_wait_for_eol_fu_229  |    3    |    0    |
|          |                 grp_reg_unsigned_short_s_fu_255                 |    16   |    0    |
|          |                 grp_reg_unsigned_short_s_fu_261                 |    16   |    0    |
|----------|-----------------------------------------------------------------|---------|---------|
|          |                        icmp_ln789_fu_275                        |    0    |    11   |
|   icmp   |                          cmp9451_fu_294                         |    0    |    11   |
|          |                           cond_fu_299                           |    0    |    11   |
|          |                        icmp_ln800_fu_312                        |    0    |    11   |
|----------|-----------------------------------------------------------------|---------|---------|
|    add   |                            i_4_fu_317                           |    0    |    17   |
|----------|-----------------------------------------------------------------|---------|---------|
|          |                     height_read_read_fu_114                     |    0    |    0    |
|   read   |                      width_read_read_fu_120                     |    0    |    0    |
|          |                   enableInput_read_read_fu_126                  |    0    |    0    |
|          |                   colorFormat_read_read_fu_132                  |    0    |    0    |
|----------|-----------------------------------------------------------------|---------|---------|
|   trunc  |                        trunc_ln782_fu_267                       |    0    |    0    |
|          |                           empty_fu_271                          |    0    |    0    |
|----------|-----------------------------------------------------------------|---------|---------|
|   Total  |                                                                 |    77   |   116   |
|----------|-----------------------------------------------------------------|---------|---------|

Memories:
N/A

* Register list:
+------------------------+--------+
|                        |   FF   |
+------------------------+--------+
|axi_data_2_lcssa_reg_148|   24   |
|  axi_data_V_5_reg_391  |   24   |
|axi_data_V_6_loc_reg_351|   24   |
|axi_last_2_lcssa_reg_158|    1   |
|  axi_last_V_2_reg_138  |    1   |
|axi_last_V_4_loc_reg_345|    1   |
| axi_last_V_loc_reg_363 |    1   |
|     cmp9451_reg_408    |    1   |
|      cond_reg_412      |    1   |
|      empty_reg_374     |   11   |
|   eol_0_lcssa_reg_169  |    1   |
|     eol_loc_reg_357    |    1   |
|       i_4_reg_423      |   10   |
|        i_reg_384       |   10   |
|   icmp_ln789_reg_380   |    1   |
|       sof_reg_398      |    1   |
|   trunc_ln782_reg_369  |   10   |
+------------------------+--------+
|          Total         |   123  |
+------------------------+--------+

* Multiplexer (MUX) list: 
|---------------------|------|------|------|--------||---------||---------|
|         Comp        |  Pin | Size |  BW  | S x BW ||  Delay  ||   LUT   |
|---------------------|------|------|------|--------||---------||---------|
| eol_0_lcssa_reg_169 |  p0  |   2  |   1  |    2   ||    9    |
|---------------------|------|------|------|--------||---------||---------|
|        Total        |      |      |      |    2   ||  0.489  ||    9    |
|---------------------|------|------|------|--------||---------||---------|



* Summary:
+-----------+--------+--------+--------+
|           |  Delay |   FF   |   LUT  |
+-----------+--------+--------+--------+
|  Function |    -   |   77   |   116  |
|   Memory  |    -   |    -   |    -   |
|Multiplexer|    0   |    -   |    9   |
|  Register |    -   |   123  |    -   |
+-----------+--------+--------+--------+
|   Total   |    0   |   200  |   125  |
+-----------+--------+--------+--------+
