

================================================================
== Vitis HLS Report for 'tpgBackground'
================================================================
* Date:           Thu Feb 22 13:13:15 2024

* Version:        2022.2 (Build 3670227 on Oct 13 2022)
* Project:        prj
* Solution:       sol (Vivado IP Flow Target)
* Product family: zynquplus
* Target device:  xczu4ev-sfvc784-1-e


================================================================
== Performance Estimates
================================================================
+ Timing: 
    * Summary: 
    +--------+----------+----------+------------+
    |  Clock |  Target  | Estimated| Uncertainty|
    +--------+----------+----------+------------+
    |ap_clk  |  13.75 ns|  8.930 ns|     3.71 ns|
    +--------+----------+----------+------------+

+ Latency: 
    * Summary: 
    +---------+------------+-----------+------------+-----+------------+---------+
    |   Latency (cycles)   |   Latency (absolute)   |     Interval     | Pipeline|
    |   min   |     max    |    min    |     max    | min |     max    |   Type  |
    +---------+------------+-----------+------------+-----+------------+---------+
    |        1|  4296409066|  13.750 ns|  59.076 sec|    1|  4296409066|       no|
    +---------+------------+-----------+------------+-----+------------+---------+

    + Detail: 
        * Instance: 
        N/A

        * Loop: 
        +--------------------+---------+------------+------------+-----------+-----------+-----------+----------+
        |                    |   Latency (cycles)   |  Iteration |  Initiation Interval  |    Trip   |          |
        |      Loop Name     |   min   |     max    |   Latency  |  achieved |   target  |   Count   | Pipelined|
        +--------------------+---------+------------+------------+-----------+-----------+-----------+----------+
        |- VITIS_LOOP_518_1  |        0|  4296409065|  24 ~ 65559|          -|          -|  0 ~ 65535|        no|
        +--------------------+---------+------------+------------+-----------+-----------+-----------+----------+

============================================================
+ Verbose Summary: Synthesis Manager
============================================================
InlineROM: 1
ExposeGlobal: 0
============================================================
+ Verbose Summary: CDFG Model
============================================================
IsTopModel: 0
ResetActiveHigh: 1
IsCombinational: 2
IsDatapathOnly: 0
HasWiredReturn: 1
HasMFsm: 0
HasVarLatency: 1
IsPipeline: 0
IsRtlPipelined: 0
IsInstanceOverlapped: 0
IsDontTouch: 0
HasImplIP: 0
IsGatedGlobalClock: 0


============================================================
+ Verbose Summary: Schedule
============================================================
* Number of FSM states : 5
* Pipeline : 0
* Dataflow Pipeline: 0

* FSM state transitions: 
1 --> 2 
2 --> 3 
3 --> 4 
4 --> 5 
5 --> 2 

* FSM state operations: 

State 1 <SV = 0> <Delay = 1.92>
ST_1 : Operation 6 [1/1] (0.00ns)   --->   "%p_0_0_0_0_0129360_lcssa367 = alloca i32 1"   --->   Operation 6 'alloca' 'p_0_0_0_0_0129360_lcssa367' <Predicate = true> <Delay = 0.00>
ST_1 : Operation 7 [1/1] (0.00ns)   --->   "%p_0_1_0_0_0131362_lcssa370 = alloca i32 1"   --->   Operation 7 'alloca' 'p_0_1_0_0_0131362_lcssa370' <Predicate = true> <Delay = 0.00>
ST_1 : Operation 8 [1/1] (0.00ns)   --->   "%p_0_2_0_0_0133364_lcssa373 = alloca i32 1"   --->   Operation 8 'alloca' 'p_0_2_0_0_0133364_lcssa373' <Predicate = true> <Delay = 0.00>
ST_1 : Operation 9 [1/1] (0.00ns)   --->   "%y = alloca i32 1"   --->   Operation 9 'alloca' 'y' <Predicate = true> <Delay = 0.00>
ST_1 : Operation 10 [1/1] (0.00ns)   --->   "%outpix_val_V_6 = alloca i32 1"   --->   Operation 10 'alloca' 'outpix_val_V_6' <Predicate = true> <Delay = 0.00>
ST_1 : Operation 11 [1/1] (0.00ns)   --->   "%outpix_val_V_7 = alloca i32 1"   --->   Operation 11 'alloca' 'outpix_val_V_7' <Predicate = true> <Delay = 0.00>
ST_1 : Operation 12 [1/1] (0.00ns)   --->   "%outpix_val_V_8 = alloca i32 1"   --->   Operation 12 'alloca' 'outpix_val_V_8' <Predicate = true> <Delay = 0.00>
ST_1 : Operation 13 [1/1] (0.00ns)   --->   "%hBarSel_5_loc_0 = alloca i32 1"   --->   Operation 13 'alloca' 'hBarSel_5_loc_0' <Predicate = true> <Delay = 0.00>
ST_1 : Operation 14 [1/1] (0.00ns)   --->   "%vBarSel_3_loc_0 = alloca i32 1"   --->   Operation 14 'alloca' 'vBarSel_3_loc_0' <Predicate = true> <Delay = 0.00>
ST_1 : Operation 15 [1/1] (0.00ns)   --->   "%rampVal_2_loc_0 = alloca i32 1"   --->   Operation 15 'alloca' 'rampVal_2_loc_0' <Predicate = true> <Delay = 0.00>
ST_1 : Operation 16 [1/1] (0.00ns)   --->   "%rampVal_2_new_0 = alloca i32 1"   --->   Operation 16 'alloca' 'rampVal_2_new_0' <Predicate = true> <Delay = 0.00>
ST_1 : Operation 17 [1/1] (0.00ns)   --->   "%hBarSel_3_loc_0 = alloca i32 1"   --->   Operation 17 'alloca' 'hBarSel_3_loc_0' <Predicate = true> <Delay = 0.00>
ST_1 : Operation 18 [1/1] (0.00ns)   --->   "%vBarSel_2_loc_0 = alloca i32 1"   --->   Operation 18 'alloca' 'vBarSel_2_loc_0' <Predicate = true> <Delay = 0.00>
ST_1 : Operation 19 [1/1] (0.00ns)   --->   "%hdata_loc_0 = alloca i32 1"   --->   Operation 19 'alloca' 'hdata_loc_0' <Predicate = true> <Delay = 0.00>
ST_1 : Operation 20 [1/1] (0.00ns)   --->   "%hdata_new_0 = alloca i32 1"   --->   Operation 20 'alloca' 'hdata_new_0' <Predicate = true> <Delay = 0.00>
ST_1 : Operation 21 [1/1] (0.00ns)   --->   "%hBarSel_loc_0 = alloca i32 1"   --->   Operation 21 'alloca' 'hBarSel_loc_0' <Predicate = true> <Delay = 0.00>
ST_1 : Operation 22 [1/1] (0.00ns)   --->   "%vBarSel_loc_0 = alloca i32 1"   --->   Operation 22 'alloca' 'vBarSel_loc_0' <Predicate = true> <Delay = 0.00>
ST_1 : Operation 23 [1/1] (0.00ns)   --->   "%zonePlateVAddr_loc_0 = alloca i32 1"   --->   Operation 23 'alloca' 'zonePlateVAddr_loc_0' <Predicate = true> <Delay = 0.00>
ST_1 : Operation 24 [1/1] (0.00ns)   --->   "%hBarSel_4_loc_0 = alloca i32 1"   --->   Operation 24 'alloca' 'hBarSel_4_loc_0' <Predicate = true> <Delay = 0.00>
ST_1 : Operation 25 [1/1] (0.00ns)   --->   "%rampVal_loc_0 = alloca i32 1"   --->   Operation 25 'alloca' 'rampVal_loc_0' <Predicate = true> <Delay = 0.00>
ST_1 : Operation 26 [1/1] (0.00ns)   --->   "%rampVal_3_loc_0 = alloca i32 1"   --->   Operation 26 'alloca' 'rampVal_3_loc_0' <Predicate = true> <Delay = 0.00>
ST_1 : Operation 27 [1/1] (0.00ns)   --->   "%rampVal_3_new_0 = alloca i32 1"   --->   Operation 27 'alloca' 'rampVal_3_new_0' <Predicate = true> <Delay = 0.00>
ST_1 : Operation 28 [1/1] (0.00ns)   --->   "%rampVal_2_flag_1_loc = alloca i64 1"   --->   Operation 28 'alloca' 'rampVal_2_flag_1_loc' <Predicate = true> <Delay = 0.00>
ST_1 : Operation 29 [1/1] (0.00ns)   --->   "%hdata_flag_1_loc = alloca i64 1"   --->   Operation 29 'alloca' 'hdata_flag_1_loc' <Predicate = true> <Delay = 0.00>
ST_1 : Operation 30 [1/1] (0.00ns)   --->   "%rampVal_3_flag_1_loc = alloca i64 1"   --->   Operation 30 'alloca' 'rampVal_3_flag_1_loc' <Predicate = true> <Delay = 0.00>
ST_1 : Operation 31 [1/1] (0.00ns)   --->   "%specstablecontent_ln0 = specstablecontent void @_ssdm_op_SpecStableContent, i8 %dpYUVCoef, void "   --->   Operation 31 'specstablecontent' 'specstablecontent_ln0' <Predicate = true> <Delay = 0.00>
ST_1 : Operation 32 [1/1] (0.00ns)   --->   "%specstablecontent_ln0 = specstablecontent void @_ssdm_op_SpecStableContent, i8 %dpDynamicRange, void "   --->   Operation 32 'specstablecontent' 'specstablecontent_ln0' <Predicate = true> <Delay = 0.00>
ST_1 : Operation 33 [1/1] (0.00ns)   --->   "%specstablecontent_ln0 = specstablecontent void @_ssdm_op_SpecStableContent, i16 %ZplateVerContDelta, void "   --->   Operation 33 'specstablecontent' 'specstablecontent_ln0' <Predicate = true> <Delay = 0.00>
ST_1 : Operation 34 [1/1] (0.00ns)   --->   "%specstablecontent_ln0 = specstablecontent void @_ssdm_op_SpecStableContent, i16 %ZplateVerContStart, void "   --->   Operation 34 'specstablecontent' 'specstablecontent_ln0' <Predicate = true> <Delay = 0.00>
ST_1 : Operation 35 [1/1] (0.00ns)   --->   "%specstablecontent_ln0 = specstablecontent void @_ssdm_op_SpecStableContent, i16 %ZplateHorContDelta, void "   --->   Operation 35 'specstablecontent' 'specstablecontent_ln0' <Predicate = true> <Delay = 0.00>
ST_1 : Operation 36 [1/1] (0.00ns)   --->   "%specstablecontent_ln0 = specstablecontent void @_ssdm_op_SpecStableContent, i16 %ZplateHorContStart, void "   --->   Operation 36 'specstablecontent' 'specstablecontent_ln0' <Predicate = true> <Delay = 0.00>
ST_1 : Operation 37 [1/1] (0.00ns)   --->   "%specstablecontent_ln0 = specstablecontent void @_ssdm_op_SpecStableContent, i8 %colorFormat, void "   --->   Operation 37 'specstablecontent' 'specstablecontent_ln0' <Predicate = true> <Delay = 0.00>
ST_1 : Operation 38 [1/1] (0.00ns)   --->   "%specstablecontent_ln0 = specstablecontent void @_ssdm_op_SpecStableContent, i8 %motionSpeed, void "   --->   Operation 38 'specstablecontent' 'specstablecontent_ln0' <Predicate = true> <Delay = 0.00>
ST_1 : Operation 39 [1/1] (0.00ns)   --->   "%specstablecontent_ln0 = specstablecontent void @_ssdm_op_SpecStableContent, i8 %bckgndId, void "   --->   Operation 39 'specstablecontent' 'specstablecontent_ln0' <Predicate = true> <Delay = 0.00>
ST_1 : Operation 40 [1/1] (0.00ns)   --->   "%specstablecontent_ln0 = specstablecontent void @_ssdm_op_SpecStableContent, i8 %enableInput, void "   --->   Operation 40 'specstablecontent' 'specstablecontent_ln0' <Predicate = true> <Delay = 0.00>
ST_1 : Operation 41 [1/1] (0.00ns)   --->   "%specstablecontent_ln0 = specstablecontent void @_ssdm_op_SpecStableContent, i16 %passthruEndY, void "   --->   Operation 41 'specstablecontent' 'specstablecontent_ln0' <Predicate = true> <Delay = 0.00>
ST_1 : Operation 42 [1/1] (0.00ns)   --->   "%specstablecontent_ln0 = specstablecontent void @_ssdm_op_SpecStableContent, i16 %passthruEndX, void "   --->   Operation 42 'specstablecontent' 'specstablecontent_ln0' <Predicate = true> <Delay = 0.00>
ST_1 : Operation 43 [1/1] (0.00ns)   --->   "%specstablecontent_ln0 = specstablecontent void @_ssdm_op_SpecStableContent, i16 %passthruStartY, void "   --->   Operation 43 'specstablecontent' 'specstablecontent_ln0' <Predicate = true> <Delay = 0.00>
ST_1 : Operation 44 [1/1] (0.00ns)   --->   "%specstablecontent_ln0 = specstablecontent void @_ssdm_op_SpecStableContent, i16 %passthruStartX, void "   --->   Operation 44 'specstablecontent' 'specstablecontent_ln0' <Predicate = true> <Delay = 0.00>
ST_1 : Operation 45 [1/1] (0.00ns)   --->   "%specstablecontent_ln0 = specstablecontent void @_ssdm_op_SpecStableContent, i16 %height, void "   --->   Operation 45 'specstablecontent' 'specstablecontent_ln0' <Predicate = true> <Delay = 0.00>
ST_1 : Operation 46 [1/1] (0.00ns)   --->   "%specstablecontent_ln0 = specstablecontent void @_ssdm_op_SpecStableContent, i16 %width, void "   --->   Operation 46 'specstablecontent' 'specstablecontent_ln0' <Predicate = true> <Delay = 0.00>
ST_1 : Operation 47 [1/1] (0.00ns)   --->   "%specinterface_ln0 = specinterface void @_ssdm_op_SpecInterface, i24 %bckgndYUV, void @empty_11, i32 0, i32 0, void @empty_19, i32 0, i32 0, void @empty_19, void @empty_19, void @empty_19, i32 0, i32 0, i32 0, i32 0, void @empty_19, void @empty_19, i32 4294967295, i32 0"   --->   Operation 47 'specinterface' 'specinterface_ln0' <Predicate = true> <Delay = 0.00>
ST_1 : Operation 48 [1/1] (0.00ns)   --->   "%specinterface_ln0 = specinterface void @_ssdm_op_SpecInterface, i24 %srcYUV, void @empty_11, i32 0, i32 0, void @empty_19, i32 0, i32 0, void @empty_19, void @empty_19, void @empty_19, i32 0, i32 0, i32 0, i32 0, void @empty_19, void @empty_19, i32 4294967295, i32 0"   --->   Operation 48 'specinterface' 'specinterface_ln0' <Predicate = true> <Delay = 0.00>
ST_1 : Operation 49 [1/1] (0.00ns)   --->   "%loopHeight = read i16 @_ssdm_op_Read.ap_auto.i16P0A, i16 %height" [/home/sundance/Emilie_Projects/git/EMC2/BSP_HDMI_out_TE0820_4EV/2022.2/firmware/EMC2_HDMI_out.runs/design_1_v_tpg_0_0_synth_1/prj/sol/.autopilot/db/v_tpg.cpp:505]   --->   Operation 49 'read' 'loopHeight' <Predicate = true> <Delay = 0.00>
ST_1 : Operation 50 [1/1] (0.00ns)   --->   "%loopWidth = read i16 @_ssdm_op_Read.ap_auto.i16P0A, i16 %width" [/home/sundance/Emilie_Projects/git/EMC2/BSP_HDMI_out_TE0820_4EV/2022.2/firmware/EMC2_HDMI_out.runs/design_1_v_tpg_0_0_synth_1/prj/sol/.autopilot/db/v_tpg.cpp:506]   --->   Operation 50 'read' 'loopWidth' <Predicate = true> <Delay = 0.00>
ST_1 : Operation 51 [1/1] (0.00ns)   --->   "%colorFormatLocal = read i8 @_ssdm_op_Read.ap_auto.i8P0A, i8 %colorFormat" [/home/sundance/Emilie_Projects/git/EMC2/BSP_HDMI_out_TE0820_4EV/2022.2/firmware/EMC2_HDMI_out.runs/design_1_v_tpg_0_0_synth_1/prj/sol/.autopilot/db/v_tpg.cpp:514]   --->   Operation 51 'read' 'colorFormatLocal' <Predicate = true> <Delay = 0.00>
ST_1 : Operation 52 [1/1] (0.00ns)   --->   "%enableInput_read = read i8 @_ssdm_op_Read.ap_auto.i8P0A, i8 %enableInput"   --->   Operation 52 'read' 'enableInput_read' <Predicate = true> <Delay = 0.00>
ST_1 : Operation 53 [1/1] (0.85ns)   --->   "%cmp8 = icmp_ne  i8 %enableInput_read, i8 0"   --->   Operation 53 'icmp' 'cmp8' <Predicate = true> <Delay = 0.85> <CoreInst = "Cmp">   --->   Core 9 'Cmp' <Latency = 0> <II = 1> <Delay = 0.85> <FuncUnit> <Opcode : 'icmp'> <InPorts = 2> <OutPorts = 1>
ST_1 : Operation 54 [1/1] (0.00ns)   --->   "%bckgndId_read = read i8 @_ssdm_op_Read.ap_auto.i8P0A, i8 %bckgndId"   --->   Operation 54 'read' 'bckgndId_read' <Predicate = true> <Delay = 0.00>
ST_1 : Operation 55 [1/1] (0.00ns)   --->   "%ZplateHorContStart_read = read i16 @_ssdm_op_Read.ap_auto.i16P0A, i16 %ZplateHorContStart"   --->   Operation 55 'read' 'ZplateHorContStart_read' <Predicate = true> <Delay = 0.00>
ST_1 : Operation 56 [1/1] (0.00ns)   --->   "%ZplateHorContDelta_read = read i16 @_ssdm_op_Read.ap_auto.i16P0A, i16 %ZplateHorContDelta"   --->   Operation 56 'read' 'ZplateHorContDelta_read' <Predicate = true> <Delay = 0.00>
ST_1 : Operation 57 [1/1] (0.00ns)   --->   "%ZplateVerContStart_read = read i16 @_ssdm_op_Read.ap_auto.i16P0A, i16 %ZplateVerContStart"   --->   Operation 57 'read' 'ZplateVerContStart_read' <Predicate = true> <Delay = 0.00>
ST_1 : Operation 58 [1/1] (0.00ns)   --->   "%ZplateVerContDelta_read = read i16 @_ssdm_op_Read.ap_auto.i16P0A, i16 %ZplateVerContDelta"   --->   Operation 58 'read' 'ZplateVerContDelta_read' <Predicate = true> <Delay = 0.00>
ST_1 : Operation 59 [1/1] (0.00ns)   --->   "%dpDynamicRange_read = read i8 @_ssdm_op_Read.ap_auto.i8P0A, i8 %dpDynamicRange"   --->   Operation 59 'read' 'dpDynamicRange_read' <Predicate = true> <Delay = 0.00>
ST_1 : Operation 60 [1/1] (0.00ns)   --->   "%dpYUVCoef_read = read i8 @_ssdm_op_Read.ap_auto.i8P0A, i8 %dpYUVCoef"   --->   Operation 60 'read' 'dpYUVCoef_read' <Predicate = true> <Delay = 0.00>
ST_1 : Operation 61 [1/1] (0.00ns)   --->   "%passthruStartX_read = read i16 @_ssdm_op_Read.ap_auto.i16P0A, i16 %passthruStartX"   --->   Operation 61 'read' 'passthruStartX_read' <Predicate = true> <Delay = 0.00>
ST_1 : Operation 62 [1/1] (0.00ns)   --->   "%passthruStartY_read = read i16 @_ssdm_op_Read.ap_auto.i16P0A, i16 %passthruStartY"   --->   Operation 62 'read' 'passthruStartY_read' <Predicate = true> <Delay = 0.00>
ST_1 : Operation 63 [1/1] (0.00ns)   --->   "%passthruEndX_read = read i16 @_ssdm_op_Read.ap_auto.i16P0A, i16 %passthruEndX"   --->   Operation 63 'read' 'passthruEndX_read' <Predicate = true> <Delay = 0.00>
ST_1 : Operation 64 [1/1] (0.00ns)   --->   "%passthruEndY_read = read i16 @_ssdm_op_Read.ap_auto.i16P0A, i16 %passthruEndY"   --->   Operation 64 'read' 'passthruEndY_read' <Predicate = true> <Delay = 0.00>
ST_1 : Operation 65 [1/1] (0.85ns)   --->   "%cmp2_i381 = icmp_eq  i8 %colorFormatLocal, i8 0" [/home/sundance/Emilie_Projects/git/EMC2/BSP_HDMI_out_TE0820_4EV/2022.2/firmware/EMC2_HDMI_out.runs/design_1_v_tpg_0_0_synth_1/prj/sol/.autopilot/db/v_tpg.cpp:514]   --->   Operation 65 'icmp' 'cmp2_i381' <Predicate = true> <Delay = 0.85> <CoreInst = "Cmp">   --->   Core 9 'Cmp' <Latency = 0> <II = 1> <Delay = 0.85> <FuncUnit> <Opcode : 'icmp'> <InPorts = 2> <OutPorts = 1>
ST_1 : Operation 66 [1/1] (0.44ns)   --->   "%outpix_val_V = select i1 %cmp2_i381, i8 255, i8 76" [/home/sundance/Emilie_Projects/git/EMC2/BSP_HDMI_out_TE0820_4EV/2022.2/firmware/EMC2_HDMI_out.runs/design_1_v_tpg_0_0_synth_1/prj/sol/.autopilot/db/v_tpg.cpp:514]   --->   Operation 66 'select' 'outpix_val_V' <Predicate = true> <Delay = 0.44> <CoreInst = "Sel">   --->   Core 73 'Sel' <Latency = 0> <II = 1> <Delay = 0.44> <FuncUnit> <Opcode : 'select'> <InPorts = 3> <OutPorts = 1>
ST_1 : Operation 67 [1/1] (0.33ns)   --->   "%outpix_val_V_1 = xor i1 %cmp2_i381, i1 1" [/home/sundance/Emilie_Projects/git/EMC2/BSP_HDMI_out_TE0820_4EV/2022.2/firmware/EMC2_HDMI_out.runs/design_1_v_tpg_0_0_synth_1/prj/sol/.autopilot/db/v_tpg.cpp:514]   --->   Operation 67 'xor' 'outpix_val_V_1' <Predicate = true> <Delay = 0.33> <CoreInst = "LogicGate">   --->   Core 74 'LogicGate' <Latency = 0> <II = 1> <Delay = 0.33> <FuncUnit> <Opcode : 'and' 'or' 'xor'> <InPorts = 2> <OutPorts = 1>
ST_1 : Operation 68 [1/1] (0.44ns)   --->   "%outpix_val_V_2 = select i1 %cmp2_i381, i8 0, i8 149" [/home/sundance/Emilie_Projects/git/EMC2/BSP_HDMI_out_TE0820_4EV/2022.2/firmware/EMC2_HDMI_out.runs/design_1_v_tpg_0_0_synth_1/prj/sol/.autopilot/db/v_tpg.cpp:514]   --->   Operation 68 'select' 'outpix_val_V_2' <Predicate = true> <Delay = 0.44> <CoreInst = "Sel">   --->   Core 73 'Sel' <Latency = 0> <II = 1> <Delay = 0.44> <FuncUnit> <Opcode : 'select'> <InPorts = 3> <OutPorts = 1>
ST_1 : Operation 69 [1/1] (0.48ns)   --->   "%select_ln507 = select i1 %cmp2_i381, i5 0, i5 21" [/home/sundance/Emilie_Projects/git/EMC2/BSP_HDMI_out_TE0820_4EV/2022.2/firmware/EMC2_HDMI_out.runs/design_1_v_tpg_0_0_synth_1/prj/sol/.autopilot/db/v_tpg.cpp:507]   --->   Operation 69 'select' 'select_ln507' <Predicate = true> <Delay = 0.48> <CoreInst = "Sel">   --->   Core 73 'Sel' <Latency = 0> <II = 1> <Delay = 0.48> <FuncUnit> <Opcode : 'select'> <InPorts = 3> <OutPorts = 1>
ST_1 : Operation 70 [1/1] (0.27ns)   --->   "%select_ln507_1_cast_cast = select i1 %cmp2_i381, i3 0, i3 5" [/home/sundance/Emilie_Projects/git/EMC2/BSP_HDMI_out_TE0820_4EV/2022.2/firmware/EMC2_HDMI_out.runs/design_1_v_tpg_0_0_synth_1/prj/sol/.autopilot/db/v_tpg.cpp:514]   --->   Operation 70 'select' 'select_ln507_1_cast_cast' <Predicate = true> <Delay = 0.27> <CoreInst = "Sel">   --->   Core 73 'Sel' <Latency = 0> <II = 1> <Delay = 0.27> <FuncUnit> <Opcode : 'select'> <InPorts = 3> <OutPorts = 1>
ST_1 : Operation 71 [1/1] (0.44ns)   --->   "%outpix_val_V_3 = select i1 %cmp2_i381, i8 255, i8 107" [/home/sundance/Emilie_Projects/git/EMC2/BSP_HDMI_out_TE0820_4EV/2022.2/firmware/EMC2_HDMI_out.runs/design_1_v_tpg_0_0_synth_1/prj/sol/.autopilot/db/v_tpg.cpp:514]   --->   Operation 71 'select' 'outpix_val_V_3' <Predicate = true> <Delay = 0.44> <CoreInst = "Sel">   --->   Core 73 'Sel' <Latency = 0> <II = 1> <Delay = 0.44> <FuncUnit> <Opcode : 'select'> <InPorts = 3> <OutPorts = 1>
ST_1 : Operation 72 [1/1] (0.44ns)   --->   "%pix_val_V = select i1 %cmp2_i381, i8 0, i8 128" [/home/sundance/Emilie_Projects/git/EMC2/BSP_HDMI_out_TE0820_4EV/2022.2/firmware/EMC2_HDMI_out.runs/design_1_v_tpg_0_0_synth_1/prj/sol/.autopilot/db/v_tpg.cpp:514]   --->   Operation 72 'select' 'pix_val_V' <Predicate = true> <Delay = 0.44> <CoreInst = "Sel">   --->   Core 73 'Sel' <Latency = 0> <II = 1> <Delay = 0.44> <FuncUnit> <Opcode : 'select'> <InPorts = 3> <OutPorts = 1>
ST_1 : Operation 73 [1/1] (0.44ns)   --->   "%pix_val_V_14 = select i1 %cmp2_i381, i8 255, i8 128" [/home/sundance/Emilie_Projects/git/EMC2/BSP_HDMI_out_TE0820_4EV/2022.2/firmware/EMC2_HDMI_out.runs/design_1_v_tpg_0_0_synth_1/prj/sol/.autopilot/db/v_tpg.cpp:514]   --->   Operation 73 'select' 'pix_val_V_14' <Predicate = true> <Delay = 0.44> <CoreInst = "Sel">   --->   Core 73 'Sel' <Latency = 0> <II = 1> <Delay = 0.44> <FuncUnit> <Opcode : 'select'> <InPorts = 3> <OutPorts = 1>
ST_1 : Operation 74 [1/1] (0.00ns)   --->   "%loopWidth_cast15 = zext i16 %loopWidth" [/home/sundance/Emilie_Projects/git/EMC2/BSP_HDMI_out_TE0820_4EV/2022.2/firmware/EMC2_HDMI_out.runs/design_1_v_tpg_0_0_synth_1/prj/sol/.autopilot/db/v_tpg.cpp:506]   --->   Operation 74 'zext' 'loopWidth_cast15' <Predicate = true> <Delay = 0.00>
ST_1 : Operation 75 [1/1] (0.00ns)   --->   "%empty = trunc i16 %loopWidth" [/home/sundance/Emilie_Projects/git/EMC2/BSP_HDMI_out_TE0820_4EV/2022.2/firmware/EMC2_HDMI_out.runs/design_1_v_tpg_0_0_synth_1/prj/sol/.autopilot/db/v_tpg.cpp:506]   --->   Operation 75 'trunc' 'empty' <Predicate = true> <Delay = 0.00>
ST_1 : Operation 76 [1/1] (0.98ns)   --->   "%add2_i = add i14 %empty, i14 15" [/home/sundance/Emilie_Projects/git/EMC2/BSP_HDMI_out_TE0820_4EV/2022.2/firmware/EMC2_HDMI_out.runs/design_1_v_tpg_0_0_synth_1/prj/sol/.autopilot/db/v_tpg.cpp:506]   --->   Operation 76 'add' 'add2_i' <Predicate = true> <Delay = 0.98> <CoreInst = "Adder">   --->   Core 1 'Adder' <Latency = 0> <II = 1> <Delay = 0.98> <FuncUnit> <Opcode : 'add' 'sub'> <InPorts = 2> <OutPorts = 1>
ST_1 : Operation 77 [1/1] (0.00ns)   --->   "%p_cast = partselect i10 @_ssdm_op_PartSelect.i10.i14.i32.i32, i14 %add2_i, i32 4, i32 13" [/home/sundance/Emilie_Projects/git/EMC2/BSP_HDMI_out_TE0820_4EV/2022.2/firmware/EMC2_HDMI_out.runs/design_1_v_tpg_0_0_synth_1/prj/sol/.autopilot/db/v_tpg.cpp:506]   --->   Operation 77 'partselect' 'p_cast' <Predicate = true> <Delay = 0.00>
ST_1 : Operation 78 [1/1] (0.93ns)   --->   "%barWidthMinSamples = add i10 %p_cast, i10 1023" [/home/sundance/Emilie_Projects/git/EMC2/BSP_HDMI_out_TE0820_4EV/2022.2/firmware/EMC2_HDMI_out.runs/design_1_v_tpg_0_0_synth_1/prj/sol/.autopilot/db/v_tpg.cpp:506]   --->   Operation 78 'add' 'barWidthMinSamples' <Predicate = true> <Delay = 0.93> <CoreInst = "Adder">   --->   Core 1 'Adder' <Latency = 0> <II = 1> <Delay = 0.93> <FuncUnit> <Opcode : 'add' 'sub'> <InPorts = 2> <OutPorts = 1>
ST_1 : Operation 79 [1/1] (0.00ns)   --->   "%loopHeight_cast16 = zext i16 %loopHeight" [/home/sundance/Emilie_Projects/git/EMC2/BSP_HDMI_out_TE0820_4EV/2022.2/firmware/EMC2_HDMI_out.runs/design_1_v_tpg_0_0_synth_1/prj/sol/.autopilot/db/v_tpg.cpp:505]   --->   Operation 79 'zext' 'loopHeight_cast16' <Predicate = true> <Delay = 0.00>
ST_1 : Operation 80 [1/1] (0.00ns)   --->   "%empty_81 = trunc i16 %loopHeight" [/home/sundance/Emilie_Projects/git/EMC2/BSP_HDMI_out_TE0820_4EV/2022.2/firmware/EMC2_HDMI_out.runs/design_1_v_tpg_0_0_synth_1/prj/sol/.autopilot/db/v_tpg.cpp:505]   --->   Operation 80 'trunc' 'empty_81' <Predicate = true> <Delay = 0.00>
ST_1 : Operation 81 [1/1] (0.98ns)   --->   "%add5_i = add i14 %empty_81, i14 15" [/home/sundance/Emilie_Projects/git/EMC2/BSP_HDMI_out_TE0820_4EV/2022.2/firmware/EMC2_HDMI_out.runs/design_1_v_tpg_0_0_synth_1/prj/sol/.autopilot/db/v_tpg.cpp:505]   --->   Operation 81 'add' 'add5_i' <Predicate = true> <Delay = 0.98> <CoreInst = "Adder">   --->   Core 1 'Adder' <Latency = 0> <II = 1> <Delay = 0.98> <FuncUnit> <Opcode : 'add' 'sub'> <InPorts = 2> <OutPorts = 1>
ST_1 : Operation 82 [1/1] (0.00ns)   --->   "%tmp_23 = partselect i7 @_ssdm_op_PartSelect.i7.i8.i32.i32, i8 %colorFormatLocal, i32 1, i32 7" [/home/sundance/Emilie_Projects/git/EMC2/BSP_HDMI_out_TE0820_4EV/2022.2/firmware/EMC2_HDMI_out.runs/design_1_v_tpg_0_0_synth_1/prj/sol/.autopilot/db/v_tpg.cpp:514]   --->   Operation 82 'partselect' 'tmp_23' <Predicate = true> <Delay = 0.00>
ST_1 : Operation 83 [1/1] (0.86ns)   --->   "%icmp = icmp_ne  i7 %tmp_23, i7 0" [/home/sundance/Emilie_Projects/git/EMC2/BSP_HDMI_out_TE0820_4EV/2022.2/firmware/EMC2_HDMI_out.runs/design_1_v_tpg_0_0_synth_1/prj/sol/.autopilot/db/v_tpg.cpp:514]   --->   Operation 83 'icmp' 'icmp' <Predicate = true> <Delay = 0.86> <CoreInst = "Cmp">   --->   Core 9 'Cmp' <Latency = 0> <II = 1> <Delay = 0.86> <FuncUnit> <Opcode : 'icmp'> <InPorts = 2> <OutPorts = 1>
ST_1 : Operation 84 [1/1] (0.98ns)   --->   "%add_i = add i14 %empty, i14 7" [/home/sundance/Emilie_Projects/git/EMC2/BSP_HDMI_out_TE0820_4EV/2022.2/firmware/EMC2_HDMI_out.runs/design_1_v_tpg_0_0_synth_1/prj/sol/.autopilot/db/v_tpg.cpp:506]   --->   Operation 84 'add' 'add_i' <Predicate = true> <Delay = 0.98> <CoreInst = "Adder">   --->   Core 1 'Adder' <Latency = 0> <II = 1> <Delay = 0.98> <FuncUnit> <Opcode : 'add' 'sub'> <InPorts = 2> <OutPorts = 1>
ST_1 : Operation 85 [1/1] (0.00ns)   --->   "%barWidth = partselect i11 @_ssdm_op_PartSelect.i11.i14.i32.i32, i14 %add_i, i32 3, i32 13" [/home/sundance/Emilie_Projects/git/EMC2/BSP_HDMI_out_TE0820_4EV/2022.2/firmware/EMC2_HDMI_out.runs/design_1_v_tpg_0_0_synth_1/prj/sol/.autopilot/db/v_tpg.cpp:506]   --->   Operation 85 'partselect' 'barWidth' <Predicate = true> <Delay = 0.00>
ST_1 : Operation 86 [1/1] (0.00ns)   --->   "%tmp = partselect i10 @_ssdm_op_PartSelect.i10.i14.i32.i32, i14 %add5_i, i32 4, i32 13" [/home/sundance/Emilie_Projects/git/EMC2/BSP_HDMI_out_TE0820_4EV/2022.2/firmware/EMC2_HDMI_out.runs/design_1_v_tpg_0_0_synth_1/prj/sol/.autopilot/db/v_tpg.cpp:505]   --->   Operation 86 'partselect' 'tmp' <Predicate = true> <Delay = 0.00>
ST_1 : Operation 87 [1/1] (0.00ns)   --->   "%barHeight_cast_cast = zext i10 %tmp" [/home/sundance/Emilie_Projects/git/EMC2/BSP_HDMI_out_TE0820_4EV/2022.2/firmware/EMC2_HDMI_out.runs/design_1_v_tpg_0_0_synth_1/prj/sol/.autopilot/db/v_tpg.cpp:505]   --->   Operation 87 'zext' 'barHeight_cast_cast' <Predicate = true> <Delay = 0.00>
ST_1 : Operation 88 [1/1] (0.93ns)   --->   "%sub_i_i_i = add i11 %barHeight_cast_cast, i11 2047" [/home/sundance/Emilie_Projects/git/EMC2/BSP_HDMI_out_TE0820_4EV/2022.2/firmware/EMC2_HDMI_out.runs/design_1_v_tpg_0_0_synth_1/prj/sol/.autopilot/db/v_tpg.cpp:505]   --->   Operation 88 'add' 'sub_i_i_i' <Predicate = true> <Delay = 0.93> <CoreInst = "Adder">   --->   Core 1 'Adder' <Latency = 0> <II = 1> <Delay = 0.93> <FuncUnit> <Opcode : 'add' 'sub'> <InPorts = 2> <OutPorts = 1>
ST_1 : Operation 89 [1/1] (1.01ns)   --->   "%sub40_i = add i17 %loopWidth_cast15, i17 131071" [/home/sundance/Emilie_Projects/git/EMC2/BSP_HDMI_out_TE0820_4EV/2022.2/firmware/EMC2_HDMI_out.runs/design_1_v_tpg_0_0_synth_1/prj/sol/.autopilot/db/v_tpg.cpp:506]   --->   Operation 89 'add' 'sub40_i' <Predicate = true> <Delay = 1.01> <CoreInst = "Adder">   --->   Core 1 'Adder' <Latency = 0> <II = 1> <Delay = 1.01> <FuncUnit> <Opcode : 'add' 'sub'> <InPorts = 2> <OutPorts = 1>
ST_1 : Operation 90 [1/1] (1.01ns)   --->   "%add_ln1404 = add i17 %loopHeight_cast16, i17 131071" [/home/sundance/Emilie_Projects/git/EMC2/BSP_HDMI_out_TE0820_4EV/2022.2/firmware/EMC2_HDMI_out.runs/design_1_v_tpg_0_0_synth_1/prj/sol/.autopilot/db/v_tpg.cpp:1404]   --->   Operation 90 'add' 'add_ln1404' <Predicate = true> <Delay = 1.01> <CoreInst = "Adder">   --->   Core 1 'Adder' <Latency = 0> <II = 1> <Delay = 1.01> <FuncUnit> <Opcode : 'add' 'sub'> <InPorts = 2> <OutPorts = 1>
ST_1 : Operation 91 [1/1] (0.85ns)   --->   "%cmp59_i = icmp_eq  i8 %dpDynamicRange_read, i8 0"   --->   Operation 91 'icmp' 'cmp59_i' <Predicate = true> <Delay = 0.85> <CoreInst = "Cmp">   --->   Core 9 'Cmp' <Latency = 0> <II = 1> <Delay = 0.85> <FuncUnit> <Opcode : 'icmp'> <InPorts = 2> <OutPorts = 1>
ST_1 : Operation 92 [1/1] (0.85ns)   --->   "%cmp126_i = icmp_eq  i8 %dpYUVCoef_read, i8 0"   --->   Operation 92 'icmp' 'cmp126_i' <Predicate = true> <Delay = 0.85> <CoreInst = "Cmp">   --->   Core 9 'Cmp' <Latency = 0> <II = 1> <Delay = 0.85> <FuncUnit> <Opcode : 'icmp'> <InPorts = 2> <OutPorts = 1>
ST_1 : Operation 93 [1/1] (0.85ns)   --->   "%cmp141_i = icmp_ne  i8 %colorFormatLocal, i8 1" [/home/sundance/Emilie_Projects/git/EMC2/BSP_HDMI_out_TE0820_4EV/2022.2/firmware/EMC2_HDMI_out.runs/design_1_v_tpg_0_0_synth_1/prj/sol/.autopilot/db/v_tpg.cpp:514]   --->   Operation 93 'icmp' 'cmp141_i' <Predicate = true> <Delay = 0.85> <CoreInst = "Cmp">   --->   Core 9 'Cmp' <Latency = 0> <II = 1> <Delay = 0.85> <FuncUnit> <Opcode : 'icmp'> <InPorts = 2> <OutPorts = 1>
ST_1 : Operation 94 [1/1] (0.00ns)   --->   "%rampStart_load = load i8 %rampStart" [/home/sundance/Emilie_Projects/git/EMC2/BSP_HDMI_out_TE0820_4EV/2022.2/firmware/EMC2_HDMI_out.runs/design_1_v_tpg_0_0_synth_1/prj/sol/.autopilot/db/v_tpg.cpp:540]   --->   Operation 94 'load' 'rampStart_load' <Predicate = true> <Delay = 0.00>
ST_1 : Operation 95 [1/1] (0.00ns)   --->   "%rampVal_1_load = load i16 %rampVal_1" [/home/sundance/Emilie_Projects/git/EMC2/BSP_HDMI_out_TE0820_4EV/2022.2/firmware/EMC2_HDMI_out.runs/design_1_v_tpg_0_0_synth_1/prj/sol/.autopilot/db/v_tpg.cpp:1032]   --->   Operation 95 'load' 'rampVal_1_load' <Predicate = true> <Delay = 0.00>
ST_1 : Operation 96 [1/1] (0.00ns)   --->   "%rampVal_load = load i8 %rampVal" [/home/sundance/Emilie_Projects/git/EMC2/BSP_HDMI_out_TE0820_4EV/2022.2/firmware/EMC2_HDMI_out.runs/design_1_v_tpg_0_0_synth_1/prj/sol/.autopilot/db/v_tpg.cpp:1056]   --->   Operation 96 'load' 'rampVal_load' <Predicate = true> <Delay = 0.00>
ST_1 : Operation 97 [1/1] (0.00ns)   --->   "%zext_ln1212 = zext i8 %rampVal_load" [/home/sundance/Emilie_Projects/git/EMC2/BSP_HDMI_out_TE0820_4EV/2022.2/firmware/EMC2_HDMI_out.runs/design_1_v_tpg_0_0_synth_1/prj/sol/.autopilot/db/v_tpg.cpp:1212]   --->   Operation 97 'zext' 'zext_ln1212' <Predicate = true> <Delay = 0.00>
ST_1 : Operation 98 [1/1] (0.00ns)   --->   "%hBarSel_2_load = load i8 %hBarSel_2" [/home/sundance/Emilie_Projects/git/EMC2/BSP_HDMI_out_TE0820_4EV/2022.2/firmware/EMC2_HDMI_out.runs/design_1_v_tpg_0_0_synth_1/prj/sol/.autopilot/db/v_tpg.cpp:1212]   --->   Operation 98 'load' 'hBarSel_2_load' <Predicate = true> <Delay = 0.00>
ST_1 : Operation 99 [1/1] (0.00ns)   --->   "%zonePlateVAddr_load = load i16 %zonePlateVAddr" [/home/sundance/Emilie_Projects/git/EMC2/BSP_HDMI_out_TE0820_4EV/2022.2/firmware/EMC2_HDMI_out.runs/design_1_v_tpg_0_0_synth_1/prj/sol/.autopilot/db/v_tpg.cpp:1296]   --->   Operation 99 'load' 'zonePlateVAddr_load' <Predicate = true> <Delay = 0.00>
ST_1 : Operation 100 [1/1] (0.00ns)   --->   "%vBarSel_load = load i3 %vBarSel" [/home/sundance/Emilie_Projects/git/EMC2/BSP_HDMI_out_TE0820_4EV/2022.2/firmware/EMC2_HDMI_out.runs/design_1_v_tpg_0_0_synth_1/prj/sol/.autopilot/db/v_tpg.cpp:1348]   --->   Operation 100 'load' 'vBarSel_load' <Predicate = true> <Delay = 0.00>
ST_1 : Operation 101 [1/1] (0.00ns)   --->   "%zext_ln1367 = zext i3 %vBarSel_load" [/home/sundance/Emilie_Projects/git/EMC2/BSP_HDMI_out_TE0820_4EV/2022.2/firmware/EMC2_HDMI_out.runs/design_1_v_tpg_0_0_synth_1/prj/sol/.autopilot/db/v_tpg.cpp:1367]   --->   Operation 101 'zext' 'zext_ln1367' <Predicate = true> <Delay = 0.00>
ST_1 : Operation 102 [1/1] (0.00ns)   --->   "%hBarSel_load = load i3 %hBarSel" [/home/sundance/Emilie_Projects/git/EMC2/BSP_HDMI_out_TE0820_4EV/2022.2/firmware/EMC2_HDMI_out.runs/design_1_v_tpg_0_0_synth_1/prj/sol/.autopilot/db/v_tpg.cpp:1367]   --->   Operation 102 'load' 'hBarSel_load' <Predicate = true> <Delay = 0.00>
ST_1 : Operation 103 [1/1] (0.00ns)   --->   "%zext_ln1493 = zext i3 %hBarSel_load" [/home/sundance/Emilie_Projects/git/EMC2/BSP_HDMI_out_TE0820_4EV/2022.2/firmware/EMC2_HDMI_out.runs/design_1_v_tpg_0_0_synth_1/prj/sol/.autopilot/db/v_tpg.cpp:1493]   --->   Operation 103 'zext' 'zext_ln1493' <Predicate = true> <Delay = 0.00>
ST_1 : Operation 104 [1/1] (0.00ns)   --->   "%hdata_load = load i16 %hdata" [/home/sundance/Emilie_Projects/git/EMC2/BSP_HDMI_out_TE0820_4EV/2022.2/firmware/EMC2_HDMI_out.runs/design_1_v_tpg_0_0_synth_1/prj/sol/.autopilot/db/v_tpg.cpp:1493]   --->   Operation 104 'load' 'hdata_load' <Predicate = true> <Delay = 0.00>
ST_1 : Operation 105 [1/1] (0.00ns)   --->   "%vBarSel_2_load = load i8 %vBarSel_2" [/home/sundance/Emilie_Projects/git/EMC2/BSP_HDMI_out_TE0820_4EV/2022.2/firmware/EMC2_HDMI_out.runs/design_1_v_tpg_0_0_synth_1/prj/sol/.autopilot/db/v_tpg.cpp:1530]   --->   Operation 105 'load' 'vBarSel_2_load' <Predicate = true> <Delay = 0.00>
ST_1 : Operation 106 [1/1] (0.00ns)   --->   "%hBarSel_3_load = load i3 %hBarSel_3" [/home/sundance/Emilie_Projects/git/EMC2/BSP_HDMI_out_TE0820_4EV/2022.2/firmware/EMC2_HDMI_out.runs/design_1_v_tpg_0_0_synth_1/prj/sol/.autopilot/db/v_tpg.cpp:1548]   --->   Operation 106 'load' 'hBarSel_3_load' <Predicate = true> <Delay = 0.00>
ST_1 : Operation 107 [1/1] (0.00ns)   --->   "%zext_ln1610 = zext i3 %hBarSel_3_load" [/home/sundance/Emilie_Projects/git/EMC2/BSP_HDMI_out_TE0820_4EV/2022.2/firmware/EMC2_HDMI_out.runs/design_1_v_tpg_0_0_synth_1/prj/sol/.autopilot/db/v_tpg.cpp:1610]   --->   Operation 107 'zext' 'zext_ln1610' <Predicate = true> <Delay = 0.00>
ST_1 : Operation 108 [1/1] (0.00ns)   --->   "%rampVal_2_load = load i16 %rampVal_2" [/home/sundance/Emilie_Projects/git/EMC2/BSP_HDMI_out_TE0820_4EV/2022.2/firmware/EMC2_HDMI_out.runs/design_1_v_tpg_0_0_synth_1/prj/sol/.autopilot/db/v_tpg.cpp:1610]   --->   Operation 108 'load' 'rampVal_2_load' <Predicate = true> <Delay = 0.00>
ST_1 : Operation 109 [1/1] (0.00ns)   --->   "%vBarSel_1_load = load i1 %vBarSel_1" [/home/sundance/Emilie_Projects/git/EMC2/BSP_HDMI_out_TE0820_4EV/2022.2/firmware/EMC2_HDMI_out.runs/design_1_v_tpg_0_0_synth_1/prj/sol/.autopilot/db/v_tpg.cpp:1713]   --->   Operation 109 'load' 'vBarSel_1_load' <Predicate = true> <Delay = 0.00>
ST_1 : Operation 110 [1/1] (0.00ns)   --->   "%zext_ln1730 = zext i1 %vBarSel_1_load" [/home/sundance/Emilie_Projects/git/EMC2/BSP_HDMI_out_TE0820_4EV/2022.2/firmware/EMC2_HDMI_out.runs/design_1_v_tpg_0_0_synth_1/prj/sol/.autopilot/db/v_tpg.cpp:1730]   --->   Operation 110 'zext' 'zext_ln1730' <Predicate = true> <Delay = 0.00>
ST_1 : Operation 111 [1/1] (0.00ns)   --->   "%hBarSel_1_load = load i3 %hBarSel_1" [/home/sundance/Emilie_Projects/git/EMC2/BSP_HDMI_out_TE0820_4EV/2022.2/firmware/EMC2_HDMI_out.runs/design_1_v_tpg_0_0_synth_1/prj/sol/.autopilot/db/v_tpg.cpp:1730]   --->   Operation 111 'load' 'hBarSel_1_load' <Predicate = true> <Delay = 0.00>
ST_1 : Operation 112 [1/1] (0.00ns)   --->   "%zext_ln518 = zext i3 %hBarSel_1_load" [/home/sundance/Emilie_Projects/git/EMC2/BSP_HDMI_out_TE0820_4EV/2022.2/firmware/EMC2_HDMI_out.runs/design_1_v_tpg_0_0_synth_1/prj/sol/.autopilot/db/v_tpg.cpp:518]   --->   Operation 112 'zext' 'zext_ln518' <Predicate = true> <Delay = 0.00>
ST_1 : Operation 113 [1/1] (0.44ns)   --->   "%select_ln214 = select i1 %cmp2_i381, i8 %rampStart_load, i8 128"   --->   Operation 113 'select' 'select_ln214' <Predicate = true> <Delay = 0.44> <CoreInst = "Sel">   --->   Core 73 'Sel' <Latency = 0> <II = 1> <Delay = 0.44> <FuncUnit> <Opcode : 'select'> <InPorts = 3> <OutPorts = 1>
ST_1 : Operation 114 [1/1] (0.00ns)   --->   "%shl_ln = bitconcatenate i16 @_ssdm_op_BitConcatenate.i16.i8.i8, i8 %rampStart_load, i8 0" [/home/sundance/Emilie_Projects/git/EMC2/BSP_HDMI_out_TE0820_4EV/2022.2/firmware/EMC2_HDMI_out.runs/design_1_v_tpg_0_0_synth_1/prj/sol/.autopilot/db/v_tpg.cpp:1287]   --->   Operation 114 'bitconcatenate' 'shl_ln' <Predicate = true> <Delay = 0.00>
ST_1 : Operation 115 [1/1] (0.85ns)   --->   "%icmp_ln1217 = icmp_ne  i8 %colorFormatLocal, i8 0" [/home/sundance/Emilie_Projects/git/EMC2/BSP_HDMI_out_TE0820_4EV/2022.2/firmware/EMC2_HDMI_out.runs/design_1_v_tpg_0_0_synth_1/prj/sol/.autopilot/db/v_tpg.cpp:1217]   --->   Operation 115 'icmp' 'icmp_ln1217' <Predicate = true> <Delay = 0.85> <CoreInst = "Cmp">   --->   Core 9 'Cmp' <Latency = 0> <II = 1> <Delay = 0.85> <FuncUnit> <Opcode : 'icmp'> <InPorts = 2> <OutPorts = 1>
ST_1 : Operation 116 [1/1] (0.00ns)   --->   "%store_ln518 = store i16 %rampVal_1_load, i16 %rampVal_3_loc_0" [/home/sundance/Emilie_Projects/git/EMC2/BSP_HDMI_out_TE0820_4EV/2022.2/firmware/EMC2_HDMI_out.runs/design_1_v_tpg_0_0_synth_1/prj/sol/.autopilot/db/v_tpg.cpp:518]   --->   Operation 116 'store' 'store_ln518' <Predicate = true> <Delay = 0.00>
ST_1 : Operation 117 [1/1] (0.00ns)   --->   "%store_ln518 = store i16 %zext_ln1212, i16 %rampVal_loc_0" [/home/sundance/Emilie_Projects/git/EMC2/BSP_HDMI_out_TE0820_4EV/2022.2/firmware/EMC2_HDMI_out.runs/design_1_v_tpg_0_0_synth_1/prj/sol/.autopilot/db/v_tpg.cpp:518]   --->   Operation 117 'store' 'store_ln518' <Predicate = true> <Delay = 0.00>
ST_1 : Operation 118 [1/1] (0.00ns)   --->   "%store_ln518 = store i8 %hBarSel_2_load, i8 %hBarSel_4_loc_0" [/home/sundance/Emilie_Projects/git/EMC2/BSP_HDMI_out_TE0820_4EV/2022.2/firmware/EMC2_HDMI_out.runs/design_1_v_tpg_0_0_synth_1/prj/sol/.autopilot/db/v_tpg.cpp:518]   --->   Operation 118 'store' 'store_ln518' <Predicate = true> <Delay = 0.00>
ST_1 : Operation 119 [1/1] (0.00ns)   --->   "%store_ln518 = store i16 %zonePlateVAddr_load, i16 %zonePlateVAddr_loc_0" [/home/sundance/Emilie_Projects/git/EMC2/BSP_HDMI_out_TE0820_4EV/2022.2/firmware/EMC2_HDMI_out.runs/design_1_v_tpg_0_0_synth_1/prj/sol/.autopilot/db/v_tpg.cpp:518]   --->   Operation 119 'store' 'store_ln518' <Predicate = true> <Delay = 0.00>
ST_1 : Operation 120 [1/1] (0.00ns)   --->   "%store_ln518 = store i8 %zext_ln1367, i8 %vBarSel_loc_0" [/home/sundance/Emilie_Projects/git/EMC2/BSP_HDMI_out_TE0820_4EV/2022.2/firmware/EMC2_HDMI_out.runs/design_1_v_tpg_0_0_synth_1/prj/sol/.autopilot/db/v_tpg.cpp:518]   --->   Operation 120 'store' 'store_ln518' <Predicate = true> <Delay = 0.00>
ST_1 : Operation 121 [1/1] (0.00ns)   --->   "%store_ln518 = store i8 %zext_ln1493, i8 %hBarSel_loc_0" [/home/sundance/Emilie_Projects/git/EMC2/BSP_HDMI_out_TE0820_4EV/2022.2/firmware/EMC2_HDMI_out.runs/design_1_v_tpg_0_0_synth_1/prj/sol/.autopilot/db/v_tpg.cpp:518]   --->   Operation 121 'store' 'store_ln518' <Predicate = true> <Delay = 0.00>
ST_1 : Operation 122 [1/1] (0.00ns)   --->   "%store_ln518 = store i16 %hdata_load, i16 %hdata_loc_0" [/home/sundance/Emilie_Projects/git/EMC2/BSP_HDMI_out_TE0820_4EV/2022.2/firmware/EMC2_HDMI_out.runs/design_1_v_tpg_0_0_synth_1/prj/sol/.autopilot/db/v_tpg.cpp:518]   --->   Operation 122 'store' 'store_ln518' <Predicate = true> <Delay = 0.00>
ST_1 : Operation 123 [1/1] (0.00ns)   --->   "%store_ln518 = store i8 %vBarSel_2_load, i8 %vBarSel_2_loc_0" [/home/sundance/Emilie_Projects/git/EMC2/BSP_HDMI_out_TE0820_4EV/2022.2/firmware/EMC2_HDMI_out.runs/design_1_v_tpg_0_0_synth_1/prj/sol/.autopilot/db/v_tpg.cpp:518]   --->   Operation 123 'store' 'store_ln518' <Predicate = true> <Delay = 0.00>
ST_1 : Operation 124 [1/1] (0.00ns)   --->   "%store_ln518 = store i8 %zext_ln1610, i8 %hBarSel_3_loc_0" [/home/sundance/Emilie_Projects/git/EMC2/BSP_HDMI_out_TE0820_4EV/2022.2/firmware/EMC2_HDMI_out.runs/design_1_v_tpg_0_0_synth_1/prj/sol/.autopilot/db/v_tpg.cpp:518]   --->   Operation 124 'store' 'store_ln518' <Predicate = true> <Delay = 0.00>
ST_1 : Operation 125 [1/1] (0.00ns)   --->   "%store_ln518 = store i16 %rampVal_2_load, i16 %rampVal_2_loc_0" [/home/sundance/Emilie_Projects/git/EMC2/BSP_HDMI_out_TE0820_4EV/2022.2/firmware/EMC2_HDMI_out.runs/design_1_v_tpg_0_0_synth_1/prj/sol/.autopilot/db/v_tpg.cpp:518]   --->   Operation 125 'store' 'store_ln518' <Predicate = true> <Delay = 0.00>
ST_1 : Operation 126 [1/1] (0.00ns)   --->   "%store_ln518 = store i8 %zext_ln1730, i8 %vBarSel_3_loc_0" [/home/sundance/Emilie_Projects/git/EMC2/BSP_HDMI_out_TE0820_4EV/2022.2/firmware/EMC2_HDMI_out.runs/design_1_v_tpg_0_0_synth_1/prj/sol/.autopilot/db/v_tpg.cpp:518]   --->   Operation 126 'store' 'store_ln518' <Predicate = true> <Delay = 0.00>
ST_1 : Operation 127 [1/1] (0.00ns)   --->   "%store_ln518 = store i8 %zext_ln518, i8 %hBarSel_5_loc_0" [/home/sundance/Emilie_Projects/git/EMC2/BSP_HDMI_out_TE0820_4EV/2022.2/firmware/EMC2_HDMI_out.runs/design_1_v_tpg_0_0_synth_1/prj/sol/.autopilot/db/v_tpg.cpp:518]   --->   Operation 127 'store' 'store_ln518' <Predicate = true> <Delay = 0.00>
ST_1 : Operation 128 [1/1] (0.48ns)   --->   "%store_ln518 = store i16 0, i16 %y" [/home/sundance/Emilie_Projects/git/EMC2/BSP_HDMI_out_TE0820_4EV/2022.2/firmware/EMC2_HDMI_out.runs/design_1_v_tpg_0_0_synth_1/prj/sol/.autopilot/db/v_tpg.cpp:518]   --->   Operation 128 'store' 'store_ln518' <Predicate = true> <Delay = 0.48>
ST_1 : Operation 129 [1/1] (0.48ns)   --->   "%br_ln518 = br void %VITIS_LOOP_520_2" [/home/sundance/Emilie_Projects/git/EMC2/BSP_HDMI_out_TE0820_4EV/2022.2/firmware/EMC2_HDMI_out.runs/design_1_v_tpg_0_0_synth_1/prj/sol/.autopilot/db/v_tpg.cpp:518]   --->   Operation 129 'br' 'br_ln518' <Predicate = true> <Delay = 0.48>

State 2 <SV = 1> <Delay = 1.50>
ST_2 : Operation 130 [1/1] (0.00ns)   --->   "%rampVal_3_flag_0 = phi i1 0, void %entry, i1 %rampVal_3_flag_1_loc_load, void %VITIS_LOOP_520_2.split"   --->   Operation 130 'phi' 'rampVal_3_flag_0' <Predicate = true> <Delay = 0.00>
ST_2 : Operation 131 [1/1] (0.00ns)   --->   "%hdata_flag_0 = phi i1 0, void %entry, i1 %hdata_flag_1_loc_load, void %VITIS_LOOP_520_2.split"   --->   Operation 131 'phi' 'hdata_flag_0' <Predicate = true> <Delay = 0.00>
ST_2 : Operation 132 [1/1] (0.00ns)   --->   "%rampVal_2_flag_0 = phi i1 0, void %entry, i1 %rampVal_2_flag_1_loc_load, void %VITIS_LOOP_520_2.split"   --->   Operation 132 'phi' 'rampVal_2_flag_0' <Predicate = true> <Delay = 0.00>
ST_2 : Operation 133 [1/1] (0.00ns)   --->   "%y_3 = load i16 %y" [/home/sundance/Emilie_Projects/git/EMC2/BSP_HDMI_out_TE0820_4EV/2022.2/firmware/EMC2_HDMI_out.runs/design_1_v_tpg_0_0_synth_1/prj/sol/.autopilot/db/v_tpg.cpp:691]   --->   Operation 133 'load' 'y_3' <Predicate = true> <Delay = 0.00>
ST_2 : Operation 134 [1/1] (0.00ns)   --->   "%trunc_ln518 = trunc i16 %y_3" [/home/sundance/Emilie_Projects/git/EMC2/BSP_HDMI_out_TE0820_4EV/2022.2/firmware/EMC2_HDMI_out.runs/design_1_v_tpg_0_0_synth_1/prj/sol/.autopilot/db/v_tpg.cpp:518]   --->   Operation 134 'trunc' 'trunc_ln518' <Predicate = true> <Delay = 0.00>
ST_2 : Operation 135 [1/1] (0.86ns)   --->   "%icmp_ln518 = icmp_eq  i16 %y_3, i16 %loopHeight" [/home/sundance/Emilie_Projects/git/EMC2/BSP_HDMI_out_TE0820_4EV/2022.2/firmware/EMC2_HDMI_out.runs/design_1_v_tpg_0_0_synth_1/prj/sol/.autopilot/db/v_tpg.cpp:518]   --->   Operation 135 'icmp' 'icmp_ln518' <Predicate = true> <Delay = 0.86> <CoreInst = "Cmp">   --->   Core 9 'Cmp' <Latency = 0> <II = 1> <Delay = 0.86> <FuncUnit> <Opcode : 'icmp'> <InPorts = 2> <OutPorts = 1>
ST_2 : Operation 136 [1/1] (0.00ns)   --->   "%speclooptripcount_ln0 = speclooptripcount void @_ssdm_op_SpecLoopTripCount, i64 0, i64 65535, i64 0"   --->   Operation 136 'speclooptripcount' 'speclooptripcount_ln0' <Predicate = true> <Delay = 0.00>
ST_2 : Operation 137 [1/1] (1.01ns)   --->   "%add_ln518 = add i16 %y_3, i16 1" [/home/sundance/Emilie_Projects/git/EMC2/BSP_HDMI_out_TE0820_4EV/2022.2/firmware/EMC2_HDMI_out.runs/design_1_v_tpg_0_0_synth_1/prj/sol/.autopilot/db/v_tpg.cpp:518]   --->   Operation 137 'add' 'add_ln518' <Predicate = true> <Delay = 1.01> <CoreInst = "Adder">   --->   Core 1 'Adder' <Latency = 0> <II = 1> <Delay = 1.01> <FuncUnit> <Opcode : 'add' 'sub'> <InPorts = 2> <OutPorts = 1>
ST_2 : Operation 138 [1/1] (0.00ns)   --->   "%br_ln518 = br i1 %icmp_ln518, void %VITIS_LOOP_520_2.split, void %for.end105.loopexit" [/home/sundance/Emilie_Projects/git/EMC2/BSP_HDMI_out_TE0820_4EV/2022.2/firmware/EMC2_HDMI_out.runs/design_1_v_tpg_0_0_synth_1/prj/sol/.autopilot/db/v_tpg.cpp:518]   --->   Operation 138 'br' 'br_ln518' <Predicate = true> <Delay = 0.00>
ST_2 : Operation 139 [1/1] (0.00ns)   --->   "%outpix_val_V_6_load = load i8 %outpix_val_V_6"   --->   Operation 139 'load' 'outpix_val_V_6_load' <Predicate = (!icmp_ln518)> <Delay = 0.00>
ST_2 : Operation 140 [1/1] (0.00ns)   --->   "%outpix_val_V_7_load = load i8 %outpix_val_V_7"   --->   Operation 140 'load' 'outpix_val_V_7_load' <Predicate = (!icmp_ln518)> <Delay = 0.00>
ST_2 : Operation 141 [1/1] (0.00ns)   --->   "%outpix_val_V_8_load = load i8 %outpix_val_V_8"   --->   Operation 141 'load' 'outpix_val_V_8_load' <Predicate = (!icmp_ln518)> <Delay = 0.00>
ST_2 : Operation 142 [1/1] (0.86ns)   --->   "%ult = icmp_ult  i16 %y_3, i16 %passthruEndY_read" [/home/sundance/Emilie_Projects/git/EMC2/BSP_HDMI_out_TE0820_4EV/2022.2/firmware/EMC2_HDMI_out.runs/design_1_v_tpg_0_0_synth_1/prj/sol/.autopilot/db/v_tpg.cpp:691]   --->   Operation 142 'icmp' 'ult' <Predicate = (!icmp_ln518)> <Delay = 0.86> <CoreInst = "Cmp">   --->   Core 9 'Cmp' <Latency = 0> <II = 1> <Delay = 0.86> <FuncUnit> <Opcode : 'icmp'> <InPorts = 2> <OutPorts = 1>
ST_2 : Operation 143 [1/1] (0.86ns)   --->   "%icmp_ln691 = icmp_ult  i16 %y_3, i16 %passthruStartY_read" [/home/sundance/Emilie_Projects/git/EMC2/BSP_HDMI_out_TE0820_4EV/2022.2/firmware/EMC2_HDMI_out.runs/design_1_v_tpg_0_0_synth_1/prj/sol/.autopilot/db/v_tpg.cpp:691]   --->   Operation 143 'icmp' 'icmp_ln691' <Predicate = (!icmp_ln518)> <Delay = 0.86> <CoreInst = "Cmp">   --->   Core 9 'Cmp' <Latency = 0> <II = 1> <Delay = 0.86> <FuncUnit> <Opcode : 'icmp'> <InPorts = 2> <OutPorts = 1>
ST_2 : Operation 144 [1/1] (0.00ns)   --->   "%zext_ln1404 = zext i16 %y_3" [/home/sundance/Emilie_Projects/git/EMC2/BSP_HDMI_out_TE0820_4EV/2022.2/firmware/EMC2_HDMI_out.runs/design_1_v_tpg_0_0_synth_1/prj/sol/.autopilot/db/v_tpg.cpp:1404]   --->   Operation 144 'zext' 'zext_ln1404' <Predicate = (!icmp_ln518)> <Delay = 0.00>
ST_2 : Operation 145 [1/1] (0.88ns)   --->   "%icmp_ln1404_1 = icmp_eq  i17 %add_ln1404, i17 %zext_ln1404" [/home/sundance/Emilie_Projects/git/EMC2/BSP_HDMI_out_TE0820_4EV/2022.2/firmware/EMC2_HDMI_out.runs/design_1_v_tpg_0_0_synth_1/prj/sol/.autopilot/db/v_tpg.cpp:1404]   --->   Operation 145 'icmp' 'icmp_ln1404_1' <Predicate = (!icmp_ln518)> <Delay = 0.88> <CoreInst = "Cmp">   --->   Core 9 'Cmp' <Latency = 0> <II = 1> <Delay = 0.88> <FuncUnit> <Opcode : 'icmp'> <InPorts = 2> <OutPorts = 1>
ST_2 : Operation 146 [1/1] (0.00ns)   --->   "%empty_82 = wait i32 @_ssdm_op_Wait"   --->   Operation 146 'wait' 'empty_82' <Predicate = (!icmp_ln518)> <Delay = 0.00>
ST_2 : Operation 147 [1/1] (0.48ns)   --->   "%store_ln518 = store i16 %add_ln518, i16 %y" [/home/sundance/Emilie_Projects/git/EMC2/BSP_HDMI_out_TE0820_4EV/2022.2/firmware/EMC2_HDMI_out.runs/design_1_v_tpg_0_0_synth_1/prj/sol/.autopilot/db/v_tpg.cpp:518]   --->   Operation 147 'store' 'store_ln518' <Predicate = (!icmp_ln518)> <Delay = 0.48>
ST_2 : Operation 148 [1/1] (0.00ns)   --->   "%motionSpeed_read = read i8 @_ssdm_op_Read.ap_auto.i8P0A, i8 %motionSpeed" [/home/sundance/Emilie_Projects/git/EMC2/BSP_HDMI_out_TE0820_4EV/2022.2/firmware/EMC2_HDMI_out.runs/design_1_v_tpg_0_0_synth_1/prj/sol/.autopilot/db/v_tpg.cpp:705]   --->   Operation 148 'read' 'motionSpeed_read' <Predicate = (icmp_ln518)> <Delay = 0.00>
ST_2 : Operation 149 [1/1] (0.90ns)   --->   "%add_ln705 = add i8 %motionSpeed_read, i8 %rampStart_load" [/home/sundance/Emilie_Projects/git/EMC2/BSP_HDMI_out_TE0820_4EV/2022.2/firmware/EMC2_HDMI_out.runs/design_1_v_tpg_0_0_synth_1/prj/sol/.autopilot/db/v_tpg.cpp:705]   --->   Operation 149 'add' 'add_ln705' <Predicate = (icmp_ln518)> <Delay = 0.90> <CoreInst = "Adder">   --->   Core 1 'Adder' <Latency = 0> <II = 1> <Delay = 0.90> <FuncUnit> <Opcode : 'add' 'sub'> <InPorts = 2> <OutPorts = 1>
ST_2 : Operation 150 [1/1] (0.00ns)   --->   "%store_ln705 = store i8 %add_ln705, i8 %rampStart" [/home/sundance/Emilie_Projects/git/EMC2/BSP_HDMI_out_TE0820_4EV/2022.2/firmware/EMC2_HDMI_out.runs/design_1_v_tpg_0_0_synth_1/prj/sol/.autopilot/db/v_tpg.cpp:705]   --->   Operation 150 'store' 'store_ln705' <Predicate = (icmp_ln518)> <Delay = 0.00>
ST_2 : Operation 151 [1/1] (0.00ns)   --->   "%br_ln0 = br i1 %rampVal_2_flag_0, void %for.end105.loopexit.new13, void %mergeST12"   --->   Operation 151 'br' 'br_ln0' <Predicate = (icmp_ln518)> <Delay = 0.00>
ST_2 : Operation 152 [1/1] (0.00ns)   --->   "%rampVal_2_new_0_load = load i16 %rampVal_2_new_0" [/home/sundance/Emilie_Projects/git/EMC2/BSP_HDMI_out_TE0820_4EV/2022.2/firmware/EMC2_HDMI_out.runs/design_1_v_tpg_0_0_synth_1/prj/sol/.autopilot/db/v_tpg.cpp:1585]   --->   Operation 152 'load' 'rampVal_2_new_0_load' <Predicate = (icmp_ln518 & rampVal_2_flag_0)> <Delay = 0.00>
ST_2 : Operation 153 [1/1] (0.00ns)   --->   "%store_ln1585 = store i16 %rampVal_2_new_0_load, i16 %rampVal_2" [/home/sundance/Emilie_Projects/git/EMC2/BSP_HDMI_out_TE0820_4EV/2022.2/firmware/EMC2_HDMI_out.runs/design_1_v_tpg_0_0_synth_1/prj/sol/.autopilot/db/v_tpg.cpp:1585]   --->   Operation 153 'store' 'store_ln1585' <Predicate = (icmp_ln518 & rampVal_2_flag_0)> <Delay = 0.00>
ST_2 : Operation 154 [1/1] (0.00ns)   --->   "%br_ln0 = br void %for.end105.loopexit.new13"   --->   Operation 154 'br' 'br_ln0' <Predicate = (icmp_ln518 & rampVal_2_flag_0)> <Delay = 0.00>
ST_2 : Operation 155 [1/1] (0.00ns)   --->   "%br_ln0 = br i1 %hdata_flag_0, void %for.end105.loopexit.new11, void %mergeST10"   --->   Operation 155 'br' 'br_ln0' <Predicate = (icmp_ln518)> <Delay = 0.00>
ST_2 : Operation 156 [1/1] (0.00ns)   --->   "%hdata_new_0_load = load i16 %hdata_new_0" [/home/sundance/Emilie_Projects/git/EMC2/BSP_HDMI_out_TE0820_4EV/2022.2/firmware/EMC2_HDMI_out.runs/design_1_v_tpg_0_0_synth_1/prj/sol/.autopilot/db/v_tpg.cpp:1488]   --->   Operation 156 'load' 'hdata_new_0_load' <Predicate = (icmp_ln518 & hdata_flag_0)> <Delay = 0.00>
ST_2 : Operation 157 [1/1] (0.00ns)   --->   "%store_ln1488 = store i16 %hdata_new_0_load, i16 %hdata" [/home/sundance/Emilie_Projects/git/EMC2/BSP_HDMI_out_TE0820_4EV/2022.2/firmware/EMC2_HDMI_out.runs/design_1_v_tpg_0_0_synth_1/prj/sol/.autopilot/db/v_tpg.cpp:1488]   --->   Operation 157 'store' 'store_ln1488' <Predicate = (icmp_ln518 & hdata_flag_0)> <Delay = 0.00>
ST_2 : Operation 158 [1/1] (0.00ns)   --->   "%br_ln0 = br void %for.end105.loopexit.new11"   --->   Operation 158 'br' 'br_ln0' <Predicate = (icmp_ln518 & hdata_flag_0)> <Delay = 0.00>
ST_2 : Operation 159 [1/1] (0.00ns)   --->   "%br_ln0 = br i1 %rampVal_3_flag_0, void %for.end105.loopexit.new, void %mergeST"   --->   Operation 159 'br' 'br_ln0' <Predicate = (icmp_ln518)> <Delay = 0.00>
ST_2 : Operation 160 [1/1] (0.00ns)   --->   "%rampVal_3_new_0_load = load i16 %rampVal_3_new_0" [/home/sundance/Emilie_Projects/git/EMC2/BSP_HDMI_out_TE0820_4EV/2022.2/firmware/EMC2_HDMI_out.runs/design_1_v_tpg_0_0_synth_1/prj/sol/.autopilot/db/v_tpg.cpp:1028]   --->   Operation 160 'load' 'rampVal_3_new_0_load' <Predicate = (icmp_ln518 & rampVal_3_flag_0)> <Delay = 0.00>
ST_2 : Operation 161 [1/1] (0.00ns)   --->   "%store_ln1028 = store i16 %rampVal_3_new_0_load, i16 %rampVal_1" [/home/sundance/Emilie_Projects/git/EMC2/BSP_HDMI_out_TE0820_4EV/2022.2/firmware/EMC2_HDMI_out.runs/design_1_v_tpg_0_0_synth_1/prj/sol/.autopilot/db/v_tpg.cpp:1028]   --->   Operation 161 'store' 'store_ln1028' <Predicate = (icmp_ln518 & rampVal_3_flag_0)> <Delay = 0.00>
ST_2 : Operation 162 [1/1] (0.00ns)   --->   "%br_ln0 = br void %for.end105.loopexit.new"   --->   Operation 162 'br' 'br_ln0' <Predicate = (icmp_ln518 & rampVal_3_flag_0)> <Delay = 0.00>
ST_2 : Operation 163 [1/1] (0.00ns)   --->   "%ret_ln706 = ret" [/home/sundance/Emilie_Projects/git/EMC2/BSP_HDMI_out_TE0820_4EV/2022.2/firmware/EMC2_HDMI_out.runs/design_1_v_tpg_0_0_synth_1/prj/sol/.autopilot/db/v_tpg.cpp:706]   --->   Operation 163 'ret' 'ret_ln706' <Predicate = (icmp_ln518)> <Delay = 0.00>

State 3 <SV = 2> <Delay = 2.33>
ST_3 : Operation 164 [1/1] (0.33ns)   --->   "%rev357 = xor i1 %ult, i1 1" [/home/sundance/Emilie_Projects/git/EMC2/BSP_HDMI_out_TE0820_4EV/2022.2/firmware/EMC2_HDMI_out.runs/design_1_v_tpg_0_0_synth_1/prj/sol/.autopilot/db/v_tpg.cpp:691]   --->   Operation 164 'xor' 'rev357' <Predicate = true> <Delay = 0.33> <CoreInst = "LogicGate">   --->   Core 74 'LogicGate' <Latency = 0> <II = 1> <Delay = 0.33> <FuncUnit> <Opcode : 'and' 'or' 'xor'> <InPorts = 2> <OutPorts = 1>
ST_3 : Operation 165 [1/1] (0.86ns)   --->   "%cmp12_i = icmp_ne  i16 %y_3, i16 0" [/home/sundance/Emilie_Projects/git/EMC2/BSP_HDMI_out_TE0820_4EV/2022.2/firmware/EMC2_HDMI_out.runs/design_1_v_tpg_0_0_synth_1/prj/sol/.autopilot/db/v_tpg.cpp:691]   --->   Operation 165 'icmp' 'cmp12_i' <Predicate = true> <Delay = 0.86> <CoreInst = "Cmp">   --->   Core 9 'Cmp' <Latency = 0> <II = 1> <Delay = 0.86> <FuncUnit> <Opcode : 'icmp'> <InPorts = 2> <OutPorts = 1>
ST_3 : Operation 166 [1/1] (0.00ns)   --->   "%Sel = partselect i2 @_ssdm_op_PartSelect.i2.i16.i32.i32, i16 %y_3, i32 6, i32 7" [/home/sundance/Emilie_Projects/git/EMC2/BSP_HDMI_out_TE0820_4EV/2022.2/firmware/EMC2_HDMI_out.runs/design_1_v_tpg_0_0_synth_1/prj/sol/.autopilot/db/v_tpg.cpp:691]   --->   Operation 166 'partselect' 'Sel' <Predicate = true> <Delay = 0.00>
ST_3 : Operation 167 [1/1] (0.33ns)   --->   "%xor_ln691 = xor i1 %icmp_ln691, i1 1" [/home/sundance/Emilie_Projects/git/EMC2/BSP_HDMI_out_TE0820_4EV/2022.2/firmware/EMC2_HDMI_out.runs/design_1_v_tpg_0_0_synth_1/prj/sol/.autopilot/db/v_tpg.cpp:691]   --->   Operation 167 'xor' 'xor_ln691' <Predicate = true> <Delay = 0.33> <CoreInst = "LogicGate">   --->   Core 74 'LogicGate' <Latency = 0> <II = 1> <Delay = 0.33> <FuncUnit> <Opcode : 'and' 'or' 'xor'> <InPorts = 2> <OutPorts = 1>
ST_3 : Operation 168 [1/1] (0.86ns)   --->   "%icmp_ln1404 = icmp_eq  i16 %y_3, i16 0" [/home/sundance/Emilie_Projects/git/EMC2/BSP_HDMI_out_TE0820_4EV/2022.2/firmware/EMC2_HDMI_out.runs/design_1_v_tpg_0_0_synth_1/prj/sol/.autopilot/db/v_tpg.cpp:1404]   --->   Operation 168 'icmp' 'icmp_ln1404' <Predicate = true> <Delay = 0.86> <CoreInst = "Cmp">   --->   Core 9 'Cmp' <Latency = 0> <II = 1> <Delay = 0.86> <FuncUnit> <Opcode : 'icmp'> <InPorts = 2> <OutPorts = 1>
ST_3 : Operation 169 [1/1] (0.90ns)   --->   "%add_ln1488 = add i8 %rampStart_load, i8 %trunc_ln518" [/home/sundance/Emilie_Projects/git/EMC2/BSP_HDMI_out_TE0820_4EV/2022.2/firmware/EMC2_HDMI_out.runs/design_1_v_tpg_0_0_synth_1/prj/sol/.autopilot/db/v_tpg.cpp:1488]   --->   Operation 169 'add' 'add_ln1488' <Predicate = true> <Delay = 0.90> <CoreInst = "Adder">   --->   Core 1 'Adder' <Latency = 0> <II = 1> <Delay = 0.90> <FuncUnit> <Opcode : 'add' 'sub'> <InPorts = 2> <OutPorts = 1>
ST_3 : Operation 170 [1/1] (0.51ns)   --->   "%icmp_ln1592 = icmp_eq  i2 %Sel, i2 1" [/home/sundance/Emilie_Projects/git/EMC2/BSP_HDMI_out_TE0820_4EV/2022.2/firmware/EMC2_HDMI_out.runs/design_1_v_tpg_0_0_synth_1/prj/sol/.autopilot/db/v_tpg.cpp:1592]   --->   Operation 170 'icmp' 'icmp_ln1592' <Predicate = true> <Delay = 0.51> <CoreInst = "Cmp">   --->   Core 9 'Cmp' <Latency = 0> <II = 1> <Delay = 0.51> <FuncUnit> <Opcode : 'icmp'> <InPorts = 2> <OutPorts = 1>
ST_3 : Operation 171 [1/1] (0.51ns)   --->   "%icmp_ln1592_1 = icmp_eq  i2 %Sel, i2 2" [/home/sundance/Emilie_Projects/git/EMC2/BSP_HDMI_out_TE0820_4EV/2022.2/firmware/EMC2_HDMI_out.runs/design_1_v_tpg_0_0_synth_1/prj/sol/.autopilot/db/v_tpg.cpp:1592]   --->   Operation 171 'icmp' 'icmp_ln1592_1' <Predicate = true> <Delay = 0.51> <CoreInst = "Cmp">   --->   Core 9 'Cmp' <Latency = 0> <II = 1> <Delay = 0.51> <FuncUnit> <Opcode : 'icmp'> <InPorts = 2> <OutPorts = 1>
ST_3 : Operation 172 [1/1] (0.33ns)   --->   "%or_ln1592 = or i1 %icmp_ln1592, i1 %icmp_ln1592_1" [/home/sundance/Emilie_Projects/git/EMC2/BSP_HDMI_out_TE0820_4EV/2022.2/firmware/EMC2_HDMI_out.runs/design_1_v_tpg_0_0_synth_1/prj/sol/.autopilot/db/v_tpg.cpp:1592]   --->   Operation 172 'or' 'or_ln1592' <Predicate = true> <Delay = 0.33> <CoreInst = "LogicGate">   --->   Core 74 'LogicGate' <Latency = 0> <II = 1> <Delay = 0.33> <FuncUnit> <Opcode : 'and' 'or' 'xor'> <InPorts = 2> <OutPorts = 1>
ST_3 : Operation 173 [1/1] (0.51ns)   --->   "%icmp_ln1592_2 = icmp_eq  i2 %Sel, i2 0" [/home/sundance/Emilie_Projects/git/EMC2/BSP_HDMI_out_TE0820_4EV/2022.2/firmware/EMC2_HDMI_out.runs/design_1_v_tpg_0_0_synth_1/prj/sol/.autopilot/db/v_tpg.cpp:1592]   --->   Operation 173 'icmp' 'icmp_ln1592_2' <Predicate = true> <Delay = 0.51> <CoreInst = "Cmp">   --->   Core 9 'Cmp' <Latency = 0> <II = 1> <Delay = 0.51> <FuncUnit> <Opcode : 'icmp'> <InPorts = 2> <OutPorts = 1>
ST_3 : Operation 174 [1/1] (0.33ns)   --->   "%or_ln1592_1 = or i1 %icmp_ln1592_2, i1 %icmp_ln1592_1" [/home/sundance/Emilie_Projects/git/EMC2/BSP_HDMI_out_TE0820_4EV/2022.2/firmware/EMC2_HDMI_out.runs/design_1_v_tpg_0_0_synth_1/prj/sol/.autopilot/db/v_tpg.cpp:1592]   --->   Operation 174 'or' 'or_ln1592_1' <Predicate = true> <Delay = 0.33> <CoreInst = "LogicGate">   --->   Core 74 'LogicGate' <Latency = 0> <II = 1> <Delay = 0.33> <FuncUnit> <Opcode : 'and' 'or' 'xor'> <InPorts = 2> <OutPorts = 1>
ST_3 : Operation 175 [1/1] (0.33ns)   --->   "%or_ln1592_2 = or i1 %icmp_ln1592_2, i1 %icmp_ln1592" [/home/sundance/Emilie_Projects/git/EMC2/BSP_HDMI_out_TE0820_4EV/2022.2/firmware/EMC2_HDMI_out.runs/design_1_v_tpg_0_0_synth_1/prj/sol/.autopilot/db/v_tpg.cpp:1592]   --->   Operation 175 'or' 'or_ln1592_2' <Predicate = true> <Delay = 0.33> <CoreInst = "LogicGate">   --->   Core 74 'LogicGate' <Latency = 0> <II = 1> <Delay = 0.33> <FuncUnit> <Opcode : 'and' 'or' 'xor'> <InPorts = 2> <OutPorts = 1>
ST_3 : Operation 176 [2/2] (1.42ns)   --->   "%call_ln506 = call void @tpgBackground_Pipeline_VITIS_LOOP_520_2, i1 %rampVal_3_flag_0, i1 %hdata_flag_0, i1 %rampVal_2_flag_0, i8 %outpix_val_V_8_load, i8 %outpix_val_V_7_load, i8 %outpix_val_V_6_load, i16 %loopWidth, i24 %bckgndYUV, i8 %pix_val_V_14, i8 %pix_val_V, i8 %outpix_val_V_3, i5 %select_ln507, i1 %outpix_val_V_1, i8 %select_ln214, i3 %select_ln507_1_cast_cast, i8 %outpix_val_V_2, i8 %outpix_val_V, i8 %rampStart_load, i1 %cmp8, i8 %bckgndId_read, i16 %ZplateHorContStart_read, i24 %srcYUV, i1 %cmp2_i381, i8 %rampStart_load, i16 %y_3, i8 %colorFormatLocal, i1 %cmp141_i, i1 %icmp_ln1217, i11 %barWidth, i11 %barWidth, i16 %shl_ln, i16 %ZplateHorContDelta_read, i16 %ZplateVerContStart_read, i1 %cmp12_i, i16 %ZplateVerContDelta_read, i11 %sub_i_i_i, i10 %barWidthMinSamples, i1 %icmp_ln1404_1, i1 %icmp_ln1404, i17 %sub40_i, i8 %add_ln1488, i1 %icmp, i1 %or_ln1592, i1 %or_ln1592_1, i1 %or_ln1592_2, i1 %cmp59_i, i1 %cmp126_i, i16 %passthruStartX_read, i16 %passthruEndX_read, i1 %xor_ln691, i1 %rev357, i1 %rampVal_3_flag_1_loc, i16 %rampVal_3_new_0, i16 %rampVal_3_loc_0, i16 %rampVal_loc_0, i8 %hBarSel_4_loc_0, i16 %zonePlateVAddr_loc_0, i8 %vBarSel_loc_0, i8 %hBarSel_loc_0, i1 %hdata_flag_1_loc, i16 %hdata_new_0, i16 %hdata_loc_0, i8 %vBarSel_2_loc_0, i8 %hBarSel_3_loc_0, i1 %rampVal_2_flag_1_loc, i16 %rampVal_2_new_0, i16 %rampVal_2_loc_0, i8 %vBarSel_3_loc_0, i8 %hBarSel_5_loc_0, i8 %outpix_val_V_8, i8 %outpix_val_V_7, i8 %outpix_val_V_6, i8 %p_0_2_0_0_0133364_lcssa373, i8 %p_0_1_0_0_0131362_lcssa370, i8 %p_0_0_0_0_0129360_lcssa367, i8 %rampVal, i8 %redYuv, i8 %grnYuv, i8 %bluYuv, i8 %blkYuv, i8 %whiYuv, i2 %tpgBarSelRgb_r, i8 %tpgBarSelYuv_y, i2 %tpgBarSelRgb_g, i8 %tpgBarSelYuv_u, i8 %tpgBarSelYuv_v, i8 %hBarSel_2, i11 %xBar_V, i32 %s, i2 %tpgBarSelRgb_b, i20 %tpgSinTableArray, i16 %zonePlateVAddr, i16 %zonePlateVDelta, i3 %tpgTartanBarArray, i3 %hBarSel, i10 %xCount_V, i10 %yCount_V, i3 %vBarSel, i10 %xCount_V_2, i1 %vHatch, i10 %yCount_V_2, i8 %whiYuv_1, i8 %blkYuv_1, i8 %tpgSinTableArray_9bit_0, i8 %tpgSinTableArray_9bit_1, i9 %tpgSinTableArray_9bit_2, i8 %tpgSinTableArray_9bit_3, i8 %tpgSinTableArray_9bit_4, i2 %tpgCheckerBoardArray, i3 %hBarSel_3, i10 %xCount_V_3, i10 %yCount_V_3, i8 %vBarSel_2, i28 %rSerie_V, i28 %gSerie_V, i28 %bSerie_V, i2 %DPtpgBarSelRgb_VESA_r, i2 %DPtpgBarSelRgb_VESA_g, i2 %DPtpgBarSelRgb_VESA_b, i3 %DPtpgBarArray, i3 %hBarSel_1, i10 %xCount_V_1, i6 %yCount_V_1, i1 %vBarSel_1, i6 %DPtpgBarSelRgb_CEA_r, i6 %DPtpgBarSelRgb_CEA_g, i6 %DPtpgBarSelRgb_CEA_b, i8 %DPtpgBarSelYuv_601_y, i8 %DPtpgBarSelYuv_601_v, i8 %DPtpgBarSelYuv_601_u, i8 %DPtpgBarSelYuv_709_y, i8 %DPtpgBarSelYuv_709_v, i8 %DPtpgBarSelYuv_709_u" [/home/sundance/Emilie_Projects/git/EMC2/BSP_HDMI_out_TE0820_4EV/2022.2/firmware/EMC2_HDMI_out.runs/design_1_v_tpg_0_0_synth_1/prj/sol/.autopilot/db/v_tpg.cpp:506]   --->   Operation 176 'call' 'call_ln506' <Predicate = true> <Delay = 1.42> <CoreType = "Generic">   --->   Core 0 '' <Latency = 0> <II = 1> <Delay = 1.00> <Generic> <Opcode : >

State 4 <SV = 3> <Delay = 0.00>
ST_4 : Operation 177 [1/2] (0.00ns)   --->   "%call_ln506 = call void @tpgBackground_Pipeline_VITIS_LOOP_520_2, i1 %rampVal_3_flag_0, i1 %hdata_flag_0, i1 %rampVal_2_flag_0, i8 %outpix_val_V_8_load, i8 %outpix_val_V_7_load, i8 %outpix_val_V_6_load, i16 %loopWidth, i24 %bckgndYUV, i8 %pix_val_V_14, i8 %pix_val_V, i8 %outpix_val_V_3, i5 %select_ln507, i1 %outpix_val_V_1, i8 %select_ln214, i3 %select_ln507_1_cast_cast, i8 %outpix_val_V_2, i8 %outpix_val_V, i8 %rampStart_load, i1 %cmp8, i8 %bckgndId_read, i16 %ZplateHorContStart_read, i24 %srcYUV, i1 %cmp2_i381, i8 %rampStart_load, i16 %y_3, i8 %colorFormatLocal, i1 %cmp141_i, i1 %icmp_ln1217, i11 %barWidth, i11 %barWidth, i16 %shl_ln, i16 %ZplateHorContDelta_read, i16 %ZplateVerContStart_read, i1 %cmp12_i, i16 %ZplateVerContDelta_read, i11 %sub_i_i_i, i10 %barWidthMinSamples, i1 %icmp_ln1404_1, i1 %icmp_ln1404, i17 %sub40_i, i8 %add_ln1488, i1 %icmp, i1 %or_ln1592, i1 %or_ln1592_1, i1 %or_ln1592_2, i1 %cmp59_i, i1 %cmp126_i, i16 %passthruStartX_read, i16 %passthruEndX_read, i1 %xor_ln691, i1 %rev357, i1 %rampVal_3_flag_1_loc, i16 %rampVal_3_new_0, i16 %rampVal_3_loc_0, i16 %rampVal_loc_0, i8 %hBarSel_4_loc_0, i16 %zonePlateVAddr_loc_0, i8 %vBarSel_loc_0, i8 %hBarSel_loc_0, i1 %hdata_flag_1_loc, i16 %hdata_new_0, i16 %hdata_loc_0, i8 %vBarSel_2_loc_0, i8 %hBarSel_3_loc_0, i1 %rampVal_2_flag_1_loc, i16 %rampVal_2_new_0, i16 %rampVal_2_loc_0, i8 %vBarSel_3_loc_0, i8 %hBarSel_5_loc_0, i8 %outpix_val_V_8, i8 %outpix_val_V_7, i8 %outpix_val_V_6, i8 %p_0_2_0_0_0133364_lcssa373, i8 %p_0_1_0_0_0131362_lcssa370, i8 %p_0_0_0_0_0129360_lcssa367, i8 %rampVal, i8 %redYuv, i8 %grnYuv, i8 %bluYuv, i8 %blkYuv, i8 %whiYuv, i2 %tpgBarSelRgb_r, i8 %tpgBarSelYuv_y, i2 %tpgBarSelRgb_g, i8 %tpgBarSelYuv_u, i8 %tpgBarSelYuv_v, i8 %hBarSel_2, i11 %xBar_V, i32 %s, i2 %tpgBarSelRgb_b, i20 %tpgSinTableArray, i16 %zonePlateVAddr, i16 %zonePlateVDelta, i3 %tpgTartanBarArray, i3 %hBarSel, i10 %xCount_V, i10 %yCount_V, i3 %vBarSel, i10 %xCount_V_2, i1 %vHatch, i10 %yCount_V_2, i8 %whiYuv_1, i8 %blkYuv_1, i8 %tpgSinTableArray_9bit_0, i8 %tpgSinTableArray_9bit_1, i9 %tpgSinTableArray_9bit_2, i8 %tpgSinTableArray_9bit_3, i8 %tpgSinTableArray_9bit_4, i2 %tpgCheckerBoardArray, i3 %hBarSel_3, i10 %xCount_V_3, i10 %yCount_V_3, i8 %vBarSel_2, i28 %rSerie_V, i28 %gSerie_V, i28 %bSerie_V, i2 %DPtpgBarSelRgb_VESA_r, i2 %DPtpgBarSelRgb_VESA_g, i2 %DPtpgBarSelRgb_VESA_b, i3 %DPtpgBarArray, i3 %hBarSel_1, i10 %xCount_V_1, i6 %yCount_V_1, i1 %vBarSel_1, i6 %DPtpgBarSelRgb_CEA_r, i6 %DPtpgBarSelRgb_CEA_g, i6 %DPtpgBarSelRgb_CEA_b, i8 %DPtpgBarSelYuv_601_y, i8 %DPtpgBarSelYuv_601_v, i8 %DPtpgBarSelYuv_601_u, i8 %DPtpgBarSelYuv_709_y, i8 %DPtpgBarSelYuv_709_v, i8 %DPtpgBarSelYuv_709_u" [/home/sundance/Emilie_Projects/git/EMC2/BSP_HDMI_out_TE0820_4EV/2022.2/firmware/EMC2_HDMI_out.runs/design_1_v_tpg_0_0_synth_1/prj/sol/.autopilot/db/v_tpg.cpp:506]   --->   Operation 177 'call' 'call_ln506' <Predicate = true> <Delay = 0.00> <CoreType = "Generic">   --->   Core 0 '' <Latency = 0> <II = 1> <Delay = 1.00> <Generic> <Opcode : >

State 5 <SV = 4> <Delay = 0.00>
ST_5 : Operation 178 [1/1] (0.00ns)   --->   "%specloopname_ln507 = specloopname void @_ssdm_op_SpecLoopName, void @empty_35" [/home/sundance/Emilie_Projects/git/EMC2/BSP_HDMI_out_TE0820_4EV/2022.2/firmware/EMC2_HDMI_out.runs/design_1_v_tpg_0_0_synth_1/prj/sol/.autopilot/db/v_tpg.cpp:507]   --->   Operation 178 'specloopname' 'specloopname_ln507' <Predicate = true> <Delay = 0.00>
ST_5 : Operation 179 [1/1] (0.00ns)   --->   "%rampVal_3_flag_1_loc_load = load i1 %rampVal_3_flag_1_loc"   --->   Operation 179 'load' 'rampVal_3_flag_1_loc_load' <Predicate = true> <Delay = 0.00>
ST_5 : Operation 180 [1/1] (0.00ns)   --->   "%hdata_flag_1_loc_load = load i1 %hdata_flag_1_loc"   --->   Operation 180 'load' 'hdata_flag_1_loc_load' <Predicate = true> <Delay = 0.00>
ST_5 : Operation 181 [1/1] (0.00ns)   --->   "%rampVal_2_flag_1_loc_load = load i1 %rampVal_2_flag_1_loc"   --->   Operation 181 'load' 'rampVal_2_flag_1_loc_load' <Predicate = true> <Delay = 0.00>
ST_5 : Operation 182 [1/1] (0.00ns)   --->   "%br_ln518 = br void %VITIS_LOOP_520_2" [/home/sundance/Emilie_Projects/git/EMC2/BSP_HDMI_out_TE0820_4EV/2022.2/firmware/EMC2_HDMI_out.runs/design_1_v_tpg_0_0_synth_1/prj/sol/.autopilot/db/v_tpg.cpp:518]   --->   Operation 182 'br' 'br_ln518' <Predicate = true> <Delay = 0.00>


============================================================
+ Verbose Summary: Timing violations
============================================================
Target clock period: 13.8ns, clock uncertainty: 3.71ns.

 <State 1>: 1.92ns
The critical path consists of the following:
	wire read operation ('loopWidth', /home/sundance/Emilie_Projects/git/EMC2/BSP_HDMI_out_TE0820_4EV/2022.2/firmware/EMC2_HDMI_out.runs/design_1_v_tpg_0_0_synth_1/prj/sol/.autopilot/db/v_tpg.cpp:506) on port 'width' (/home/sundance/Emilie_Projects/git/EMC2/BSP_HDMI_out_TE0820_4EV/2022.2/firmware/EMC2_HDMI_out.runs/design_1_v_tpg_0_0_synth_1/prj/sol/.autopilot/db/v_tpg.cpp:506) [125]  (0 ns)
	'add' operation ('add2_i', /home/sundance/Emilie_Projects/git/EMC2/BSP_HDMI_out_TE0820_4EV/2022.2/firmware/EMC2_HDMI_out.runs/design_1_v_tpg_0_0_synth_1/prj/sol/.autopilot/db/v_tpg.cpp:506) [151]  (0.989 ns)
	'add' operation ('barWidthMinSamples', /home/sundance/Emilie_Projects/git/EMC2/BSP_HDMI_out_TE0820_4EV/2022.2/firmware/EMC2_HDMI_out.runs/design_1_v_tpg_0_0_synth_1/prj/sol/.autopilot/db/v_tpg.cpp:506) [153]  (0.934 ns)

 <State 2>: 1.5ns
The critical path consists of the following:
	'load' operation ('y', /home/sundance/Emilie_Projects/git/EMC2/BSP_HDMI_out_TE0820_4EV/2022.2/firmware/EMC2_HDMI_out.runs/design_1_v_tpg_0_0_synth_1/prj/sol/.autopilot/db/v_tpg.cpp:691) on local variable 'y' [209]  (0 ns)
	'add' operation ('add_ln518', /home/sundance/Emilie_Projects/git/EMC2/BSP_HDMI_out_TE0820_4EV/2022.2/firmware/EMC2_HDMI_out.runs/design_1_v_tpg_0_0_synth_1/prj/sol/.autopilot/db/v_tpg.cpp:518) [213]  (1.02 ns)
	'store' operation ('store_ln518', /home/sundance/Emilie_Projects/git/EMC2/BSP_HDMI_out_TE0820_4EV/2022.2/firmware/EMC2_HDMI_out.runs/design_1_v_tpg_0_0_synth_1/prj/sol/.autopilot/db/v_tpg.cpp:518) of variable 'add_ln518', /home/sundance/Emilie_Projects/git/EMC2/BSP_HDMI_out_TE0820_4EV/2022.2/firmware/EMC2_HDMI_out.runs/design_1_v_tpg_0_0_synth_1/prj/sol/.autopilot/db/v_tpg.cpp:518 on local variable 'y' [241]  (0.489 ns)

 <State 3>: 2.34ns
The critical path consists of the following:
	'add' operation ('add_ln1488', /home/sundance/Emilie_Projects/git/EMC2/BSP_HDMI_out_TE0820_4EV/2022.2/firmware/EMC2_HDMI_out.runs/design_1_v_tpg_0_0_synth_1/prj/sol/.autopilot/db/v_tpg.cpp:1488) [229]  (0.907 ns)
	'call' operation ('call_ln506', /home/sundance/Emilie_Projects/git/EMC2/BSP_HDMI_out_TE0820_4EV/2022.2/firmware/EMC2_HDMI_out.runs/design_1_v_tpg_0_0_synth_1/prj/sol/.autopilot/db/v_tpg.cpp:506) to 'tpgBackground_Pipeline_VITIS_LOOP_520_2' [237]  (1.43 ns)

 <State 4>: 0ns
The critical path consists of the following:

 <State 5>: 0ns
The critical path consists of the following:


============================================================
+ Verbose Summary: Binding
============================================================
N/A
* FSMD analyzer results:
  - Output states:
 - Input state : 
  - Chain level:
	State 1
	State 2
	State 3
	State 4
	State 5


============================================================
+ Verbose Summary: Datapath Resource usage 
============================================================
N/A
