

================================================================
== Vitis HLS Report for 'AXIvideo2MultiPixStream'
================================================================
* Date:           Tue Feb 20 09:49:17 2024

* Version:        2023.2 (Build 4023990 on Oct 11 2023)
* Project:        prj
* Solution:       sol (Vivado IP Flow Target)
* Product family: zynquplus
* Target device:  xczu4ev-sfvc784-1-e


================================================================
== Performance Estimates
================================================================
+ Timing: 
    * Summary: 
    +--------+----------+----------+------------+
    |  Clock |  Target  | Estimated| Uncertainty|
    +--------+----------+----------+------------+
    |ap_clk  |  13.75 ns|  3.371 ns|     3.71 ns|
    +--------+----------+----------+------------+

+ Latency: 
    * Summary: 
    +---------+---------+-----------+-----------+-----+--------+---------+
    |  Latency (cycles) |   Latency (absolute)  |   Interval   | Pipeline|
    |   min   |   max   |    min    |    max    | min |   max  |   Type  |
    +---------+---------+-----------+-----------+-----+--------+---------+
    |        2|   928806|  27.500 ns|  12.771 ms|    2|  928806|       no|
    +---------+---------+-----------+-----------+-----+--------+---------+

    + Detail: 
        * Instance: 
        +-----------------------------------------------------------------+------------------------------------------------------+---------+---------+-----------+-----------+-----+------+---------+
        |                                                                 |                                                      |  Latency (cycles) |   Latency (absolute)  |  Interval  | Pipeline|
        |                             Instance                            |                        Module                        |   min   |   max   |    min    |    max    | min |  max |   Type  |
        +-----------------------------------------------------------------+------------------------------------------------------+---------+---------+-----------+-----------+-----+------+---------+
        |grp_AXIvideo2MultiPixStream_Pipeline_loop_wait_for_start_fu_204  |AXIvideo2MultiPixStream_Pipeline_loop_wait_for_start  |        2|        2|  27.500 ns|  27.500 ns|    2|     2|       no|
        |grp_AXIvideo2MultiPixStream_Pipeline_loop_width_fu_224           |AXIvideo2MultiPixStream_Pipeline_loop_width           |        2|     1282|  27.500 ns|  17.628 us|    2|  1282|       no|
        |grp_AXIvideo2MultiPixStream_Pipeline_loop_wait_for_eol_fu_253    |AXIvideo2MultiPixStream_Pipeline_loop_wait_for_eol    |        2|        2|  27.500 ns|  27.500 ns|    2|     2|       no|
        |grp_reg_unsigned_short_s_fu_276                                  |reg_unsigned_short_s                                  |        1|        1|  13.750 ns|  13.750 ns|    1|     1|      yes|
        |grp_reg_unsigned_short_s_fu_282                                  |reg_unsigned_short_s                                  |        1|        1|  13.750 ns|  13.750 ns|    1|     1|      yes|
        +-----------------------------------------------------------------+------------------------------------------------------+---------+---------+-----------+-----------+-----+------+---------+

        * Loop: 
        +---------------+---------+---------+-----------+-----------+-----------+---------+----------+
        |               |  Latency (cycles) | Iteration |  Initiation Interval  |   Trip  |          |
        |   Loop Name   |   min   |   max   |  Latency  |  achieved |   target  |  Count  | Pipelined|
        +---------------+---------+---------+-----------+-----------+-----------+---------+----------+
        |- loop_height  |        0|   928800|  10 ~ 1290|          -|          -|  0 ~ 720|        no|
        +---------------+---------+---------+-----------+-----------+-----------+---------+----------+



================================================================
== Utilization Estimates
================================================================
* Summary: 
+-----------------+---------+-----+--------+-------+-----+
|       Name      | BRAM_18K| DSP |   FF   |  LUT  | URAM|
+-----------------+---------+-----+--------+-------+-----+
|DSP              |        -|    -|       -|      -|    -|
|Expression       |        -|    -|       0|     90|    -|
|FIFO             |        -|    -|       -|      -|    -|
|Instance         |        -|    -|     115|    300|    -|
|Memory           |        -|    -|       -|      -|    -|
|Multiplexer      |        -|    -|       -|    169|    -|
|Register         |        -|    -|      78|      -|    -|
+-----------------+---------+-----+--------+-------+-----+
|Total            |        0|    0|     193|    559|    0|
+-----------------+---------+-----+--------+-------+-----+
|Available        |      256|  728|  175680|  87840|   48|
+-----------------+---------+-----+--------+-------+-----+
|Utilization (%)  |        0|    0|      ~0|     ~0|    0|
+-----------------+---------+-----+--------+-------+-----+

+ Detail: 
    * Instance: 
    +-----------------------------------------------------------------+------------------------------------------------------+---------+----+----+-----+-----+
    |                             Instance                            |                        Module                        | BRAM_18K| DSP| FF | LUT | URAM|
    +-----------------------------------------------------------------+------------------------------------------------------+---------+----+----+-----+-----+
    |grp_AXIvideo2MultiPixStream_Pipeline_loop_wait_for_eol_fu_253    |AXIvideo2MultiPixStream_Pipeline_loop_wait_for_eol    |        0|   0|   4|   52|    0|
    |grp_AXIvideo2MultiPixStream_Pipeline_loop_wait_for_start_fu_204  |AXIvideo2MultiPixStream_Pipeline_loop_wait_for_start  |        0|   0|   4|   38|    0|
    |grp_AXIvideo2MultiPixStream_Pipeline_loop_width_fu_224           |AXIvideo2MultiPixStream_Pipeline_loop_width           |        0|   0|  41|  182|    0|
    |grp_reg_unsigned_short_s_fu_276                                  |reg_unsigned_short_s                                  |        0|   0|  33|   14|    0|
    |grp_reg_unsigned_short_s_fu_282                                  |reg_unsigned_short_s                                  |        0|   0|  33|   14|    0|
    +-----------------------------------------------------------------+------------------------------------------------------+---------+----+----+-----+-----+
    |Total                                                            |                                                      |        0|   0| 115|  300|    0|
    +-----------------------------------------------------------------+------------------------------------------------------+---------+----+----+-----+-----+

    * DSP: 
    N/A

    * Memory: 
    N/A

    * FIFO: 
    N/A

    * Expression: 
    +------------------------+----------+----+---+----+------------+------------+
    |      Variable Name     | Operation| DSP| FF| LUT| Bitwidth P0| Bitwidth P1|
    +------------------------+----------+----+---+----+------------+------------+
    |i_4_fu_334_p2           |         +|   0|  0|  17|          10|           1|
    |and_ln897_fu_344_p2     |       and|   0|  0|   2|           1|           1|
    |cmp10399_fu_315_p2      |      icmp|   0|  0|  18|          11|           1|
    |cond_fu_302_p2          |      icmp|   0|  0|  15|           8|           1|
    |icmp_ln834_fu_288_p2    |      icmp|   0|  0|  15|           8|           1|
    |icmp_ln845_fu_329_p2    |      icmp|   0|  0|  17|          10|          10|
    |ap_block_state1         |        or|   0|  0|   2|           1|           1|
    |select_ln897_fu_362_p3  |    select|   0|  0|   2|           1|           1|
    |xor_ln897_fu_320_p2     |       xor|   0|  0|   2|           1|           2|
    +------------------------+----------+----+---+----+------------+------------+
    |Total                   |          |   0|  0|  90|          51|          19|
    +------------------------+----------+----+---+----+------------+------------+

    * Multiplexer: 
    +-----------------------------+----+-----------+-----+-----------+
    |             Name            | LUT| Input Size| Bits| Total Bits|
    +-----------------------------+----+-----------+-----+-----------+
    |ap_NS_fsm                    |  59|         11|    1|         11|
    |ap_done                      |   9|          2|    1|          2|
    |axi_data_6_fu_118            |   9|          2|   24|         48|
    |axi_last_2_reg_194           |   9|          2|    1|          2|
    |colorFormat_val27_c20_blk_n  |   9|          2|    1|          2|
    |enableInput_val18_c_blk_n    |   9|          2|    1|          2|
    |height_val5_c15_blk_n        |   9|          2|    1|          2|
    |i_fu_122                     |   9|          2|   10|         20|
    |s_axis_video_TREADY          |  20|          4|    1|          4|
    |sof_reg_182                  |   9|          2|    1|          2|
    |srcYUV_write                 |   9|          2|    1|          2|
    |width_val10_c17_blk_n        |   9|          2|    1|          2|
    +-----------------------------+----+-----------+-----+-----------+
    |Total                        | 169|         35|   44|         99|
    +-----------------------------+----+-----------+-----+-----------+

    * Register: 
    +------------------------------------------------------------------------------+----+----+-----+-----------+
    |                                     Name                                     | FF | LUT| Bits| Const Bits|
    +------------------------------------------------------------------------------+----+----+-----+-----------+
    |and_ln897_reg_455                                                             |   1|   0|    1|          0|
    |ap_CS_fsm                                                                     |  10|   0|   10|          0|
    |ap_done_reg                                                                   |   1|   0|    1|          0|
    |axi_data_6_fu_118                                                             |  24|   0|   24|          0|
    |axi_last_2_reg_194                                                            |   1|   0|    1|          0|
    |axi_last_4_loc_fu_102                                                         |   1|   0|    1|          0|
    |cmp10399_reg_439                                                              |   1|   0|    1|          0|
    |cond_reg_431                                                                  |   1|   0|    1|          0|
    |empty_reg_411                                                                 |  11|   0|   11|          0|
    |grp_AXIvideo2MultiPixStream_Pipeline_loop_wait_for_eol_fu_253_ap_start_reg    |   1|   0|    1|          0|
    |grp_AXIvideo2MultiPixStream_Pipeline_loop_wait_for_start_fu_204_ap_start_reg  |   1|   0|    1|          0|
    |grp_AXIvideo2MultiPixStream_Pipeline_loop_width_fu_224_ap_start_reg           |   1|   0|    1|          0|
    |i_fu_122                                                                      |  10|   0|   10|          0|
    |icmp_ln834_reg_402                                                            |   1|   0|    1|          0|
    |select_ln897_reg_466                                                          |   1|   0|    1|          0|
    |sof_reg_182                                                                   |   1|   0|    1|          0|
    |trunc_ln827_reg_406                                                           |  10|   0|   10|          0|
    |xor_ln897_reg_444                                                             |   1|   0|    1|          0|
    +------------------------------------------------------------------------------+----+----+-----+-----------+
    |Total                                                                         |  78|   0|   78|          0|
    +------------------------------------------------------------------------------+----+----+-----+-----------+



================================================================
== Interface
================================================================
* Summary: 
+--------------------------------------+-----+-----+------------+-------------------------+--------------+
|               RTL Ports              | Dir | Bits|  Protocol  |      Source Object      |    C Type    |
+--------------------------------------+-----+-----+------------+-------------------------+--------------+
|ap_clk                                |   in|    1|  ap_ctrl_hs|  AXIvideo2MultiPixStream|  return value|
|ap_rst                                |   in|    1|  ap_ctrl_hs|  AXIvideo2MultiPixStream|  return value|
|ap_start                              |   in|    1|  ap_ctrl_hs|  AXIvideo2MultiPixStream|  return value|
|ap_done                               |  out|    1|  ap_ctrl_hs|  AXIvideo2MultiPixStream|  return value|
|ap_continue                           |   in|    1|  ap_ctrl_hs|  AXIvideo2MultiPixStream|  return value|
|ap_idle                               |  out|    1|  ap_ctrl_hs|  AXIvideo2MultiPixStream|  return value|
|ap_ready                              |  out|    1|  ap_ctrl_hs|  AXIvideo2MultiPixStream|  return value|
|s_axis_video_TDATA                    |   in|   24|        axis|    s_axis_video_V_data_V|       pointer|
|s_axis_video_TVALID                   |   in|    1|        axis|    s_axis_video_V_dest_V|       pointer|
|s_axis_video_TREADY                   |  out|    1|        axis|    s_axis_video_V_dest_V|       pointer|
|s_axis_video_TDEST                    |   in|    1|        axis|    s_axis_video_V_dest_V|       pointer|
|s_axis_video_TKEEP                    |   in|    3|        axis|    s_axis_video_V_keep_V|       pointer|
|s_axis_video_TSTRB                    |   in|    3|        axis|    s_axis_video_V_strb_V|       pointer|
|s_axis_video_TUSER                    |   in|    1|        axis|    s_axis_video_V_user_V|       pointer|
|s_axis_video_TLAST                    |   in|    1|        axis|    s_axis_video_V_last_V|       pointer|
|s_axis_video_TID                      |   in|    1|        axis|      s_axis_video_V_id_V|       pointer|
|srcYUV_din                            |  out|   24|     ap_fifo|                   srcYUV|       pointer|
|srcYUV_num_data_valid                 |   in|    5|     ap_fifo|                   srcYUV|       pointer|
|srcYUV_fifo_cap                       |   in|    5|     ap_fifo|                   srcYUV|       pointer|
|srcYUV_full_n                         |   in|    1|     ap_fifo|                   srcYUV|       pointer|
|srcYUV_write                          |  out|    1|     ap_fifo|                   srcYUV|       pointer|
|enableInput_val                       |   in|    8|     ap_none|          enableInput_val|        scalar|
|Height_val                            |   in|   16|     ap_none|               Height_val|        scalar|
|WidthIn_val                           |   in|   16|     ap_none|              WidthIn_val|        scalar|
|colorFormat_val                       |   in|    8|     ap_none|          colorFormat_val|        scalar|
|height_val5_c15_din                   |  out|   16|     ap_fifo|          height_val5_c15|       pointer|
|height_val5_c15_num_data_valid        |   in|    3|     ap_fifo|          height_val5_c15|       pointer|
|height_val5_c15_fifo_cap              |   in|    3|     ap_fifo|          height_val5_c15|       pointer|
|height_val5_c15_full_n                |   in|    1|     ap_fifo|          height_val5_c15|       pointer|
|height_val5_c15_write                 |  out|    1|     ap_fifo|          height_val5_c15|       pointer|
|width_val10_c17_din                   |  out|   16|     ap_fifo|          width_val10_c17|       pointer|
|width_val10_c17_num_data_valid        |   in|    3|     ap_fifo|          width_val10_c17|       pointer|
|width_val10_c17_fifo_cap              |   in|    3|     ap_fifo|          width_val10_c17|       pointer|
|width_val10_c17_full_n                |   in|    1|     ap_fifo|          width_val10_c17|       pointer|
|width_val10_c17_write                 |  out|    1|     ap_fifo|          width_val10_c17|       pointer|
|enableInput_val18_c_din               |  out|    8|     ap_fifo|      enableInput_val18_c|       pointer|
|enableInput_val18_c_num_data_valid    |   in|    3|     ap_fifo|      enableInput_val18_c|       pointer|
|enableInput_val18_c_fifo_cap          |   in|    3|     ap_fifo|      enableInput_val18_c|       pointer|
|enableInput_val18_c_full_n            |   in|    1|     ap_fifo|      enableInput_val18_c|       pointer|
|enableInput_val18_c_write             |  out|    1|     ap_fifo|      enableInput_val18_c|       pointer|
|colorFormat_val27_c20_din             |  out|    8|     ap_fifo|    colorFormat_val27_c20|       pointer|
|colorFormat_val27_c20_num_data_valid  |   in|    3|     ap_fifo|    colorFormat_val27_c20|       pointer|
|colorFormat_val27_c20_fifo_cap        |   in|    3|     ap_fifo|    colorFormat_val27_c20|       pointer|
|colorFormat_val27_c20_full_n          |   in|    1|     ap_fifo|    colorFormat_val27_c20|       pointer|
|colorFormat_val27_c20_write           |  out|    1|     ap_fifo|    colorFormat_val27_c20|       pointer|
+--------------------------------------+-----+-----+------------+-------------------------+--------------+

