

================================================================
== Vitis HLS Report for 'entry_proc'
================================================================
* Date:           Tue Feb 20 09:49:16 2024

* Version:        2023.2 (Build 4023990 on Oct 11 2023)
* Project:        prj
* Solution:       sol (Vivado IP Flow Target)
* Product family: zynquplus
* Target device:  xczu4ev-sfvc784-1-e


================================================================
== Performance Estimates
================================================================
+ Timing: 
    * Summary: 
    +--------+----------+----------+------------+
    |  Clock |  Target  | Estimated| Uncertainty|
    +--------+----------+----------+------------+
    |ap_clk  |  13.75 ns|  2.167 ns|     3.71 ns|
    +--------+----------+----------+------------+

+ Latency: 
    * Summary: 
    +---------+---------+----------+----------+-----+-----+---------+
    |  Latency (cycles) |  Latency (absolute) |  Interval | Pipeline|
    |   min   |   max   |    min   |    max   | min | max |   Type  |
    +---------+---------+----------+----------+-----+-----+---------+
    |        0|        0|      0 ns|      0 ns|    0|    0|       no|
    +---------+---------+----------+----------+-----+-----+---------+

    + Detail: 
        * Instance: 
        N/A

        * Loop: 
        N/A



================================================================
== Utilization Estimates
================================================================
* Summary: 
+-----------------+---------+-----+--------+-------+-----+
|       Name      | BRAM_18K| DSP |   FF   |  LUT  | URAM|
+-----------------+---------+-----+--------+-------+-----+
|DSP              |        -|    -|       -|      -|    -|
|Expression       |        -|    -|       0|      2|    -|
|FIFO             |        -|    -|       -|      -|    -|
|Instance         |        -|    -|       -|      -|    -|
|Memory           |        -|    -|       -|      -|    -|
|Multiplexer      |        -|    -|       -|    216|    -|
|Register         |        -|    -|       3|      -|    -|
+-----------------+---------+-----+--------+-------+-----+
|Total            |        0|    0|       3|    218|    0|
+-----------------+---------+-----+--------+-------+-----+
|Available        |      256|  728|  175680|  87840|   48|
+-----------------+---------+-----+--------+-------+-----+
|Utilization (%)  |        0|    0|      ~0|     ~0|    0|
+-----------------+---------+-----+--------+-------+-----+

+ Detail: 
    * Instance: 
    N/A

    * DSP: 
    N/A

    * Memory: 
    N/A

    * FIFO: 
    N/A

    * Expression: 
    +-----------------+----------+----+---+----+------------+------------+
    |  Variable Name  | Operation| DSP| FF| LUT| Bitwidth P0| Bitwidth P1|
    +-----------------+----------+----+---+----+------------+------------+
    |ap_block_state1  |        or|   0|  0|   2|           1|           1|
    +-----------------+----------+----+---+----+------------+------------+
    |Total            |          |   0|  0|   2|           1|           1|
    +-----------------+----------+----+---+----+------------+------------+

    * Multiplexer: 
    +----------------------------------+----+-----------+-----+-----------+
    |               Name               | LUT| Input Size| Bits| Total Bits|
    +----------------------------------+----+-----------+-----+-----------+
    |ZplateHorContDelta_val31_c_blk_n  |   9|          2|    1|          2|
    |ZplateHorContStart_val30_c_blk_n  |   9|          2|    1|          2|
    |ZplateVerContDelta_val33_c_blk_n  |   9|          2|    1|          2|
    |ZplateVerContStart_val32_c_blk_n  |   9|          2|    1|          2|
    |ap_done                           |   9|          2|    1|          2|
    |bckgndId_val19_c_blk_n            |   9|          2|    1|          2|
    |boxColorB_val37_c_blk_n           |   9|          2|    1|          2|
    |boxColorG_val36_c_blk_n           |   9|          2|    1|          2|
    |boxColorR_val35_c_blk_n           |   9|          2|    1|          2|
    |boxSize_val34_c_blk_n             |   9|          2|    1|          2|
    |crossHairX_val28_c_blk_n          |   9|          2|    1|          2|
    |crossHairY_val29_c_blk_n          |   9|          2|    1|          2|
    |dpDynamicRange_val38_c_blk_n      |   9|          2|    1|          2|
    |dpYUVCoef_val39_c_blk_n           |   9|          2|    1|          2|
    |fid_in_val12_c_blk_n              |   9|          2|    1|          2|
    |field_id_val11_c_blk_n            |   9|          2|    1|          2|
    |maskId_val21_c_blk_n              |   9|          2|    1|          2|
    |motionSpeed_val23_c18_blk_n       |   9|          2|    1|          2|
    |ovrlayId_val20_c_blk_n            |   9|          2|    1|          2|
    |passthruEndX_val15_c_blk_n        |   9|          2|    1|          2|
    |passthruEndY_val16_c_blk_n        |   9|          2|    1|          2|
    |passthruStartX_val13_c_blk_n      |   9|          2|    1|          2|
    |passthruStartY_val14_c_blk_n      |   9|          2|    1|          2|
    |real_start                        |   9|          2|    1|          2|
    +----------------------------------+----+-----------+-----+-----------+
    |Total                             | 216|         48|   24|         48|
    +----------------------------------+----+-----------+-----+-----------+

    * Register: 
    +----------------+---+----+-----+-----------+
    |      Name      | FF| LUT| Bits| Const Bits|
    +----------------+---+----+-----+-----------+
    |ap_CS_fsm       |  1|   0|    1|          0|
    |ap_done_reg     |  1|   0|    1|          0|
    |start_once_reg  |  1|   0|    1|          0|
    +----------------+---+----+-----+-----------+
    |Total           |  3|   0|    3|          0|
    +----------------+---+----+-----+-----------+



================================================================
== Interface
================================================================
* Summary: 
+-------------------------------------------+-----+-----+------------+----------------------------+--------------+
|                 RTL Ports                 | Dir | Bits|  Protocol  |        Source Object       |    C Type    |
+-------------------------------------------+-----+-----+------------+----------------------------+--------------+
|ap_clk                                     |   in|    1|  ap_ctrl_hs|                  entry_proc|  return value|
|ap_rst                                     |   in|    1|  ap_ctrl_hs|                  entry_proc|  return value|
|ap_start                                   |   in|    1|  ap_ctrl_hs|                  entry_proc|  return value|
|start_full_n                               |   in|    1|  ap_ctrl_hs|                  entry_proc|  return value|
|ap_done                                    |  out|    1|  ap_ctrl_hs|                  entry_proc|  return value|
|ap_continue                                |   in|    1|  ap_ctrl_hs|                  entry_proc|  return value|
|ap_idle                                    |  out|    1|  ap_ctrl_hs|                  entry_proc|  return value|
|ap_ready                                   |  out|    1|  ap_ctrl_hs|                  entry_proc|  return value|
|start_out                                  |  out|    1|  ap_ctrl_hs|                  entry_proc|  return value|
|start_write                                |  out|    1|  ap_ctrl_hs|                  entry_proc|  return value|
|field_id_val11                             |   in|   16|     ap_none|              field_id_val11|        scalar|
|field_id_val11_c_din                       |  out|   16|     ap_fifo|            field_id_val11_c|       pointer|
|field_id_val11_c_num_data_valid            |   in|    4|     ap_fifo|            field_id_val11_c|       pointer|
|field_id_val11_c_fifo_cap                  |   in|    4|     ap_fifo|            field_id_val11_c|       pointer|
|field_id_val11_c_full_n                    |   in|    1|     ap_fifo|            field_id_val11_c|       pointer|
|field_id_val11_c_write                     |  out|    1|     ap_fifo|            field_id_val11_c|       pointer|
|fid_in_val12                               |   in|    1|   ap_stable|                fid_in_val12|        scalar|
|fid_in_val12_c_din                         |  out|    1|     ap_fifo|              fid_in_val12_c|       pointer|
|fid_in_val12_c_num_data_valid              |   in|    4|     ap_fifo|              fid_in_val12_c|       pointer|
|fid_in_val12_c_fifo_cap                    |   in|    4|     ap_fifo|              fid_in_val12_c|       pointer|
|fid_in_val12_c_full_n                      |   in|    1|     ap_fifo|              fid_in_val12_c|       pointer|
|fid_in_val12_c_write                       |  out|    1|     ap_fifo|              fid_in_val12_c|       pointer|
|passthruStartX_val13                       |   in|   16|     ap_none|        passthruStartX_val13|        scalar|
|passthruStartX_val13_c_din                 |  out|   16|     ap_fifo|      passthruStartX_val13_c|       pointer|
|passthruStartX_val13_c_num_data_valid      |   in|    3|     ap_fifo|      passthruStartX_val13_c|       pointer|
|passthruStartX_val13_c_fifo_cap            |   in|    3|     ap_fifo|      passthruStartX_val13_c|       pointer|
|passthruStartX_val13_c_full_n              |   in|    1|     ap_fifo|      passthruStartX_val13_c|       pointer|
|passthruStartX_val13_c_write               |  out|    1|     ap_fifo|      passthruStartX_val13_c|       pointer|
|passthruStartY_val14                       |   in|   16|     ap_none|        passthruStartY_val14|        scalar|
|passthruStartY_val14_c_din                 |  out|   16|     ap_fifo|      passthruStartY_val14_c|       pointer|
|passthruStartY_val14_c_num_data_valid      |   in|    3|     ap_fifo|      passthruStartY_val14_c|       pointer|
|passthruStartY_val14_c_fifo_cap            |   in|    3|     ap_fifo|      passthruStartY_val14_c|       pointer|
|passthruStartY_val14_c_full_n              |   in|    1|     ap_fifo|      passthruStartY_val14_c|       pointer|
|passthruStartY_val14_c_write               |  out|    1|     ap_fifo|      passthruStartY_val14_c|       pointer|
|passthruEndX_val15                         |   in|   16|     ap_none|          passthruEndX_val15|        scalar|
|passthruEndX_val15_c_din                   |  out|   16|     ap_fifo|        passthruEndX_val15_c|       pointer|
|passthruEndX_val15_c_num_data_valid        |   in|    3|     ap_fifo|        passthruEndX_val15_c|       pointer|
|passthruEndX_val15_c_fifo_cap              |   in|    3|     ap_fifo|        passthruEndX_val15_c|       pointer|
|passthruEndX_val15_c_full_n                |   in|    1|     ap_fifo|        passthruEndX_val15_c|       pointer|
|passthruEndX_val15_c_write                 |  out|    1|     ap_fifo|        passthruEndX_val15_c|       pointer|
|passthruEndY_val16                         |   in|   16|     ap_none|          passthruEndY_val16|        scalar|
|passthruEndY_val16_c_din                   |  out|   16|     ap_fifo|        passthruEndY_val16_c|       pointer|
|passthruEndY_val16_c_num_data_valid        |   in|    3|     ap_fifo|        passthruEndY_val16_c|       pointer|
|passthruEndY_val16_c_fifo_cap              |   in|    3|     ap_fifo|        passthruEndY_val16_c|       pointer|
|passthruEndY_val16_c_full_n                |   in|    1|     ap_fifo|        passthruEndY_val16_c|       pointer|
|passthruEndY_val16_c_write                 |  out|    1|     ap_fifo|        passthruEndY_val16_c|       pointer|
|bckgndId_val19                             |   in|    8|     ap_none|              bckgndId_val19|        scalar|
|bckgndId_val19_c_din                       |  out|    8|     ap_fifo|            bckgndId_val19_c|       pointer|
|bckgndId_val19_c_num_data_valid            |   in|    3|     ap_fifo|            bckgndId_val19_c|       pointer|
|bckgndId_val19_c_fifo_cap                  |   in|    3|     ap_fifo|            bckgndId_val19_c|       pointer|
|bckgndId_val19_c_full_n                    |   in|    1|     ap_fifo|            bckgndId_val19_c|       pointer|
|bckgndId_val19_c_write                     |  out|    1|     ap_fifo|            bckgndId_val19_c|       pointer|
|ovrlayId_val20                             |   in|    8|     ap_none|              ovrlayId_val20|        scalar|
|ovrlayId_val20_c_din                       |  out|    8|     ap_fifo|            ovrlayId_val20_c|       pointer|
|ovrlayId_val20_c_num_data_valid            |   in|    3|     ap_fifo|            ovrlayId_val20_c|       pointer|
|ovrlayId_val20_c_fifo_cap                  |   in|    3|     ap_fifo|            ovrlayId_val20_c|       pointer|
|ovrlayId_val20_c_full_n                    |   in|    1|     ap_fifo|            ovrlayId_val20_c|       pointer|
|ovrlayId_val20_c_write                     |  out|    1|     ap_fifo|            ovrlayId_val20_c|       pointer|
|maskId_val21                               |   in|    8|     ap_none|                maskId_val21|        scalar|
|maskId_val21_c_din                         |  out|    8|     ap_fifo|              maskId_val21_c|       pointer|
|maskId_val21_c_num_data_valid              |   in|    3|     ap_fifo|              maskId_val21_c|       pointer|
|maskId_val21_c_fifo_cap                    |   in|    3|     ap_fifo|              maskId_val21_c|       pointer|
|maskId_val21_c_full_n                      |   in|    1|     ap_fifo|              maskId_val21_c|       pointer|
|maskId_val21_c_write                       |  out|    1|     ap_fifo|              maskId_val21_c|       pointer|
|motionSpeed_val23                          |   in|    8|     ap_none|           motionSpeed_val23|        scalar|
|motionSpeed_val23_c18_din                  |  out|    8|     ap_fifo|       motionSpeed_val23_c18|       pointer|
|motionSpeed_val23_c18_num_data_valid       |   in|    3|     ap_fifo|       motionSpeed_val23_c18|       pointer|
|motionSpeed_val23_c18_fifo_cap             |   in|    3|     ap_fifo|       motionSpeed_val23_c18|       pointer|
|motionSpeed_val23_c18_full_n               |   in|    1|     ap_fifo|       motionSpeed_val23_c18|       pointer|
|motionSpeed_val23_c18_write                |  out|    1|     ap_fifo|       motionSpeed_val23_c18|       pointer|
|crossHairX_val28                           |   in|   16|     ap_none|            crossHairX_val28|        scalar|
|crossHairX_val28_c_din                     |  out|   16|     ap_fifo|          crossHairX_val28_c|       pointer|
|crossHairX_val28_c_num_data_valid          |   in|    3|     ap_fifo|          crossHairX_val28_c|       pointer|
|crossHairX_val28_c_fifo_cap                |   in|    3|     ap_fifo|          crossHairX_val28_c|       pointer|
|crossHairX_val28_c_full_n                  |   in|    1|     ap_fifo|          crossHairX_val28_c|       pointer|
|crossHairX_val28_c_write                   |  out|    1|     ap_fifo|          crossHairX_val28_c|       pointer|
|crossHairY_val29                           |   in|   16|     ap_none|            crossHairY_val29|        scalar|
|crossHairY_val29_c_din                     |  out|   16|     ap_fifo|          crossHairY_val29_c|       pointer|
|crossHairY_val29_c_num_data_valid          |   in|    3|     ap_fifo|          crossHairY_val29_c|       pointer|
|crossHairY_val29_c_fifo_cap                |   in|    3|     ap_fifo|          crossHairY_val29_c|       pointer|
|crossHairY_val29_c_full_n                  |   in|    1|     ap_fifo|          crossHairY_val29_c|       pointer|
|crossHairY_val29_c_write                   |  out|    1|     ap_fifo|          crossHairY_val29_c|       pointer|
|ZplateHorContStart_val30                   |   in|   16|     ap_none|    ZplateHorContStart_val30|        scalar|
|ZplateHorContStart_val30_c_din             |  out|   16|     ap_fifo|  ZplateHorContStart_val30_c|       pointer|
|ZplateHorContStart_val30_c_num_data_valid  |   in|    3|     ap_fifo|  ZplateHorContStart_val30_c|       pointer|
|ZplateHorContStart_val30_c_fifo_cap        |   in|    3|     ap_fifo|  ZplateHorContStart_val30_c|       pointer|
|ZplateHorContStart_val30_c_full_n          |   in|    1|     ap_fifo|  ZplateHorContStart_val30_c|       pointer|
|ZplateHorContStart_val30_c_write           |  out|    1|     ap_fifo|  ZplateHorContStart_val30_c|       pointer|
|ZplateHorContDelta_val31                   |   in|   16|     ap_none|    ZplateHorContDelta_val31|        scalar|
|ZplateHorContDelta_val31_c_din             |  out|   16|     ap_fifo|  ZplateHorContDelta_val31_c|       pointer|
|ZplateHorContDelta_val31_c_num_data_valid  |   in|    3|     ap_fifo|  ZplateHorContDelta_val31_c|       pointer|
|ZplateHorContDelta_val31_c_fifo_cap        |   in|    3|     ap_fifo|  ZplateHorContDelta_val31_c|       pointer|
|ZplateHorContDelta_val31_c_full_n          |   in|    1|     ap_fifo|  ZplateHorContDelta_val31_c|       pointer|
|ZplateHorContDelta_val31_c_write           |  out|    1|     ap_fifo|  ZplateHorContDelta_val31_c|       pointer|
|ZplateVerContStart_val32                   |   in|   16|     ap_none|    ZplateVerContStart_val32|        scalar|
|ZplateVerContStart_val32_c_din             |  out|   16|     ap_fifo|  ZplateVerContStart_val32_c|       pointer|
|ZplateVerContStart_val32_c_num_data_valid  |   in|    3|     ap_fifo|  ZplateVerContStart_val32_c|       pointer|
|ZplateVerContStart_val32_c_fifo_cap        |   in|    3|     ap_fifo|  ZplateVerContStart_val32_c|       pointer|
|ZplateVerContStart_val32_c_full_n          |   in|    1|     ap_fifo|  ZplateVerContStart_val32_c|       pointer|
|ZplateVerContStart_val32_c_write           |  out|    1|     ap_fifo|  ZplateVerContStart_val32_c|       pointer|
|ZplateVerContDelta_val33                   |   in|   16|     ap_none|    ZplateVerContDelta_val33|        scalar|
|ZplateVerContDelta_val33_c_din             |  out|   16|     ap_fifo|  ZplateVerContDelta_val33_c|       pointer|
|ZplateVerContDelta_val33_c_num_data_valid  |   in|    3|     ap_fifo|  ZplateVerContDelta_val33_c|       pointer|
|ZplateVerContDelta_val33_c_fifo_cap        |   in|    3|     ap_fifo|  ZplateVerContDelta_val33_c|       pointer|
|ZplateVerContDelta_val33_c_full_n          |   in|    1|     ap_fifo|  ZplateVerContDelta_val33_c|       pointer|
|ZplateVerContDelta_val33_c_write           |  out|    1|     ap_fifo|  ZplateVerContDelta_val33_c|       pointer|
|boxSize_val34                              |   in|   16|     ap_none|               boxSize_val34|        scalar|
|boxSize_val34_c_din                        |  out|   16|     ap_fifo|             boxSize_val34_c|       pointer|
|boxSize_val34_c_num_data_valid             |   in|    3|     ap_fifo|             boxSize_val34_c|       pointer|
|boxSize_val34_c_fifo_cap                   |   in|    3|     ap_fifo|             boxSize_val34_c|       pointer|
|boxSize_val34_c_full_n                     |   in|    1|     ap_fifo|             boxSize_val34_c|       pointer|
|boxSize_val34_c_write                      |  out|    1|     ap_fifo|             boxSize_val34_c|       pointer|
|boxColorR_val35                            |   in|    8|     ap_none|             boxColorR_val35|        scalar|
|boxColorR_val35_c_din                      |  out|    8|     ap_fifo|           boxColorR_val35_c|       pointer|
|boxColorR_val35_c_num_data_valid           |   in|    3|     ap_fifo|           boxColorR_val35_c|       pointer|
|boxColorR_val35_c_fifo_cap                 |   in|    3|     ap_fifo|           boxColorR_val35_c|       pointer|
|boxColorR_val35_c_full_n                   |   in|    1|     ap_fifo|           boxColorR_val35_c|       pointer|
|boxColorR_val35_c_write                    |  out|    1|     ap_fifo|           boxColorR_val35_c|       pointer|
|boxColorG_val36                            |   in|    8|     ap_none|             boxColorG_val36|        scalar|
|boxColorG_val36_c_din                      |  out|    8|     ap_fifo|           boxColorG_val36_c|       pointer|
|boxColorG_val36_c_num_data_valid           |   in|    3|     ap_fifo|           boxColorG_val36_c|       pointer|
|boxColorG_val36_c_fifo_cap                 |   in|    3|     ap_fifo|           boxColorG_val36_c|       pointer|
|boxColorG_val36_c_full_n                   |   in|    1|     ap_fifo|           boxColorG_val36_c|       pointer|
|boxColorG_val36_c_write                    |  out|    1|     ap_fifo|           boxColorG_val36_c|       pointer|
|boxColorB_val37                            |   in|    8|     ap_none|             boxColorB_val37|        scalar|
|boxColorB_val37_c_din                      |  out|    8|     ap_fifo|           boxColorB_val37_c|       pointer|
|boxColorB_val37_c_num_data_valid           |   in|    3|     ap_fifo|           boxColorB_val37_c|       pointer|
|boxColorB_val37_c_fifo_cap                 |   in|    3|     ap_fifo|           boxColorB_val37_c|       pointer|
|boxColorB_val37_c_full_n                   |   in|    1|     ap_fifo|           boxColorB_val37_c|       pointer|
|boxColorB_val37_c_write                    |  out|    1|     ap_fifo|           boxColorB_val37_c|       pointer|
|dpDynamicRange_val38                       |   in|    8|     ap_none|        dpDynamicRange_val38|        scalar|
|dpDynamicRange_val38_c_din                 |  out|    8|     ap_fifo|      dpDynamicRange_val38_c|       pointer|
|dpDynamicRange_val38_c_num_data_valid      |   in|    3|     ap_fifo|      dpDynamicRange_val38_c|       pointer|
|dpDynamicRange_val38_c_fifo_cap            |   in|    3|     ap_fifo|      dpDynamicRange_val38_c|       pointer|
|dpDynamicRange_val38_c_full_n              |   in|    1|     ap_fifo|      dpDynamicRange_val38_c|       pointer|
|dpDynamicRange_val38_c_write               |  out|    1|     ap_fifo|      dpDynamicRange_val38_c|       pointer|
|dpYUVCoef_val39                            |   in|    8|     ap_none|             dpYUVCoef_val39|        scalar|
|dpYUVCoef_val39_c_din                      |  out|    8|     ap_fifo|           dpYUVCoef_val39_c|       pointer|
|dpYUVCoef_val39_c_num_data_valid           |   in|    3|     ap_fifo|           dpYUVCoef_val39_c|       pointer|
|dpYUVCoef_val39_c_fifo_cap                 |   in|    3|     ap_fifo|           dpYUVCoef_val39_c|       pointer|
|dpYUVCoef_val39_c_full_n                   |   in|    1|     ap_fifo|           dpYUVCoef_val39_c|       pointer|
|dpYUVCoef_val39_c_write                    |  out|    1|     ap_fifo|           dpYUVCoef_val39_c|       pointer|
+-------------------------------------------+-----+-----+------------+----------------------------+--------------+

