

================================================================
== Vitis HLS Report for 'MultiPixStream2AXIvideo'
================================================================
* Date:           Tue Feb 20 09:49:24 2024

* Version:        2023.2 (Build 4023990 on Oct 11 2023)
* Project:        prj
* Solution:       sol (Vivado IP Flow Target)
* Product family: zynquplus
* Target device:  xczu4ev-sfvc784-1-e


================================================================
== Performance Estimates
================================================================
+ Timing: 
    * Summary: 
    +--------+----------+----------+------------+
    |  Clock |  Target  | Estimated| Uncertainty|
    +--------+----------+----------+------------+
    |ap_clk  |  13.75 ns|  3.713 ns|     3.71 ns|
    +--------+----------+----------+------------+

+ Latency: 
    * Summary: 
    +---------+---------+-----------+-----------+-----+--------+---------+
    |  Latency (cycles) |   Latency (absolute)  |   Interval   | Pipeline|
    |   min   |   max   |    min    |    max    | min |   max  |   Type  |
    +---------+---------+-----------+-----------+-----+--------+---------+
    |        1|   925921|  13.750 ns|  12.731 ms|    1|  925921|       no|
    +---------+---------+-----------+-----------+-----+--------+---------+

    + Detail: 
        * Instance: 
        +--------------------------------------------------------------+---------------------------------------------------+---------+---------+-----------+-----------+-----+------+---------+
        |                                                              |                                                   |  Latency (cycles) |   Latency (absolute)  |  Interval  | Pipeline|
        |                           Instance                           |                       Module                      |   min   |   max   |    min    |    max    | min |  max |   Type  |
        +--------------------------------------------------------------+---------------------------------------------------+---------+---------+-----------+-----------+-----+------+---------+
        |grp_MultiPixStream2AXIvideo_Pipeline_VITIS_LOOP_981_2_fu_171  |MultiPixStream2AXIvideo_Pipeline_VITIS_LOOP_981_2  |        3|     1283|  41.250 ns|  17.641 us|    3|  1283|       no|
        +--------------------------------------------------------------+---------------------------------------------------+---------+---------+-----------+-----------+-----+------+---------+

        * Loop: 
        +--------------------+---------+---------+----------+-----------+-----------+---------+----------+
        |                    |  Latency (cycles) | Iteration|  Initiation Interval  |   Trip  |          |
        |      Loop Name     |   min   |   max   |  Latency |  achieved |   target  |  Count  | Pipelined|
        +--------------------+---------+---------+----------+-----------+-----------+---------+----------+
        |- VITIS_LOOP_979_1  |        0|   925920|  6 ~ 1286|          -|          -|  0 ~ 720|        no|
        +--------------------+---------+---------+----------+-----------+-----------+---------+----------+



================================================================
== Utilization Estimates
================================================================
* Summary: 
+-----------------+---------+-----+--------+-------+-----+
|       Name      | BRAM_18K| DSP |   FF   |  LUT  | URAM|
+-----------------+---------+-----+--------+-------+-----+
|DSP              |        -|    -|       -|      -|    -|
|Expression       |        -|    -|       0|     77|    -|
|FIFO             |        -|    -|       -|      -|    -|
|Instance         |        -|    -|      23|    313|    -|
|Memory           |        -|    -|       -|      -|    -|
|Multiplexer      |        -|    -|       -|    153|    -|
|Register         |        -|    -|     113|      -|    -|
+-----------------+---------+-----+--------+-------+-----+
|Total            |        0|    0|     136|    543|    0|
+-----------------+---------+-----+--------+-------+-----+
|Available        |      256|  728|  175680|  87840|   48|
+-----------------+---------+-----+--------+-------+-----+
|Utilization (%)  |        0|    0|      ~0|     ~0|    0|
+-----------------+---------+-----+--------+-------+-----+

+ Detail: 
    * Instance: 
    +--------------------------------------------------------------+---------------------------------------------------+---------+----+----+-----+-----+
    |                           Instance                           |                       Module                      | BRAM_18K| DSP| FF | LUT | URAM|
    +--------------------------------------------------------------+---------------------------------------------------+---------+----+----+-----+-----+
    |grp_MultiPixStream2AXIvideo_Pipeline_VITIS_LOOP_981_2_fu_171  |MultiPixStream2AXIvideo_Pipeline_VITIS_LOOP_981_2  |        0|   0|  23|  313|    0|
    +--------------------------------------------------------------+---------------------------------------------------+---------+----+----+-----+-----+
    |Total                                                         |                                                   |        0|   0|  23|  313|    0|
    +--------------------------------------------------------------+---------------------------------------------------+---------+----+----+-----+-----+

    * DSP: 
    N/A

    * Memory: 
    N/A

    * FIFO: 
    N/A

    * Expression: 
    +----------------------------------------------------------------------------------+----------+----+---+----+------------+------------+
    |                                   Variable Name                                  | Operation| DSP| FF| LUT| Bitwidth P0| Bitwidth P1|
    +----------------------------------------------------------------------------------+----------+----+---+----+------------+------------+
    |i_2_fu_249_p2                                                                     |         +|   0|  0|  17|          10|           1|
    |sub_i_fu_215_p2                                                                   |         +|   0|  0|  19|          12|           2|
    |and_ln979_fu_255_p2                                                               |       and|   0|  0|   2|           1|           1|
    |grp_MultiPixStream2AXIvideo_Pipeline_VITIS_LOOP_981_2_fu_171_m_axis_video_TREADY  |       and|   0|  0|   2|           1|           1|
    |icmp_ln979_1_fu_244_p2                                                            |      icmp|   0|  0|  17|          10|          10|
    |icmp_ln979_fu_221_p2                                                              |      icmp|   0|  0|  18|          11|           1|
    |ap_block_state1                                                                   |        or|   0|  0|   2|           1|           1|
    +----------------------------------------------------------------------------------+----------+----+---+----+------------+------------+
    |Total                                                                             |          |   0|  0|  77|          46|          17|
    +----------------------------------------------------------------------------------+----------+----+---+----+------------+------------+

    * Multiplexer: 
    +-------------------------+----+-----------+-----+-----------+
    |           Name          | LUT| Input Size| Bits| Total Bits|
    +-------------------------+----+-----------+-----+-----------+
    |ap_NS_fsm                |  26|          5|    1|          5|
    |ap_done                  |   9|          2|    1|          2|
    |colorFormat_val27_blk_n  |   9|          2|    1|          2|
    |counter_loc_0_i_fu_104   |   9|          2|   16|         32|
    |empty_reg_149            |   9|          2|    1|          2|
    |fid                      |  14|          3|    1|          3|
    |fid_ap_vld               |  14|          3|    1|          3|
    |fid_in_val12_blk_n       |   9|          2|    1|          2|
    |field_id_val11_blk_n     |   9|          2|    1|          2|
    |height_val5_blk_n        |   9|          2|    1|          2|
    |i_fu_100                 |   9|          2|   10|         20|
    |ovrlayYUV_read           |   9|          2|    1|          2|
    |sof_reg_159              |   9|          2|    1|          2|
    |width_val10_blk_n        |   9|          2|    1|          2|
    +-------------------------+----+-----------+-----+-----------+
    |Total                    | 153|         33|   38|         81|
    +-------------------------+----+-----------+-----+-----------+

    * Register: 
    +---------------------------------------------------------------------------+----+----+-----+-----------+
    |                                    Name                                   | FF | LUT| Bits| Const Bits|
    +---------------------------------------------------------------------------+----+----+-----+-----------+
    |and_ln979_reg_334                                                          |   1|   0|    1|          0|
    |ap_CS_fsm                                                                  |   4|   0|    4|          0|
    |ap_done_reg                                                                |   1|   0|    1|          0|
    |colorFormat_val27_read_reg_293                                             |   8|   0|    8|          0|
    |cols_reg_308                                                               |  11|   0|   11|          0|
    |counter                                                                    |  16|   0|   16|          0|
    |counter_loc_0_i_fu_104                                                     |  16|   0|   16|          0|
    |empty_reg_149                                                              |   1|   0|    1|          0|
    |fidStored                                                                  |   1|   0|    1|          0|
    |fid_in_val12_read_reg_298                                                  |   1|   0|    1|          0|
    |fid_preg                                                                   |   1|   0|    1|          0|
    |field_id_val11_read_reg_303                                                |  16|   0|   16|          0|
    |grp_MultiPixStream2AXIvideo_Pipeline_VITIS_LOOP_981_2_fu_171_ap_start_reg  |   1|   0|    1|          0|
    |i_fu_100                                                                   |  10|   0|   10|          0|
    |icmp_ln979_reg_326                                                         |   1|   0|    1|          0|
    |p_phi_i_loc_fu_108                                                         |   1|   0|    1|          0|
    |rows_reg_313                                                               |  10|   0|   10|          0|
    |sof_reg_159                                                                |   1|   0|    1|          0|
    |sub_i_reg_321                                                              |  12|   0|   12|          0|
    +---------------------------------------------------------------------------+----+----+-----+-----------+
    |Total                                                                      | 113|   0|  113|          0|
    +---------------------------------------------------------------------------+----+----+-----+-----------+



================================================================
== Interface
================================================================
* Summary: 
+----------------------------------+-----+-----+------------+-------------------------+--------------+
|             RTL Ports            | Dir | Bits|  Protocol  |      Source Object      |    C Type    |
+----------------------------------+-----+-----+------------+-------------------------+--------------+
|ap_clk                            |   in|    1|  ap_ctrl_hs|  MultiPixStream2AXIvideo|  return value|
|ap_rst                            |   in|    1|  ap_ctrl_hs|  MultiPixStream2AXIvideo|  return value|
|ap_start                          |   in|    1|  ap_ctrl_hs|  MultiPixStream2AXIvideo|  return value|
|ap_done                           |  out|    1|  ap_ctrl_hs|  MultiPixStream2AXIvideo|  return value|
|ap_continue                       |   in|    1|  ap_ctrl_hs|  MultiPixStream2AXIvideo|  return value|
|ap_idle                           |  out|    1|  ap_ctrl_hs|  MultiPixStream2AXIvideo|  return value|
|ap_ready                          |  out|    1|  ap_ctrl_hs|  MultiPixStream2AXIvideo|  return value|
|ovrlayYUV_dout                    |   in|   24|     ap_fifo|                ovrlayYUV|       pointer|
|ovrlayYUV_num_data_valid          |   in|    5|     ap_fifo|                ovrlayYUV|       pointer|
|ovrlayYUV_fifo_cap                |   in|    5|     ap_fifo|                ovrlayYUV|       pointer|
|ovrlayYUV_empty_n                 |   in|    1|     ap_fifo|                ovrlayYUV|       pointer|
|ovrlayYUV_read                    |  out|    1|     ap_fifo|                ovrlayYUV|       pointer|
|m_axis_video_TDATA                |  out|   24|        axis|    m_axis_video_V_data_V|       pointer|
|m_axis_video_TVALID               |  out|    1|        axis|    m_axis_video_V_dest_V|       pointer|
|m_axis_video_TREADY               |   in|    1|        axis|    m_axis_video_V_dest_V|       pointer|
|m_axis_video_TDEST                |  out|    1|        axis|    m_axis_video_V_dest_V|       pointer|
|m_axis_video_TKEEP                |  out|    3|        axis|    m_axis_video_V_keep_V|       pointer|
|m_axis_video_TSTRB                |  out|    3|        axis|    m_axis_video_V_strb_V|       pointer|
|m_axis_video_TUSER                |  out|    1|        axis|    m_axis_video_V_user_V|       pointer|
|m_axis_video_TLAST                |  out|    1|        axis|    m_axis_video_V_last_V|       pointer|
|m_axis_video_TID                  |  out|    1|        axis|      m_axis_video_V_id_V|       pointer|
|height_val5_dout                  |   in|   10|     ap_fifo|              height_val5|       pointer|
|height_val5_num_data_valid        |   in|    3|     ap_fifo|              height_val5|       pointer|
|height_val5_fifo_cap              |   in|    3|     ap_fifo|              height_val5|       pointer|
|height_val5_empty_n               |   in|    1|     ap_fifo|              height_val5|       pointer|
|height_val5_read                  |  out|    1|     ap_fifo|              height_val5|       pointer|
|width_val10_dout                  |   in|   11|     ap_fifo|              width_val10|       pointer|
|width_val10_num_data_valid        |   in|    3|     ap_fifo|              width_val10|       pointer|
|width_val10_fifo_cap              |   in|    3|     ap_fifo|              width_val10|       pointer|
|width_val10_empty_n               |   in|    1|     ap_fifo|              width_val10|       pointer|
|width_val10_read                  |  out|    1|     ap_fifo|              width_val10|       pointer|
|colorFormat_val27_dout            |   in|    8|     ap_fifo|        colorFormat_val27|       pointer|
|colorFormat_val27_num_data_valid  |   in|    3|     ap_fifo|        colorFormat_val27|       pointer|
|colorFormat_val27_fifo_cap        |   in|    3|     ap_fifo|        colorFormat_val27|       pointer|
|colorFormat_val27_empty_n         |   in|    1|     ap_fifo|        colorFormat_val27|       pointer|
|colorFormat_val27_read            |  out|    1|     ap_fifo|        colorFormat_val27|       pointer|
|fid_in_val12_dout                 |   in|    1|     ap_fifo|             fid_in_val12|       pointer|
|fid_in_val12_num_data_valid       |   in|    4|     ap_fifo|             fid_in_val12|       pointer|
|fid_in_val12_fifo_cap             |   in|    4|     ap_fifo|             fid_in_val12|       pointer|
|fid_in_val12_empty_n              |   in|    1|     ap_fifo|             fid_in_val12|       pointer|
|fid_in_val12_read                 |  out|    1|     ap_fifo|             fid_in_val12|       pointer|
|fid                               |  out|    1|      ap_vld|                      fid|       pointer|
|fid_ap_vld                        |  out|    1|      ap_vld|                      fid|       pointer|
|field_id_val11_dout               |   in|   16|     ap_fifo|           field_id_val11|       pointer|
|field_id_val11_num_data_valid     |   in|    4|     ap_fifo|           field_id_val11|       pointer|
|field_id_val11_fifo_cap           |   in|    4|     ap_fifo|           field_id_val11|       pointer|
|field_id_val11_empty_n            |   in|    1|     ap_fifo|           field_id_val11|       pointer|
|field_id_val11_read               |  out|    1|     ap_fifo|           field_id_val11|       pointer|
+----------------------------------+-----+-----+------------+-------------------------+--------------+

