

================================================================
== Vitis HLS Report for 'tpgBackground'
================================================================
* Date:           Tue Feb 20 09:49:23 2024

* Version:        2023.2 (Build 4023990 on Oct 11 2023)
* Project:        prj
* Solution:       sol (Vivado IP Flow Target)
* Product family: zynquplus
* Target device:  xczu4ev-sfvc784-1-e


================================================================
== Performance Estimates
================================================================
+ Timing: 
    * Summary: 
    +--------+----------+----------+------------+
    |  Clock |  Target  | Estimated| Uncertainty|
    +--------+----------+----------+------------+
    |ap_clk  |  13.75 ns|  8.802 ns|     3.71 ns|
    +--------+----------+----------+------------+

+ Latency: 
    * Summary: 
    +---------+------------+-----------+------------+-----+------------+---------+
    |   Latency (cycles)   |   Latency (absolute)   |     Interval     | Pipeline|
    |   min   |     max    |    min    |     max    | min |     max    |   Type  |
    +---------+------------+-----------+------------+-----+------------+---------+
    |        1|  4295819251|  13.750 ns|  59.068 sec|    1|  4295819251|       no|
    +---------+------------+-----------+------------+-----+------------+---------+

    + Detail: 
        * Instance: 
        +----------------------------------------------------+-----------------------------------------+---------+---------+----------+----------+-----+-------+---------+
        |                                                    |                                         |  Latency (cycles) |  Latency (absolute) |   Interval  | Pipeline|
        |                      Instance                      |                  Module                 |   min   |   max   |    min   |    max   | min |  max  |   Type  |
        +----------------------------------------------------+-----------------------------------------+---------+---------+----------+----------+-----+-------+---------+
        |grp_tpgBackground_Pipeline_VITIS_LOOP_565_2_fu_528  |tpgBackground_Pipeline_VITIS_LOOP_565_2  |       11|    65546|  0.151 us|  0.901 ms|   11|  65546|       no|
        +----------------------------------------------------+-----------------------------------------+---------+---------+----------+----------+-----+-------+---------+

        * Loop: 
        +--------------------+---------+------------+------------+-----------+-----------+-----------+----------+
        |                    |   Latency (cycles)   |  Iteration |  Initiation Interval  |    Trip   |          |
        |      Loop Name     |   min   |     max    |   Latency  |  achieved |   target  |   Count   | Pipelined|
        +--------------------+---------+------------+------------+-----------+-----------+-----------+----------+
        |- VITIS_LOOP_563_1  |        0|  4295819250|  15 ~ 65550|          -|          -|  0 ~ 65535|        no|
        +--------------------+---------+------------+------------+-----------+-----------+-----------+----------+



================================================================
== Utilization Estimates
================================================================
* Summary: 
+-----------------+---------+-----+--------+-------+-----+
|       Name      | BRAM_18K| DSP |   FF   |  LUT  | URAM|
+-----------------+---------+-----+--------+-------+-----+
|DSP              |        -|    -|       -|      -|    -|
|Expression       |        -|    -|       0|    301|    -|
|FIFO             |        -|    -|       -|      -|    -|
|Instance         |        5|   10|    2447|   4227|    -|
|Memory           |        -|    -|       -|      -|    -|
|Multiplexer      |        -|    -|       -|    382|    -|
|Register         |        -|    -|     689|      -|    -|
+-----------------+---------+-----+--------+-------+-----+
|Total            |        5|   10|    3136|   4910|    0|
+-----------------+---------+-----+--------+-------+-----+
|Available        |      256|  728|  175680|  87840|   48|
+-----------------+---------+-----+--------+-------+-----+
|Utilization (%)  |        1|    1|       1|      5|    0|
+-----------------+---------+-----+--------+-------+-----+

+ Detail: 
    * Instance: 
    +----------------------------------------------------+-----------------------------------------+---------+----+------+------+-----+
    |                      Instance                      |                  Module                 | BRAM_18K| DSP|  FF  |  LUT | URAM|
    +----------------------------------------------------+-----------------------------------------+---------+----+------+------+-----+
    |grp_tpgBackground_Pipeline_VITIS_LOOP_565_2_fu_528  |tpgBackground_Pipeline_VITIS_LOOP_565_2  |        5|  10|  2447|  4227|    0|
    +----------------------------------------------------+-----------------------------------------+---------+----+------+------+-----+
    |Total                                               |                                         |        5|  10|  2447|  4227|    0|
    +----------------------------------------------------+-----------------------------------------+---------+----+------+------+-----+

    * DSP: 
    N/A

    * Memory: 
    N/A

    * FIFO: 
    N/A

    * Expression: 
    +------------------------------------+----------+----+---+----+------------+------------+
    |            Variable Name           | Operation| DSP| FF| LUT| Bitwidth P0| Bitwidth P1|
    +------------------------------------+----------+----+---+----+------------+------------+
    |add2_i_fu_808_p2                    |         +|   0|  0|  21|          14|           4|
    |add5_i_fu_834_p2                    |         +|   0|  0|  21|          14|           4|
    |add_i_fu_792_p2                     |         +|   0|  0|  21|          14|           3|
    |add_ln563_fu_1025_p2                |         +|   0|  0|  23|          16|           1|
    |add_ln750_fu_1050_p2                |         +|   0|  0|  15|           8|           8|
    |barWidthMinSamples_fu_824_p2        |         +|   0|  0|  17|          10|           2|
    |sub_i_i_i_fu_870_p2                 |         +|   0|  0|  18|          11|           2|
    |cmp12_i_fu_1097_p2                  |      icmp|   0|  0|  23|          16|           1|
    |cmp2_i267_fu_720_p2                 |      icmp|   0|  0|  15|           8|           1|
    |cmp8_fu_714_p2                      |      icmp|   0|  0|  15|           8|           1|
    |icmp_fu_850_p2                      |      icmp|   0|  0|  14|           7|           1|
    |icmp_ln563_fu_1020_p2               |      icmp|   0|  0|  23|          16|          16|
    |ult_fu_1040_p2                      |      icmp|   0|  0|  23|          16|          16|
    |ap_block_state1                     |        or|   0|  0|   2|           1|           1|
    |outpix_2_fu_740_p3                  |    select|   0|  0|   8|           1|           1|
    |outpix_3_fu_764_p3                  |    select|   0|  0|   7|           1|           2|
    |outpix_fu_726_p3                    |    select|   0|  0|   7|           1|           2|
    |pix_16_fu_780_p3                    |    select|   0|  0|   8|           1|           2|
    |pix_fu_772_p3                       |    select|   0|  0|   8|           1|           1|
    |select_ln552_1_cast_cast_fu_756_p3  |    select|   0|  0|   3|           1|           1|
    |select_ln552_fu_748_p3              |    select|   0|  0|   5|           1|           1|
    |outpix_1_fu_734_p2                  |       xor|   0|  0|   2|           1|           2|
    |rev_fu_1091_p2                      |       xor|   0|  0|   2|           1|           2|
    +------------------------------------+----------+----+---+----+------------+------------+
    |Total                               |          |   0|  0| 301|         168|          75|
    +------------------------------------+----------+----+---+----+------------+------------+

    * Multiplexer: 
    +------------------------------+----+-----------+-----+-----------+
    |             Name             | LUT| Input Size| Bits| Total Bits|
    +------------------------------+----+-----------+-----+-----------+
    |ZplateHorContDelta_val_blk_n  |   9|          2|    1|          2|
    |ZplateHorContStart_val_blk_n  |   9|          2|    1|          2|
    |ZplateVerContDelta_val_blk_n  |   9|          2|    1|          2|
    |ZplateVerContStart_val_blk_n  |   9|          2|    1|          2|
    |ap_NS_fsm                     |  31|          6|    1|          6|
    |ap_done                       |   9|          2|    1|          2|
    |bckgndYUV_write               |   9|          2|    1|          2|
    |colorFormat_val27_c19_blk_n   |   9|          2|    1|          2|
    |colorFormat_val_blk_n         |   9|          2|    1|          2|
    |dpDynamicRange_val_blk_n      |   9|          2|    1|          2|
    |dpYUVCoef_val_blk_n           |   9|          2|    1|          2|
    |enableInput_val_blk_n         |   9|          2|    1|          2|
    |hBarSel_0_loc_0_fu_324        |   9|          2|    8|         16|
    |hBarSel_3_0_loc_0_fu_308      |   9|          2|    8|         16|
    |hBarSel_4_0_loc_0_fu_336      |   9|          2|    8|         16|
    |hBarSel_5_0_loc_0_fu_292      |   9|          2|    8|         16|
    |hdata_flag_0_reg_504          |   9|          2|    1|          2|
    |hdata_loc_0_fu_316            |   9|          2|   16|         32|
    |height_val5_c14_blk_n         |   9|          2|    1|          2|
    |height_val_blk_n              |   9|          2|    1|          2|
    |motionSpeed_val23_c_blk_n     |   9|          2|    1|          2|
    |motionSpeed_val_blk_n         |   9|          2|    1|          2|
    |passthruEndX_val_blk_n        |   9|          2|    1|          2|
    |passthruEndY_val_blk_n        |   9|          2|    1|          2|
    |passthruStartX_val_blk_n      |   9|          2|    1|          2|
    |passthruStartY_val_blk_n      |   9|          2|    1|          2|
    |patternId_val_blk_n           |   9|          2|    1|          2|
    |rampVal_2_flag_0_reg_516      |   9|          2|    1|          2|
    |rampVal_2_loc_0_fu_300        |   9|          2|   16|         32|
    |rampVal_3_flag_0_reg_492      |   9|          2|    1|          2|
    |rampVal_3_loc_0_fu_344        |   9|          2|   16|         32|
    |rampVal_loc_0_fu_340          |   9|          2|   16|         32|
    |srcYUV_read                   |   9|          2|    1|          2|
    |vBarSel_2_loc_0_fu_312        |   9|          2|    8|         16|
    |vBarSel_3_loc_0_fu_296        |   9|          2|    8|         16|
    |vBarSel_loc_0_fu_328          |   9|          2|    8|         16|
    |width_val10_c16_blk_n         |   9|          2|    1|          2|
    |width_val_blk_n               |   9|          2|    1|          2|
    |y_fu_276                      |   9|          2|   16|         32|
    |zonePlateVAddr_loc_0_fu_332   |   9|          2|   16|         32|
    +------------------------------+----+-----------+-----+-----------+
    |Total                         | 382|         84|  179|        362|
    +------------------------------+----+-----------+-----+-----------+

    * Register: 
    +-----------------------------------------------------------------+----+----+-----+-----------+
    |                               Name                              | FF | LUT| Bits| Const Bits|
    +-----------------------------------------------------------------+----+----+-----+-----------+
    |Sel_reg_1471                                                     |   2|   0|    2|          0|
    |ZplateHorContDelta_val_read_reg_1290                             |  16|   0|   16|          0|
    |ZplateHorContStart_val_read_reg_1295                             |  16|   0|   16|          0|
    |ZplateVerContDelta_val_read_reg_1280                             |  16|   0|   16|          0|
    |ZplateVerContStart_val_read_reg_1285                             |  16|   0|   16|          0|
    |ap_CS_fsm                                                        |   5|   0|    5|          0|
    |ap_done_reg                                                      |   1|   0|    1|          0|
    |barWidthMinSamples_reg_1403                                      |  10|   0|   10|          0|
    |barWidth_reg_1397                                                |  11|   0|   11|          0|
    |cmp12_i_reg_1466                                                 |   1|   0|    1|          0|
    |cmp2_i267_reg_1352                                               |   1|   0|    1|          0|
    |cmp8_reg_1347                                                    |   1|   0|    1|          0|
    |colorFormatLocal_reg_1300                                        |   8|   0|    8|          0|
    |dpDynamicRange_val_read_reg_1275                                 |   8|   0|    8|          0|
    |dpYUVCoef_val_read_reg_1270                                      |   8|   0|    8|          0|
    |grp_tpgBackground_Pipeline_VITIS_LOOP_565_2_fu_528_ap_start_reg  |   1|   0|    1|          0|
    |hBarSel_0                                                        |   3|   0|    3|          0|
    |hBarSel_0_loc_0_fu_324                                           |   8|   0|    8|          0|
    |hBarSel_3_0                                                      |   3|   0|    3|          0|
    |hBarSel_3_0_loc_0_fu_308                                         |   8|   0|    8|          0|
    |hBarSel_4_0                                                      |   8|   0|    8|          0|
    |hBarSel_4_0_loc_0_fu_336                                         |   8|   0|    8|          0|
    |hBarSel_5_0                                                      |   3|   0|    3|          0|
    |hBarSel_5_0_loc_0_fu_292                                         |   8|   0|    8|          0|
    |hdata                                                            |  16|   0|   16|          0|
    |hdata_flag_0_reg_504                                             |   1|   0|    1|          0|
    |hdata_loc_0_fu_316                                               |  16|   0|   16|          0|
    |hdata_new_0_fu_320                                               |  16|   0|   16|          0|
    |icmp_reg_1408                                                    |   1|   0|    1|          0|
    |loopHeight_reg_1341                                              |  16|   0|   16|          0|
    |loopWidth_reg_1335                                               |  16|   0|   16|          0|
    |motionSpeed_val_read_reg_1305                                    |   8|   0|    8|          0|
    |outpix_1_reg_1362                                                |   1|   0|    1|          0|
    |outpix_2_reg_1367                                                |   4|   0|    8|          4|
    |outpix_3_reg_1382                                                |   3|   0|    8|          5|
    |outpix_6_fu_280                                                  |   8|   0|    8|          0|
    |outpix_6_load_reg_1436                                           |   8|   0|    8|          0|
    |outpix_7_fu_284                                                  |   8|   0|    8|          0|
    |outpix_7_load_reg_1441                                           |   8|   0|    8|          0|
    |outpix_8_fu_288                                                  |   8|   0|    8|          0|
    |outpix_8_load_reg_1446                                           |   8|   0|    8|          0|
    |outpix_reg_1357                                                  |   5|   0|    8|          3|
    |p_0_0_010245_lcssa252_fu_264                                     |   8|   0|    8|          0|
    |p_0_0_0249_lcssa258_fu_272                                       |   8|   0|    8|          0|
    |p_0_0_09247_lcssa255_fu_268                                      |   8|   0|    8|          0|
    |passthruEndX_val_read_reg_1320                                   |  16|   0|   16|          0|
    |passthruEndY_val_read_reg_1315                                   |  16|   0|   16|          0|
    |passthruStartX_val_read_reg_1330                                 |  16|   0|   16|          0|
    |passthruStartY_val_read_reg_1325                                 |  16|   0|   16|          0|
    |patternId_val_read_reg_1310                                      |   8|   0|    8|          0|
    |pix_16_reg_1392                                                  |   7|   0|    8|          1|
    |pix_reg_1387                                                     |   1|   0|    8|          7|
    |rampStart                                                        |   8|   0|    8|          0|
    |rampStart_load_reg_1418                                          |   8|   0|    8|          0|
    |rampVal                                                          |   8|   0|    8|          0|
    |rampVal_1                                                        |  16|   0|   16|          0|
    |rampVal_2                                                        |  16|   0|   16|          0|
    |rampVal_2_flag_0_reg_516                                         |   1|   0|    1|          0|
    |rampVal_2_loc_0_fu_300                                           |  16|   0|   16|          0|
    |rampVal_2_new_0_fu_304                                           |  16|   0|   16|          0|
    |rampVal_3_flag_0_reg_492                                         |   1|   0|    1|          0|
    |rampVal_3_loc_0_fu_344                                           |  16|   0|   16|          0|
    |rampVal_3_new_0_fu_348                                           |  16|   0|   16|          0|
    |rampVal_loc_0_fu_340                                             |  16|   0|   16|          0|
    |rev_reg_1461                                                     |   1|   0|    1|          0|
    |select_ln552_1_cast_cast_reg_1377                                |   2|   0|    3|          1|
    |select_ln552_reg_1372                                            |   3|   0|    5|          2|
    |sub_i_i_i_reg_1413                                               |  11|   0|   11|          0|
    |trunc_ln563_reg_1456                                             |   8|   0|    8|          0|
    |ult_reg_1451                                                     |   1|   0|    1|          0|
    |vBarSel                                                          |   3|   0|    3|          0|
    |vBarSel_1                                                        |   1|   0|    1|          0|
    |vBarSel_2                                                        |   8|   0|    8|          0|
    |vBarSel_2_loc_0_fu_312                                           |   8|   0|    8|          0|
    |vBarSel_3_loc_0_fu_296                                           |   8|   0|    8|          0|
    |vBarSel_loc_0_fu_328                                             |   8|   0|    8|          0|
    |y_3_reg_1424                                                     |  16|   0|   16|          0|
    |y_fu_276                                                         |  16|   0|   16|          0|
    |zonePlateVAddr                                                   |  16|   0|   16|          0|
    |zonePlateVAddr_loc_0_fu_332                                      |  16|   0|   16|          0|
    +-----------------------------------------------------------------+----+----+-----+-----------+
    |Total                                                            | 689|   0|  712|         23|
    +-----------------------------------------------------------------+----+----+-----+-----------+



================================================================
== Interface
================================================================
* Summary: 
+---------------------------------------+-----+-----+------------+------------------------+--------------+
|               RTL Ports               | Dir | Bits|  Protocol  |      Source Object     |    C Type    |
+---------------------------------------+-----+-----+------------+------------------------+--------------+
|ap_clk                                 |   in|    1|  ap_ctrl_hs|           tpgBackground|  return value|
|ap_rst                                 |   in|    1|  ap_ctrl_hs|           tpgBackground|  return value|
|ap_start                               |   in|    1|  ap_ctrl_hs|           tpgBackground|  return value|
|ap_done                                |  out|    1|  ap_ctrl_hs|           tpgBackground|  return value|
|ap_continue                            |   in|    1|  ap_ctrl_hs|           tpgBackground|  return value|
|ap_idle                                |  out|    1|  ap_ctrl_hs|           tpgBackground|  return value|
|ap_ready                               |  out|    1|  ap_ctrl_hs|           tpgBackground|  return value|
|srcYUV_dout                            |   in|   24|     ap_fifo|                  srcYUV|       pointer|
|srcYUV_num_data_valid                  |   in|    5|     ap_fifo|                  srcYUV|       pointer|
|srcYUV_fifo_cap                        |   in|    5|     ap_fifo|                  srcYUV|       pointer|
|srcYUV_empty_n                         |   in|    1|     ap_fifo|                  srcYUV|       pointer|
|srcYUV_read                            |  out|    1|     ap_fifo|                  srcYUV|       pointer|
|height_val_dout                        |   in|   16|     ap_fifo|              height_val|       pointer|
|height_val_num_data_valid              |   in|    3|     ap_fifo|              height_val|       pointer|
|height_val_fifo_cap                    |   in|    3|     ap_fifo|              height_val|       pointer|
|height_val_empty_n                     |   in|    1|     ap_fifo|              height_val|       pointer|
|height_val_read                        |  out|    1|     ap_fifo|              height_val|       pointer|
|width_val_dout                         |   in|   16|     ap_fifo|               width_val|       pointer|
|width_val_num_data_valid               |   in|    3|     ap_fifo|               width_val|       pointer|
|width_val_fifo_cap                     |   in|    3|     ap_fifo|               width_val|       pointer|
|width_val_empty_n                      |   in|    1|     ap_fifo|               width_val|       pointer|
|width_val_read                         |  out|    1|     ap_fifo|               width_val|       pointer|
|passthruStartX_val_dout                |   in|   16|     ap_fifo|      passthruStartX_val|       pointer|
|passthruStartX_val_num_data_valid      |   in|    3|     ap_fifo|      passthruStartX_val|       pointer|
|passthruStartX_val_fifo_cap            |   in|    3|     ap_fifo|      passthruStartX_val|       pointer|
|passthruStartX_val_empty_n             |   in|    1|     ap_fifo|      passthruStartX_val|       pointer|
|passthruStartX_val_read                |  out|    1|     ap_fifo|      passthruStartX_val|       pointer|
|passthruStartY_val_dout                |   in|   16|     ap_fifo|      passthruStartY_val|       pointer|
|passthruStartY_val_num_data_valid      |   in|    3|     ap_fifo|      passthruStartY_val|       pointer|
|passthruStartY_val_fifo_cap            |   in|    3|     ap_fifo|      passthruStartY_val|       pointer|
|passthruStartY_val_empty_n             |   in|    1|     ap_fifo|      passthruStartY_val|       pointer|
|passthruStartY_val_read                |  out|    1|     ap_fifo|      passthruStartY_val|       pointer|
|passthruEndX_val_dout                  |   in|   16|     ap_fifo|        passthruEndX_val|       pointer|
|passthruEndX_val_num_data_valid        |   in|    3|     ap_fifo|        passthruEndX_val|       pointer|
|passthruEndX_val_fifo_cap              |   in|    3|     ap_fifo|        passthruEndX_val|       pointer|
|passthruEndX_val_empty_n               |   in|    1|     ap_fifo|        passthruEndX_val|       pointer|
|passthruEndX_val_read                  |  out|    1|     ap_fifo|        passthruEndX_val|       pointer|
|passthruEndY_val_dout                  |   in|   16|     ap_fifo|        passthruEndY_val|       pointer|
|passthruEndY_val_num_data_valid        |   in|    3|     ap_fifo|        passthruEndY_val|       pointer|
|passthruEndY_val_fifo_cap              |   in|    3|     ap_fifo|        passthruEndY_val|       pointer|
|passthruEndY_val_empty_n               |   in|    1|     ap_fifo|        passthruEndY_val|       pointer|
|passthruEndY_val_read                  |  out|    1|     ap_fifo|        passthruEndY_val|       pointer|
|enableInput_val_dout                   |   in|    8|     ap_fifo|         enableInput_val|       pointer|
|enableInput_val_num_data_valid         |   in|    3|     ap_fifo|         enableInput_val|       pointer|
|enableInput_val_fifo_cap               |   in|    3|     ap_fifo|         enableInput_val|       pointer|
|enableInput_val_empty_n                |   in|    1|     ap_fifo|         enableInput_val|       pointer|
|enableInput_val_read                   |  out|    1|     ap_fifo|         enableInput_val|       pointer|
|patternId_val_dout                     |   in|    8|     ap_fifo|           patternId_val|       pointer|
|patternId_val_num_data_valid           |   in|    3|     ap_fifo|           patternId_val|       pointer|
|patternId_val_fifo_cap                 |   in|    3|     ap_fifo|           patternId_val|       pointer|
|patternId_val_empty_n                  |   in|    1|     ap_fifo|           patternId_val|       pointer|
|patternId_val_read                     |  out|    1|     ap_fifo|           patternId_val|       pointer|
|ZplateHorContStart_val_dout            |   in|   16|     ap_fifo|  ZplateHorContStart_val|       pointer|
|ZplateHorContStart_val_num_data_valid  |   in|    3|     ap_fifo|  ZplateHorContStart_val|       pointer|
|ZplateHorContStart_val_fifo_cap        |   in|    3|     ap_fifo|  ZplateHorContStart_val|       pointer|
|ZplateHorContStart_val_empty_n         |   in|    1|     ap_fifo|  ZplateHorContStart_val|       pointer|
|ZplateHorContStart_val_read            |  out|    1|     ap_fifo|  ZplateHorContStart_val|       pointer|
|ZplateHorContDelta_val_dout            |   in|   16|     ap_fifo|  ZplateHorContDelta_val|       pointer|
|ZplateHorContDelta_val_num_data_valid  |   in|    3|     ap_fifo|  ZplateHorContDelta_val|       pointer|
|ZplateHorContDelta_val_fifo_cap        |   in|    3|     ap_fifo|  ZplateHorContDelta_val|       pointer|
|ZplateHorContDelta_val_empty_n         |   in|    1|     ap_fifo|  ZplateHorContDelta_val|       pointer|
|ZplateHorContDelta_val_read            |  out|    1|     ap_fifo|  ZplateHorContDelta_val|       pointer|
|ZplateVerContStart_val_dout            |   in|   16|     ap_fifo|  ZplateVerContStart_val|       pointer|
|ZplateVerContStart_val_num_data_valid  |   in|    3|     ap_fifo|  ZplateVerContStart_val|       pointer|
|ZplateVerContStart_val_fifo_cap        |   in|    3|     ap_fifo|  ZplateVerContStart_val|       pointer|
|ZplateVerContStart_val_empty_n         |   in|    1|     ap_fifo|  ZplateVerContStart_val|       pointer|
|ZplateVerContStart_val_read            |  out|    1|     ap_fifo|  ZplateVerContStart_val|       pointer|
|ZplateVerContDelta_val_dout            |   in|   16|     ap_fifo|  ZplateVerContDelta_val|       pointer|
|ZplateVerContDelta_val_num_data_valid  |   in|    3|     ap_fifo|  ZplateVerContDelta_val|       pointer|
|ZplateVerContDelta_val_fifo_cap        |   in|    3|     ap_fifo|  ZplateVerContDelta_val|       pointer|
|ZplateVerContDelta_val_empty_n         |   in|    1|     ap_fifo|  ZplateVerContDelta_val|       pointer|
|ZplateVerContDelta_val_read            |  out|    1|     ap_fifo|  ZplateVerContDelta_val|       pointer|
|dpDynamicRange_val_dout                |   in|    8|     ap_fifo|      dpDynamicRange_val|       pointer|
|dpDynamicRange_val_num_data_valid      |   in|    3|     ap_fifo|      dpDynamicRange_val|       pointer|
|dpDynamicRange_val_fifo_cap            |   in|    3|     ap_fifo|      dpDynamicRange_val|       pointer|
|dpDynamicRange_val_empty_n             |   in|    1|     ap_fifo|      dpDynamicRange_val|       pointer|
|dpDynamicRange_val_read                |  out|    1|     ap_fifo|      dpDynamicRange_val|       pointer|
|dpYUVCoef_val_dout                     |   in|    8|     ap_fifo|           dpYUVCoef_val|       pointer|
|dpYUVCoef_val_num_data_valid           |   in|    3|     ap_fifo|           dpYUVCoef_val|       pointer|
|dpYUVCoef_val_fifo_cap                 |   in|    3|     ap_fifo|           dpYUVCoef_val|       pointer|
|dpYUVCoef_val_empty_n                  |   in|    1|     ap_fifo|           dpYUVCoef_val|       pointer|
|dpYUVCoef_val_read                     |  out|    1|     ap_fifo|           dpYUVCoef_val|       pointer|
|motionSpeed_val_dout                   |   in|    8|     ap_fifo|         motionSpeed_val|       pointer|
|motionSpeed_val_num_data_valid         |   in|    3|     ap_fifo|         motionSpeed_val|       pointer|
|motionSpeed_val_fifo_cap               |   in|    3|     ap_fifo|         motionSpeed_val|       pointer|
|motionSpeed_val_empty_n                |   in|    1|     ap_fifo|         motionSpeed_val|       pointer|
|motionSpeed_val_read                   |  out|    1|     ap_fifo|         motionSpeed_val|       pointer|
|colorFormat_val_dout                   |   in|    8|     ap_fifo|         colorFormat_val|       pointer|
|colorFormat_val_num_data_valid         |   in|    3|     ap_fifo|         colorFormat_val|       pointer|
|colorFormat_val_fifo_cap               |   in|    3|     ap_fifo|         colorFormat_val|       pointer|
|colorFormat_val_empty_n                |   in|    1|     ap_fifo|         colorFormat_val|       pointer|
|colorFormat_val_read                   |  out|    1|     ap_fifo|         colorFormat_val|       pointer|
|bckgndYUV_din                          |  out|   24|     ap_fifo|               bckgndYUV|       pointer|
|bckgndYUV_num_data_valid               |   in|    5|     ap_fifo|               bckgndYUV|       pointer|
|bckgndYUV_fifo_cap                     |   in|    5|     ap_fifo|               bckgndYUV|       pointer|
|bckgndYUV_full_n                       |   in|    1|     ap_fifo|               bckgndYUV|       pointer|
|bckgndYUV_write                        |  out|    1|     ap_fifo|               bckgndYUV|       pointer|
|height_val5_c14_din                    |  out|   16|     ap_fifo|         height_val5_c14|       pointer|
|height_val5_c14_num_data_valid         |   in|    3|     ap_fifo|         height_val5_c14|       pointer|
|height_val5_c14_fifo_cap               |   in|    3|     ap_fifo|         height_val5_c14|       pointer|
|height_val5_c14_full_n                 |   in|    1|     ap_fifo|         height_val5_c14|       pointer|
|height_val5_c14_write                  |  out|    1|     ap_fifo|         height_val5_c14|       pointer|
|width_val10_c16_din                    |  out|   16|     ap_fifo|         width_val10_c16|       pointer|
|width_val10_c16_num_data_valid         |   in|    3|     ap_fifo|         width_val10_c16|       pointer|
|width_val10_c16_fifo_cap               |   in|    3|     ap_fifo|         width_val10_c16|       pointer|
|width_val10_c16_full_n                 |   in|    1|     ap_fifo|         width_val10_c16|       pointer|
|width_val10_c16_write                  |  out|    1|     ap_fifo|         width_val10_c16|       pointer|
|motionSpeed_val23_c_din                |  out|    8|     ap_fifo|     motionSpeed_val23_c|       pointer|
|motionSpeed_val23_c_num_data_valid     |   in|    3|     ap_fifo|     motionSpeed_val23_c|       pointer|
|motionSpeed_val23_c_fifo_cap           |   in|    3|     ap_fifo|     motionSpeed_val23_c|       pointer|
|motionSpeed_val23_c_full_n             |   in|    1|     ap_fifo|     motionSpeed_val23_c|       pointer|
|motionSpeed_val23_c_write              |  out|    1|     ap_fifo|     motionSpeed_val23_c|       pointer|
|colorFormat_val27_c19_din              |  out|    8|     ap_fifo|   colorFormat_val27_c19|       pointer|
|colorFormat_val27_c19_num_data_valid   |   in|    3|     ap_fifo|   colorFormat_val27_c19|       pointer|
|colorFormat_val27_c19_fifo_cap         |   in|    3|     ap_fifo|   colorFormat_val27_c19|       pointer|
|colorFormat_val27_c19_full_n           |   in|    1|     ap_fifo|   colorFormat_val27_c19|       pointer|
|colorFormat_val27_c19_write            |  out|    1|     ap_fifo|   colorFormat_val27_c19|       pointer|
|s                                      |   in|   32|     ap_none|                       s|       pointer|
+---------------------------------------+-----+-----+------------+------------------------+--------------+

