

================================================================
== Vitis HLS Report for 'tpgForeground_Pipeline_VITIS_LOOP_774_2'
================================================================
* Date:           Tue Feb 20 09:49:23 2024

* Version:        2023.2 (Build 4023990 on Oct 11 2023)
* Project:        prj
* Solution:       sol (Vivado IP Flow Target)
* Product family: zynquplus
* Target device:  xczu4ev-sfvc784-1-e


================================================================
== Performance Estimates
================================================================
+ Timing: 
    * Summary: 
    +--------+----------+----------+------------+
    |  Clock |  Target  | Estimated| Uncertainty|
    +--------+----------+----------+------------+
    |ap_clk  |  13.75 ns|  6.612 ns|     3.71 ns|
    +--------+----------+----------+------------+

+ Latency: 
    * Summary: 
    +---------+---------+-----------+----------+-----+-------+---------+
    |  Latency (cycles) |  Latency (absolute)  |   Interval  | Pipeline|
    |   min   |   max   |    min    |    max   | min |  max  |   Type  |
    +---------+---------+-----------+----------+-----+-------+---------+
    |        2|    65537|  27.500 ns|  0.901 ms|    2|  65537|       no|
    +---------+---------+-----------+----------+-----+-------+---------+

    + Detail: 
        * Instance: 
        N/A

        * Loop: 
        +--------------------+---------+---------+----------+-----------+-----------+-----------+----------+
        |                    |  Latency (cycles) | Iteration|  Initiation Interval  |    Trip   |          |
        |      Loop Name     |   min   |   max   |  Latency |  achieved |   target  |   Count   | Pipelined|
        +--------------------+---------+---------+----------+-----------+-----------+-----------+----------+
        |- VITIS_LOOP_774_2  |        0|    65535|         2|          1|          1|  0 ~ 65535|       yes|
        +--------------------+---------+---------+----------+-----------+-----------+-----------+----------+



================================================================
== Utilization Estimates
================================================================
* Summary: 
+-----------------+---------+-----+--------+-------+-----+
|       Name      | BRAM_18K| DSP |   FF   |  LUT  | URAM|
+-----------------+---------+-----+--------+-------+-----+
|DSP              |        -|    -|       -|      -|    -|
|Expression       |        -|    -|       0|    551|    -|
|FIFO             |        -|    -|       -|      -|    -|
|Instance         |        -|    -|       -|      -|    -|
|Memory           |        0|    -|       8|      1|    -|
|Multiplexer      |        -|    -|       -|    201|    -|
|Register         |        -|    -|     138|      -|    -|
+-----------------+---------+-----+--------+-------+-----+
|Total            |        0|    0|     146|    753|    0|
+-----------------+---------+-----+--------+-------+-----+
|Available        |      256|  728|  175680|  87840|   48|
+-----------------+---------+-----+--------+-------+-----+
|Utilization (%)  |        0|    0|      ~0|     ~0|    0|
+-----------------+---------+-----+--------+-------+-----+

+ Detail: 
    * Instance: 
    N/A

    * DSP: 
    N/A

    * Memory: 
    +------------+--------------------------------------------------------------+---------+---+----+-----+------+-----+------+-------------+
    |   Memory   |                            Module                            | BRAM_18K| FF| LUT| URAM| Words| Bits| Banks| W*Bits*Banks|
    +------------+--------------------------------------------------------------+---------+---+----+-----+------+-----+------+-------------+
    |whiYuv_2_U  |tpgForeground_Pipeline_VITIS_LOOP_774_2_whiYuv_2_ROM_AUTO_1R  |        0|  8|   1|    0|     3|    8|     1|           24|
    +------------+--------------------------------------------------------------+---------+---+----+-----+------+-----+------+-------------+
    |Total       |                                                              |        0|  8|   1|    0|     3|    8|     1|           24|
    +------------+--------------------------------------------------------------+---------+---+----+-----+------+-----+------+-------------+

    * FIFO: 
    N/A

    * Expression: 
    +----------------------------------+----------+----+---+----+------------+------------+
    |           Variable Name          | Operation| DSP| FF| LUT| Bitwidth P0| Bitwidth P1|
    +----------------------------------+----------+----+---+----+------------+------------+
    |add_ln1912_fu_518_p2              |         +|   0|  0|  23|          16|          16|
    |add_ln1916_fu_542_p2              |         +|   0|  0|  23|          16|          16|
    |boxBottom_fu_644_p2               |         +|   0|  0|  23|          16|          16|
    |boxRight_fu_639_p2                |         +|   0|  0|  23|          16|          16|
    |x_2_fu_440_p2                     |         +|   0|  0|  23|          16|           1|
    |sub_ln1914_fu_513_p2              |         -|   0|  0|  23|          16|          16|
    |sub_ln1918_fu_537_p2              |         -|   0|  0|  23|          16|          16|
    |and_ln1942_1_fu_687_p2            |       and|   0|  0|   2|           1|           1|
    |and_ln1942_2_fu_681_p2            |       and|   0|  0|   2|           1|           1|
    |and_ln1942_fu_693_p2              |       and|   0|  0|   2|           1|           1|
    |and_ln1947_fu_699_p2              |       and|   0|  0|   2|           1|           1|
    |ap_block_pp0_stage0_01001         |       and|   0|  0|   2|           1|           1|
    |ap_condition_232                  |       and|   0|  0|   2|           1|           1|
    |ap_condition_289                  |       and|   0|  0|   2|           1|           1|
    |ap_condition_323                  |       and|   0|  0|   2|           1|           1|
    |ap_condition_361                  |       and|   0|  0|   2|           1|           1|
    |ap_condition_618                  |       and|   0|  0|   2|           1|           1|
    |icmp_ln1884_fu_455_p2             |      icmp|   0|  0|  23|          16|           1|
    |icmp_ln1889_fu_465_p2             |      icmp|   0|  0|  23|          16|          16|
    |icmp_ln1894_fu_476_p2             |      icmp|   0|  0|  23|          16|          16|
    |icmp_ln1901_fu_491_p2             |      icmp|   0|  0|  23|          16|          16|
    |icmp_ln1906_fu_502_p2             |      icmp|   0|  0|  23|          16|          16|
    |icmp_ln1932_1_fu_660_p2           |      icmp|   0|  0|  23|          16|          16|
    |icmp_ln1932_fu_649_p2             |      icmp|   0|  0|  23|          16|          16|
    |icmp_ln1937_1_fu_676_p2           |      icmp|   0|  0|  23|          16|          16|
    |icmp_ln1937_fu_665_p2             |      icmp|   0|  0|  23|          16|          16|
    |icmp_ln1963_fu_571_p2             |      icmp|   0|  0|  23|          16|          16|
    |icmp_ln774_fu_435_p2              |      icmp|   0|  0|  23|          16|          16|
    |ap_block_state3_pp0_stage0_iter2  |        or|   0|  0|   2|           1|           1|
    |or_ln1884_fu_450_p2               |        or|   0|  0|  16|          16|          16|
    |or_ln1963_fu_576_p2               |        or|   0|  0|   2|           1|           1|
    |boxHCoord                         |    select|   0|  0|  16|           1|          16|
    |boxVCoord                         |    select|   0|  0|  16|           1|          16|
    |empty_fu_745_p3                   |    select|   0|  0|   8|           1|           8|
    |p_0_2_0_0_0269699_fu_724_p3       |    select|   0|  0|   8|           1|           8|
    |pixOut_11_fu_710_p3               |    select|   0|  0|   8|           1|           1|
    |pixOut_12_fu_731_p3               |    select|   0|  0|   8|           1|           8|
    |pixOut_7_fu_703_p3                |    select|   0|  0|   8|           1|           8|
    |select_ln1975_fu_581_p3           |    select|   0|  0|   3|           1|           3|
    |select_ln1991_fu_738_p3           |    select|   0|  0|   8|           1|           1|
    |select_ln1993_fu_717_p3           |    select|   0|  0|   8|           1|           1|
    |ap_enable_pp0                     |       xor|   0|  0|   2|           1|           2|
    |xor_ln1932_fu_654_p2              |       xor|   0|  0|   2|           1|           2|
    |xor_ln1937_fu_670_p2              |       xor|   0|  0|   2|           1|           2|
    +----------------------------------+----------+----+---+----+------------+------------+
    |Total                             |          |   0|  0| 551|         329|         362|
    +----------------------------------+----------+----+---+----+------------+------------+

    * Multiplexer: 
    +-------------------------------------+----+-----------+-----+-----------+
    |                 Name                | LUT| Input Size| Bits| Total Bits|
    +-------------------------------------+----+-----------+-----+-----------+
    |ap_done_int                          |   9|          2|    1|          2|
    |ap_enable_reg_pp0_iter1              |   9|          2|    1|          2|
    |ap_enable_reg_pp0_iter2              |   9|          2|    1|          2|
    |ap_phi_mux_empty_111_phi_fu_322_p8   |  14|          3|    1|          3|
    |ap_phi_mux_empty_112_phi_fu_305_p8   |  14|          3|    1|          3|
    |ap_phi_mux_phi_ln1975_phi_fu_339_p4  |  14|          3|    2|          6|
    |ap_phi_mux_pix_3_phi_fu_367_p12      |  20|          4|    8|         32|
    |ap_phi_mux_pix_4_phi_fu_349_p12      |  20|          4|    8|         32|
    |ap_phi_mux_pix_phi_fu_387_p12        |  20|          4|    8|         32|
    |ap_phi_reg_pp0_iter2_pix_3_reg_363   |   9|          2|    8|         16|
    |ap_phi_reg_pp0_iter2_pix_4_reg_346   |   9|          2|    8|         16|
    |ap_phi_reg_pp0_iter2_pix_reg_383     |   9|          2|    8|         16|
    |bckgndYUV_blk_n                      |   9|          2|    1|          2|
    |boxHCoord_loc_1_fu_140               |   9|          2|   16|         32|
    |boxVCoord_loc_1_fu_136               |   9|          2|   16|         32|
    |ovrlayYUV_blk_n                      |   9|          2|    1|          2|
    |x_fu_132                             |   9|          2|   16|         32|
    +-------------------------------------+----+-----------+-----+-----------+
    |Total                                | 201|         43|  105|        262|
    +-------------------------------------+----+-----------+-----+-----------+

    * Register: 
    +------------------------------------+----+----+-----+-----------+
    |                Name                | FF | LUT| Bits| Const Bits|
    +------------------------------------+----+----+-----+-----------+
    |ap_CS_fsm                           |   1|   0|    1|          0|
    |ap_done_reg                         |   1|   0|    1|          0|
    |ap_enable_reg_pp0_iter1             |   1|   0|    1|          0|
    |ap_enable_reg_pp0_iter2             |   1|   0|    1|          0|
    |ap_phi_reg_pp0_iter1_pix_3_reg_363  |   8|   0|    8|          0|
    |ap_phi_reg_pp0_iter1_pix_4_reg_346  |   8|   0|    8|          0|
    |ap_phi_reg_pp0_iter1_pix_reg_383    |   8|   0|    8|          0|
    |ap_phi_reg_pp0_iter2_pix_3_reg_363  |   8|   0|    8|          0|
    |ap_phi_reg_pp0_iter2_pix_4_reg_346  |   8|   0|    8|          0|
    |ap_phi_reg_pp0_iter2_pix_reg_383    |   8|   0|    8|          0|
    |boxHCoord_loc_1_fu_140              |  16|   0|   16|          0|
    |boxVCoord_loc_1_fu_136              |  16|   0|   16|          0|
    |hDir                                |   1|   0|    1|          0|
    |icmp_ln774_reg_913                  |   1|   0|    1|          0|
    |or_ln1963_reg_950                   |   1|   0|    1|          0|
    |trunc_ln774_reg_917                 |   1|   0|    1|          0|
    |vDir                                |   1|   0|    1|          0|
    |x_1_reg_907                         |  16|   0|   16|          0|
    |x_fu_132                            |  16|   0|   16|          0|
    |zext_ln1914_1_cast_reg_893          |   9|   0|   16|          7|
    |zext_ln1914_cast_reg_899            |   8|   0|   16|          8|
    +------------------------------------+----+----+-----+-----------+
    |Total                               | 138|   0|  153|         15|
    +------------------------------------+----+----+-----+-----------+



================================================================
== Interface
================================================================
* Summary: 
+----------------------------+-----+-----+------------+-----------------------------------------+--------------+
|          RTL Ports         | Dir | Bits|  Protocol  |              Source Object              |    C Type    |
+----------------------------+-----+-----+------------+-----------------------------------------+--------------+
|ap_clk                      |   in|    1|  ap_ctrl_hs|  tpgForeground_Pipeline_VITIS_LOOP_774_2|  return value|
|ap_rst                      |   in|    1|  ap_ctrl_hs|  tpgForeground_Pipeline_VITIS_LOOP_774_2|  return value|
|ap_start                    |   in|    1|  ap_ctrl_hs|  tpgForeground_Pipeline_VITIS_LOOP_774_2|  return value|
|ap_done                     |  out|    1|  ap_ctrl_hs|  tpgForeground_Pipeline_VITIS_LOOP_774_2|  return value|
|ap_idle                     |  out|    1|  ap_ctrl_hs|  tpgForeground_Pipeline_VITIS_LOOP_774_2|  return value|
|ap_ready                    |  out|    1|  ap_ctrl_hs|  tpgForeground_Pipeline_VITIS_LOOP_774_2|  return value|
|bckgndYUV_dout              |   in|   24|     ap_fifo|                                bckgndYUV|       pointer|
|bckgndYUV_num_data_valid    |   in|    5|     ap_fifo|                                bckgndYUV|       pointer|
|bckgndYUV_fifo_cap          |   in|    5|     ap_fifo|                                bckgndYUV|       pointer|
|bckgndYUV_empty_n           |   in|    1|     ap_fifo|                                bckgndYUV|       pointer|
|bckgndYUV_read              |  out|    1|     ap_fifo|                                bckgndYUV|       pointer|
|ovrlayYUV_din               |  out|   24|     ap_fifo|                                ovrlayYUV|       pointer|
|ovrlayYUV_num_data_valid    |   in|    5|     ap_fifo|                                ovrlayYUV|       pointer|
|ovrlayYUV_fifo_cap          |   in|    5|     ap_fifo|                                ovrlayYUV|       pointer|
|ovrlayYUV_full_n            |   in|    1|     ap_fifo|                                ovrlayYUV|       pointer|
|ovrlayYUV_write             |  out|    1|     ap_fifo|                                ovrlayYUV|       pointer|
|boxHCoord_loc_0             |   in|   16|     ap_none|                          boxHCoord_loc_0|        scalar|
|boxVCoord_loc_0             |   in|   16|     ap_none|                          boxVCoord_loc_0|        scalar|
|loopWidth                   |   in|   16|     ap_none|                                loopWidth|        scalar|
|boxColorB                   |   in|    8|     ap_none|                                boxColorB|        scalar|
|pixOut                      |   in|    8|     ap_none|                                   pixOut|        scalar|
|boxColorR                   |   in|    8|     ap_none|                                boxColorR|        scalar|
|and4_i                      |   in|    1|     ap_none|                                   and4_i|        scalar|
|and26_i                     |   in|    1|     ap_none|                                  and26_i|        scalar|
|tobool                      |   in|    1|     ap_none|                                   tobool|        scalar|
|and10_i                     |   in|    1|     ap_none|                                  and10_i|        scalar|
|patternId_val_load          |   in|    8|     ap_none|                       patternId_val_load|        scalar|
|boxSize                     |   in|   16|     ap_none|                                  boxSize|        scalar|
|y                           |   in|   16|     ap_none|                                        y|        scalar|
|zext_ln1914                 |   in|    8|     ap_none|                              zext_ln1914|        scalar|
|vMax                        |   in|   16|     ap_none|                                     vMax|        scalar|
|hMax                        |   in|   16|     ap_none|                                     hMax|        scalar|
|zext_ln1914_1               |   in|    9|     ap_none|                            zext_ln1914_1|        scalar|
|icmp                        |   in|    1|     ap_none|                                     icmp|        scalar|
|boxColorG                   |   in|    8|     ap_none|                                boxColorG|        scalar|
|crossHairX                  |   in|   16|     ap_none|                               crossHairX|        scalar|
|cmp2_i                      |   in|    1|     ap_none|                                   cmp2_i|        scalar|
|color                       |   in|    8|     ap_none|                                    color|        scalar|
|boxHCoord_loc_1_out         |  out|   16|      ap_vld|                      boxHCoord_loc_1_out|       pointer|
|boxHCoord_loc_1_out_ap_vld  |  out|    1|      ap_vld|                      boxHCoord_loc_1_out|       pointer|
|boxVCoord_loc_1_out         |  out|   16|      ap_vld|                      boxVCoord_loc_1_out|       pointer|
|boxVCoord_loc_1_out_ap_vld  |  out|    1|      ap_vld|                      boxVCoord_loc_1_out|       pointer|
|boxHCoord                   |  out|   16|      ap_vld|                                boxHCoord|       pointer|
|boxHCoord_ap_vld            |  out|    1|      ap_vld|                                boxHCoord|       pointer|
|boxVCoord                   |  out|   16|      ap_vld|                                boxVCoord|       pointer|
|boxVCoord_ap_vld            |  out|    1|      ap_vld|                                boxVCoord|       pointer|
+----------------------------+-----+-----+------------+-----------------------------------------+--------------+

