

================================================================
== Vitis HLS Report for 'v_tpg'
================================================================
* Date:           Tue Feb 20 09:49:26 2024

* Version:        2023.2 (Build 4023990 on Oct 11 2023)
* Project:        prj
* Solution:       sol (Vivado IP Flow Target)
* Product family: zynquplus
* Target device:  xczu4ev-sfvc784-1-e


================================================================
== Performance Estimates
================================================================
+ Timing: 
    * Summary: 
    +--------+----------+----------+------------+
    |  Clock |  Target  | Estimated| Uncertainty|
    +--------+----------+----------+------------+
    |ap_clk  |  13.75 ns|  8.802 ns|     3.71 ns|
    +--------+----------+----------+------------+

+ Latency: 
    * Summary: 
    +---------+------------+----------+------------+-----+------------+---------+
    |   Latency (cycles)   |   Latency (absolute)  |     Interval     | Pipeline|
    |   min   |     max    |    min   |     max    | min |     max    |   Type  |
    +---------+------------+----------+------------+-----+------------+---------+
    |       17|  4295819256|  0.234 us|  59.068 sec|   18|  4295819257|       no|
    +---------+------------+----------+------------+-----+------------+---------+

    + Detail: 
        * Instance: 
        +---------------------------------+----------------------+---------+------------+-----------+------------+-----+------------+----------+
        |                                 |                      |   Latency (cycles)   |   Latency (absolute)   |     Interval     | Pipeline |
        |             Instance            |        Module        |   min   |     max    |    min    |     max    | min |     max    |   Type   |
        +---------------------------------+----------------------+---------+------------+-----------+------------+-----+------------+----------+
        |grp_v_tpgHlsDataFlow_fu_501      |v_tpgHlsDataFlow      |       13|  4295819252|   0.179 us|  59.068 sec|    3|  4295819252|  dataflow|
        |grp_reg_unsigned_short_s_fu_714  |reg_unsigned_short_s  |        1|           1|  13.750 ns|   13.750 ns|    1|           1|       yes|
        +---------------------------------+----------------------+---------+------------+-----------+------------+-----+------------+----------+

        * Loop: 
        N/A



================================================================
== Utilization Estimates
================================================================
* Summary: 
+-----------------+---------+-----+--------+-------+-----+
|       Name      | BRAM_18K| DSP |   FF   |  LUT  | URAM|
+-----------------+---------+-----+--------+-------+-----+
|DSP              |        -|    -|       -|      -|    -|
|Expression       |        -|    -|       0|    214|    -|
|FIFO             |        -|    -|       -|      -|    -|
|Instance         |        5|   10|    8069|  10586|    0|
|Memory           |        -|    -|       -|      -|    -|
|Multiplexer      |        -|    -|       -|     49|    -|
|Register         |        -|    -|     417|      -|    -|
+-----------------+---------+-----+--------+-------+-----+
|Total            |        5|   10|    8486|  10849|    0|
+-----------------+---------+-----+--------+-------+-----+
|Available        |      256|  728|  175680|  87840|   48|
+-----------------+---------+-----+--------+-------+-----+
|Utilization (%)  |        1|    1|       4|     12|    0|
+-----------------+---------+-----+--------+-------+-----+

+ Detail: 
    * Instance: 
    +---------------------------------+----------------------+---------+----+------+------+-----+
    |             Instance            |        Module        | BRAM_18K| DSP|  FF  |  LUT | URAM|
    +---------------------------------+----------------------+---------+----+------+------+-----+
    |CTRL_s_axi_U                     |CTRL_s_axi            |        0|   0|   544|   744|    0|
    |grp_reg_unsigned_short_s_fu_714  |reg_unsigned_short_s  |        0|   0|    33|    14|    0|
    |grp_v_tpgHlsDataFlow_fu_501      |v_tpgHlsDataFlow      |        5|  10|  7492|  9828|    0|
    +---------------------------------+----------------------+---------+----+------+------+-----+
    |Total                            |                      |        5|  10|  8069| 10586|    0|
    +---------------------------------+----------------------+---------+----+------+------+-----+

    * DSP: 
    N/A

    * Memory: 
    N/A

    * FIFO: 
    N/A

    * Expression: 
    +-------------------------------------------------+----------+----+---+----+------------+------------+
    |                  Variable Name                  | Operation| DSP| FF| LUT| Bitwidth P0| Bitwidth P1|
    +-------------------------------------------------+----------+----+---+----+------------+------------+
    |add_ln502_fu_730_p2                              |         +|   0|  0|  39|          32|           1|
    |add_ln507_fu_762_p2                              |         +|   0|  0|  39|          32|           1|
    |grp_v_tpgHlsDataFlow_fu_501_m_axis_video_TREADY  |       and|   0|  0|   2|           1|           1|
    |icmp_ln500_fu_720_p2                             |      icmp|   0|  0|  23|          16|           1|
    |icmp_ln503_fu_736_p2                             |      icmp|   0|  0|  39|          32|           4|
    |icmp_ln505_fu_756_p2                             |      icmp|   0|  0|  36|          29|           1|
    |ap_sync_grp_v_tpgHlsDataFlow_fu_501_ap_done      |        or|   0|  0|   2|           1|           1|
    |ap_sync_grp_v_tpgHlsDataFlow_fu_501_ap_ready     |        or|   0|  0|   2|           1|           1|
    |select_ln505_fu_768_p3                           |    select|   0|  0|  32|           1|          32|
    +-------------------------------------------------+----------+----+---+----+------------+------------+
    |Total                                            |          |   0|  0| 214|         145|          43|
    +-------------------------------------------------+----------+----+---+----+------------+------------+

    * Multiplexer: 
    +----------------------------------+----+-----------+-----+-----------+
    |               Name               | LUT| Input Size| Bits| Total Bits|
    +----------------------------------+----+-----------+-----+-----------+
    |ap_NS_fsm                         |  31|          6|    1|          6|
    |count_new_0_reg_490               |   9|          2|   32|         64|
    |s_axis_video_TREADY_int_regslice  |   9|          2|    1|          2|
    +----------------------------------+----+-----------+-----+-----------+
    |Total                             |  49|         10|   34|         72|
    +----------------------------------+----+-----------+-----+-----------+

    * Register: 
    +--------------------------------------------------+----+----+-----+-----------+
    |                       Name                       | FF | LUT| Bits| Const Bits|
    +--------------------------------------------------+----+----+-----+-----------+
    |ZplateHorContDelta_read_reg_900                   |  16|   0|   16|          0|
    |ZplateHorContStart_read_reg_895                   |  16|   0|   16|          0|
    |ZplateVerContDelta_read_reg_910                   |  16|   0|   16|          0|
    |ZplateVerContStart_read_reg_905                   |  16|   0|   16|          0|
    |ap_CS_fsm                                         |   5|   0|    5|          0|
    |ap_sync_reg_grp_v_tpgHlsDataFlow_fu_501_ap_done   |   1|   0|    1|          0|
    |ap_sync_reg_grp_v_tpgHlsDataFlow_fu_501_ap_ready  |   1|   0|    1|          0|
    |bckgndId_read_reg_860                             |   8|   0|    8|          0|
    |boxSize_read_reg_915                              |  16|   0|   16|          0|
    |colorFormat_read_reg_880                          |   8|   0|    8|          0|
    |count                                             |  32|   0|   32|          0|
    |count_new_0_reg_490                               |  32|   0|   32|          0|
    |crossHairX_read_reg_885                           |  16|   0|   16|          0|
    |crossHairY_read_reg_890                           |  16|   0|   16|          0|
    |dpDynamicRange_read_reg_935                       |   8|   0|    8|          0|
    |dpYUVCoef_read_reg_940                            |   8|   0|    8|          0|
    |empty_109_reg_925                                 |   8|   0|    8|          0|
    |empty_110_reg_930                                 |   8|   0|    8|          0|
    |empty_reg_920                                     |   8|   0|    8|          0|
    |enableInput_read_reg_855                          |   8|   0|    8|          0|
    |field_id_read_reg_825                             |  16|   0|   16|          0|
    |grp_v_tpgHlsDataFlow_fu_501_ap_start_reg          |   1|   0|    1|          0|
    |height_read_reg_815                               |  16|   0|   16|          0|
    |icmp_ln500_reg_803                                |   1|   0|    1|          0|
    |maskId_read_reg_870                               |   8|   0|    8|          0|
    |motionSpeed_read_reg_875                          |   8|   0|    8|          0|
    |ovrlayId_read_reg_865                             |   8|   0|    8|          0|
    |passthruEndX_read_reg_845                         |  16|   0|   16|          0|
    |passthruEndY_read_reg_850                         |  16|   0|   16|          0|
    |passthruStartX_read_reg_835                       |  16|   0|   16|          0|
    |passthruStartY_read_reg_840                       |  16|   0|   16|          0|
    |s                                                 |  32|   0|   32|          0|
    |width_read_reg_820                                |  16|   0|   16|          0|
    +--------------------------------------------------+----+----+-----+-----------+
    |Total                                             | 417|   0|  417|          0|
    +--------------------------------------------------+----+----+-----+-----------+



================================================================
== Interface
================================================================
* Summary: 
+---------------------+-----+-----+------------+-----------------------+--------------+
|      RTL Ports      | Dir | Bits|  Protocol  |     Source Object     |    C Type    |
+---------------------+-----+-----+------------+-----------------------+--------------+
|s_axi_CTRL_AWVALID   |   in|    1|       s_axi|                   CTRL|       pointer|
|s_axi_CTRL_AWREADY   |  out|    1|       s_axi|                   CTRL|       pointer|
|s_axi_CTRL_AWADDR    |   in|    8|       s_axi|                   CTRL|       pointer|
|s_axi_CTRL_WVALID    |   in|    1|       s_axi|                   CTRL|       pointer|
|s_axi_CTRL_WREADY    |  out|    1|       s_axi|                   CTRL|       pointer|
|s_axi_CTRL_WDATA     |   in|   32|       s_axi|                   CTRL|       pointer|
|s_axi_CTRL_WSTRB     |   in|    4|       s_axi|                   CTRL|       pointer|
|s_axi_CTRL_ARVALID   |   in|    1|       s_axi|                   CTRL|       pointer|
|s_axi_CTRL_ARREADY   |  out|    1|       s_axi|                   CTRL|       pointer|
|s_axi_CTRL_ARADDR    |   in|    8|       s_axi|                   CTRL|       pointer|
|s_axi_CTRL_RVALID    |  out|    1|       s_axi|                   CTRL|       pointer|
|s_axi_CTRL_RREADY    |   in|    1|       s_axi|                   CTRL|       pointer|
|s_axi_CTRL_RDATA     |  out|   32|       s_axi|                   CTRL|       pointer|
|s_axi_CTRL_RRESP     |  out|    2|       s_axi|                   CTRL|       pointer|
|s_axi_CTRL_BVALID    |  out|    1|       s_axi|                   CTRL|       pointer|
|s_axi_CTRL_BREADY    |   in|    1|       s_axi|                   CTRL|       pointer|
|s_axi_CTRL_BRESP     |  out|    2|       s_axi|                   CTRL|       pointer|
|ap_clk               |   in|    1|  ap_ctrl_hs|                  v_tpg|  return value|
|ap_rst_n             |   in|    1|  ap_ctrl_hs|                  v_tpg|  return value|
|interrupt            |  out|    1|  ap_ctrl_hs|                  v_tpg|  return value|
|s_axis_video_TDATA   |   in|   24|        axis|  s_axis_video_V_data_V|       pointer|
|s_axis_video_TVALID  |   in|    1|        axis|  s_axis_video_V_dest_V|       pointer|
|s_axis_video_TREADY  |  out|    1|        axis|  s_axis_video_V_dest_V|       pointer|
|s_axis_video_TDEST   |   in|    1|        axis|  s_axis_video_V_dest_V|       pointer|
|s_axis_video_TKEEP   |   in|    3|        axis|  s_axis_video_V_keep_V|       pointer|
|s_axis_video_TSTRB   |   in|    3|        axis|  s_axis_video_V_strb_V|       pointer|
|s_axis_video_TUSER   |   in|    1|        axis|  s_axis_video_V_user_V|       pointer|
|s_axis_video_TLAST   |   in|    1|        axis|  s_axis_video_V_last_V|       pointer|
|s_axis_video_TID     |   in|    1|        axis|    s_axis_video_V_id_V|       pointer|
|fid_in               |   in|    1|     ap_none|                 fid_in|       pointer|
|m_axis_video_TDATA   |  out|   24|        axis|  m_axis_video_V_data_V|       pointer|
|m_axis_video_TVALID  |  out|    1|        axis|  m_axis_video_V_dest_V|       pointer|
|m_axis_video_TREADY  |   in|    1|        axis|  m_axis_video_V_dest_V|       pointer|
|m_axis_video_TDEST   |  out|    1|        axis|  m_axis_video_V_dest_V|       pointer|
|m_axis_video_TKEEP   |  out|    3|        axis|  m_axis_video_V_keep_V|       pointer|
|m_axis_video_TSTRB   |  out|    3|        axis|  m_axis_video_V_strb_V|       pointer|
|m_axis_video_TUSER   |  out|    1|        axis|  m_axis_video_V_user_V|       pointer|
|m_axis_video_TLAST   |  out|    1|        axis|  m_axis_video_V_last_V|       pointer|
|m_axis_video_TID     |  out|    1|        axis|    m_axis_video_V_id_V|       pointer|
|fid                  |  out|    1|     ap_none|                    fid|       pointer|
+---------------------+-----+-----+------------+-----------------------+--------------+

