12:38:46 DEBUG : Logs will be stored at '/home/sundance/Emilie_Projects/git/EMC2/BSP_TE0820_4EV/2023.2/software/baremetal_classic/IDE.log'.
12:39:29 INFO  : Launching XSCT server: xsct -n  -interactive /home/sundance/Emilie_Projects/git/EMC2/BSP_TE0820_4EV/2023.2/software/baremetal_classic/temp_xsdb_launch_script.tcl
12:39:30 INFO  : Registering command handlers for Vitis TCF services
12:39:33 INFO  : Platform repository initialization has completed.
12:39:37 INFO  : XSCT server has started successfully.
12:39:37 INFO  : Successfully done setting XSCT server connection channel  
12:39:37 INFO  : plnx-install-location is set to ''
12:39:37 INFO  : Successfully done query RDI_DATADIR 
12:39:37 INFO  : Successfully done setting workspace for the tool. 
13:17:23 INFO  : Result from executing command 'getProjects': EMC2_BSP_platform
13:17:23 INFO  : Result from executing command 'getPlatforms': xilinx_vck190_base_202320_1|/tools/Xilinx/Vitis/2023.2/base_platforms/xilinx_vck190_base_202320_1/xilinx_vck190_base_202320_1.xpfm;xilinx_vck190_base_dfx_202320_1|/tools/Xilinx/Vitis/2023.2/base_platforms/xilinx_vck190_base_dfx_202320_1/xilinx_vck190_base_dfx_202320_1.xpfm;xilinx_vek280_es1_base_202320_1|/tools/Xilinx/Vitis/2023.2/base_platforms/xilinx_vek280_es1_base_202320_1/xilinx_vek280_es1_base_202320_1.xpfm;xilinx_vmk180_base_202320_1|/tools/Xilinx/Vitis/2023.2/base_platforms/xilinx_vmk180_base_202320_1/xilinx_vmk180_base_202320_1.xpfm;xilinx_zcu102_base_202320_1|/tools/Xilinx/Vitis/2023.2/base_platforms/xilinx_zcu102_base_202320_1/xilinx_zcu102_base_202320_1.xpfm;xilinx_zcu102_base_dfx_202320_1|/tools/Xilinx/Vitis/2023.2/base_platforms/xilinx_zcu102_base_dfx_202320_1/xilinx_zcu102_base_dfx_202320_1.xpfm;xilinx_zcu104_base_202320_1|/tools/Xilinx/Vitis/2023.2/base_platforms/xilinx_zcu104_base_202320_1/xilinx_zcu104_base_202320_1.xpfm
13:37:28 INFO  : Result from executing command 'getProjects': EMC2_BSP_platform
13:37:28 INFO  : Result from executing command 'getPlatforms': EMC2_BSP_platform|/home/sundance/Emilie_Projects/git/EMC2/BSP_TE0820_4EV/2023.2/software/baremetal_classic/EMC2_BSP_platform/export/EMC2_BSP_platform/EMC2_BSP_platform.xpfm;xilinx_vck190_base_202320_1|/tools/Xilinx/Vitis/2023.2/base_platforms/xilinx_vck190_base_202320_1/xilinx_vck190_base_202320_1.xpfm;xilinx_vck190_base_dfx_202320_1|/tools/Xilinx/Vitis/2023.2/base_platforms/xilinx_vck190_base_dfx_202320_1/xilinx_vck190_base_dfx_202320_1.xpfm;xilinx_vek280_es1_base_202320_1|/tools/Xilinx/Vitis/2023.2/base_platforms/xilinx_vek280_es1_base_202320_1/xilinx_vek280_es1_base_202320_1.xpfm;xilinx_vmk180_base_202320_1|/tools/Xilinx/Vitis/2023.2/base_platforms/xilinx_vmk180_base_202320_1/xilinx_vmk180_base_202320_1.xpfm;xilinx_zcu102_base_202320_1|/tools/Xilinx/Vitis/2023.2/base_platforms/xilinx_zcu102_base_202320_1/xilinx_zcu102_base_202320_1.xpfm;xilinx_zcu102_base_dfx_202320_1|/tools/Xilinx/Vitis/2023.2/base_platforms/xilinx_zcu102_base_dfx_202320_1/xilinx_zcu102_base_dfx_202320_1.xpfm;xilinx_zcu104_base_202320_1|/tools/Xilinx/Vitis/2023.2/base_platforms/xilinx_zcu104_base_202320_1/xilinx_zcu104_base_202320_1.xpfm
13:40:06 INFO  : Checking for BSP changes to sync application flags for project 'zynqmp_fsbl'...
13:41:36 INFO  : Checking for BSP changes to sync application flags for project 'zynqmp_fsbl'...
13:42:28 INFO  : Invoking Bootgen: bootgen -image output.bif -arch zynqmp -o /home/sundance/Emilie_Projects/git/EMC2/BSP_TE0820_4EV/2023.2/boot/BOOT.bin -w on
13:42:31 INFO  : Bootgen command execution is done.
13:55:12 INFO  : Checking for BSP changes to sync application flags for project 'zynqmp_fsbl'...
13:55:16 ERROR : (XSDB Server)readelf: Error: '/home/sundance/Emilie_Projects/git/EMC2/BSP_TE0820_4EV/2023.2/software/baremetal_classic/EMC2_BSP_platform/export/EMC2_BSP_platform/sw/fsbl.elf': No such file

13:55:29 INFO  : Checking for BSP changes to sync application flags for project 'zynqmp_fsbl'...
