

================================================================
== Vitis HLS Report for 'MultiPixStream2AXIvideo'
================================================================
* Date:           Thu Feb 22 13:13:33 2024

* Version:        2022.2 (Build 3670227 on Oct 13 2022)
* Project:        prj
* Solution:       sol (Vivado IP Flow Target)
* Product family: zynquplus
* Target device:  xczu4ev-sfvc784-1-e


================================================================
== Performance Estimates
================================================================
+ Timing: 
    * Summary: 
    +--------+----------+----------+------------+
    |  Clock |  Target  | Estimated| Uncertainty|
    +--------+----------+----------+------------+
    |ap_clk  |  13.75 ns|  2.713 ns|     3.71 ns|
    +--------+----------+----------+------------+

+ Latency: 
    * Summary: 
    +---------+---------+-----------+-----------+-----+--------+---------+
    |  Latency (cycles) |   Latency (absolute)  |   Interval   | Pipeline|
    |   min   |   max   |    min    |    max    | min |   max  |   Type  |
    +---------+---------+-----------+-----------+-----+--------+---------+
    |        1|   925921|  13.750 ns|  12.731 ms|    1|  925921|       no|
    +---------+---------+-----------+-----------+-----+--------+---------+

    + Detail: 
        * Instance: 
        +--------------------------------------------------------------+---------------------------------------------------+---------+---------+-----------+-----------+-----+------+---------+
        |                                                              |                                                   |  Latency (cycles) |   Latency (absolute)  |  Interval  | Pipeline|
        |                           Instance                           |                       Module                      |   min   |   max   |    min    |    max    | min |  max |   Type  |
        +--------------------------------------------------------------+---------------------------------------------------+---------+---------+-----------+-----------+-----+------+---------+
        |grp_MultiPixStream2AXIvideo_Pipeline_VITIS_LOOP_936_2_fu_157  |MultiPixStream2AXIvideo_Pipeline_VITIS_LOOP_936_2  |        4|     1283|  55.000 ns|  17.641 us|    4|  1283|       no|
        +--------------------------------------------------------------+---------------------------------------------------+---------+---------+-----------+-----------+-----+------+---------+

        * Loop: 
        +--------------------+---------+---------+----------+-----------+-----------+---------+----------+
        |                    |  Latency (cycles) | Iteration|  Initiation Interval  |   Trip  |          |
        |      Loop Name     |   min   |   max   |  Latency |  achieved |   target  |  Count  | Pipelined|
        +--------------------+---------+---------+----------+-----------+-----------+---------+----------+
        |- VITIS_LOOP_934_1  |        0|   925920|  2 ~ 1286|          -|          -|  0 ~ 720|        no|
        +--------------------+---------+---------+----------+-----------+-----------+---------+----------+



================================================================
== Utilization Estimates
================================================================
* Summary: 
+-----------------+---------+-----+--------+-------+-----+
|       Name      | BRAM_18K| DSP |   FF   |  LUT  | URAM|
+-----------------+---------+-----+--------+-------+-----+
|DSP              |        -|    -|       -|      -|    -|
|Expression       |        -|    -|       0|    151|    -|
|FIFO             |        -|    -|       -|      -|    -|
|Instance         |        -|    -|      21|    203|    -|
|Memory           |        -|    -|       -|      -|    -|
|Multiplexer      |        -|    -|       -|     80|    -|
|Register         |        -|    -|     102|      -|    -|
+-----------------+---------+-----+--------+-------+-----+
|Total            |        0|    0|     123|    434|    0|
+-----------------+---------+-----+--------+-------+-----+
|Available        |      256|  728|  175680|  87840|   48|
+-----------------+---------+-----+--------+-------+-----+
|Utilization (%)  |        0|    0|      ~0|     ~0|    0|
+-----------------+---------+-----+--------+-------+-----+

+ Detail: 
    * Instance: 
    +--------------------------------------------------------------+---------------------------------------------------+---------+----+----+-----+-----+
    |                           Instance                           |                       Module                      | BRAM_18K| DSP| FF | LUT | URAM|
    +--------------------------------------------------------------+---------------------------------------------------+---------+----+----+-----+-----+
    |grp_MultiPixStream2AXIvideo_Pipeline_VITIS_LOOP_936_2_fu_157  |MultiPixStream2AXIvideo_Pipeline_VITIS_LOOP_936_2  |        0|   0|  21|  203|    0|
    +--------------------------------------------------------------+---------------------------------------------------+---------+----+----+-----+-----+
    |Total                                                         |                                                   |        0|   0|  21|  203|    0|
    +--------------------------------------------------------------+---------------------------------------------------+---------+----+----+-----+-----+

    * DSP: 
    N/A

    * Memory: 
    N/A

    * FIFO: 
    N/A

    * Expression: 
    +----------------------------------------------------------------------------------+----------+----+---+----+------------+------------+
    |                                   Variable Name                                  | Operation| DSP| FF| LUT| Bitwidth P0| Bitwidth P1|
    +----------------------------------------------------------------------------------+----------+----+---+----+------------+------------+
    |i_2_fu_281_p2                                                                     |         +|   0|  0|  17|          10|           1|
    |sub_fu_201_p2                                                                     |         +|   0|  0|  19|          12|           2|
    |and_ln993_fu_304_p2                                                               |       and|   0|  0|   2|           1|           1|
    |grp_MultiPixStream2AXIvideo_Pipeline_VITIS_LOOP_936_2_fu_157_m_axis_video_TREADY  |       and|   0|  0|   2|           1|           1|
    |cmp103_fu_207_p2                                                                  |      icmp|   0|  0|  13|          16|           2|
    |cmp19230_fu_213_p2                                                                |      icmp|   0|  0|  11|          11|           1|
    |icmp_ln934_fu_276_p2                                                              |      icmp|   0|  0|  11|          10|          10|
    |icmp_ln975_fu_247_p2                                                              |      icmp|   0|  0|  11|           8|           1|
    |icmp_ln993_1_fu_237_p2                                                            |      icmp|   0|  0|  13|          16|           1|
    |icmp_ln993_fu_231_p2                                                              |      icmp|   0|  0|  13|          16|           1|
    |switch_le_fu_225_p2                                                               |      icmp|   0|  0|  13|          16|           2|
    |ap_block_state1                                                                   |        or|   0|  0|   2|           1|           1|
    |empty_148_fu_219_p2                                                               |        or|   0|  0|  16|          16|           1|
    |or_ln993_fu_309_p2                                                                |        or|   0|  0|   2|           1|           1|
    |select_ln1006_fu_320_p3                                                           |    select|   0|  0|   2|           1|           1|
    |select_ln993_fu_326_p3                                                            |    select|   0|  0|   2|           1|           1|
    |xor_ln1008_fu_314_p2                                                              |       xor|   0|  0|   2|           1|           2|
    +----------------------------------------------------------------------------------+----------+----+---+----+------------+------------+
    |Total                                                                             |          |   0|  0| 151|         138|          30|
    +----------------------------------------------------------------------------------+----------+----+---+----+------------+------------+

    * Multiplexer: 
    +----------------------+----+-----------+-----+-----------+
    |         Name         | LUT| Input Size| Bits| Total Bits|
    +----------------------+----+-----------+-----+-----------+
    |ap_NS_fsm             |  26|          5|    1|          5|
    |ap_done               |   9|          2|    1|          2|
    |counter_loc_0_fu_112  |   9|          2|   16|         32|
    |empty_fu_104          |   9|          2|    1|          2|
    |fid                   |   9|          2|    1|          2|
    |i_fu_100              |   9|          2|   10|         20|
    |ovrlayYUV_read        |   9|          2|    1|          2|
    +----------------------+----+-----------+-----+-----------+
    |Total                 |  80|         17|   31|         65|
    +----------------------+----+-----------+-----+-----------+

    * Register: 
    +---------------------------------------------------------------------------+----+----+-----+-----------+
    |                                    Name                                   | FF | LUT| Bits| Const Bits|
    +---------------------------------------------------------------------------+----+----+-----+-----------+
    |ap_CS_fsm                                                                  |   4|   0|    4|          0|
    |ap_done_reg                                                                |   1|   0|    1|          0|
    |cmp103_reg_395                                                             |   1|   0|    1|          0|
    |cmp19230_reg_405                                                           |   1|   0|    1|          0|
    |counter                                                                    |  16|   0|   16|          0|
    |counter_loc_0_fu_112                                                       |  16|   0|   16|          0|
    |empty_147_reg_385                                                          |  11|   0|   11|          0|
    |empty_fu_104                                                               |   1|   0|    1|          0|
    |fidStored                                                                  |   1|   0|    1|          0|
    |fid_preg                                                                   |   1|   0|    1|          0|
    |grp_MultiPixStream2AXIvideo_Pipeline_VITIS_LOOP_936_2_fu_157_ap_start_reg  |   1|   0|    1|          0|
    |i_2_reg_432                                                                |  10|   0|   10|          0|
    |i_fu_100                                                                   |  10|   0|   10|          0|
    |icmp_ln975_reg_424                                                         |   1|   0|    1|          0|
    |icmp_ln993_1_reg_419                                                       |   1|   0|    1|          0|
    |icmp_ln993_reg_414                                                         |   1|   0|    1|          0|
    |phi_ln991_loc_fu_116                                                       |   1|   0|    1|          0|
    |sof_fu_108                                                                 |   1|   0|    1|          0|
    |sub_reg_390                                                                |  12|   0|   12|          0|
    |switch_le_reg_409                                                          |   1|   0|    1|          0|
    |trunc_ln882_reg_380                                                        |  10|   0|   10|          0|
    +---------------------------------------------------------------------------+----+----+-----+-----------+
    |Total                                                                      | 102|   0|  102|          0|
    +---------------------------------------------------------------------------+----+----+-----+-----------+



================================================================
== Interface
================================================================
* Summary: 
+--------------------------+-----+-----+------------+-------------------------+--------------+
|         RTL Ports        | Dir | Bits|  Protocol  |      Source Object      |    C Type    |
+--------------------------+-----+-----+------------+-------------------------+--------------+
|ap_clk                    |   in|    1|  ap_ctrl_hs|  MultiPixStream2AXIvideo|  return value|
|ap_rst                    |   in|    1|  ap_ctrl_hs|  MultiPixStream2AXIvideo|  return value|
|ap_start                  |   in|    1|  ap_ctrl_hs|  MultiPixStream2AXIvideo|  return value|
|ap_done                   |  out|    1|  ap_ctrl_hs|  MultiPixStream2AXIvideo|  return value|
|ap_continue               |   in|    1|  ap_ctrl_hs|  MultiPixStream2AXIvideo|  return value|
|ap_idle                   |  out|    1|  ap_ctrl_hs|  MultiPixStream2AXIvideo|  return value|
|ap_ready                  |  out|    1|  ap_ctrl_hs|  MultiPixStream2AXIvideo|  return value|
|ovrlayYUV_dout            |   in|   24|     ap_fifo|                ovrlayYUV|       pointer|
|ovrlayYUV_num_data_valid  |   in|    5|     ap_fifo|                ovrlayYUV|       pointer|
|ovrlayYUV_fifo_cap        |   in|    5|     ap_fifo|                ovrlayYUV|       pointer|
|ovrlayYUV_empty_n         |   in|    1|     ap_fifo|                ovrlayYUV|       pointer|
|ovrlayYUV_read            |  out|    1|     ap_fifo|                ovrlayYUV|       pointer|
|m_axis_video_TDATA        |  out|   24|        axis|    m_axis_video_V_data_V|       pointer|
|m_axis_video_TVALID       |  out|    1|        axis|    m_axis_video_V_dest_V|       pointer|
|m_axis_video_TREADY       |   in|    1|        axis|    m_axis_video_V_dest_V|       pointer|
|m_axis_video_TDEST        |  out|    1|        axis|    m_axis_video_V_dest_V|       pointer|
|m_axis_video_TKEEP        |  out|    3|        axis|    m_axis_video_V_keep_V|       pointer|
|m_axis_video_TSTRB        |  out|    3|        axis|    m_axis_video_V_strb_V|       pointer|
|m_axis_video_TUSER        |  out|    1|        axis|    m_axis_video_V_user_V|       pointer|
|m_axis_video_TLAST        |  out|    1|        axis|    m_axis_video_V_last_V|       pointer|
|m_axis_video_TID          |  out|    1|        axis|      m_axis_video_V_id_V|       pointer|
|height                    |   in|   16|   ap_stable|                   height|       pointer|
|width                     |   in|   16|   ap_stable|                    width|       pointer|
|colorFormat               |   in|    8|   ap_stable|              colorFormat|       pointer|
|fid_in                    |   in|    1|   ap_stable|                   fid_in|       pointer|
|fid                       |  out|    1|      ap_vld|                      fid|       pointer|
|fid_ap_vld                |  out|    1|      ap_vld|                      fid|       pointer|
|field_id                  |   in|   16|   ap_stable|                 field_id|       pointer|
+--------------------------+-----+-----+------------+-------------------------+--------------+

