

================================================================
== Vitis HLS Report for 'tpgBackground_Pipeline_VITIS_LOOP_520_2'
================================================================
* Date:           Thu Feb 22 13:13:26 2024

* Version:        2022.2 (Build 3670227 on Oct 13 2022)
* Project:        prj
* Solution:       sol (Vivado IP Flow Target)
* Product family: zynquplus
* Target device:  xczu4ev-sfvc784-1-e


================================================================
== Performance Estimates
================================================================
+ Timing: 
    * Summary: 
    +--------+----------+----------+------------+
    |  Clock |  Target  | Estimated| Uncertainty|
    +--------+----------+----------+------------+
    |ap_clk  |  13.75 ns|  8.930 ns|     3.71 ns|
    +--------+----------+----------+------------+

+ Latency: 
    * Summary: 
    +---------+---------+----------+----------+-----+-------+---------+
    |  Latency (cycles) |  Latency (absolute) |   Interval  | Pipeline|
    |   min   |   max   |    min   |    max   | min |  max  |   Type  |
    +---------+---------+----------+----------+-----+-------+---------+
    |       20|    65555|  0.275 us|  0.901 ms|   20|  65555|       no|
    +---------+---------+----------+----------+-----+-------+---------+

    + Detail: 
        * Instance: 
        +------------------------------+------------------+---------+---------+-----------+-----------+-----+-----+---------+
        |                              |                  |  Latency (cycles) |   Latency (absolute)  |  Interval | Pipeline|
        |           Instance           |      Module      |   min   |   max   |    min    |    max    | min | max |   Type  |
        +------------------------------+------------------+---------+---------+-----------+-----------+-----+-----+---------+
        |grp_reg_ap_uint_10_s_fu_2141  |reg_ap_uint_10_s  |        1|        1|  13.750 ns|  13.750 ns|    1|    1|      yes|
        |grp_reg_int_s_fu_2673         |reg_int_s         |        1|        1|  13.750 ns|  13.750 ns|    1|    1|      yes|
        +------------------------------+------------------+---------+---------+-----------+-----------+-----+-----+---------+

        * Loop: 
        +--------------------+---------+---------+----------+-----------+-----------+-----------+----------+
        |                    |  Latency (cycles) | Iteration|  Initiation Interval  |    Trip   |          |
        |      Loop Name     |   min   |   max   |  Latency |  achieved |   target  |   Count   | Pipelined|
        +--------------------+---------+---------+----------+-----------+-----------+-----------+----------+
        |- VITIS_LOOP_520_2  |       18|    65553|        19|          1|          1|  0 ~ 65535|       yes|
        +--------------------+---------+---------+----------+-----------+-----------+-----------+----------+



================================================================
== Utilization Estimates
================================================================
* Summary: 
+-----------------+---------+-----+--------+-------+-----+
|       Name      | BRAM_18K| DSP |   FF   |  LUT  | URAM|
+-----------------+---------+-----+--------+-------+-----+
|DSP              |        -|   13|       -|      -|    -|
|Expression       |        -|    -|      26|   1907|    -|
|FIFO             |        -|    -|       -|      -|    -|
|Instance         |        -|    -|    1074|    831|    -|
|Memory           |       13|    -|     166|     30|    -|
|Multiplexer      |        -|    -|       -|   1386|    -|
|Register         |        -|    -|    2928|    832|    -|
+-----------------+---------+-----+--------+-------+-----+
|Total            |       13|   13|    4194|   4986|    0|
+-----------------+---------+-----+--------+-------+-----+
|Available        |      256|  728|  175680|  87840|   48|
+-----------------+---------+-----+--------+-------+-----+
|Utilization (%)  |        5|    1|       2|      5|    0|
+-----------------+---------+-----+--------+-------+-----+

+ Detail: 
    * Instance: 
    +------------------------------+----------------------+---------+----+-----+-----+-----+
    |           Instance           |        Module        | BRAM_18K| DSP|  FF | LUT | URAM|
    +------------------------------+----------------------+---------+----+-----+-----+-----+
    |mux_32_8_1_1_U58              |mux_32_8_1_1          |        0|   0|    0|   14|    0|
    |mux_53_32_1_1_U55             |mux_53_32_1_1         |        0|   0|    0|   26|    0|
    |mux_53_32_1_1_U56             |mux_53_32_1_1         |        0|   0|    0|   26|    0|
    |mux_53_32_1_1_U57             |mux_53_32_1_1         |        0|   0|    0|   26|    0|
    |grp_reg_ap_uint_10_s_fu_2141  |reg_ap_uint_10_s      |        0|   0|   21|   14|    0|
    |grp_reg_int_s_fu_2673         |reg_int_s             |        0|   0|   33|   14|    0|
    |urem_11ns_4ns_3_15_1_U52      |urem_11ns_4ns_3_15_1  |        0|   0|  340|  237|    0|
    |urem_11ns_4ns_3_15_1_U53      |urem_11ns_4ns_3_15_1  |        0|   0|  340|  237|    0|
    |urem_11ns_4ns_3_15_1_U54      |urem_11ns_4ns_3_15_1  |        0|   0|  340|  237|    0|
    +------------------------------+----------------------+---------+----+-----+-----+-----+
    |Total                         |                      |        0|   0| 1074|  831|    0|
    +------------------------------+----------------------+---------+----+-----+-----+-----+

    * DSP: 
    +-------------------------------------+---------------------------------+----------------+
    |               Instance              |              Module             |   Expression   |
    +-------------------------------------+---------------------------------+----------------+
    |am_addmul_16ns_1s_16ns_17_4_1_U59    |am_addmul_16ns_1s_16ns_17_4_1    |  (i0 + i1) * i0|
    |mac_muladd_16ns_6s_24s_24_4_1_U70    |mac_muladd_16ns_6s_24s_24_4_1    |    i0 + i1 * i2|
    |mac_muladd_16ns_7ns_13ns_23_4_1_U64  |mac_muladd_16ns_7ns_13ns_23_4_1  |    i0 * i1 + i2|
    |mac_muladd_16ns_7s_16ns_23_4_1_U65   |mac_muladd_16ns_7s_16ns_23_4_1   |    i0 * i1 + i2|
    |mac_muladd_16ns_8ns_23ns_24_4_1_U67  |mac_muladd_16ns_8ns_23ns_24_4_1  |    i0 * i1 + i2|
    |mac_muladd_16ns_8s_23s_24_4_1_U69    |mac_muladd_16ns_8s_23s_24_4_1    |    i0 * i1 + i2|
    |mac_muladd_16s_16s_16ns_16_4_1_U60   |mac_muladd_16s_16s_16ns_16_4_1   |    i0 + i1 * i2|
    |mul_mul_11ns_12ns_23_4_1_U61         |mul_mul_11ns_12ns_23_4_1         |         i0 * i1|
    |mul_mul_11ns_12ns_23_4_1_U62         |mul_mul_11ns_12ns_23_4_1         |         i0 * i1|
    |mul_mul_11ns_12ns_23_4_1_U63         |mul_mul_11ns_12ns_23_4_1         |         i0 * i1|
    |mul_mul_16ns_5ns_21_4_1_U68          |mul_mul_16ns_5ns_21_4_1          |         i0 * i1|
    |mul_mul_16ns_8s_24_4_1_U66           |mul_mul_16ns_8s_24_4_1           |         i0 * i1|
    |mul_mul_20s_8ns_28_4_1_U71           |mul_mul_20s_8ns_28_4_1           |         i0 * i1|
    +-------------------------------------+---------------------------------+----------------+

    * Memory: 
    +---------------------------+-----------------------------------------------------------------------------+---------+---+----+-----+------+-----+------+-------------+
    |           Memory          |                                    Module                                   | BRAM_18K| FF| LUT| URAM| Words| Bits| Banks| W*Bits*Banks|
    +---------------------------+-----------------------------------------------------------------------------+---------+---+----+-----+------+-----+------+-------------+
    |DPtpgBarArray_U            |tpgBackground_Pipeline_VITIS_LOOP_520_2_DPtpgBarArray_ROM_AUTO_1R            |        0|  3|   1|    0|    16|    3|     1|           48|
    |DPtpgBarSelRgb_CEA_b_U     |tpgBackground_Pipeline_VITIS_LOOP_520_2_DPtpgBarSelRgb_CEA_b_ROM_AUTO_1R     |        0|  6|   1|    0|     8|    6|     1|           48|
    |DPtpgBarSelRgb_CEA_g_U     |tpgBackground_Pipeline_VITIS_LOOP_520_2_DPtpgBarSelRgb_CEA_g_ROM_AUTO_1R     |        0|  6|   1|    0|     8|    6|     1|           48|
    |DPtpgBarSelRgb_CEA_r_U     |tpgBackground_Pipeline_VITIS_LOOP_520_2_DPtpgBarSelRgb_CEA_r_ROM_AUTO_1R     |        0|  6|   1|    0|     8|    6|     1|           48|
    |DPtpgBarSelYuv_601_u_U     |tpgBackground_Pipeline_VITIS_LOOP_520_2_DPtpgBarSelYuv_601_u_ROM_AUTO_1R     |        0|  8|   1|    0|     8|    8|     1|           64|
    |DPtpgBarSelYuv_601_v_U     |tpgBackground_Pipeline_VITIS_LOOP_520_2_DPtpgBarSelYuv_601_v_ROM_AUTO_1R     |        0|  8|   1|    0|     8|    8|     1|           64|
    |DPtpgBarSelYuv_601_y_U     |tpgBackground_Pipeline_VITIS_LOOP_520_2_DPtpgBarSelYuv_601_y_ROM_AUTO_1R     |        0|  8|   1|    0|     8|    8|     1|           64|
    |DPtpgBarSelYuv_709_u_U     |tpgBackground_Pipeline_VITIS_LOOP_520_2_DPtpgBarSelYuv_709_u_ROM_AUTO_1R     |        0|  8|   1|    0|     8|    8|     1|           64|
    |DPtpgBarSelYuv_709_v_U     |tpgBackground_Pipeline_VITIS_LOOP_520_2_DPtpgBarSelYuv_709_v_ROM_AUTO_1R     |        0|  8|   1|    0|     8|    8|     1|           64|
    |DPtpgBarSelYuv_709_y_U     |tpgBackground_Pipeline_VITIS_LOOP_520_2_DPtpgBarSelYuv_709_y_ROM_AUTO_1R     |        0|  8|   1|    0|     8|    8|     1|           64|
    |blkYuv_U                   |tpgBackground_Pipeline_VITIS_LOOP_520_2_blkYuv_ROM_AUTO_1R                   |        0|  8|   1|    0|     3|    8|     1|           24|
    |blkYuv_1_U                 |tpgBackground_Pipeline_VITIS_LOOP_520_2_blkYuv_ROM_AUTO_1R                   |        0|  8|   1|    0|     3|    8|     1|           24|
    |bluYuv_U                   |tpgBackground_Pipeline_VITIS_LOOP_520_2_bluYuv_ROM_AUTO_1R                   |        0|  8|   1|    0|     3|    8|     1|           24|
    |grnYuv_U                   |tpgBackground_Pipeline_VITIS_LOOP_520_2_grnYuv_ROM_AUTO_1R                   |        0|  8|   1|    0|     3|    8|     1|           24|
    |redYuv_U                   |tpgBackground_Pipeline_VITIS_LOOP_520_2_redYuv_ROM_AUTO_1R                   |        0|  8|   1|    0|     3|    8|     1|           24|
    |tpgBarSelRgb_b_U           |tpgBackground_Pipeline_VITIS_LOOP_520_2_tpgBarSelRgb_b_ROM_AUTO_1R           |        0|  2|   1|    0|     8|    2|     1|           16|
    |DPtpgBarSelRgb_VESA_b_U    |tpgBackground_Pipeline_VITIS_LOOP_520_2_tpgBarSelRgb_b_ROM_AUTO_1R           |        0|  2|   1|    0|     8|    2|     1|           16|
    |tpgBarSelRgb_g_U           |tpgBackground_Pipeline_VITIS_LOOP_520_2_tpgBarSelRgb_g_ROM_AUTO_1R           |        0|  2|   1|    0|     8|    2|     1|           16|
    |DPtpgBarSelRgb_VESA_g_U    |tpgBackground_Pipeline_VITIS_LOOP_520_2_tpgBarSelRgb_g_ROM_AUTO_1R           |        0|  2|   1|    0|     8|    2|     1|           16|
    |tpgBarSelRgb_r_U           |tpgBackground_Pipeline_VITIS_LOOP_520_2_tpgBarSelRgb_r_ROM_AUTO_1R           |        0|  2|   1|    0|     8|    2|     1|           16|
    |DPtpgBarSelRgb_VESA_r_U    |tpgBackground_Pipeline_VITIS_LOOP_520_2_tpgBarSelRgb_r_ROM_AUTO_1R           |        0|  2|   1|    0|     8|    2|     1|           16|
    |tpgBarSelYuv_u_U           |tpgBackground_Pipeline_VITIS_LOOP_520_2_tpgBarSelYuv_u_ROM_AUTO_1R           |        0|  8|   1|    0|     8|    8|     1|           64|
    |tpgBarSelYuv_v_U           |tpgBackground_Pipeline_VITIS_LOOP_520_2_tpgBarSelYuv_v_ROM_AUTO_1R           |        0|  8|   1|    0|     8|    8|     1|           64|
    |tpgBarSelYuv_y_U           |tpgBackground_Pipeline_VITIS_LOOP_520_2_tpgBarSelYuv_y_ROM_AUTO_1R           |        0|  8|   1|    0|     8|    8|     1|           64|
    |tpgCheckerBoardArray_U     |tpgBackground_Pipeline_VITIS_LOOP_520_2_tpgCheckerBoardArray_ROM_AUTO_1R     |        0|  2|   1|    0|    32|    2|     1|           64|
    |tpgSinTableArray_9bit_0_U  |tpgBackground_Pipeline_VITIS_LOOP_520_2_tpgSinTableArray_9bit_0_ROM_AUTO_1R  |        2|  0|   0|    0|   410|    8|     1|         3280|
    |tpgSinTableArray_9bit_1_U  |tpgBackground_Pipeline_VITIS_LOOP_520_2_tpgSinTableArray_9bit_1_ROM_AUTO_1R  |        2|  0|   0|    0|   410|    8|     1|         3280|
    |tpgSinTableArray_9bit_2_U  |tpgBackground_Pipeline_VITIS_LOOP_520_2_tpgSinTableArray_9bit_2_ROM_AUTO_1R  |        2|  0|   0|    0|   410|    9|     1|         3690|
    |tpgSinTableArray_9bit_3_U  |tpgBackground_Pipeline_VITIS_LOOP_520_2_tpgSinTableArray_9bit_3_ROM_AUTO_1R  |        2|  0|   0|    0|   410|    8|     1|         3280|
    |tpgSinTableArray_9bit_4_U  |tpgBackground_Pipeline_VITIS_LOOP_520_2_tpgSinTableArray_9bit_4_ROM_AUTO_1R  |        2|  0|   0|    0|   410|    8|     1|         3280|
    |tpgSinTableArray_U         |tpgBackground_Pipeline_VITIS_LOOP_520_2_tpgSinTableArray_ROM_AUTO_1R         |        3|  0|   0|    0|  2048|   20|     1|        40960|
    |tpgTartanBarArray_U        |tpgBackground_Pipeline_VITIS_LOOP_520_2_tpgTartanBarArray_ROM_AUTO_1R        |        0|  3|   3|    0|    64|    3|     1|          192|
    |whiYuv_U                   |tpgBackground_Pipeline_VITIS_LOOP_520_2_whiYuv_ROM_AUTO_1R                   |        0|  8|   1|    0|     3|    8|     1|           24|
    |whiYuv_1_U                 |tpgBackground_Pipeline_VITIS_LOOP_520_2_whiYuv_ROM_AUTO_1R                   |        0|  8|   1|    0|     3|    8|     1|           24|
    +---------------------------+-----------------------------------------------------------------------------+---------+---+----+-----+------+-----+------+-------------+
    |Total                      |                                                                             |       13|166|  30|    0|  4375|  227|    34|        59058|
    +---------------------------+-----------------------------------------------------------------------------+---------+---+----+-----+------+-----+------+-------------+

    * FIFO: 
    N/A

    * Expression: 
    +------------------------------------+----------+----+----+----+------------+------------+
    |            Variable Name           | Operation| DSP| FF | LUT| Bitwidth P0| Bitwidth P1|
    +------------------------------------+----------+----+----+----+------------+------------+
    |add_ln1039_fu_4211_p2               |         +|   0|   0|  15|           8|           1|
    |add_ln1056_fu_3630_p2               |         +|   0|   0|  15|           8|           1|
    |add_ln1212_fu_3453_p2               |         +|   0|   0|  10|           3|           1|
    |add_ln1236_1_fu_3044_p2             |         +|   0|   0|  23|          16|           8|
    |add_ln1236_fu_3022_p2               |         +|   0|   0|  39|          32|           8|
    |add_ln1240_1_fu_3102_p2             |         +|   0|   0|  39|          32|           8|
    |add_ln1240_2_fu_3124_p2             |         +|   0|   0|  23|          16|           8|
    |add_ln1240_fu_2129_p2               |         +|   0|   0|  18|          11|          10|
    |add_ln1244_1_fu_3354_p2             |         +|   0|   0|  39|          32|           8|
    |add_ln1244_2_fu_3376_p2             |         +|   0|   0|  23|          16|           8|
    |add_ln1244_fu_2433_p2               |         +|   0|   0|  18|          11|          11|
    |add_ln1257_2_fu_4271_p2             |         +|   0|   0|  32|          25|          25|
    |add_ln1257_3_fu_4277_p2             |         +|   0|   0|  23|          16|          16|
    |add_ln1258_2_fu_4297_p2             |         +|   0|   0|  32|          25|          25|
    |add_ln1259_2_fu_4337_p2             |         +|   0|   0|  32|          25|          25|
    |add_ln1259_fu_4324_p2               |         +|   0|   0|  31|          24|          16|
    |add_ln1296_fu_2692_p2               |         +|   0|   0|  23|          16|          16|
    |add_ln1298_fu_2704_p2               |         +|   0|   0|  23|          16|          16|
    |add_ln1348_fu_3172_p2               |         +|   0|   0|  10|           3|           1|
    |add_ln1367_fu_3208_p2               |         +|   0|   0|  10|           3|           1|
    |add_ln1500_fu_4056_p2               |         +|   0|   0|  15|           8|           1|
    |add_ln1530_fu_2918_p2               |         +|   0|   0|  15|           8|           1|
    |add_ln1548_fu_2950_p2               |         +|   0|   0|  10|           3|           1|
    |add_ln1619_fu_3765_p2               |         +|   0|   0|  23|          16|           1|
    |add_ln1730_fu_2886_p2               |         +|   0|   0|  10|           3|           1|
    |add_ln186_fu_2631_p2                |         +|   0|   0|  18|          11|           1|
    |add_ln520_fu_2063_p2                |         +|   0|   0|  23|          16|           1|
    |add_ln525_fu_2729_p2                |         +|   0|   0|  23|          16|          16|
    |add_ln840_1_fu_2389_p2              |         +|   0|   0|  17|          10|           1|
    |add_ln840_2_fu_2311_p2              |         +|   0|   0|  13|           6|           1|
    |add_ln840_3_fu_2462_p2              |         +|   0|   0|  17|          10|           1|
    |add_ln840_4_fu_2600_p2              |         +|   0|   0|  17|          10|           1|
    |add_ln840_5_fu_2421_p2              |         +|   0|   0|  17|          10|           1|
    |add_ln840_6_fu_2349_p2              |         +|   0|   0|  13|           6|           1|
    |add_ln840_7_fu_2532_p2              |         +|   0|   0|  17|          10|           1|
    |add_ln840_fu_2568_p2                |         +|   0|   0|  17|          10|           1|
    |add_ln841_fu_2337_p2                |         +|   0|   0|  17|          10|           7|
    |grp_fu_4652_p2                      |         +|   0|   0|  23|          16|          16|
    |outpix_val_V_54_fu_4550_p2          |         +|   0|   0|  15|           8|           8|
    |ret_V_fu_2620_p2                    |         +|   0|   0|  19|          12|           1|
    |ap_frp_data_req_srcYUV              |         -|   0|  26|   7|           5|           1|
    |sub_ln1311_1_fu_4527_p2             |         -|   0|   0|  15|           1|           8|
    |sub_ln1311_fu_4511_p2               |         -|   0|   0|  34|           1|          27|
    |sub_ln186_fu_2637_p2                |         -|   0|   0|  18|          11|          11|
    |sub_ln841_1_fu_2410_p2              |         -|   0|   0|  17|          10|          10|
    |sub_ln841_2_fu_2514_p2              |         -|   0|   0|  17|          10|          10|
    |sub_ln841_fu_2589_p2                |         -|   0|   0|  17|          10|          10|
    |and_ln1292_fu_2213_p2               |       and|   0|   0|   2|           1|           1|
    |and_ln1341_fu_2557_p2               |       and|   0|   0|   2|           1|           1|
    |and_ln1404_fu_2147_p2               |       and|   0|   0|   2|           1|           1|
    |and_ln1409_fu_2457_p2               |       and|   0|   0|   2|           1|           1|
    |and_ln1523_fu_2378_p2               |       and|   0|   0|   2|           1|           1|
    |and_ln1616_fu_3741_p2               |       and|   0|   0|   2|           1|           1|
    |and_ln1706_fu_2300_p2               |       and|   0|   0|   2|           1|           1|
    |and_ln1756_fu_3545_p2               |       and|   0|   0|   2|           1|           1|
    |and_ln1817_fu_3944_p2               |       and|   0|   0|   2|           1|           1|
    |and_ln520_1_fu_4158_p2              |       and|   0|   0|   2|           1|           1|
    |and_ln520_2_fu_4111_p2              |       and|   0|   0|   2|           1|           1|
    |and_ln520_3_fu_4115_p2              |       and|   0|   0|   2|           1|           1|
    |and_ln520_4_fu_4014_p2              |       and|   0|   0|   2|           1|           1|
    |and_ln520_5_fu_4018_p2              |       and|   0|   0|   2|           1|           1|
    |and_ln520_fu_4154_p2                |       and|   0|   0|   2|           1|           1|
    |and_ln691_1_fu_2267_p2              |       and|   0|   0|   2|           1|           1|
    |and_ln691_fu_2261_p2                |       and|   0|   0|   2|           1|           1|
    |ap_block_state17_pp0_stage0_iter16  |       and|   0|   0|   2|           1|           1|
    |ap_block_state19_pp0_stage0_iter18  |       and|   0|   0|   2|           1|           1|
    |ap_condition_2334                   |       and|   0|   0|   2|           1|           1|
    |ap_condition_2355                   |       and|   0|   0|   2|           1|           1|
    |ap_condition_2548                   |       and|   0|   0|   2|           1|           1|
    |ap_condition_2550                   |       and|   0|   0|   2|           1|           1|
    |ap_condition_5034                   |       and|   0|   0|   2|           1|           1|
    |ap_condition_5036                   |       and|   0|   0|   2|           1|           1|
    |ap_condition_5038                   |       and|   0|   0|   2|           1|           1|
    |ap_condition_5040                   |       and|   0|   0|   2|           1|           1|
    |ap_condition_5042                   |       and|   0|   0|   2|           1|           1|
    |ap_condition_5043                   |       and|   0|   0|   2|           1|           1|
    |ap_condition_5044                   |       and|   0|   0|   2|           1|           1|
    |ap_condition_5045                   |       and|   0|   0|   2|           1|           1|
    |ap_condition_5046                   |       and|   0|   0|   2|           1|           1|
    |ap_condition_5047                   |       and|   0|   0|   2|           1|           1|
    |ap_condition_5048                   |       and|   0|   0|   2|           1|           1|
    |ap_condition_5287                   |       and|   0|   0|   2|           1|           1|
    |ap_condition_5291                   |       and|   0|   0|   2|           1|           1|
    |ap_condition_5296                   |       and|   0|   0|   2|           1|           1|
    |ap_condition_5300                   |       and|   0|   0|   2|           1|           1|
    |ap_condition_5306                   |       and|   0|   0|   2|           1|           1|
    |ap_condition_5310                   |       and|   0|   0|   2|           1|           1|
    |ap_condition_5315                   |       and|   0|   0|   2|           1|           1|
    |ap_condition_5320                   |       and|   0|   0|   2|           1|           1|
    |ap_condition_5325                   |       and|   0|   0|   2|           1|           1|
    |ap_condition_5331                   |       and|   0|   0|   2|           1|           1|
    |ap_condition_5332                   |       and|   0|   0|   2|           1|           1|
    |ap_condition_5336                   |       and|   0|   0|   2|           1|           1|
    |ap_condition_5339                   |       and|   0|   0|   2|           1|           1|
    |ap_condition_5342                   |       and|   0|   0|   2|           1|           1|
    |ap_condition_5345                   |       and|   0|   0|   2|           1|           1|
    |ap_condition_5353                   |       and|   0|   0|   2|           1|           1|
    |ap_condition_5357                   |       and|   0|   0|   2|           1|           1|
    |ap_condition_5363                   |       and|   0|   0|   2|           1|           1|
    |ap_condition_5367                   |       and|   0|   0|   2|           1|           1|
    |ap_condition_5373                   |       and|   0|   0|   2|           1|           1|
    |ap_condition_5377                   |       and|   0|   0|   2|           1|           1|
    |ap_condition_5381                   |       and|   0|   0|   2|           1|           1|
    |ap_condition_5385                   |       and|   0|   0|   2|           1|           1|
    |ap_condition_5389                   |       and|   0|   0|   2|           1|           1|
    |ap_condition_5395                   |       and|   0|   0|   2|           1|           1|
    |ap_condition_5399                   |       and|   0|   0|   2|           1|           1|
    |ap_condition_5403                   |       and|   0|   0|   2|           1|           1|
    |ap_condition_632                    |       and|   0|   0|   2|           1|           1|
    |ap_condition_635                    |       and|   0|   0|   2|           1|           1|
    |ap_condition_642                    |       and|   0|   0|   2|           1|           1|
    |ap_condition_649                    |       and|   0|   0|   2|           1|           1|
    |ap_condition_656                    |       and|   0|   0|   2|           1|           1|
    |ap_condition_663                    |       and|   0|   0|   2|           1|           1|
    |ap_condition_670                    |       and|   0|   0|   2|           1|           1|
    |ap_condition_frp_pvb_pf_start       |       and|   0|   0|   2|           1|           1|
    |ap_predicate_op121_call_state1      |       and|   0|   0|   2|           1|           1|
    |ap_predicate_op282_call_state4      |       and|   0|   0|   2|           1|           1|
    |ap_predicate_op584_read_state17     |       and|   0|   0|   2|           1|           1|
    |pf_all_done                         |       and|   0|   0|   2|           1|           0|
    |icmp_ln1019_1_fu_2508_p2            |      icmp|   0|   0|  11|          10|          10|
    |icmp_ln1019_fu_2452_p2              |      icmp|   0|   0|  11|          11|          11|
    |icmp_ln1027_1_fu_2626_p2            |      icmp|   0|   0|  12|          12|          12|
    |icmp_ln1027_2_fu_2552_p2            |      icmp|   0|   0|  11|          11|          11|
    |icmp_ln1027_3_fu_2373_p2            |      icmp|   0|   0|  11|          11|          11|
    |icmp_ln1027_4_fu_2294_p2            |      icmp|   0|   0|  10|           6|           2|
    |icmp_ln1027_5_fu_2584_p2            |      icmp|   0|   0|  11|          10|          10|
    |icmp_ln1027_6_fu_2405_p2            |      icmp|   0|   0|  11|          10|          10|
    |icmp_ln1027_7_fu_2331_p2            |      icmp|   0|   0|  11|          10|           6|
    |icmp_ln1027_8_fu_2502_p2            |      icmp|   0|   0|  11|          10|          10|
    |icmp_ln1027_fu_2057_p2              |      icmp|   0|   0|  13|          16|           1|
    |icmp_ln1050_fu_2237_p2              |      icmp|   0|   0|  13|          16|           1|
    |icmp_ln1236_fu_3038_p2              |      icmp|   0|   0|  16|          24|           1|
    |icmp_ln1240_fu_3118_p2              |      icmp|   0|   0|  16|          24|           1|
    |icmp_ln1244_fu_3370_p2              |      icmp|   0|   0|  16|          24|           1|
    |icmp_ln1260_fu_4363_p2              |      icmp|   0|   0|  11|           9|           1|
    |icmp_ln1261_1_fu_4411_p2            |      icmp|   0|   0|  13|          17|           1|
    |icmp_ln1261_fu_4397_p2              |      icmp|   0|   0|  11|           9|           1|
    |icmp_ln1262_1_fu_4453_p2            |      icmp|   0|   0|  13|          17|           1|
    |icmp_ln1262_fu_4439_p2              |      icmp|   0|   0|  11|           9|           1|
    |icmp_ln1285_fu_2207_p2              |      icmp|   0|   0|  13|          16|           1|
    |icmp_ln1336_fu_2183_p2              |      icmp|   0|   0|  13|          16|           1|
    |icmp_ln1428_fu_2159_p2              |      icmp|   0|   0|  13|          17|          17|
    |icmp_ln1518_fu_2105_p2              |      icmp|   0|   0|  13|          16|           1|
    |icmp_ln1584_fu_2093_p2              |      icmp|   0|   0|  11|           8|           1|
    |icmp_ln1701_fu_2075_p2              |      icmp|   0|   0|  13|          16|           1|
    |icmp_ln520_fu_2051_p2               |      icmp|   0|   0|  13|          16|          16|
    |icmp_ln691_1_fu_2243_p2             |      icmp|   0|   0|  13|          16|          16|
    |icmp_ln691_2_fu_2255_p2             |      icmp|   0|   0|  13|          16|          16|
    |ap_condition_3037                   |        or|   0|   0|   2|           1|           1|
    |ap_condition_3042                   |        or|   0|   0|   2|           1|           1|
    |ap_condition_3054                   |        or|   0|   0|   2|           1|           1|
    |ap_condition_3059                   |        or|   0|   0|   2|           1|           1|
    |or_ln1050_fu_2231_p2                |        or|   0|   0|  16|          16|          16|
    |or_ln1285_fu_2201_p2                |        or|   0|   0|  16|          16|          16|
    |or_ln1336_fu_2177_p2                |        or|   0|   0|  16|          16|          16|
    |or_ln1370_fu_3422_p2                |        or|   0|   0|   6|           6|           6|
    |or_ln1449_fu_2658_p2                |        or|   0|   0|   2|           1|           1|
    |or_ln1518_fu_2099_p2                |        or|   0|   0|  16|          16|          16|
    |or_ln1701_fu_2069_p2                |        or|   0|   0|  16|          16|          16|
    |or_ln1733_fu_3264_p2                |        or|   0|   0|   4|           4|           4|
    |or_ln691_fu_2279_p2                 |        or|   0|   0|   2|           1|           1|
    |tBarSel_fu_3299_p2                  |        or|   0|   0|   5|           5|           5|
    |b_1_fu_4463_p3                      |    select|   0|   0|   8|           1|           8|
    |b_fu_3382_p3                        |    select|   0|   0|  16|           1|           8|
    |g_1_fu_4421_p3                      |    select|   0|   0|   8|           1|           8|
    |g_2_fu_4481_p3                      |    select|   0|   0|   8|           1|           8|
    |g_fu_3130_p3                        |    select|   0|   0|  16|           1|           8|
    |grp_fu_1939_p3                      |    select|   0|   0|   3|           1|           3|
    |outpix_val_V_15_fu_4198_p3          |    select|   0|   0|   8|           1|           8|
    |outpix_val_V_16_fu_4204_p3          |    select|   0|   0|   8|           1|           8|
    |outpix_val_V_25_fu_4043_p3          |    select|   0|   0|   8|           1|           8|
    |outpix_val_V_26_fu_4049_p3          |    select|   0|   0|   8|           1|           8|
    |outpix_val_V_31_fu_4136_p3          |    select|   0|   0|   8|           1|           8|
    |outpix_val_V_33_fu_4093_p3          |    select|   0|   0|   8|           1|           8|
    |outpix_val_V_35_fu_3996_p3          |    select|   0|   0|   8|           1|           8|
    |outpix_val_V_46_fu_3984_p3          |    select|   0|   0|   8|           1|           8|
    |outpix_val_V_49_fu_3753_p2          |    select|   0|   0|   8|           1|           1|
    |outpix_val_V_49_fu_3753_p3          |    select|   0|   0|   8|           1|           1|
    |outpix_val_V_49_fu_3753_p4          |    select|   0|   0|   3|           1|           3|
    |outpix_val_V_53_fu_4183_p3          |    select|   0|   0|   8|           1|           8|
    |outpix_val_V_55_fu_4557_p3          |    select|   0|   0|   8|           1|           8|
    |outpix_val_V_56_fu_4163_p3          |    select|   0|   0|   8|           1|           8|
    |outpix_val_V_57_fu_4120_p3          |    select|   0|   0|   8|           1|           8|
    |outpix_val_V_58_fu_4023_p3          |    select|   0|   0|   8|           1|           8|
    |outpix_val_V_59_fu_4580_p3          |    select|   0|   0|   8|           1|           8|
    |outpix_val_V_60_fu_4573_p3          |    select|   0|   0|   8|           1|           8|
    |outpix_val_V_61_fu_4566_p3          |    select|   0|   0|   8|           1|           8|
    |outpix_val_V_62_fu_4490_p3          |    select|   0|   0|   8|           1|           8|
    |outpix_val_V_63_fu_4471_p3          |    select|   0|   0|   8|           1|           8|
    |r_1_fu_4379_p3                      |    select|   0|   0|   8|           1|           2|
    |r_fu_3050_p3                        |    select|   0|   0|  16|           1|           8|
    |select_ln1217_fu_4147_p3            |    select|   0|   0|   8|           1|           8|
    |select_ln1261_fu_4403_p3            |    select|   0|   0|  17|           1|           8|
    |select_ln1262_fu_4445_p3            |    select|   0|   0|  17|           1|           8|
    |select_ln1311_fu_4542_p3            |    select|   0|   0|   8|           1|           8|
    |select_ln1377_fu_4104_p3            |    select|   0|   0|   8|           1|           8|
    |select_ln1558_fu_4007_p3            |    select|   0|   0|   8|           1|           8|
    |select_ln1584_fu_3709_p3            |    select|   0|   0|  16|           1|           1|
    |select_ln507_1_fu_3698_p3           |    select|   0|   0|   2|           1|           2|
    |sext_ln507_cast_fu_1980_p3          |    select|   0|   0|   2|           1|           2|
    |tmp_val_5_fu_3720_p3                |    select|   0|   0|   8|           1|           1|
    |ap_enable_pp0                       |       xor|   0|   0|   2|           1|           2|
    |xor_ln1498_1_fu_3860_p2             |       xor|   0|   0|   2|           1|           1|
    |xor_ln1498_2_fu_3906_p2             |       xor|   0|   0|   2|           1|           1|
    |xor_ln1498_fu_3814_p2               |       xor|   0|   0|   2|           1|           1|
    |xor_ln1713_fu_2850_p2               |       xor|   0|   0|   2|           1|           2|
    |xor_ln691_1_fu_2249_p2              |       xor|   0|   0|   2|           1|           2|
    |xor_ln691_fu_2273_p2                |       xor|   0|   0|   2|           2|           1|
    +------------------------------------+----------+----+----+----+------------+------------+
    |Total                               |          |   0|  26|1907|        1209|         965|
    +------------------------------------+----------+----+----+----+------------+------------+

    * Multiplexer: 
    +------------------------------------------------+-----+-----------+-----+-----------+
    |                      Name                      | LUT | Input Size| Bits| Total Bits|
    +------------------------------------------------+-----+-----------+-----+-----------+
    |ap_frp_data_req_srcYUV                          |    9|          2|    5|         10|
    |ap_loop_exit_ready_pp0_iter18_reg               |    9|          2|    1|          2|
    |ap_phi_mux_outpix_val_V_37_phi_fu_1821_p78      |   20|          4|    8|         32|
    |ap_phi_mux_outpix_val_V_38_phi_fu_1729_p78      |   26|          5|    8|         40|
    |ap_phi_mux_outpix_val_V_39_phi_fu_1644_p78      |   20|          4|    8|         32|
    |ap_phi_mux_outpix_val_V_43_phi_fu_1932_p4       |   14|          3|    8|         24|
    |ap_phi_mux_outpix_val_V_44_phi_fu_1922_p4       |   14|          3|    8|         24|
    |ap_phi_mux_outpix_val_V_45_phi_fu_1912_p4       |   14|          3|    8|         24|
    |ap_phi_reg_pp0_iter16_phi_ln1099_reg_1630       |    9|          2|    2|          4|
    |ap_phi_reg_pp0_iter16_phi_ln1120_reg_1619       |    9|          2|    2|          4|
    |ap_phi_reg_pp0_iter16_phi_ln1141_reg_1608       |    9|          2|    2|          4|
    |ap_phi_reg_pp0_iter16_phi_ln1162_reg_1597       |    9|          2|    2|          4|
    |ap_phi_reg_pp0_iter16_phi_ln1183_reg_1586       |    9|          2|    2|          4|
    |ap_phi_reg_pp0_iter16_phi_ln1459_reg_1575       |    9|          2|    2|          4|
    |ap_phi_reg_pp0_iter16_phi_ln1474_reg_1564       |    9|          2|    2|          4|
    |ap_phi_reg_pp0_iter18_outpix_val_V_37_reg_1816  |  100|         20|    8|        160|
    |ap_phi_reg_pp0_iter18_outpix_val_V_38_reg_1724  |  120|         24|    8|        192|
    |ap_phi_reg_pp0_iter18_outpix_val_V_39_reg_1641  |  106|         21|    8|        168|
    |ap_phi_reg_pp0_iter1_hHatch_reg_1542            |    9|          2|    1|          2|
    |ap_phi_reg_pp0_iter1_outpix_val_V_37_reg_1816   |   37|          7|    8|         56|
    |ap_phi_reg_pp0_iter1_outpix_val_V_38_reg_1724   |   20|          4|    8|         32|
    |ap_phi_reg_pp0_iter1_outpix_val_V_39_reg_1641   |   37|          7|    8|         56|
    |ap_phi_reg_pp0_iter1_phi_ln1099_reg_1630        |    9|          2|    2|          4|
    |ap_phi_reg_pp0_iter1_phi_ln1120_reg_1619        |    9|          2|    2|          4|
    |ap_phi_reg_pp0_iter1_phi_ln1141_reg_1608        |    9|          2|    2|          4|
    |ap_phi_reg_pp0_iter1_phi_ln1162_reg_1597        |    9|          2|    2|          4|
    |ap_phi_reg_pp0_iter1_phi_ln1183_reg_1586        |    9|          2|    2|          4|
    |ap_phi_reg_pp0_iter2_hHatch_reg_1542            |   14|          3|    1|          3|
    |ap_phi_reg_pp0_iter3_outpix_val_V_37_reg_1816   |   14|          3|    8|         24|
    |ap_phi_reg_pp0_iter3_outpix_val_V_38_reg_1724   |   14|          3|    8|         24|
    |ap_phi_reg_pp0_iter3_outpix_val_V_39_reg_1641   |   14|          3|    8|         24|
    |ap_phi_reg_pp0_iter3_phi_ln1459_reg_1575        |    9|          2|    2|          4|
    |ap_phi_reg_pp0_iter3_phi_ln1474_reg_1564        |    9|          2|    2|          4|
    |ap_sig_allocacmp_x_4                            |    9|          2|   16|         32|
    |hBarSel                                         |   14|          3|    3|          9|
    |hBarSel_1                                       |   14|          3|    3|          9|
    |hBarSel_2                                       |   14|          3|    8|         24|
    |hBarSel_3                                       |   14|          3|    3|          9|
    |hBarSel_3_loc_1_out_o                           |   14|          3|    8|         24|
    |hBarSel_4_loc_1_out_o                           |   14|          3|    8|         24|
    |hBarSel_5_loc_1_out_o                           |   14|          3|    8|         24|
    |hBarSel_loc_1_out_o                             |   14|          3|    8|         24|
    |hdata_flag_1_fu_536                             |    9|          2|    1|          2|
    |hdata_loc_1_out_o                               |    9|          2|   16|         32|
    |outpix_val_V_1_fu_544                           |    9|          2|    8|         16|
    |outpix_val_V_4_fu_548                           |    9|          2|    8|         16|
    |outpix_val_V_5_fu_552                           |    9|          2|    8|         16|
    |p_0_0_0_0_0129359_out_o                         |    9|          2|    8|         16|
    |p_0_1_0_0_0131361_out_o                         |    9|          2|    8|         16|
    |p_0_2_0_0_0133363_out_o                         |    9|          2|    8|         16|
    |phi_mul_fu_524                                  |    9|          2|   16|         32|
    |rampVal                                         |   14|          3|    8|         24|
    |rampVal_2_flag_1_fu_532                         |    9|          2|    1|          2|
    |rampVal_2_loc_1_out_o                           |    9|          2|   16|         32|
    |rampVal_3_flag_1_fu_540                         |    9|          2|    1|          2|
    |rampVal_3_loc_1_out_o                           |    9|          2|   16|         32|
    |rampVal_loc_1_out_o                             |   14|          3|   16|         48|
    |tpgBarSelRgb_b_address0                         |   20|          4|    3|         12|
    |tpgBarSelRgb_g_address0                         |   20|          4|    3|         12|
    |tpgBarSelRgb_r_address0                         |   20|          4|    3|         12|
    |tpgBarSelYuv_u_address0                         |   20|          4|    3|         12|
    |tpgBarSelYuv_v_address0                         |   20|          4|    3|         12|
    |tpgBarSelYuv_y_address0                         |   20|          4|    3|         12|
    |vBarSel                                         |   14|          3|    3|          9|
    |vBarSel_1                                       |   14|          3|    1|          3|
    |vBarSel_2                                       |   14|          3|    8|         24|
    |vBarSel_2_loc_1_out_o                           |   14|          3|    8|         24|
    |vBarSel_3_loc_1_out_o                           |   14|          3|    8|         24|
    |vBarSel_loc_1_out_o                             |   14|          3|    8|         24|
    |xBar_V                                          |   14|          3|   11|         33|
    |xCount_V                                        |   14|          3|   10|         30|
    |xCount_V_1                                      |   14|          3|   10|         30|
    |xCount_V_2                                      |   26|          5|   10|         50|
    |xCount_V_3                                      |   14|          3|   10|         30|
    |x_fu_528                                        |    9|          2|   16|         32|
    |yCount_V                                        |   14|          3|   10|         30|
    |yCount_V_1                                      |   14|          3|    6|         18|
    |yCount_V_2                                      |    9|          2|   10|         20|
    |yCount_V_3                                      |   14|          3|   10|         30|
    |zonePlateVAddr                                  |   14|          3|   16|         48|
    |zonePlateVAddr_loc_1_out_o                      |   14|          3|   16|         48|
    |zonePlateVDelta                                 |    9|          2|   16|         32|
    +------------------------------------------------+-----+-----------+-----+-----------+
    |Total                                           | 1386|        289|  565|       2077|
    +------------------------------------------------+-----+-----------+-----+-----------+

    * Register: 
    +------------------------------------------------+----+----+-----+-----------+
    |                      Name                      | FF | LUT| Bits| Const Bits|
    +------------------------------------------------+----+----+-----+-----------+
    |Zplate_Hor_Control_Delta_read_reg_4864          |  16|   0|   16|          0|
    |Zplate_Hor_Control_Start_read_reg_4916          |  16|   0|   16|          0|
    |Zplate_Ver_Control_Delta_read_reg_4859          |  16|   0|   16|          0|
    |add_ln1240_reg_5055                             |  11|   0|   11|          0|
    |add_ln1244_reg_5108                             |  11|   0|   11|          0|
    |and_ln1292_reg_5077                             |   1|   0|    1|          0|
    |and_ln1341_reg_5125                             |   1|   0|    1|          0|
    |and_ln1404_reg_5061                             |   1|   0|    1|          0|
    |and_ln1523_reg_5100                             |   1|   0|    1|          0|
    |and_ln1706_reg_5092                             |   1|   0|    1|          0|
    |and_ln1756_reg_5311                             |   1|   0|    1|          0|
    |ap_CS_fsm                                       |   1|   0|    1|          0|
    |ap_frp_data_req_srcYUV                          |   5|   0|    5|          0|
    |ap_loop_exit_ready_pp0_iter10_reg               |   1|   0|    1|          0|
    |ap_loop_exit_ready_pp0_iter11_reg               |   1|   0|    1|          0|
    |ap_loop_exit_ready_pp0_iter12_reg               |   1|   0|    1|          0|
    |ap_loop_exit_ready_pp0_iter13_reg               |   1|   0|    1|          0|
    |ap_loop_exit_ready_pp0_iter14_reg               |   1|   0|    1|          0|
    |ap_loop_exit_ready_pp0_iter15_reg               |   1|   0|    1|          0|
    |ap_loop_exit_ready_pp0_iter16_reg               |   1|   0|    1|          0|
    |ap_loop_exit_ready_pp0_iter17_reg               |   1|   0|    1|          0|
    |ap_loop_exit_ready_pp0_iter18_reg               |   1|   0|    1|          0|
    |ap_loop_exit_ready_pp0_iter1_reg                |   1|   0|    1|          0|
    |ap_loop_exit_ready_pp0_iter2_reg                |   1|   0|    1|          0|
    |ap_loop_exit_ready_pp0_iter3_reg                |   1|   0|    1|          0|
    |ap_loop_exit_ready_pp0_iter4_reg                |   1|   0|    1|          0|
    |ap_loop_exit_ready_pp0_iter5_reg                |   1|   0|    1|          0|
    |ap_loop_exit_ready_pp0_iter6_reg                |   1|   0|    1|          0|
    |ap_loop_exit_ready_pp0_iter7_reg                |   1|   0|    1|          0|
    |ap_loop_exit_ready_pp0_iter8_reg                |   1|   0|    1|          0|
    |ap_loop_exit_ready_pp0_iter9_reg                |   1|   0|    1|          0|
    |ap_phi_reg_pp0_iter10_outpix_val_V_37_reg_1816  |   8|   0|    8|          0|
    |ap_phi_reg_pp0_iter10_outpix_val_V_38_reg_1724  |   8|   0|    8|          0|
    |ap_phi_reg_pp0_iter10_outpix_val_V_39_reg_1641  |   8|   0|    8|          0|
    |ap_phi_reg_pp0_iter10_phi_ln1099_reg_1630       |   2|   0|    2|          0|
    |ap_phi_reg_pp0_iter10_phi_ln1120_reg_1619       |   2|   0|    2|          0|
    |ap_phi_reg_pp0_iter10_phi_ln1141_reg_1608       |   2|   0|    2|          0|
    |ap_phi_reg_pp0_iter10_phi_ln1162_reg_1597       |   2|   0|    2|          0|
    |ap_phi_reg_pp0_iter10_phi_ln1183_reg_1586       |   2|   0|    2|          0|
    |ap_phi_reg_pp0_iter10_phi_ln1459_reg_1575       |   2|   0|    2|          0|
    |ap_phi_reg_pp0_iter10_phi_ln1474_reg_1564       |   2|   0|    2|          0|
    |ap_phi_reg_pp0_iter11_outpix_val_V_37_reg_1816  |   8|   0|    8|          0|
    |ap_phi_reg_pp0_iter11_outpix_val_V_38_reg_1724  |   8|   0|    8|          0|
    |ap_phi_reg_pp0_iter11_outpix_val_V_39_reg_1641  |   8|   0|    8|          0|
    |ap_phi_reg_pp0_iter11_phi_ln1099_reg_1630       |   2|   0|    2|          0|
    |ap_phi_reg_pp0_iter11_phi_ln1120_reg_1619       |   2|   0|    2|          0|
    |ap_phi_reg_pp0_iter11_phi_ln1141_reg_1608       |   2|   0|    2|          0|
    |ap_phi_reg_pp0_iter11_phi_ln1162_reg_1597       |   2|   0|    2|          0|
    |ap_phi_reg_pp0_iter11_phi_ln1183_reg_1586       |   2|   0|    2|          0|
    |ap_phi_reg_pp0_iter11_phi_ln1459_reg_1575       |   2|   0|    2|          0|
    |ap_phi_reg_pp0_iter11_phi_ln1474_reg_1564       |   2|   0|    2|          0|
    |ap_phi_reg_pp0_iter12_outpix_val_V_37_reg_1816  |   8|   0|    8|          0|
    |ap_phi_reg_pp0_iter12_outpix_val_V_38_reg_1724  |   8|   0|    8|          0|
    |ap_phi_reg_pp0_iter12_outpix_val_V_39_reg_1641  |   8|   0|    8|          0|
    |ap_phi_reg_pp0_iter12_phi_ln1099_reg_1630       |   2|   0|    2|          0|
    |ap_phi_reg_pp0_iter12_phi_ln1120_reg_1619       |   2|   0|    2|          0|
    |ap_phi_reg_pp0_iter12_phi_ln1141_reg_1608       |   2|   0|    2|          0|
    |ap_phi_reg_pp0_iter12_phi_ln1162_reg_1597       |   2|   0|    2|          0|
    |ap_phi_reg_pp0_iter12_phi_ln1183_reg_1586       |   2|   0|    2|          0|
    |ap_phi_reg_pp0_iter12_phi_ln1459_reg_1575       |   2|   0|    2|          0|
    |ap_phi_reg_pp0_iter12_phi_ln1474_reg_1564       |   2|   0|    2|          0|
    |ap_phi_reg_pp0_iter13_outpix_val_V_37_reg_1816  |   8|   0|    8|          0|
    |ap_phi_reg_pp0_iter13_outpix_val_V_38_reg_1724  |   8|   0|    8|          0|
    |ap_phi_reg_pp0_iter13_outpix_val_V_39_reg_1641  |   8|   0|    8|          0|
    |ap_phi_reg_pp0_iter13_phi_ln1099_reg_1630       |   2|   0|    2|          0|
    |ap_phi_reg_pp0_iter13_phi_ln1120_reg_1619       |   2|   0|    2|          0|
    |ap_phi_reg_pp0_iter13_phi_ln1141_reg_1608       |   2|   0|    2|          0|
    |ap_phi_reg_pp0_iter13_phi_ln1162_reg_1597       |   2|   0|    2|          0|
    |ap_phi_reg_pp0_iter13_phi_ln1183_reg_1586       |   2|   0|    2|          0|
    |ap_phi_reg_pp0_iter13_phi_ln1459_reg_1575       |   2|   0|    2|          0|
    |ap_phi_reg_pp0_iter13_phi_ln1474_reg_1564       |   2|   0|    2|          0|
    |ap_phi_reg_pp0_iter14_outpix_val_V_37_reg_1816  |   8|   0|    8|          0|
    |ap_phi_reg_pp0_iter14_outpix_val_V_38_reg_1724  |   8|   0|    8|          0|
    |ap_phi_reg_pp0_iter14_outpix_val_V_39_reg_1641  |   8|   0|    8|          0|
    |ap_phi_reg_pp0_iter14_phi_ln1099_reg_1630       |   2|   0|    2|          0|
    |ap_phi_reg_pp0_iter14_phi_ln1120_reg_1619       |   2|   0|    2|          0|
    |ap_phi_reg_pp0_iter14_phi_ln1141_reg_1608       |   2|   0|    2|          0|
    |ap_phi_reg_pp0_iter14_phi_ln1162_reg_1597       |   2|   0|    2|          0|
    |ap_phi_reg_pp0_iter14_phi_ln1183_reg_1586       |   2|   0|    2|          0|
    |ap_phi_reg_pp0_iter14_phi_ln1459_reg_1575       |   2|   0|    2|          0|
    |ap_phi_reg_pp0_iter14_phi_ln1474_reg_1564       |   2|   0|    2|          0|
    |ap_phi_reg_pp0_iter15_outpix_val_V_37_reg_1816  |   8|   0|    8|          0|
    |ap_phi_reg_pp0_iter15_outpix_val_V_38_reg_1724  |   8|   0|    8|          0|
    |ap_phi_reg_pp0_iter15_outpix_val_V_39_reg_1641  |   8|   0|    8|          0|
    |ap_phi_reg_pp0_iter15_phi_ln1099_reg_1630       |   2|   0|    2|          0|
    |ap_phi_reg_pp0_iter15_phi_ln1120_reg_1619       |   2|   0|    2|          0|
    |ap_phi_reg_pp0_iter15_phi_ln1141_reg_1608       |   2|   0|    2|          0|
    |ap_phi_reg_pp0_iter15_phi_ln1162_reg_1597       |   2|   0|    2|          0|
    |ap_phi_reg_pp0_iter15_phi_ln1183_reg_1586       |   2|   0|    2|          0|
    |ap_phi_reg_pp0_iter15_phi_ln1459_reg_1575       |   2|   0|    2|          0|
    |ap_phi_reg_pp0_iter15_phi_ln1474_reg_1564       |   2|   0|    2|          0|
    |ap_phi_reg_pp0_iter16_outpix_val_V_37_reg_1816  |   8|   0|    8|          0|
    |ap_phi_reg_pp0_iter16_outpix_val_V_38_reg_1724  |   8|   0|    8|          0|
    |ap_phi_reg_pp0_iter16_outpix_val_V_39_reg_1641  |   8|   0|    8|          0|
    |ap_phi_reg_pp0_iter16_phi_ln1099_reg_1630       |   2|   0|    2|          0|
    |ap_phi_reg_pp0_iter16_phi_ln1120_reg_1619       |   2|   0|    2|          0|
    |ap_phi_reg_pp0_iter16_phi_ln1141_reg_1608       |   2|   0|    2|          0|
    |ap_phi_reg_pp0_iter16_phi_ln1162_reg_1597       |   2|   0|    2|          0|
    |ap_phi_reg_pp0_iter16_phi_ln1183_reg_1586       |   2|   0|    2|          0|
    |ap_phi_reg_pp0_iter16_phi_ln1459_reg_1575       |   2|   0|    2|          0|
    |ap_phi_reg_pp0_iter16_phi_ln1474_reg_1564       |   2|   0|    2|          0|
    |ap_phi_reg_pp0_iter17_outpix_val_V_37_reg_1816  |   8|   0|    8|          0|
    |ap_phi_reg_pp0_iter17_outpix_val_V_38_reg_1724  |   8|   0|    8|          0|
    |ap_phi_reg_pp0_iter17_outpix_val_V_39_reg_1641  |   8|   0|    8|          0|
    |ap_phi_reg_pp0_iter18_outpix_val_V_37_reg_1816  |   8|   0|    8|          0|
    |ap_phi_reg_pp0_iter18_outpix_val_V_38_reg_1724  |   8|   0|    8|          0|
    |ap_phi_reg_pp0_iter18_outpix_val_V_39_reg_1641  |   8|   0|    8|          0|
    |ap_phi_reg_pp0_iter1_hHatch_reg_1542            |   1|   0|    1|          0|
    |ap_phi_reg_pp0_iter1_outpix_val_V_37_reg_1816   |   8|   0|    8|          0|
    |ap_phi_reg_pp0_iter1_outpix_val_V_38_reg_1724   |   8|   0|    8|          0|
    |ap_phi_reg_pp0_iter1_outpix_val_V_39_reg_1641   |   8|   0|    8|          0|
    |ap_phi_reg_pp0_iter1_phi_ln1099_reg_1630        |   2|   0|    2|          0|
    |ap_phi_reg_pp0_iter1_phi_ln1120_reg_1619        |   2|   0|    2|          0|
    |ap_phi_reg_pp0_iter1_phi_ln1141_reg_1608        |   2|   0|    2|          0|
    |ap_phi_reg_pp0_iter1_phi_ln1162_reg_1597        |   2|   0|    2|          0|
    |ap_phi_reg_pp0_iter1_phi_ln1183_reg_1586        |   2|   0|    2|          0|
    |ap_phi_reg_pp0_iter1_phi_ln1459_reg_1575        |   2|   0|    2|          0|
    |ap_phi_reg_pp0_iter1_phi_ln1474_reg_1564        |   2|   0|    2|          0|
    |ap_phi_reg_pp0_iter2_hHatch_reg_1542            |   1|   0|    1|          0|
    |ap_phi_reg_pp0_iter2_outpix_val_V_37_reg_1816   |   8|   0|    8|          0|
    |ap_phi_reg_pp0_iter2_outpix_val_V_38_reg_1724   |   8|   0|    8|          0|
    |ap_phi_reg_pp0_iter2_outpix_val_V_39_reg_1641   |   8|   0|    8|          0|
    |ap_phi_reg_pp0_iter2_phi_ln1099_reg_1630        |   2|   0|    2|          0|
    |ap_phi_reg_pp0_iter2_phi_ln1120_reg_1619        |   2|   0|    2|          0|
    |ap_phi_reg_pp0_iter2_phi_ln1141_reg_1608        |   2|   0|    2|          0|
    |ap_phi_reg_pp0_iter2_phi_ln1162_reg_1597        |   2|   0|    2|          0|
    |ap_phi_reg_pp0_iter2_phi_ln1183_reg_1586        |   2|   0|    2|          0|
    |ap_phi_reg_pp0_iter2_phi_ln1459_reg_1575        |   2|   0|    2|          0|
    |ap_phi_reg_pp0_iter2_phi_ln1474_reg_1564        |   2|   0|    2|          0|
    |ap_phi_reg_pp0_iter3_outpix_val_V_37_reg_1816   |   8|   0|    8|          0|
    |ap_phi_reg_pp0_iter3_outpix_val_V_38_reg_1724   |   8|   0|    8|          0|
    |ap_phi_reg_pp0_iter3_outpix_val_V_39_reg_1641   |   8|   0|    8|          0|
    |ap_phi_reg_pp0_iter3_phi_ln1099_reg_1630        |   2|   0|    2|          0|
    |ap_phi_reg_pp0_iter3_phi_ln1120_reg_1619        |   2|   0|    2|          0|
    |ap_phi_reg_pp0_iter3_phi_ln1141_reg_1608        |   2|   0|    2|          0|
    |ap_phi_reg_pp0_iter3_phi_ln1162_reg_1597        |   2|   0|    2|          0|
    |ap_phi_reg_pp0_iter3_phi_ln1183_reg_1586        |   2|   0|    2|          0|
    |ap_phi_reg_pp0_iter3_phi_ln1459_reg_1575        |   2|   0|    2|          0|
    |ap_phi_reg_pp0_iter3_phi_ln1474_reg_1564        |   2|   0|    2|          0|
    |ap_phi_reg_pp0_iter4_outpix_val_V_37_reg_1816   |   8|   0|    8|          0|
    |ap_phi_reg_pp0_iter4_outpix_val_V_38_reg_1724   |   8|   0|    8|          0|
    |ap_phi_reg_pp0_iter4_outpix_val_V_39_reg_1641   |   8|   0|    8|          0|
    |ap_phi_reg_pp0_iter4_phi_ln1099_reg_1630        |   2|   0|    2|          0|
    |ap_phi_reg_pp0_iter4_phi_ln1120_reg_1619        |   2|   0|    2|          0|
    |ap_phi_reg_pp0_iter4_phi_ln1141_reg_1608        |   2|   0|    2|          0|
    |ap_phi_reg_pp0_iter4_phi_ln1162_reg_1597        |   2|   0|    2|          0|
    |ap_phi_reg_pp0_iter4_phi_ln1183_reg_1586        |   2|   0|    2|          0|
    |ap_phi_reg_pp0_iter4_phi_ln1459_reg_1575        |   2|   0|    2|          0|
    |ap_phi_reg_pp0_iter4_phi_ln1474_reg_1564        |   2|   0|    2|          0|
    |ap_phi_reg_pp0_iter5_outpix_val_V_37_reg_1816   |   8|   0|    8|          0|
    |ap_phi_reg_pp0_iter5_outpix_val_V_38_reg_1724   |   8|   0|    8|          0|
    |ap_phi_reg_pp0_iter5_outpix_val_V_39_reg_1641   |   8|   0|    8|          0|
    |ap_phi_reg_pp0_iter5_phi_ln1099_reg_1630        |   2|   0|    2|          0|
    |ap_phi_reg_pp0_iter5_phi_ln1120_reg_1619        |   2|   0|    2|          0|
    |ap_phi_reg_pp0_iter5_phi_ln1141_reg_1608        |   2|   0|    2|          0|
    |ap_phi_reg_pp0_iter5_phi_ln1162_reg_1597        |   2|   0|    2|          0|
    |ap_phi_reg_pp0_iter5_phi_ln1183_reg_1586        |   2|   0|    2|          0|
    |ap_phi_reg_pp0_iter5_phi_ln1459_reg_1575        |   2|   0|    2|          0|
    |ap_phi_reg_pp0_iter5_phi_ln1474_reg_1564        |   2|   0|    2|          0|
    |ap_phi_reg_pp0_iter6_outpix_val_V_37_reg_1816   |   8|   0|    8|          0|
    |ap_phi_reg_pp0_iter6_outpix_val_V_38_reg_1724   |   8|   0|    8|          0|
    |ap_phi_reg_pp0_iter6_outpix_val_V_39_reg_1641   |   8|   0|    8|          0|
    |ap_phi_reg_pp0_iter6_phi_ln1099_reg_1630        |   2|   0|    2|          0|
    |ap_phi_reg_pp0_iter6_phi_ln1120_reg_1619        |   2|   0|    2|          0|
    |ap_phi_reg_pp0_iter6_phi_ln1141_reg_1608        |   2|   0|    2|          0|
    |ap_phi_reg_pp0_iter6_phi_ln1162_reg_1597        |   2|   0|    2|          0|
    |ap_phi_reg_pp0_iter6_phi_ln1183_reg_1586        |   2|   0|    2|          0|
    |ap_phi_reg_pp0_iter6_phi_ln1459_reg_1575        |   2|   0|    2|          0|
    |ap_phi_reg_pp0_iter6_phi_ln1474_reg_1564        |   2|   0|    2|          0|
    |ap_phi_reg_pp0_iter7_outpix_val_V_37_reg_1816   |   8|   0|    8|          0|
    |ap_phi_reg_pp0_iter7_outpix_val_V_38_reg_1724   |   8|   0|    8|          0|
    |ap_phi_reg_pp0_iter7_outpix_val_V_39_reg_1641   |   8|   0|    8|          0|
    |ap_phi_reg_pp0_iter7_phi_ln1099_reg_1630        |   2|   0|    2|          0|
    |ap_phi_reg_pp0_iter7_phi_ln1120_reg_1619        |   2|   0|    2|          0|
    |ap_phi_reg_pp0_iter7_phi_ln1141_reg_1608        |   2|   0|    2|          0|
    |ap_phi_reg_pp0_iter7_phi_ln1162_reg_1597        |   2|   0|    2|          0|
    |ap_phi_reg_pp0_iter7_phi_ln1183_reg_1586        |   2|   0|    2|          0|
    |ap_phi_reg_pp0_iter7_phi_ln1459_reg_1575        |   2|   0|    2|          0|
    |ap_phi_reg_pp0_iter7_phi_ln1474_reg_1564        |   2|   0|    2|          0|
    |ap_phi_reg_pp0_iter8_outpix_val_V_37_reg_1816   |   8|   0|    8|          0|
    |ap_phi_reg_pp0_iter8_outpix_val_V_38_reg_1724   |   8|   0|    8|          0|
    |ap_phi_reg_pp0_iter8_outpix_val_V_39_reg_1641   |   8|   0|    8|          0|
    |ap_phi_reg_pp0_iter8_phi_ln1099_reg_1630        |   2|   0|    2|          0|
    |ap_phi_reg_pp0_iter8_phi_ln1120_reg_1619        |   2|   0|    2|          0|
    |ap_phi_reg_pp0_iter8_phi_ln1141_reg_1608        |   2|   0|    2|          0|
    |ap_phi_reg_pp0_iter8_phi_ln1162_reg_1597        |   2|   0|    2|          0|
    |ap_phi_reg_pp0_iter8_phi_ln1183_reg_1586        |   2|   0|    2|          0|
    |ap_phi_reg_pp0_iter8_phi_ln1459_reg_1575        |   2|   0|    2|          0|
    |ap_phi_reg_pp0_iter8_phi_ln1474_reg_1564        |   2|   0|    2|          0|
    |ap_phi_reg_pp0_iter9_outpix_val_V_37_reg_1816   |   8|   0|    8|          0|
    |ap_phi_reg_pp0_iter9_outpix_val_V_38_reg_1724   |   8|   0|    8|          0|
    |ap_phi_reg_pp0_iter9_outpix_val_V_39_reg_1641   |   8|   0|    8|          0|
    |ap_phi_reg_pp0_iter9_phi_ln1099_reg_1630        |   2|   0|    2|          0|
    |ap_phi_reg_pp0_iter9_phi_ln1120_reg_1619        |   2|   0|    2|          0|
    |ap_phi_reg_pp0_iter9_phi_ln1141_reg_1608        |   2|   0|    2|          0|
    |ap_phi_reg_pp0_iter9_phi_ln1162_reg_1597        |   2|   0|    2|          0|
    |ap_phi_reg_pp0_iter9_phi_ln1183_reg_1586        |   2|   0|    2|          0|
    |ap_phi_reg_pp0_iter9_phi_ln1459_reg_1575        |   2|   0|    2|          0|
    |ap_phi_reg_pp0_iter9_phi_ln1474_reg_1564        |   2|   0|    2|          0|
    |bSerie_V                                        |  28|   0|   28|          0|
    |b_reg_5285                                      |  16|   0|   16|          0|
    |barWidthMinSamples_read_reg_4843                |  10|   0|   10|          0|
    |barWidth_cast_cast_reg_4976                     |  11|   0|   12|          1|
    |barWidth_read_reg_4875                          |  11|   0|   11|          0|
    |bckgndId_load_read_reg_4921                     |   8|   0|    8|          0|
    |cmp126_i_read_reg_4805                          |   1|   0|    1|          0|
    |cmp141_i_read_reg_4887                          |   1|   0|    1|          0|
    |cmp2_i381_read_reg_4899                         |   1|   0|    1|          0|
    |cmp35_i586_read_reg_4828                        |   1|   0|    1|          0|
    |cmp59_i_read_reg_4809                           |   1|   0|    1|          0|
    |cmp8_read_reg_4925                              |   1|   0|    1|          0|
    |colorFormatLocal_read_reg_4895                  |   8|   0|    8|          0|
    |gSerie_V                                        |  28|   0|   28|          0|
    |g_reg_5227                                      |  16|   0|   16|          0|
    |hdata_flag_1_fu_536                             |   1|   0|    1|          0|
    |icmp_ln1027_1_reg_5133                          |   1|   0|    1|          0|
    |icmp_ln1027_5_reg_5129                          |   1|   0|    1|          0|
    |icmp_ln1027_6_reg_5104                          |   1|   0|    1|          0|
    |icmp_ln1027_7_reg_5096                          |   1|   0|    1|          0|
    |icmp_ln1027_reg_5032                            |   1|   0|    1|          0|
    |icmp_ln1050_reg_5081                            |   1|   0|    1|          0|
    |icmp_ln1217_read_reg_4880                       |   1|   0|    1|          0|
    |icmp_ln1285_reg_5073                            |   1|   0|    1|          0|
    |icmp_ln1336_reg_5069                            |   1|   0|    1|          0|
    |icmp_ln1428_reg_5065                            |   1|   0|    1|          0|
    |icmp_ln1518_reg_5051                            |   1|   0|    1|          0|
    |icmp_ln1584_reg_5046                            |   1|   0|    1|          0|
    |icmp_ln1701_reg_5042                            |   1|   0|    1|          0|
    |icmp_ln520_reg_5028                             |   1|   0|    1|          0|
    |lshr_ln1_reg_5151                               |  11|   0|   11|          0|
    |or_ln1449_reg_5137                              |   1|   0|    1|          0|
    |or_ln691_reg_5085                               |   1|   0|    1|          0|
    |outpix_val_V_12_reg_5512                        |   8|   0|    8|          0|
    |outpix_val_V_13_reg_5506                        |   8|   0|    8|          0|
    |outpix_val_V_14_reg_5500                        |   8|   0|    8|          0|
    |outpix_val_V_1_fu_544                           |   8|   0|    8|          0|
    |outpix_val_V_2_read_reg_4942                    |   8|   0|    8|          0|
    |outpix_val_V_3_read_reg_4954                    |   8|   0|    8|          0|
    |outpix_val_V_4_fu_548                           |   8|   0|    8|          0|
    |outpix_val_V_51_reg_5009                        |   1|   0|    1|          0|
    |outpix_val_V_5_fu_552                           |   8|   0|    8|          0|
    |outpix_val_V_read_reg_4936                      |   8|   0|    8|          0|
    |pf_all_done                                     |   1|   0|    1|          0|
    |phi_mul_fu_524                                  |  16|   0|   16|          0|
    |pix_val_V_16_read_reg_4960                      |   8|   0|    8|          0|
    |pix_val_V_17_read_reg_4968                      |   8|   0|    8|          0|
    |rSerie_V                                        |  28|   0|   28|          0|
    |r_reg_5221                                      |  16|   0|   16|          0|
    |rampVal_2_flag_1_fu_532                         |   1|   0|    1|          0|
    |rampVal_3_flag_1_fu_540                         |   1|   0|    1|          0|
    |select_ln507_1_cast_cast_cast_cast_reg_4986     |   5|   0|    8|          3|
    |select_ln507_cast_reg_4998                      |   5|   0|    8|          3|
    |sext_ln507_cast_reg_4992                        |   8|   0|    8|          0|
    |sub_i_i_i_read_reg_4852                         |  11|   0|   11|          0|
    |trunc_ln520_2_reg_5021                          |  11|   0|   11|          0|
    |vHatch                                          |   1|   0|    1|          0|
    |xBar_V                                          |  11|   0|   11|          0|
    |xCount_V                                        |  10|   0|   10|          0|
    |xCount_V_1                                      |  10|   0|   10|          0|
    |xCount_V_2                                      |  10|   0|   10|          0|
    |xCount_V_3                                      |  10|   0|   10|          0|
    |x_fu_528                                        |  16|   0|   16|          0|
    |yCount_V                                        |  10|   0|   10|          0|
    |yCount_V_1                                      |   6|   0|    6|          0|
    |yCount_V_2                                      |  10|   0|   10|          0|
    |yCount_V_3                                      |  10|   0|   10|          0|
    |zext_ln1032_cast_reg_4981                       |   8|   0|   16|          8|
    |zext_ln1257_1_reg_5263                          |  16|   0|   24|          8|
    |zonePlateVDelta                                 |  16|   0|   16|          0|
    |add_ln1240_reg_5055                             |  64|  32|   11|          0|
    |add_ln1244_reg_5108                             |  64|  32|   11|          0|
    |and_ln1292_reg_5077                             |  64|  32|    1|          0|
    |and_ln1341_reg_5125                             |  64|  32|    1|          0|
    |and_ln1523_reg_5100                             |  64|  32|    1|          0|
    |and_ln1706_reg_5092                             |  64|  32|    1|          0|
    |b_reg_5285                                      |  64|  32|   16|          0|
    |g_reg_5227                                      |  64|  32|   16|          0|
    |icmp_ln1027_1_reg_5133                          |  64|  32|    1|          0|
    |icmp_ln1027_5_reg_5129                          |  64|  32|    1|          0|
    |icmp_ln1027_6_reg_5104                          |  64|  32|    1|          0|
    |icmp_ln1027_7_reg_5096                          |  64|  32|    1|          0|
    |icmp_ln1027_reg_5032                            |  64|  32|    1|          0|
    |icmp_ln1050_reg_5081                            |  64|  32|    1|          0|
    |icmp_ln1285_reg_5073                            |  64|  32|    1|          0|
    |icmp_ln1336_reg_5069                            |  64|  32|    1|          0|
    |icmp_ln1518_reg_5051                            |  64|  32|    1|          0|
    |icmp_ln1584_reg_5046                            |  64|  32|    1|          0|
    |icmp_ln1701_reg_5042                            |  64|  32|    1|          0|
    |icmp_ln520_reg_5028                             |  64|  32|    1|          0|
    |lshr_ln1_reg_5151                               |  64|  32|   11|          0|
    |or_ln1449_reg_5137                              |  64|  32|    1|          0|
    |or_ln691_reg_5085                               |  64|  32|    1|          0|
    |outpix_val_V_51_reg_5009                        |  64|  32|    1|          0|
    |r_reg_5221                                      |  64|  32|   16|          0|
    |trunc_ln520_2_reg_5021                          |  64|  32|   11|          0|
    +------------------------------------------------+----+----+-----+-----------+
    |Total                                           |2928| 832| 1398|         23|
    +------------------------------------------------+----+----+-----+-----------+



================================================================
== Interface
================================================================
* Summary: 
+-----------------------------------+-----+-----+------------+-----------------------------------------+--------------+
|             RTL Ports             | Dir | Bits|  Protocol  |              Source Object              |    C Type    |
+-----------------------------------+-----+-----+------------+-----------------------------------------+--------------+
|ap_clk                             |   in|    1|  ap_ctrl_hs|  tpgBackground_Pipeline_VITIS_LOOP_520_2|  return value|
|ap_rst                             |   in|    1|  ap_ctrl_hs|  tpgBackground_Pipeline_VITIS_LOOP_520_2|  return value|
|ap_start                           |   in|    1|  ap_ctrl_hs|  tpgBackground_Pipeline_VITIS_LOOP_520_2|  return value|
|ap_done                            |  out|    1|  ap_ctrl_hs|  tpgBackground_Pipeline_VITIS_LOOP_520_2|  return value|
|ap_idle                            |  out|    1|  ap_ctrl_hs|  tpgBackground_Pipeline_VITIS_LOOP_520_2|  return value|
|ap_ready                           |  out|    1|  ap_ctrl_hs|  tpgBackground_Pipeline_VITIS_LOOP_520_2|  return value|
|srcYUV_dout                        |   in|   24|     ap_fifo|                                   srcYUV|       pointer|
|srcYUV_num_data_valid              |   in|    6|     ap_fifo|                                   srcYUV|       pointer|
|srcYUV_fifo_cap                    |   in|    5|     ap_fifo|                                   srcYUV|       pointer|
|srcYUV_empty_n                     |   in|    1|     ap_fifo|                                   srcYUV|       pointer|
|srcYUV_read                        |  out|    1|     ap_fifo|                                   srcYUV|       pointer|
|bckgndYUV_din                      |  out|   24|     ap_fifo|                                bckgndYUV|       pointer|
|bckgndYUV_num_data_valid           |   in|    5|     ap_fifo|                                bckgndYUV|       pointer|
|bckgndYUV_fifo_cap                 |   in|    5|     ap_fifo|                                bckgndYUV|       pointer|
|bckgndYUV_full_n                   |   in|    1|     ap_fifo|                                bckgndYUV|       pointer|
|bckgndYUV_write                    |  out|    1|     ap_fifo|                                bckgndYUV|       pointer|
|rampVal_3_flag_0                   |   in|    1|     ap_none|                         rampVal_3_flag_0|        scalar|
|hdata_flag_0                       |   in|    1|     ap_none|                             hdata_flag_0|        scalar|
|rampVal_2_flag_0                   |   in|    1|     ap_none|                         rampVal_2_flag_0|        scalar|
|outpix_val_V_8                     |   in|    8|     ap_none|                           outpix_val_V_8|        scalar|
|outpix_val_V_7                     |   in|    8|     ap_none|                           outpix_val_V_7|        scalar|
|outpix_val_V_6                     |   in|    8|     ap_none|                           outpix_val_V_6|        scalar|
|loopWidth                          |   in|   16|   ap_stable|                                loopWidth|        scalar|
|pix_val_V_17                       |   in|    8|   ap_stable|                             pix_val_V_17|        scalar|
|pix_val_V_16                       |   in|    8|   ap_stable|                             pix_val_V_16|        scalar|
|outpix_val_V_3                     |   in|    8|   ap_stable|                           outpix_val_V_3|        scalar|
|select_ln507                       |   in|    5|   ap_stable|                             select_ln507|        scalar|
|sext_ln507                         |   in|    1|   ap_stable|                               sext_ln507|        scalar|
|outpix_val_V_18                    |   in|    8|     ap_none|                          outpix_val_V_18|        scalar|
|select_ln507_1_cast_cast           |   in|    3|   ap_stable|                 select_ln507_1_cast_cast|        scalar|
|outpix_val_V_2                     |   in|    8|   ap_stable|                           outpix_val_V_2|        scalar|
|outpix_val_V                       |   in|    8|   ap_stable|                             outpix_val_V|        scalar|
|rampStart_1                        |   in|    8|     ap_none|                              rampStart_1|        scalar|
|cmp8                               |   in|    1|   ap_stable|                                     cmp8|        scalar|
|bckgndId_load                      |   in|    8|   ap_stable|                            bckgndId_load|        scalar|
|Zplate_Hor_Control_Start           |   in|   16|   ap_stable|                 Zplate_Hor_Control_Start|        scalar|
|cmp2_i381                          |   in|    1|   ap_stable|                                cmp2_i381|        scalar|
|zext_ln1032                        |   in|    8|     ap_none|                              zext_ln1032|        scalar|
|y                                  |   in|   16|     ap_none|                                        y|        scalar|
|colorFormatLocal                   |   in|    8|   ap_stable|                         colorFormatLocal|        scalar|
|cmp141_i                           |   in|    1|   ap_stable|                                 cmp141_i|        scalar|
|icmp_ln1217                        |   in|    1|   ap_stable|                              icmp_ln1217|        scalar|
|barWidth_cast                      |   in|   11|   ap_stable|                            barWidth_cast|        scalar|
|barWidth                           |   in|   11|   ap_stable|                                 barWidth|        scalar|
|shl_ln                             |   in|   16|     ap_none|                                   shl_ln|        scalar|
|Zplate_Hor_Control_Delta           |   in|   16|   ap_stable|                 Zplate_Hor_Control_Delta|        scalar|
|Zplate_Ver_Control_Start           |   in|   16|   ap_stable|                 Zplate_Ver_Control_Start|        scalar|
|cmp12_i                            |   in|    1|     ap_none|                                  cmp12_i|        scalar|
|Zplate_Ver_Control_Delta           |   in|   16|   ap_stable|                 Zplate_Ver_Control_Delta|        scalar|
|sub_i_i_i                          |   in|   11|   ap_stable|                                sub_i_i_i|        scalar|
|barWidthMinSamples                 |   in|   10|   ap_stable|                       barWidthMinSamples|        scalar|
|icmp_ln1404_1                      |   in|    1|     ap_none|                            icmp_ln1404_1|        scalar|
|icmp_ln1404                        |   in|    1|     ap_none|                              icmp_ln1404|        scalar|
|sub40_i                            |   in|   17|   ap_stable|                                  sub40_i|        scalar|
|add_ln1488                         |   in|    8|     ap_none|                               add_ln1488|        scalar|
|cmp35_i586                         |   in|    1|   ap_stable|                               cmp35_i586|        scalar|
|or_ln1592                          |   in|    1|     ap_none|                                or_ln1592|        scalar|
|or_ln1592_1                        |   in|    1|     ap_none|                              or_ln1592_1|        scalar|
|or_ln1592_2                        |   in|    1|     ap_none|                              or_ln1592_2|        scalar|
|cmp59_i                            |   in|    1|   ap_stable|                                  cmp59_i|        scalar|
|cmp126_i                           |   in|    1|   ap_stable|                                 cmp126_i|        scalar|
|passthruStartX_load                |   in|   16|   ap_stable|                      passthruStartX_load|        scalar|
|passthruEndX_load                  |   in|   16|   ap_stable|                        passthruEndX_load|        scalar|
|icmp_ln691                         |   in|    1|     ap_none|                               icmp_ln691|        scalar|
|cmp68_not                          |   in|    1|     ap_none|                                cmp68_not|        scalar|
|rampVal_3_flag_1_out               |  out|    1|      ap_vld|                     rampVal_3_flag_1_out|       pointer|
|rampVal_3_flag_1_out_ap_vld        |  out|    1|      ap_vld|                     rampVal_3_flag_1_out|       pointer|
|rampVal_3_new_1_out                |  out|   16|      ap_vld|                      rampVal_3_new_1_out|       pointer|
|rampVal_3_new_1_out_ap_vld         |  out|    1|      ap_vld|                      rampVal_3_new_1_out|       pointer|
|rampVal_3_loc_1_out_i              |   in|   16|     ap_ovld|                      rampVal_3_loc_1_out|       pointer|
|rampVal_3_loc_1_out_o              |  out|   16|     ap_ovld|                      rampVal_3_loc_1_out|       pointer|
|rampVal_3_loc_1_out_o_ap_vld       |  out|    1|     ap_ovld|                      rampVal_3_loc_1_out|       pointer|
|rampVal_loc_1_out_i                |   in|   16|     ap_ovld|                        rampVal_loc_1_out|       pointer|
|rampVal_loc_1_out_o                |  out|   16|     ap_ovld|                        rampVal_loc_1_out|       pointer|
|rampVal_loc_1_out_o_ap_vld         |  out|    1|     ap_ovld|                        rampVal_loc_1_out|       pointer|
|hBarSel_4_loc_1_out_i              |   in|    8|     ap_ovld|                      hBarSel_4_loc_1_out|       pointer|
|hBarSel_4_loc_1_out_o              |  out|    8|     ap_ovld|                      hBarSel_4_loc_1_out|       pointer|
|hBarSel_4_loc_1_out_o_ap_vld       |  out|    1|     ap_ovld|                      hBarSel_4_loc_1_out|       pointer|
|zonePlateVAddr_loc_1_out_i         |   in|   16|     ap_ovld|                 zonePlateVAddr_loc_1_out|       pointer|
|zonePlateVAddr_loc_1_out_o         |  out|   16|     ap_ovld|                 zonePlateVAddr_loc_1_out|       pointer|
|zonePlateVAddr_loc_1_out_o_ap_vld  |  out|    1|     ap_ovld|                 zonePlateVAddr_loc_1_out|       pointer|
|vBarSel_loc_1_out_i                |   in|    8|     ap_ovld|                        vBarSel_loc_1_out|       pointer|
|vBarSel_loc_1_out_o                |  out|    8|     ap_ovld|                        vBarSel_loc_1_out|       pointer|
|vBarSel_loc_1_out_o_ap_vld         |  out|    1|     ap_ovld|                        vBarSel_loc_1_out|       pointer|
|hBarSel_loc_1_out_i                |   in|    8|     ap_ovld|                        hBarSel_loc_1_out|       pointer|
|hBarSel_loc_1_out_o                |  out|    8|     ap_ovld|                        hBarSel_loc_1_out|       pointer|
|hBarSel_loc_1_out_o_ap_vld         |  out|    1|     ap_ovld|                        hBarSel_loc_1_out|       pointer|
|hdata_flag_1_out                   |  out|    1|      ap_vld|                         hdata_flag_1_out|       pointer|
|hdata_flag_1_out_ap_vld            |  out|    1|      ap_vld|                         hdata_flag_1_out|       pointer|
|hdata_new_1_out                    |  out|   16|      ap_vld|                          hdata_new_1_out|       pointer|
|hdata_new_1_out_ap_vld             |  out|    1|      ap_vld|                          hdata_new_1_out|       pointer|
|hdata_loc_1_out_i                  |   in|   16|     ap_ovld|                          hdata_loc_1_out|       pointer|
|hdata_loc_1_out_o                  |  out|   16|     ap_ovld|                          hdata_loc_1_out|       pointer|
|hdata_loc_1_out_o_ap_vld           |  out|    1|     ap_ovld|                          hdata_loc_1_out|       pointer|
|vBarSel_2_loc_1_out_i              |   in|    8|     ap_ovld|                      vBarSel_2_loc_1_out|       pointer|
|vBarSel_2_loc_1_out_o              |  out|    8|     ap_ovld|                      vBarSel_2_loc_1_out|       pointer|
|vBarSel_2_loc_1_out_o_ap_vld       |  out|    1|     ap_ovld|                      vBarSel_2_loc_1_out|       pointer|
|hBarSel_3_loc_1_out_i              |   in|    8|     ap_ovld|                      hBarSel_3_loc_1_out|       pointer|
|hBarSel_3_loc_1_out_o              |  out|    8|     ap_ovld|                      hBarSel_3_loc_1_out|       pointer|
|hBarSel_3_loc_1_out_o_ap_vld       |  out|    1|     ap_ovld|                      hBarSel_3_loc_1_out|       pointer|
|rampVal_2_flag_1_out               |  out|    1|      ap_vld|                     rampVal_2_flag_1_out|       pointer|
|rampVal_2_flag_1_out_ap_vld        |  out|    1|      ap_vld|                     rampVal_2_flag_1_out|       pointer|
|rampVal_2_new_1_out                |  out|   16|      ap_vld|                      rampVal_2_new_1_out|       pointer|
|rampVal_2_new_1_out_ap_vld         |  out|    1|      ap_vld|                      rampVal_2_new_1_out|       pointer|
|rampVal_2_loc_1_out_i              |   in|   16|     ap_ovld|                      rampVal_2_loc_1_out|       pointer|
|rampVal_2_loc_1_out_o              |  out|   16|     ap_ovld|                      rampVal_2_loc_1_out|       pointer|
|rampVal_2_loc_1_out_o_ap_vld       |  out|    1|     ap_ovld|                      rampVal_2_loc_1_out|       pointer|
|vBarSel_3_loc_1_out_i              |   in|    8|     ap_ovld|                      vBarSel_3_loc_1_out|       pointer|
|vBarSel_3_loc_1_out_o              |  out|    8|     ap_ovld|                      vBarSel_3_loc_1_out|       pointer|
|vBarSel_3_loc_1_out_o_ap_vld       |  out|    1|     ap_ovld|                      vBarSel_3_loc_1_out|       pointer|
|hBarSel_5_loc_1_out_i              |   in|    8|     ap_ovld|                      hBarSel_5_loc_1_out|       pointer|
|hBarSel_5_loc_1_out_o              |  out|    8|     ap_ovld|                      hBarSel_5_loc_1_out|       pointer|
|hBarSel_5_loc_1_out_o_ap_vld       |  out|    1|     ap_ovld|                      hBarSel_5_loc_1_out|       pointer|
|outpix_val_V_11_out                |  out|    8|      ap_vld|                      outpix_val_V_11_out|       pointer|
|outpix_val_V_11_out_ap_vld         |  out|    1|      ap_vld|                      outpix_val_V_11_out|       pointer|
|outpix_val_V_10_out                |  out|    8|      ap_vld|                      outpix_val_V_10_out|       pointer|
|outpix_val_V_10_out_ap_vld         |  out|    1|      ap_vld|                      outpix_val_V_10_out|       pointer|
|outpix_val_V_9_out                 |  out|    8|      ap_vld|                       outpix_val_V_9_out|       pointer|
|outpix_val_V_9_out_ap_vld          |  out|    1|      ap_vld|                       outpix_val_V_9_out|       pointer|
|p_0_2_0_0_0133363_out_i            |   in|    8|     ap_ovld|                    p_0_2_0_0_0133363_out|       pointer|
|p_0_2_0_0_0133363_out_o            |  out|    8|     ap_ovld|                    p_0_2_0_0_0133363_out|       pointer|
|p_0_2_0_0_0133363_out_o_ap_vld     |  out|    1|     ap_ovld|                    p_0_2_0_0_0133363_out|       pointer|
|p_0_1_0_0_0131361_out_i            |   in|    8|     ap_ovld|                    p_0_1_0_0_0131361_out|       pointer|
|p_0_1_0_0_0131361_out_o            |  out|    8|     ap_ovld|                    p_0_1_0_0_0131361_out|       pointer|
|p_0_1_0_0_0131361_out_o_ap_vld     |  out|    1|     ap_ovld|                    p_0_1_0_0_0131361_out|       pointer|
|p_0_0_0_0_0129359_out_i            |   in|    8|     ap_ovld|                    p_0_0_0_0_0129359_out|       pointer|
|p_0_0_0_0_0129359_out_o            |  out|    8|     ap_ovld|                    p_0_0_0_0_0129359_out|       pointer|
|p_0_0_0_0_0129359_out_o_ap_vld     |  out|    1|     ap_ovld|                    p_0_0_0_0_0129359_out|       pointer|
|rampVal                            |  out|    8|      ap_vld|                                  rampVal|       pointer|
|rampVal_ap_vld                     |  out|    1|      ap_vld|                                  rampVal|       pointer|
|hBarSel_2                          |  out|    8|      ap_vld|                                hBarSel_2|       pointer|
|hBarSel_2_ap_vld                   |  out|    1|      ap_vld|                                hBarSel_2|       pointer|
|s                                  |   in|   32|     ap_none|                                        s|       pointer|
|zonePlateVAddr                     |  out|   16|      ap_vld|                           zonePlateVAddr|       pointer|
|zonePlateVAddr_ap_vld              |  out|    1|      ap_vld|                           zonePlateVAddr|       pointer|
|hBarSel                            |  out|    3|      ap_vld|                                  hBarSel|       pointer|
|hBarSel_ap_vld                     |  out|    1|      ap_vld|                                  hBarSel|       pointer|
|vBarSel                            |  out|    3|      ap_vld|                                  vBarSel|       pointer|
|vBarSel_ap_vld                     |  out|    1|      ap_vld|                                  vBarSel|       pointer|
|hBarSel_3                          |  out|    3|      ap_vld|                                hBarSel_3|       pointer|
|hBarSel_3_ap_vld                   |  out|    1|      ap_vld|                                hBarSel_3|       pointer|
|vBarSel_2                          |  out|    8|      ap_vld|                                vBarSel_2|       pointer|
|vBarSel_2_ap_vld                   |  out|    1|      ap_vld|                                vBarSel_2|       pointer|
|hBarSel_1                          |  out|    3|      ap_vld|                                hBarSel_1|       pointer|
|hBarSel_1_ap_vld                   |  out|    1|      ap_vld|                                hBarSel_1|       pointer|
|vBarSel_1                          |  out|    1|      ap_vld|                                vBarSel_1|       pointer|
|vBarSel_1_ap_vld                   |  out|    1|      ap_vld|                                vBarSel_1|       pointer|
+-----------------------------------+-----+-----+------------+-----------------------------------------+--------------+

