

================================================================
== Vitis HLS Report for 'v_tpgHlsDataFlow'
================================================================
* Date:           Thu Feb 22 13:13:34 2024

* Version:        2022.2 (Build 3670227 on Oct 13 2022)
* Project:        prj
* Solution:       sol (Vivado IP Flow Target)
* Product family: zynquplus
* Target device:  xczu4ev-sfvc784-1-e


================================================================
== Performance Estimates
================================================================
+ Timing: 
    * Summary: 
    +--------+----------+----------+------------+
    |  Clock |  Target  | Estimated| Uncertainty|
    +--------+----------+----------+------------+
    |ap_clk  |  13.75 ns|  8.930 ns|     3.71 ns|
    +--------+----------+----------+------------+

+ Latency: 
    * Summary: 
    +---------+---------+----------+----------+-----+-----+----------+
    |  Latency (cycles) |  Latency (absolute) |  Interval | Pipeline |
    |   min   |   max   |    min   |    max   | min | max |   Type   |
    +---------+---------+----------+----------+-----+-----+----------+
    |        ?|        ?|         ?|         ?|    ?|    ?|  dataflow|
    +---------+---------+----------+----------+-----+-----+----------+

    + Detail: 
        * Instance: 
        +----------------------------+-------------------------+---------+------------+-----------+------------+-----+------------+---------+
        |                            |                         |   Latency (cycles)   |   Latency (absolute)   |     Interval     | Pipeline|
        |          Instance          |          Module         |   min   |     max    |    min    |     max    | min |     max    |   Type  |
        +----------------------------+-------------------------+---------+------------+-----------+------------+-----+------------+---------+
        |AXIvideo2MultiPixStream_U0  |AXIvideo2MultiPixStream  |        2|      928806|  27.500 ns|   12.771 ms|    2|      928806|       no|
        |tpgBackground_U0            |tpgBackground            |        1|  4296409066|  13.750 ns|  59.076 sec|    1|  4296409066|       no|
        |tpgForeground_U0            |tpgForeground            |        ?|           ?|          ?|           ?|    ?|           ?|       no|
        |MultiPixStream2AXIvideo_U0  |MultiPixStream2AXIvideo  |        1|      925921|  13.750 ns|   12.731 ms|    1|      925921|       no|
        +----------------------------+-------------------------+---------+------------+-----------+------------+-----+------------+---------+

        * Loop: 
        N/A



================================================================
== Utilization Estimates
================================================================
* Summary: 
+-----------------+---------+-----+--------+-------+-----+
|       Name      | BRAM_18K| DSP |   FF   |  LUT  | URAM|
+-----------------+---------+-----+--------+-------+-----+
|DSP              |        -|    -|       -|      -|    -|
|Expression       |        -|    -|       0|     12|    -|
|FIFO             |        -|    -|     297|    203|    -|
|Instance         |       13|   13|    5587|   7454|    -|
|Memory           |        -|    -|       -|      -|    -|
|Multiplexer      |        -|    -|       -|     18|    -|
|Register         |        -|    -|       2|      -|    -|
+-----------------+---------+-----+--------+-------+-----+
|Total            |       13|   13|    5886|   7687|    0|
+-----------------+---------+-----+--------+-------+-----+
|Available        |      256|  728|  175680|  87840|   48|
+-----------------+---------+-----+--------+-------+-----+
|Utilization (%)  |        5|    1|       3|      8|    0|
+-----------------+---------+-----+--------+-------+-----+

+ Detail: 
    * Instance: 
    +----------------------------+-------------------------+---------+----+------+------+-----+
    |          Instance          |          Module         | BRAM_18K| DSP|  FF  |  LUT | URAM|
    +----------------------------+-------------------------+---------+----+------+------+-----+
    |AXIvideo2MultiPixStream_U0  |AXIvideo2MultiPixStream  |        0|   0|   226|   503|    0|
    |MultiPixStream2AXIvideo_U0  |MultiPixStream2AXIvideo  |        0|   0|   123|   434|    0|
    |tpgBackground_U0            |tpgBackground            |       13|  13|  4751|  5642|    0|
    |tpgForeground_U0            |tpgForeground            |        0|   0|   487|   875|    0|
    +----------------------------+-------------------------+---------+----+------+------+-----+
    |Total                       |                         |       13|  13|  5587|  7454|    0|
    +----------------------------+-------------------------+---------+----+------+------+-----+

    * DSP: 
    N/A

    * Memory: 
    N/A

    * FIFO: 
    +-------------+---------+----+----+-----+------+-----+---------+
    |     Name    | BRAM_18K| FF | LUT| URAM| Depth| Bits| Size:D*B|
    +-------------+---------+----+----+-----+------+-----+---------+
    |bckgndYUV_U  |        0|  99|   0|    -|    16|   24|      384|
    |ovrlayYUV_U  |        0|  99|   0|    -|    16|   24|      384|
    |srcYUV_U     |        0|  99|   0|    -|    18|   24|      432|
    +-------------+---------+----+----+-----+------+-----+---------+
    |Total        |        0| 297|   0|    0|    50|   72|     1200|
    +-------------+---------+----+----+-----+------+-----+---------+

    * Expression: 
    +---------------------------------------------+----------+----+---+----+------------+------------+
    |                Variable Name                | Operation| DSP| FF| LUT| Bitwidth P0| Bitwidth P1|
    +---------------------------------------------+----------+----+---+----+------------+------------+
    |AXIvideo2MultiPixStream_U0_ap_start          |       and|   0|  0|   2|           1|           1|
    |ap_idle                                      |       and|   0|  0|   2|           1|           1|
    |ap_sync_ready                                |       and|   0|  0|   2|           1|           1|
    |tpgBackground_U0_ap_start                    |       and|   0|  0|   2|           1|           1|
    |ap_sync_AXIvideo2MultiPixStream_U0_ap_ready  |        or|   0|  0|   2|           1|           1|
    |ap_sync_tpgBackground_U0_ap_ready            |        or|   0|  0|   2|           1|           1|
    +---------------------------------------------+----------+----+---+----+------------+------------+
    |Total                                        |          |   0|  0|  12|           6|           6|
    +---------------------------------------------+----------+----+---+----+------------+------------+

    * Multiplexer: 
    +-------------------------------------------------+----+-----------+-----+-----------+
    |                       Name                      | LUT| Input Size| Bits| Total Bits|
    +-------------------------------------------------+----+-----------+-----+-----------+
    |ap_sync_reg_AXIvideo2MultiPixStream_U0_ap_ready  |   9|          2|    1|          2|
    |ap_sync_reg_tpgBackground_U0_ap_ready            |   9|          2|    1|          2|
    +-------------------------------------------------+----+-----------+-----+-----------+
    |Total                                            |  18|          4|    2|          4|
    +-------------------------------------------------+----+-----------+-----+-----------+

    * Register: 
    +-------------------------------------------------+---+----+-----+-----------+
    |                       Name                      | FF| LUT| Bits| Const Bits|
    +-------------------------------------------------+---+----+-----+-----------+
    |ap_sync_reg_AXIvideo2MultiPixStream_U0_ap_ready  |  1|   0|    1|          0|
    |ap_sync_reg_tpgBackground_U0_ap_ready            |  1|   0|    1|          0|
    +-------------------------------------------------+---+----+-----+-----------+
    |Total                                            |  2|   0|    2|          0|
    +-------------------------------------------------+---+----+-----+-----------+



================================================================
== Interface
================================================================
* Summary: 
+---------------------------+-----+-----+------------+-----------------------+--------------+
|         RTL Ports         | Dir | Bits|  Protocol  |     Source Object     |    C Type    |
+---------------------------+-----+-----+------------+-----------------------+--------------+
|s_axis_video_TDATA         |   in|   24|        axis|  s_axis_video_V_data_V|       pointer|
|s_axis_video_TKEEP         |   in|    3|        axis|  s_axis_video_V_keep_V|       pointer|
|s_axis_video_TSTRB         |   in|    3|        axis|  s_axis_video_V_strb_V|       pointer|
|s_axis_video_TUSER         |   in|    1|        axis|  s_axis_video_V_user_V|       pointer|
|s_axis_video_TLAST         |   in|    1|        axis|  s_axis_video_V_last_V|       pointer|
|s_axis_video_TID           |   in|    1|        axis|    s_axis_video_V_id_V|       pointer|
|s_axis_video_TDEST         |   in|    1|        axis|  s_axis_video_V_dest_V|       pointer|
|s_axis_video_TVALID        |   in|    1|        axis|  s_axis_video_V_dest_V|       pointer|
|s_axis_video_TREADY        |  out|    1|        axis|  s_axis_video_V_dest_V|       pointer|
|height                     |   in|   16|     ap_none|                 height|       pointer|
|height_ap_vld              |   in|    1|     ap_none|                 height|       pointer|
|width                      |   in|   16|     ap_none|                  width|       pointer|
|width_ap_vld               |   in|    1|     ap_none|                  width|       pointer|
|field_id                   |   in|   16|     ap_none|               field_id|       pointer|
|field_id_ap_vld            |   in|    1|     ap_none|               field_id|       pointer|
|fid_in                     |   in|    1|   ap_stable|                 fid_in|       pointer|
|fid_in_ap_vld              |   in|    1|   ap_stable|                 fid_in|       pointer|
|passthruStartX             |   in|   16|     ap_none|         passthruStartX|       pointer|
|passthruStartX_ap_vld      |   in|    1|     ap_none|         passthruStartX|       pointer|
|passthruStartY             |   in|   16|     ap_none|         passthruStartY|       pointer|
|passthruStartY_ap_vld      |   in|    1|     ap_none|         passthruStartY|       pointer|
|passthruEndX               |   in|   16|     ap_none|           passthruEndX|       pointer|
|passthruEndX_ap_vld        |   in|    1|     ap_none|           passthruEndX|       pointer|
|passthruEndY               |   in|   16|     ap_none|           passthruEndY|       pointer|
|passthruEndY_ap_vld        |   in|    1|     ap_none|           passthruEndY|       pointer|
|enableInput                |   in|    8|     ap_none|            enableInput|       pointer|
|enableInput_ap_vld         |   in|    1|     ap_none|            enableInput|       pointer|
|bckgndId                   |   in|    8|     ap_none|               bckgndId|       pointer|
|bckgndId_ap_vld            |   in|    1|     ap_none|               bckgndId|       pointer|
|ovrlayId                   |   in|    8|     ap_none|               ovrlayId|       pointer|
|ovrlayId_ap_vld            |   in|    1|     ap_none|               ovrlayId|       pointer|
|maskId                     |   in|    8|     ap_none|                 maskId|       pointer|
|maskId_ap_vld              |   in|    1|     ap_none|                 maskId|       pointer|
|motionSpeed                |   in|    8|     ap_none|            motionSpeed|       pointer|
|motionSpeed_ap_vld         |   in|    1|     ap_none|            motionSpeed|       pointer|
|colorFormat                |   in|    8|     ap_none|            colorFormat|       pointer|
|colorFormat_ap_vld         |   in|    1|     ap_none|            colorFormat|       pointer|
|crossHairX                 |   in|   16|     ap_none|             crossHairX|       pointer|
|crossHairX_ap_vld          |   in|    1|     ap_none|             crossHairX|       pointer|
|crossHairY                 |   in|   16|     ap_none|             crossHairY|       pointer|
|crossHairY_ap_vld          |   in|    1|     ap_none|             crossHairY|       pointer|
|ZplateHorContStart         |   in|   16|     ap_none|     ZplateHorContStart|       pointer|
|ZplateHorContStart_ap_vld  |   in|    1|     ap_none|     ZplateHorContStart|       pointer|
|ZplateHorContDelta         |   in|   16|     ap_none|     ZplateHorContDelta|       pointer|
|ZplateHorContDelta_ap_vld  |   in|    1|     ap_none|     ZplateHorContDelta|       pointer|
|ZplateVerContStart         |   in|   16|     ap_none|     ZplateVerContStart|       pointer|
|ZplateVerContStart_ap_vld  |   in|    1|     ap_none|     ZplateVerContStart|       pointer|
|ZplateVerContDelta         |   in|   16|     ap_none|     ZplateVerContDelta|       pointer|
|ZplateVerContDelta_ap_vld  |   in|    1|     ap_none|     ZplateVerContDelta|       pointer|
|boxSize                    |   in|   16|     ap_none|                boxSize|       pointer|
|boxSize_ap_vld             |   in|    1|     ap_none|                boxSize|       pointer|
|boxColorR                  |   in|   16|     ap_none|              boxColorR|       pointer|
|boxColorR_ap_vld           |   in|    1|     ap_none|              boxColorR|       pointer|
|boxColorG                  |   in|   16|     ap_none|              boxColorG|       pointer|
|boxColorG_ap_vld           |   in|    1|     ap_none|              boxColorG|       pointer|
|boxColorB                  |   in|   16|     ap_none|              boxColorB|       pointer|
|boxColorB_ap_vld           |   in|    1|     ap_none|              boxColorB|       pointer|
|dpDynamicRange             |   in|    8|     ap_none|         dpDynamicRange|       pointer|
|dpDynamicRange_ap_vld      |   in|    1|     ap_none|         dpDynamicRange|       pointer|
|dpYUVCoef                  |   in|    8|     ap_none|              dpYUVCoef|       pointer|
|dpYUVCoef_ap_vld           |   in|    1|     ap_none|              dpYUVCoef|       pointer|
|m_axis_video_TDATA         |  out|   24|        axis|  m_axis_video_V_data_V|       pointer|
|m_axis_video_TKEEP         |  out|    3|        axis|  m_axis_video_V_keep_V|       pointer|
|m_axis_video_TSTRB         |  out|    3|        axis|  m_axis_video_V_strb_V|       pointer|
|m_axis_video_TUSER         |  out|    1|        axis|  m_axis_video_V_user_V|       pointer|
|m_axis_video_TLAST         |  out|    1|        axis|  m_axis_video_V_last_V|       pointer|
|m_axis_video_TID           |  out|    1|        axis|    m_axis_video_V_id_V|       pointer|
|m_axis_video_TDEST         |  out|    1|        axis|  m_axis_video_V_dest_V|       pointer|
|m_axis_video_TVALID        |  out|    1|        axis|  m_axis_video_V_dest_V|       pointer|
|m_axis_video_TREADY        |   in|    1|        axis|  m_axis_video_V_dest_V|       pointer|
|fid                        |  out|    1|      ap_vld|                    fid|       pointer|
|fid_ap_vld                 |  out|    1|      ap_vld|                    fid|       pointer|
|s                          |   in|   32|     ap_none|                      s|       pointer|
|s_ap_vld                   |   in|    1|     ap_none|                      s|       pointer|
|ap_clk                     |   in|    1|  ap_ctrl_hs|       v_tpgHlsDataFlow|  return value|
|ap_rst                     |   in|    1|  ap_ctrl_hs|       v_tpgHlsDataFlow|  return value|
|ap_start                   |   in|    1|  ap_ctrl_hs|       v_tpgHlsDataFlow|  return value|
|ap_done                    |  out|    1|  ap_ctrl_hs|       v_tpgHlsDataFlow|  return value|
|ap_ready                   |  out|    1|  ap_ctrl_hs|       v_tpgHlsDataFlow|  return value|
|ap_idle                    |  out|    1|  ap_ctrl_hs|       v_tpgHlsDataFlow|  return value|
|ap_continue                |   in|    1|  ap_ctrl_hs|       v_tpgHlsDataFlow|  return value|
+---------------------------+-----+-----+------------+-----------------------+--------------+

